#
# There is insufficient memory for the Java Runtime Environment to continue.
# Native memory allocation (mmap) failed to map 25165824 bytes for G1 virtual space
# Possible reasons:
#   The system is out of physical RAM or swap space
#   The process is running with CompressedOops enabled, and the Java Heap may be blocking the growth of the native heap
# Possible solutions:
#   Reduce memory load on the system
#   Increase physical memory or swap space
#   Check if swap backing store is full
#   Decrease Java heap size (-Xmx/-Xms)
#   Decrease number of Java threads
#   Decrease Java thread stack sizes (-Xss)
#   Set larger code cache with -XX:ReservedCodeCacheSize=
#   JVM is running with Zero Based Compressed Oops mode in which the Java heap is
#     placed in the first 32GB address space. The Java Heap base address is the
#     maximum limit for the native heap growth. Please use -XX:HeapBaseMinAddress
#     to set the Java Heap base and to place the Java Heap above 32GB virtual address.
# This output file may be truncated or incomplete.
#
#  Out of Memory Error (./src/hotspot/os/windows/os_windows.cpp:3331), pid=4740, tid=11872
#
# JRE version: OpenJDK Runtime Environment Zulu15.46+17-CA (15.0.10+5) (build 15.0.10+5-MTS)
# Java VM: OpenJDK 64-Bit Server VM Zulu15.46+17-CA (15.0.10+5-MTS, mixed mode, sharing, tiered, compressed oops, g1 gc, windows-amd64)
# No core dump will be written. Minidumps are not enabled by default on client versions of Windows
#

---------------  S U M M A R Y ------------

Command Line: -Xmx3500m -XX:TieredStopAtLevel=1 -Dspring.output.ansi.enabled=always -Dcom.sun.management.jmxremote -Dspring.jmx.enabled=true -Dspring.liveBeansView.mbeanDomain -Dspring.application.admin.enabled=true -Dmanagement.endpoints.jmx.exposure.include=* -javaagent:C:\Program Files\JetBrains\IntelliJ IDEA 2022.3.2\lib\idea_rt.jar=57496:C:\Program Files\JetBrains\IntelliJ IDEA 2022.3.2\bin -Dfile.encoding=UTF-8 cz.kct.Tutorial

Host: Intel(R) Core(TM) i5-8350U CPU @ 1.70GHz, 8 cores, 7G,  Windows 10 , 64 bit Build 19041 (10.0.19041.2546)
Time: Tue Feb 21 20:18:35 2023 Central Europe Standard Time elapsed time: 5.242741 seconds (0d 0h 0m 5s)

---------------  T H R E A D  ---------------

Current thread (0x000001dc563a94c0):  VMThread "VM Thread" [stack: 0x0000000ec8500000,0x0000000ec8600000] [id=11872]

Stack: [0x0000000ec8500000,0x0000000ec8600000]
[error occurred during error reporting (printing stack bounds), id 0xc0000005, EXCEPTION_ACCESS_VIOLATION (0xc0000005) at pc=0x000001dc3c4410ad]

Native frames: (J=compiled Java code, j=interpreted, Vv=VM code, C=native code)
V  [jvm.dll+0x6037ba]
V  [jvm.dll+0x7a3729]
V  [jvm.dll+0x7a4e83]
V  [jvm.dll+0x7a5435]
V  [jvm.dll+0x7a53eb]
V  [jvm.dll+0x602bdf]
V  [jvm.dll+0x6033a8]
C  [ntdll.dll+0xa241f]
C  [ntdll.dll+0x514a4]
C  [ntdll.dll+0xa0f4e]
C  0x000001dc3c4410ad

VM_Operation (0x0000000eca6fe3f0): G1CollectForAllocation, mode: safepoint, requested by thread 0x000001dc58a5a220


---------------  P R O C E S S  ---------------

Threads class SMR info:
_java_thread_list=0x000001dc56390740, length=33, elements={
0x000001dc33ef4020, 0x000001dc563aac50, 0x000001dc563ad740, 0x000001dc563c8480,
0x000001dc563cbe60, 0x000001dc563cc820, 0x000001dc563ce1f0, 0x000001dc563dc010,
0x000001dc56393580, 0x000001dc570fbfe0, 0x000001dc570fc4b0, 0x000001dc572e1c80,
0x000001dc578ace00, 0x000001dc581e1510, 0x000001dc58a5b090, 0x000001dc58a58070,
0x000001dc58a58ee0, 0x000001dc58a59880, 0x000001dc58a5b560, 0x000001dc58a58540,
0x000001dc58a59d50, 0x000001dc58a58a10, 0x000001dc58a5a220, 0x000001dc58a5abc0,
0x000001dc5b25f790, 0x000001dc5b2622e0, 0x000001dc5b260130, 0x000001dc5b25dab0,
0x000001dc5b260ad0, 0x000001dc5b262c80, 0x000001dc5b263620, 0x000001dc5b25e920,
0x000001dc5b25e450
}

Java Threads: ( => current thread )
  0x000001dc33ef4020 JavaThread "main" [_thread_blocked, id=4908, stack(0x0000000ec7f00000,0x0000000ec8000000)]
  0x000001dc563aac50 JavaThread "Reference Handler" daemon [_thread_blocked, id=11672, stack(0x0000000ec8600000,0x0000000ec8700000)]
  0x000001dc563ad740 JavaThread "Finalizer" daemon [_thread_blocked, id=14820, stack(0x0000000ec8700000,0x0000000ec8800000)]
  0x000001dc563c8480 JavaThread "Signal Dispatcher" daemon [_thread_blocked, id=11776, stack(0x0000000ec8800000,0x0000000ec8900000)]
  0x000001dc563cbe60 JavaThread "Attach Listener" daemon [_thread_blocked, id=3080, stack(0x0000000ec8900000,0x0000000ec8a00000)]
  0x000001dc563cc820 JavaThread "Service Thread" daemon [_thread_blocked, id=4408, stack(0x0000000ec8a00000,0x0000000ec8b00000)]
  0x000001dc563ce1f0 JavaThread "C1 CompilerThread0" daemon [_thread_blocked, id=14712, stack(0x0000000ec8b00000,0x0000000ec8c00000)]
  0x000001dc563dc010 JavaThread "Sweeper thread" daemon [_thread_blocked, id=12776, stack(0x0000000ec8c00000,0x0000000ec8d00000)]
  0x000001dc56393580 JavaThread "Common-Cleaner" daemon [_thread_blocked, id=1636, stack(0x0000000ec8d00000,0x0000000ec8e00000)]
  0x000001dc570fbfe0 JavaThread "Monitor Ctrl-Break" daemon [_thread_in_native, id=15112, stack(0x0000000ec8e00000,0x0000000ec8f00000)]
  0x000001dc570fc4b0 JavaThread "Notification Thread" daemon [_thread_blocked, id=10904, stack(0x0000000ec8f00000,0x0000000ec9000000)]
  0x000001dc572e1c80 JavaThread "RMI TCP Accept-0" daemon [_thread_in_native, id=13120, stack(0x0000000ec9000000,0x0000000ec9100000)]
  0x000001dc578ace00 JavaThread "RMI TCP Connection(1)-172.20.10.14" daemon [_thread_blocked, id=11004, stack(0x0000000ec9500000,0x0000000ec9600000)]
  0x000001dc581e1510 JavaThread "RMI Scheduler(0)" daemon [_thread_blocked, id=15924, stack(0x0000000ec9600000,0x0000000ec9700000)]
  0x000001dc58a5b090 JavaThread "Catalina-utility-1" [_thread_blocked, id=2672, stack(0x0000000ec9700000,0x0000000ec9800000)]
  0x000001dc58a58070 JavaThread "Catalina-utility-2" [_thread_blocked, id=7612, stack(0x0000000ec9800000,0x0000000ec9900000)]
  0x000001dc58a58ee0 JavaThread "container-0" [_thread_blocked, id=2964, stack(0x0000000ec9d00000,0x0000000ec9e00000)]
  0x000001dc58a59880 JavaThread "HikariPool-1 housekeeper" daemon [_thread_blocked, id=4992, stack(0x0000000eca100000,0x0000000eca200000)]
  0x000001dc58a5b560 JavaThread "HikariPool-1 connection adder" daemon [_thread_blocked, id=14388, stack(0x0000000eca200000,0x0000000eca300000)]
  0x000001dc58a58540 JavaThread "ClassGraph-worker-84" daemon [_thread_blocked, id=12508, stack(0x0000000eca300000,0x0000000eca400000)]
  0x000001dc58a59d50 JavaThread "ClassGraph-worker-85" daemon [_thread_blocked, id=13664, stack(0x0000000eca400000,0x0000000eca500000)]
  0x000001dc58a58a10 JavaThread "ClassGraph-worker-86" daemon [_thread_blocked, id=6028, stack(0x0000000eca500000,0x0000000eca600000)]
  0x000001dc58a5a220 JavaThread "ClassGraph-worker-87" daemon [_thread_blocked, id=2360, stack(0x0000000eca600000,0x0000000eca700000)]
  0x000001dc58a5abc0 JavaThread "ClassGraph-worker-88" daemon [_thread_blocked, id=8044, stack(0x0000000eca700000,0x0000000eca800000)]
  0x000001dc5b25f790 JavaThread "ClassGraph-worker-89" daemon [_thread_blocked, id=4812, stack(0x0000000eca800000,0x0000000eca900000)]
  0x000001dc5b2622e0 JavaThread "ClassGraph-worker-90" daemon [_thread_blocked, id=3048, stack(0x0000000eca900000,0x0000000ecaa00000)]
  0x000001dc5b260130 JavaThread "ClassGraph-worker-91" daemon [_thread_blocked, id=13044, stack(0x0000000ecaa00000,0x0000000ecab00000)]
  0x000001dc5b25dab0 JavaThread "ClassGraph-worker-92" daemon [_thread_blocked, id=9968, stack(0x0000000ecab00000,0x0000000ecac00000)]
  0x000001dc5b260ad0 JavaThread "ClassGraph-worker-93" daemon [_thread_blocked, id=10920, stack(0x0000000ecac00000,0x0000000ecad00000)]
  0x000001dc5b262c80 JavaThread "ClassGraph-worker-94" daemon [_thread_blocked, id=13540, stack(0x0000000ecad00000,0x0000000ecae00000)]
  0x000001dc5b263620 JavaThread "ClassGraph-worker-95" daemon [_thread_blocked, id=12964, stack(0x0000000ecae00000,0x0000000ecaf00000)]
  0x000001dc5b25e920 JavaThread "ClassGraph-worker-96" daemon [_thread_blocked, id=15448, stack(0x0000000ecaf00000,0x0000000ecb000000)]
  0x000001dc5b25e450 JavaThread "ClassGraph-worker-97" daemon [_thread_blocked, id=3216, stack(0x0000000ecb000000,0x0000000ecb100000)]

Other Threads:
=>0x000001dc563a94c0 VMThread "VM Thread" [stack: 0x0000000ec8500000,0x0000000ec8600000] [id=11872]
  0x000001dc572dc6a0 WatcherThread [stack: 0x0000000ec9100000,0x0000000ec9200000] [id=13400]
  0x000001dc33f3dcf0 GCTaskThread "GC Thread#0" [stack: 0x0000000ec8000000,0x0000000ec8100000] [id=12904]
  0x000001dc576d6700 GCTaskThread "GC Thread#1" [stack: 0x0000000ec9200000,0x0000000ec9300000] [id=14620]
  0x000001dc576d83b0 GCTaskThread "GC Thread#2" [stack: 0x0000000ec9300000,0x0000000ec9400000] [id=1452]
  0x000001dc576d8080 GCTaskThread "GC Thread#3" [stack: 0x0000000ec9900000,0x0000000ec9a00000] [id=7940]
  0x000001dc576d7a20 GCTaskThread "GC Thread#4" [stack: 0x0000000ec9a00000,0x0000000ec9b00000] [id=6552]
  0x000001dc576d63d0 GCTaskThread "GC Thread#5" [stack: 0x0000000ec9b00000,0x0000000ec9c00000] [id=1988]
  0x000001dc576d8a10 GCTaskThread "GC Thread#6" [stack: 0x0000000ec9e00000,0x0000000ec9f00000] [id=7672]
  0x000001dc576d6d60 GCTaskThread "GC Thread#7" [stack: 0x0000000ec9f00000,0x0000000eca000000] [id=7200]
  0x000001dc33f4c900 ConcurrentGCThread "G1 Main Marker" [stack: 0x0000000ec8100000,0x0000000ec8200000] [id=11796]
  0x000001dc33f4dd30 ConcurrentGCThread "G1 Conc#0" [stack: 0x0000000ec8200000,0x0000000ec8300000] [id=13260]
  0x000001dc576d7d50 ConcurrentGCThread "G1 Conc#1" [stack: 0x0000000ec9c00000,0x0000000ec9d00000] [id=16364]
  0x000001dc33fbdfc0 ConcurrentGCThread "G1 Refine#0" [stack: 0x0000000ec8300000,0x0000000ec8400000] [id=5572]
  0x000001dc5768e410 ConcurrentGCThread "G1 Refine#1" [stack: 0x0000000ec9400000,0x0000000ec9500000] [id=4184]
  0x000001dc33fbebc0 ConcurrentGCThread "G1 Young RemSet Sampling" [stack: 0x0000000ec8400000,0x0000000ec8500000] [id=8552]

Threads with active compile tasks:
C1 CompilerThread0     5273 5346       1       java.util.concurrent.ConcurrentLinkedQueue::first (65 bytes)

VM state: at safepoint (normal execution)

VM Mutex/Monitor currently owned by a thread:  ([mutex/lock_event])
[0x000001dc33ef0690] Threads_lock - owner thread: 0x000001dc563a94c0
[0x000001dc33eef490] Heap_lock - owner thread: 0x000001dc58a5a220

Heap address: 0x0000000725400000, size: 3500 MB, Compressed Oops mode: Zero based, Oop shift amount: 3
CDS archive(s) mapped at: [0x0000000800000000-0x0000000800b50000-0x0000000800b50000), size 11862016, SharedBaseAddress: 0x0000000800000000, ArchiveRelocationMode: 0.
Compressed class space mapped at: 0x0000000800b50000-0x0000000840b50000, size: 1073741824
Narrow klass base: 0x0000000800000000, Narrow klass shift: 3, Narrow klass range: 0x100000000

GC Precious Log:
 CPUs: 8 total, 8 available
 Memory: 8050M
 Large Page Support: Disabled
 NUMA Support: Disabled
 Compressed Oops: Enabled (Zero based)
 Heap Region Size: 2M
 Heap Min Capacity: 8M
 Heap Initial Capacity: 126M
 Heap Max Capacity: 3500M
 Pre-touch: Disabled
 Parallel Workers: 8
 Concurrent Workers: 2
 Concurrent Refinement Workers: 8
 Periodic GC: Disabled

Heap:
 garbage-first heap   total 131072K, used 56692K [0x0000000725400000, 0x0000000800000000)
  region size 2048K, 2 young (4096K), 2 survivors (4096K)
 Metaspace       used 58300K, capacity 58929K, committed 59124K, reserved 1099776K
  class space    used 7971K, capacity 8157K, committed 8268K, reserved 1048576K

Heap Regions: E=young(eden), S=young(survivor), O=old, HS=humongous(starts), HC=humongous(continues), CS=collection set, F=free, OA=open archive, CA=closed archive, TAMS=top-at-mark-start (previous, next)
|   0|0x0000000725400000, 0x0000000725600000, 0x0000000725600000|100%| O|  |TAMS 0x0000000725600000, 0x0000000725600000| Untracked 
|   1|0x0000000725600000, 0x0000000725800000, 0x0000000725800000|100%| O|  |TAMS 0x0000000725800000, 0x0000000725800000| Untracked 
|   2|0x0000000725800000, 0x0000000725a00000, 0x0000000725a00000|100%| O|  |TAMS 0x0000000725a00000, 0x0000000725a00000| Untracked 
|   3|0x0000000725a00000, 0x0000000725b69a00, 0x0000000725c00000| 70%| O|  |TAMS 0x0000000725b69a00, 0x0000000725b69a00| Untracked 
|   4|0x0000000725c00000, 0x0000000725e00000, 0x0000000725e00000|100%| O|  |TAMS 0x0000000725e00000, 0x0000000725e00000| Untracked 
|   5|0x0000000725e00000, 0x0000000726000000, 0x0000000726000000|100%| O|  |TAMS 0x0000000726000000, 0x0000000726000000| Untracked 
|   6|0x0000000726000000, 0x0000000726200000, 0x0000000726200000|100%| O|  |TAMS 0x0000000726200000, 0x0000000726200000| Untracked 
|   7|0x0000000726200000, 0x0000000726400000, 0x0000000726400000|100%| O|  |TAMS 0x0000000726400000, 0x0000000726400000| Untracked 
|   8|0x0000000726400000, 0x0000000726600000, 0x0000000726600000|100%| O|  |TAMS 0x0000000726600000, 0x0000000726600000| Untracked 
|   9|0x0000000726600000, 0x0000000726800000, 0x0000000726800000|100%| O|  |TAMS 0x0000000726800000, 0x0000000726800000| Untracked 
|  10|0x0000000726800000, 0x0000000726a00000, 0x0000000726a00000|100%| O|  |TAMS 0x0000000726a00000, 0x0000000726a00000| Untracked 
|  11|0x0000000726a00000, 0x0000000726a00000, 0x0000000726c00000|  0%| F|  |TAMS 0x0000000726a00000, 0x0000000726a00000| Untracked 
|  12|0x0000000726c00000, 0x0000000726c00000, 0x0000000726e00000|  0%| F|  |TAMS 0x0000000726c00000, 0x0000000726c00000| Untracked 
|  13|0x0000000726e00000, 0x0000000726e00000, 0x0000000727000000|  0%| F|  |TAMS 0x0000000726e00000, 0x0000000726e00000| Untracked 
|  14|0x0000000727000000, 0x0000000727000000, 0x0000000727200000|  0%| F|  |TAMS 0x0000000727000000, 0x0000000727000000| Untracked 
|  15|0x0000000727200000, 0x0000000727200000, 0x0000000727400000|  0%| F|  |TAMS 0x0000000727200000, 0x0000000727200000| Untracked 
|  16|0x0000000727400000, 0x0000000727400000, 0x0000000727600000|  0%| F|  |TAMS 0x0000000727400000, 0x0000000727400000| Untracked 
|  17|0x0000000727600000, 0x0000000727800000, 0x0000000727800000|100%| O|  |TAMS 0x0000000727624600, 0x0000000727800000| Untracked 
|  18|0x0000000727800000, 0x0000000727a00000, 0x0000000727a00000|100%| O|  |TAMS 0x0000000727800000, 0x0000000727a00000| Untracked 
|  19|0x0000000727a00000, 0x0000000727c00000, 0x0000000727c00000|100%| O|  |TAMS 0x0000000727a00000, 0x0000000727c00000| Untracked 
|  20|0x0000000727c00000, 0x0000000727e00000, 0x0000000727e00000|100%| O|  |TAMS 0x0000000727c00000, 0x0000000727e00000| Untracked 
|  21|0x0000000727e00000, 0x0000000728000000, 0x0000000728000000|100%| O|  |TAMS 0x0000000727e00000, 0x0000000728000000| Untracked 
|  22|0x0000000728000000, 0x0000000728200000, 0x0000000728200000|100%| O|  |TAMS 0x0000000728000000, 0x0000000728200000| Untracked 
|  23|0x0000000728200000, 0x0000000728400000, 0x0000000728400000|100%| O|  |TAMS 0x0000000728200000, 0x0000000728400000| Untracked 
|  24|0x0000000728400000, 0x0000000728600000, 0x0000000728600000|100%| O|  |TAMS 0x0000000728400000, 0x0000000728600000| Untracked 
|  25|0x0000000728600000, 0x0000000728800000, 0x0000000728800000|100%| O|  |TAMS 0x0000000728600000, 0x0000000728800000| Untracked 
|  26|0x0000000728800000, 0x0000000728a00000, 0x0000000728a00000|100%| O|  |TAMS 0x0000000728800000, 0x0000000728a00000| Untracked 
|  27|0x0000000728a00000, 0x0000000728c00000, 0x0000000728c00000|100%| O|  |TAMS 0x0000000728a00000, 0x0000000728c00000| Untracked 
|  28|0x0000000728c00000, 0x0000000728e00000, 0x0000000728e00000|100%| O|  |TAMS 0x0000000728c00000, 0x0000000728e00000| Untracked 
|  29|0x0000000728e00000, 0x0000000728ff3800, 0x0000000729000000| 97%| O|  |TAMS 0x0000000728e00000, 0x0000000728e48c00| Untracked 
|  30|0x0000000729000000, 0x0000000729000000, 0x0000000729200000|  0%| F|  |TAMS 0x0000000729000000, 0x0000000729000000| Untracked 
|  31|0x0000000729200000, 0x0000000729200000, 0x0000000729400000|  0%| F|  |TAMS 0x0000000729200000, 0x0000000729200000| Untracked 
|  32|0x0000000729400000, 0x0000000729400000, 0x0000000729600000|  0%| F|  |TAMS 0x0000000729400000, 0x0000000729400000| Untracked 
|  33|0x0000000729600000, 0x0000000729600000, 0x0000000729800000|  0%| F|  |TAMS 0x0000000729600000, 0x0000000729600000| Untracked 
|  34|0x0000000729800000, 0x0000000729800000, 0x0000000729a00000|  0%| F|  |TAMS 0x0000000729800000, 0x0000000729800000| Untracked 
|  35|0x0000000729a00000, 0x0000000729a00000, 0x0000000729c00000|  0%| F|  |TAMS 0x0000000729a00000, 0x0000000729a00000| Untracked 
|  36|0x0000000729c00000, 0x0000000729e00000, 0x0000000729e00000|100%| S|CS|TAMS 0x0000000729c00000, 0x0000000729c00000| Complete 
|  37|0x0000000729e00000, 0x000000072a000000, 0x000000072a000000|100%| S|CS|TAMS 0x0000000729e00000, 0x0000000729e00000| Complete 
|  38|0x000000072a000000, 0x000000072a000000, 0x000000072a200000|  0%| F|  |TAMS 0x000000072a000000, 0x000000072a000000| Untracked 
|  39|0x000000072a200000, 0x000000072a200000, 0x000000072a400000|  0%| F|  |TAMS 0x000000072a200000, 0x000000072a200000| Untracked 
|  40|0x000000072a400000, 0x000000072a400000, 0x000000072a600000|  0%| F|  |TAMS 0x000000072a400000, 0x000000072a400000| Untracked 
|  41|0x000000072a600000, 0x000000072a600000, 0x000000072a800000|  0%| F|  |TAMS 0x000000072a600000, 0x000000072a600000| Untracked 
|  42|0x000000072a800000, 0x000000072a800000, 0x000000072aa00000|  0%| F|  |TAMS 0x000000072a800000, 0x000000072a800000| Untracked 
|  43|0x000000072aa00000, 0x000000072aa00000, 0x000000072ac00000|  0%| F|  |TAMS 0x000000072aa00000, 0x000000072aa00000| Untracked 
|  44|0x000000072ac00000, 0x000000072ac00000, 0x000000072ae00000|  0%| F|  |TAMS 0x000000072ac00000, 0x000000072ac00000| Untracked 
|  45|0x000000072ae00000, 0x000000072ae00000, 0x000000072b000000|  0%| F|  |TAMS 0x000000072ae00000, 0x000000072ae00000| Untracked 
|  46|0x000000072b000000, 0x000000072b000000, 0x000000072b200000|  0%| F|  |TAMS 0x000000072b000000, 0x000000072b000000| Untracked 
|  47|0x000000072b200000, 0x000000072b200000, 0x000000072b400000|  0%| F|  |TAMS 0x000000072b200000, 0x000000072b200000| Untracked 
|  48|0x000000072b400000, 0x000000072b400000, 0x000000072b600000|  0%| F|  |TAMS 0x000000072b400000, 0x000000072b400000| Untracked 
|  62|0x000000072d000000, 0x000000072d000000, 0x000000072d200000|  0%| F|  |TAMS 0x000000072d000000, 0x000000072d000000| Untracked 
|1748|0x00000007ffc00000, 0x00000007ffe00000, 0x00000007ffe00000|100%| O|  |TAMS 0x00000007ffe00000, 0x00000007ffe00000| Untracked 
|1749|0x00000007ffe00000, 0x0000000800000000, 0x0000000800000000|100%| O|  |TAMS 0x0000000800000000, 0x0000000800000000| Untracked 

Card table byte_map: [0x000001dc4be50000,0x000001dc4c530000] _byte_map_base: 0x000001dc48526000

Marking Bits (Prev, Next): (CMBitMap*) 0x000001dc33f3e4e0, (CMBitMap*) 0x000001dc33f3e520
 Prev Bits: [0x000001dc4cc10000, 0x000001dc502c0000)
 Next Bits: [0x000001dc502c0000, 0x000001dc53970000)

Polling page: 0x000001dc32070000

Metaspace:

Usage:
  Non-class:     49.58 MB capacity,    49.15 MB (>99%) used,   359.22 KB ( <1%) free+waste,    83.25 KB ( <1%) overhead. 
      Class:      7.97 MB capacity,     7.78 MB ( 98%) used,   152.10 KB (  2%) free+waste,    33.69 KB ( <1%) overhead. 
       Both:     57.55 MB capacity,    56.93 MB ( 99%) used,   511.32 KB ( <1%) free+waste,   116.94 KB ( <1%) overhead. 

Virtual space:
  Non-class space:       50.00 MB reserved,      49.66 MB (>99%) committed 
      Class space:        1.00 GB reserved,       8.07 MB ( <1%) committed 
             Both:        1.05 GB reserved,      57.74 MB (  5%) committed 

Chunk freelists:
   Non-Class:  20.00 KB
       Class:  3.00 KB
        Both:  23.00 KB

MaxMetaspaceSize: 17179869184.00 GB
CompressedClassSpaceSize: 1.00 GB

CodeHeap 'non-profiled nmethods': size=238336Kb used=8723Kb max_used=8723Kb free=229612Kb
 bounds [0x000001dc3cb80000, 0x000001dc3d410000, 0x000001dc4b440000]
CodeHeap 'non-nmethods': size=7424Kb used=1297Kb max_used=1297Kb free=6126Kb
 bounds [0x000001dc3c440000, 0x000001dc3c6b0000, 0x000001dc3cb80000]
 total_blobs=5937 nmethods=5346 adapters=518
 compilation: enabled
              stopped_count=0, restarted_count=0
 full_count=0

Compilation events (20 events):
Event: 5.173 Thread 0x000001dc563ce1f0 nmethod 5334 0x000001dc3d3fe090 code [0x000001dc3d3fe300, 0x000001dc3d3fed38]
Event: 5.173 Thread 0x000001dc563ce1f0 5335       1       nonapi.io.github.classgraph.fastzipfilereader.NestedJarHandler$8::read (60 bytes)
Event: 5.173 Thread 0x000001dc563ce1f0 nmethod 5335 0x000001dc3d3ff390 code [0x000001dc3d3ff560, 0x000001dc3d3ff898]
Event: 5.173 Thread 0x000001dc563ce1f0 5336       1       nonapi.io.github.classgraph.fastzipfilereader.ZipFileSlice::appendPath (39 bytes)
Event: 5.173 Thread 0x000001dc563ce1f0 nmethod 5336 0x000001dc3d3ffa90 code [0x000001dc3d3ffc40, 0x000001dc3d3ffdc8]
Event: 5.184 Thread 0x000001dc563ce1f0 5337       1       java.io.WinNTFileSystem::canonicalize (372 bytes)
Event: 5.191 Thread 0x000001dc563ce1f0 nmethod 5337 0x000001dc3d400410 code [0x000001dc3d400760, 0x000001dc3d401758]
Event: 5.191 Thread 0x000001dc563ce1f0 5339       1       java.io.File::getCanonicalPath (31 bytes)
Event: 5.191 Thread 0x000001dc563ce1f0 nmethod 5339 0x000001dc3d402110 code [0x000001dc3d4022e0, 0x000001dc3d4024b8]
Event: 5.201 Thread 0x000001dc563ce1f0 5340       1       java.io.File::getCanonicalFile (38 bytes)
Event: 5.202 Thread 0x000001dc563ce1f0 nmethod 5340 0x000001dc3d402590 code [0x000001dc3d402780, 0x000001dc3d402af8]
Event: 5.219 Thread 0x000001dc563ce1f0 5342       1       jdk.internal.misc.Unsafe::weakCompareAndSetReference (11 bytes)
Event: 5.220 Thread 0x000001dc563ce1f0 nmethod 5342 0x000001dc3d403090 code [0x000001dc3d403220, 0x000001dc3d403358]
Event: 5.220 Thread 0x000001dc563ce1f0 5343       1       io.github.classgraph.Scanner::findClasspathOrderRec (74 bytes)
Event: 5.220 Thread 0x000001dc563ce1f0 nmethod 5343 0x000001dc3d403410 code [0x000001dc3d403600, 0x000001dc3d4039b8]
Event: 5.220 Thread 0x000001dc563ce1f0 5344       1       java.util.concurrent.ConcurrentLinkedQueue::toArray (6 bytes)
Event: 5.220 Thread 0x000001dc563ce1f0 nmethod 5344 0x000001dc3d403c10 code [0x000001dc3d403da0, 0x000001dc3d403e88]
Event: 5.220 Thread 0x000001dc563ce1f0 5345       1       java.util.concurrent.ConcurrentLinkedQueue::toArrayInternal (141 bytes)
Event: 5.220 Thread 0x000001dc563ce1f0 nmethod 5345 0x000001dc3d404310 code [0x000001dc3d404500, 0x000001dc3d404c38]
Event: 5.220 Thread 0x000001dc563ce1f0 5346       1       java.util.concurrent.ConcurrentLinkedQueue::first (65 bytes)

GC Heap History (20 events):
Event: 3.875 GC heap after
{Heap after GC invocations=13 (full 0):
 garbage-first heap   total 65536K, used 21283K [0x0000000725400000, 0x0000000800000000)
  region size 2048K, 2 young (4096K), 2 survivors (4096K)
 Metaspace       used 48692K, capacity 49182K, committed 49396K, reserved 1091584K
  class space    used 6776K, capacity 6973K, committed 6988K, reserved 1048576K
}
Event: 4.233 GC heap before
{Heap before GC invocations=13 (full 0):
 garbage-first heap   total 65536K, used 47907K [0x0000000725400000, 0x0000000800000000)
  region size 2048K, 15 young (30720K), 2 survivors (4096K)
 Metaspace       used 53253K, capacity 53766K, committed 53876K, reserved 1095680K
  class space    used 7347K, capacity 7534K, committed 7628K, reserved 1048576K
}
Event: 4.237 GC heap after
{Heap after GC invocations=14 (full 0):
 garbage-first heap   total 65536K, used 23067K [0x0000000725400000, 0x0000000800000000)
  region size 2048K, 2 young (4096K), 2 survivors (4096K)
 Metaspace       used 53253K, capacity 53766K, committed 53876K, reserved 1095680K
  class space    used 7347K, capacity 7534K, committed 7628K, reserved 1048576K
}
Event: 4.485 GC heap before
{Heap before GC invocations=14 (full 0):
 garbage-first heap   total 65536K, used 49691K [0x0000000725400000, 0x0000000800000000)
  region size 2048K, 15 young (30720K), 2 survivors (4096K)
 Metaspace       used 55903K, capacity 56467K, committed 56820K, reserved 1097728K
  class space    used 7682K, capacity 7897K, committed 8012K, reserved 1048576K
}
Event: 4.489 GC heap after
{Heap after GC invocations=15 (full 0):
 garbage-first heap   total 79872K, used 25010K [0x0000000725400000, 0x0000000800000000)
  region size 2048K, 2 young (4096K), 2 survivors (4096K)
 Metaspace       used 55903K, capacity 56467K, committed 56820K, reserved 1097728K
  class space    used 7682K, capacity 7897K, committed 8012K, reserved 1048576K
}
Event: 4.789 GC heap before
{Heap before GC invocations=15 (full 0):
 garbage-first heap   total 79872K, used 59826K [0x0000000725400000, 0x0000000800000000)
  region size 2048K, 20 young (40960K), 2 survivors (4096K)
 Metaspace       used 58168K, capacity 58719K, committed 58868K, reserved 1099776K
  class space    used 7958K, capacity 8153K, committed 8268K, reserved 1048576K
}
Event: 4.796 GC heap after
{Heap after GC invocations=16 (full 0):
 garbage-first heap   total 79872K, used 30476K [0x0000000725400000, 0x0000000800000000)
  region size 2048K, 3 young (6144K), 3 survivors (6144K)
 Metaspace       used 58168K, capacity 58719K, committed 58868K, reserved 1099776K
  class space    used 7958K, capacity 8153K, committed 8268K, reserved 1048576K
}
Event: 4.909 GC heap before
{Heap before GC invocations=16 (full 0):
 garbage-first heap   total 79872K, used 57100K [0x0000000725400000, 0x0000000800000000)
  region size 2048K, 17 young (34816K), 3 survivors (6144K)
 Metaspace       used 58273K, capacity 58850K, committed 59124K, reserved 1099776K
  class space    used 7969K, capacity 8154K, committed 8268K, reserved 1048576K
}
Event: 4.916 GC heap after
{Heap after GC invocations=17 (full 0):
 garbage-first heap   total 79872K, used 38436K [0x0000000725400000, 0x0000000800000000)
  region size 2048K, 3 young (6144K), 3 survivors (6144K)
 Metaspace       used 58273K, capacity 58850K, committed 59124K, reserved 1099776K
  class space    used 7969K, capacity 8154K, committed 8268K, reserved 1048576K
}
Event: 4.947 GC heap before
{Heap before GC invocations=17 (full 0):
 garbage-first heap   total 79872K, used 54820K [0x0000000725400000, 0x0000000800000000)
  region size 2048K, 12 young (24576K), 3 survivors (6144K)
 Metaspace       used 58273K, capacity 58850K, committed 59124K, reserved 1099776K
  class space    used 7969K, capacity 8154K, committed 8268K, reserved 1048576K
}
Event: 4.952 GC heap after
{Heap after GC invocations=18 (full 0):
 garbage-first heap   total 79872K, used 42552K [0x0000000725400000, 0x0000000800000000)
  region size 2048K, 2 young (4096K), 2 survivors (4096K)
 Metaspace       used 58273K, capacity 58850K, committed 59124K, reserved 1099776K
  class space    used 7969K, capacity 8154K, committed 8268K, reserved 1048576K
}
Event: 5.035 GC heap before
{Heap before GC invocations=18 (full 0):
 garbage-first heap   total 79872K, used 58936K [0x0000000725400000, 0x0000000800000000)
  region size 2048K, 10 young (20480K), 2 survivors (4096K)
 Metaspace       used 58286K, capacity 58914K, committed 59124K, reserved 1099776K
  class space    used 7969K, capacity 8154K, committed 8268K, reserved 1048576K
}
Event: 5.040 GC heap after
{Heap after GC invocations=19 (full 0):
 garbage-first heap   total 96256K, used 48303K [0x0000000725400000, 0x0000000800000000)
  region size 2048K, 2 young (4096K), 2 survivors (4096K)
 Metaspace       used 58286K, capacity 58914K, committed 59124K, reserved 1099776K
  class space    used 7969K, capacity 8154K, committed 8268K, reserved 1048576K
}
Event: 5.080 GC heap before
{Heap before GC invocations=19 (full 0):
 garbage-first heap   total 96256K, used 70831K [0x0000000725400000, 0x0000000800000000)
  region size 2048K, 13 young (26624K), 2 survivors (4096K)
 Metaspace       used 58291K, capacity 58914K, committed 59124K, reserved 1099776K
  class space    used 7969K, capacity 8154K, committed 8268K, reserved 1048576K
}
Event: 5.084 GC heap after
{Heap after GC invocations=20 (full 0):
 garbage-first heap   total 96256K, used 52646K [0x0000000725400000, 0x0000000800000000)
  region size 2048K, 2 young (4096K), 2 survivors (4096K)
 Metaspace       used 58291K, capacity 58914K, committed 59124K, reserved 1099776K
  class space    used 7969K, capacity 8154K, committed 8268K, reserved 1048576K
}
Event: 5.175 GC heap before
{Heap before GC invocations=21 (full 0):
 garbage-first heap   total 106496K, used 69030K [0x0000000725400000, 0x0000000800000000)
  region size 2048K, 11 young (22528K), 2 survivors (4096K)
 Metaspace       used 58300K, capacity 58929K, committed 59124K, reserved 1099776K
  class space    used 7971K, capacity 8157K, committed 8268K, reserved 1048576K
}
Event: 5.183 GC heap after
{Heap after GC invocations=22 (full 0):
 garbage-first heap   total 106496K, used 59407K [0x0000000725400000, 0x0000000800000000)
  region size 2048K, 2 young (4096K), 2 survivors (4096K)
 Metaspace       used 58300K, capacity 58929K, committed 59124K, reserved 1099776K
  class space    used 7971K, capacity 8157K, committed 8268K, reserved 1048576K
}
Event: 5.185 GC heap before
{Heap before GC invocations=22 (full 0):
 garbage-first heap   total 106496K, used 61455K [0x0000000725400000, 0x0000000800000000)
  region size 2048K, 3 young (6144K), 2 survivors (4096K)
 Metaspace       used 58300K, capacity 58929K, committed 59124K, reserved 1099776K
  class space    used 7971K, capacity 8157K, committed 8268K, reserved 1048576K
}
Event: 5.189 GC heap after
{Heap after GC invocations=23 (full 0):
 garbage-first heap   total 106496K, used 51634K [0x0000000725400000, 0x0000000800000000)
  region size 2048K, 1 young (2048K), 1 survivors (2048K)
 Metaspace       used 58300K, capacity 58929K, committed 59124K, reserved 1099776K
  class space    used 7971K, capacity 8157K, committed 8268K, reserved 1048576K
}
Event: 5.221 GC heap before
{Heap before GC invocations=23 (full 0):
 garbage-first heap   total 106496K, used 74162K [0x0000000725400000, 0x0000000800000000)
  region size 2048K, 12 young (24576K), 1 survivors (2048K)
 Metaspace       used 58300K, capacity 58929K, committed 59124K, reserved 1099776K
  class space    used 7971K, capacity 8157K, committed 8268K, reserved 1048576K
}

Deoptimization events (6 events):
Event: 1.823 Thread 0x000001dc33ef4020 DEOPT PACKING pc=0x000001dc3ce937fc sp=0x0000000ec7ffd6d0
Event: 1.823 Thread 0x000001dc33ef4020 DEOPT UNPACKING pc=0x000001dc3c48e23f sp=0x0000000ec7ffcc28 mode 0
Event: 2.632 Thread 0x000001dc58a5b090 DEOPT PACKING pc=0x000001dc3ce10e19 sp=0x0000000ec97fef50
Event: 2.632 Thread 0x000001dc58a5b090 DEOPT UNPACKING pc=0x000001dc3c48e23f sp=0x0000000ec97fe3a8 mode 3
Event: 4.335 Thread 0x000001dc33ef4020 DEOPT PACKING pc=0x000001dc3ce54602 sp=0x0000000ec7ffdc30
Event: 4.335 Thread 0x000001dc33ef4020 DEOPT UNPACKING pc=0x000001dc3c48e23f sp=0x0000000ec7ffd138 mode 3

Classes unloaded (0 events):
No events

Classes redefined (0 events):
No events

Internal exceptions (20 events):
Event: 5.164 Thread 0x000001dc58a59d50 Exception <a 'sun/nio/fs/WindowsException'{0x000000072b535fd0}> (0x000000072b535fd0) 
thrown [./src/hotspot/share/prims/jni.cpp, line 578]
Event: 5.164 Thread 0x000001dc58a59d50 Exception <a 'sun/nio/fs/WindowsException'{0x000000072b536968}> (0x000000072b536968) 
thrown [./src/hotspot/share/prims/jni.cpp, line 578]
Event: 5.164 Thread 0x000001dc58a59d50 Exception <a 'sun/nio/fs/WindowsException'{0x000000072b536cc8}> (0x000000072b536cc8) 
thrown [./src/hotspot/share/prims/jni.cpp, line 578]
Event: 5.164 Thread 0x000001dc58a5a220 Exception <a 'sun/nio/fs/WindowsException'{0x000000072b4dc1a8}> (0x000000072b4dc1a8) 
thrown [./src/hotspot/share/prims/jni.cpp, line 578]
Event: 5.164 Thread 0x000001dc58a59d50 Exception <a 'sun/nio/fs/WindowsException'{0x000000072b537658}> (0x000000072b537658) 
thrown [./src/hotspot/share/prims/jni.cpp, line 578]
Event: 5.164 Thread 0x000001dc58a59d50 Exception <a 'sun/nio/fs/WindowsException'{0x000000072b5379b0}> (0x000000072b5379b0) 
thrown [./src/hotspot/share/prims/jni.cpp, line 578]
Event: 5.164 Thread 0x000001dc58a5a220 Exception <a 'sun/nio/fs/WindowsException'{0x000000072b4dcb18}> (0x000000072b4dcb18) 
thrown [./src/hotspot/share/prims/jni.cpp, line 578]
Event: 5.164 Thread 0x000001dc58a5a220 Exception <a 'sun/nio/fs/WindowsException'{0x000000072b4dce38}> (0x000000072b4dce38) 
thrown [./src/hotspot/share/prims/jni.cpp, line 578]
Event: 5.165 Thread 0x000001dc58a5a220 Exception <a 'sun/nio/fs/WindowsException'{0x000000072b540b00}> (0x000000072b540b00) 
thrown [./src/hotspot/share/prims/jni.cpp, line 578]
Event: 5.165 Thread 0x000001dc58a5a220 Exception <a 'sun/nio/fs/WindowsException'{0x000000072b540e30}> (0x000000072b540e30) 
thrown [./src/hotspot/share/prims/jni.cpp, line 578]
Event: 5.165 Thread 0x000001dc58a5a220 Exception <a 'sun/nio/fs/WindowsException'{0x000000072b5417a0}> (0x000000072b5417a0) 
thrown [./src/hotspot/share/prims/jni.cpp, line 578]
Event: 5.165 Thread 0x000001dc58a5a220 Exception <a 'sun/nio/fs/WindowsException'{0x000000072b541ac0}> (0x000000072b541ac0) 
thrown [./src/hotspot/share/prims/jni.cpp, line 578]
Event: 5.165 Thread 0x000001dc58a5a220 Exception <a 'sun/nio/fs/WindowsException'{0x000000072b542438}> (0x000000072b542438) 
thrown [./src/hotspot/share/prims/jni.cpp, line 578]
Event: 5.165 Thread 0x000001dc58a5a220 Exception <a 'sun/nio/fs/WindowsException'{0x000000072b542768}> (0x000000072b542768) 
thrown [./src/hotspot/share/prims/jni.cpp, line 578]
Event: 5.165 Thread 0x000001dc58a5a220 Exception <a 'sun/nio/fs/WindowsException'{0x000000072b543100}> (0x000000072b543100) 
thrown [./src/hotspot/share/prims/jni.cpp, line 578]
Event: 5.165 Thread 0x000001dc58a5a220 Exception <a 'sun/nio/fs/WindowsException'{0x000000072b543450}> (0x000000072b543450) 
thrown [./src/hotspot/share/prims/jni.cpp, line 578]
Event: 5.165 Thread 0x000001dc58a5a220 Exception <a 'sun/nio/fs/WindowsException'{0x000000072b543df8}> (0x000000072b543df8) 
thrown [./src/hotspot/share/prims/jni.cpp, line 578]
Event: 5.165 Thread 0x000001dc58a5a220 Exception <a 'sun/nio/fs/WindowsException'{0x000000072b544158}> (0x000000072b544158) 
thrown [./src/hotspot/share/prims/jni.cpp, line 578]
Event: 5.165 Thread 0x000001dc58a5a220 Exception <a 'sun/nio/fs/WindowsException'{0x000000072b544af8}> (0x000000072b544af8) 
thrown [./src/hotspot/share/prims/jni.cpp, line 578]
Event: 5.165 Thread 0x000001dc58a5a220 Exception <a 'sun/nio/fs/WindowsException'{0x000000072b544e58}> (0x000000072b544e58) 
thrown [./src/hotspot/share/prims/jni.cpp, line 578]

Events (20 events):
Event: 5.209 Executing VM operation: ICBufferFull done
Event: 5.210 Executing VM operation: ICBufferFull
Event: 5.211 Executing VM operation: ICBufferFull done
Event: 5.211 Executing VM operation: ICBufferFull
Event: 5.211 Executing VM operation: ICBufferFull done
Event: 5.213 Executing VM operation: ICBufferFull
Event: 5.214 Executing VM operation: ICBufferFull done
Event: 5.215 Executing VM operation: ICBufferFull
Event: 5.215 Executing coalesced safepoint VM operation: ICBufferFull
Event: 5.215 Executing coalesced safepoint VM operation: ICBufferFull done
Event: 5.215 Executing VM operation: ICBufferFull done
Event: 5.217 Executing VM operation: ICBufferFull
Event: 5.217 Executing coalesced safepoint VM operation: ICBufferFull
Event: 5.217 Executing coalesced safepoint VM operation: ICBufferFull done
Event: 5.217 Executing coalesced safepoint VM operation: ICBufferFull
Event: 5.217 Executing coalesced safepoint VM operation: ICBufferFull done
Event: 5.217 Executing VM operation: ICBufferFull done
Event: 5.218 Executing VM operation: ICBufferFull
Event: 5.218 Executing VM operation: ICBufferFull done
Event: 5.221 Executing VM operation: G1CollectForAllocation


Dynamic libraries:
0x00007ff67e430000 - 0x00007ff67e43d000 	C:\Users\artem.belyshev\.jdks\azul-15.0.10\bin\java.exe
0x00007ffc34310000 - 0x00007ffc34508000 	C:\Windows\SYSTEM32\ntdll.dll
0x00007ffc34210000 - 0x00007ffc342cf000 	C:\Windows\System32\KERNEL32.DLL
0x00007ffc31ef0000 - 0x00007ffc321c2000 	C:\Windows\System32\KERNELBASE.dll
0x00007ffc321d0000 - 0x00007ffc322d0000 	C:\Windows\System32\ucrtbase.dll
0x00007ffc2a010000 - 0x00007ffc2a025000 	C:\Users\artem.belyshev\.jdks\azul-15.0.10\bin\VCRUNTIME140.dll
0x00007ffc2a030000 - 0x00007ffc2a048000 	C:\Users\artem.belyshev\.jdks\azul-15.0.10\bin\jli.dll
0x00007ffc32e60000 - 0x00007ffc33001000 	C:\Windows\System32\USER32.dll
0x00007ffc322d0000 - 0x00007ffc322f2000 	C:\Windows\System32\win32u.dll
0x00007ffc0dba0000 - 0x00007ffc0de3a000 	C:\Windows\WinSxS\amd64_microsoft.windows.common-controls_6595b64144ccf1df_6.0.19041.1110_none_60b5254171f9507e\COMCTL32.dll
0x00007ffc327b0000 - 0x00007ffc327db000 	C:\Windows\System32\GDI32.dll
0x00007ffc32600000 - 0x00007ffc3269e000 	C:\Windows\System32\msvcrt.dll
0x00007ffc31db0000 - 0x00007ffc31ebf000 	C:\Windows\System32\gdi32full.dll
0x00007ffc31bb0000 - 0x00007ffc31c4d000 	C:\Windows\System32\msvcp_win.dll
0x00007ffc32c80000 - 0x00007ffc32cb2000 	C:\Windows\System32\IMM32.DLL
0x00007ffc19d60000 - 0x00007ffc19dfb000 	C:\Users\artem.belyshev\.jdks\azul-15.0.10\bin\msvcp140.dll
0x00007ffbe86c0000 - 0x00007ffbe925c000 	C:\Users\artem.belyshev\.jdks\azul-15.0.10\bin\server\jvm.dll
0x00007ffc326a0000 - 0x00007ffc3274e000 	C:\Windows\System32\ADVAPI32.dll
0x00007ffc32d60000 - 0x00007ffc32dfc000 	C:\Windows\System32\sechost.dll
0x00007ffc32420000 - 0x00007ffc32545000 	C:\Windows\System32\RPCRT4.dll
0x00007ffc333a0000 - 0x00007ffc333a8000 	C:\Windows\System32\PSAPI.DLL
0x00007ffc256c0000 - 0x00007ffc256ca000 	C:\Windows\SYSTEM32\VERSION.dll
0x00007ffc031b0000 - 0x00007ffc031b9000 	C:\Windows\SYSTEM32\WSOCK32.dll
0x00007ffc19710000 - 0x00007ffc19737000 	C:\Windows\SYSTEM32\WINMM.dll
0x00007ffc332a0000 - 0x00007ffc3330b000 	C:\Windows\System32\WS2_32.dll
0x00007ffc30250000 - 0x00007ffc30262000 	C:\Windows\SYSTEM32\kernel.appcore.dll
0x00007ffc2a000000 - 0x00007ffc2a00a000 	C:\Users\artem.belyshev\.jdks\azul-15.0.10\bin\jimage.dll
0x00007ffc2c070000 - 0x00007ffc2c254000 	C:\Windows\SYSTEM32\DBGHELP.DLL
0x00007ffc23230000 - 0x00007ffc23265000 	C:\Windows\SYSTEM32\dbgcore.DLL
0x00007ffc31a00000 - 0x00007ffc31a82000 	C:\Windows\System32\bcryptPrimitives.dll
0x00007ffc27b70000 - 0x00007ffc27b7e000 	C:\Users\artem.belyshev\.jdks\azul-15.0.10\bin\instrument.dll
0x00007ffc284e0000 - 0x00007ffc28505000 	C:\Users\artem.belyshev\.jdks\azul-15.0.10\bin\java.dll
0x00007ffc33ac0000 - 0x00007ffc34205000 	C:\Windows\System32\SHELL32.dll
0x00007ffc2faa0000 - 0x00007ffc30232000 	C:\Windows\SYSTEM32\windows.storage.dll
0x00007ffc32920000 - 0x00007ffc32c75000 	C:\Windows\System32\combase.dll
0x00007ffc31380000 - 0x00007ffc313b0000 	C:\Windows\SYSTEM32\Wldp.dll
0x00007ffc32550000 - 0x00007ffc325fd000 	C:\Windows\System32\SHCORE.dll
0x00007ffc333b0000 - 0x00007ffc33405000 	C:\Windows\System32\shlwapi.dll
0x00007ffc31940000 - 0x00007ffc3195f000 	C:\Windows\SYSTEM32\profapi.dll
0x00007ffc1f340000 - 0x00007ffc1f358000 	C:\Users\artem.belyshev\.jdks\azul-15.0.10\bin\zip.dll
0x00007ffc27690000 - 0x00007ffc276a9000 	C:\Users\artem.belyshev\.jdks\azul-15.0.10\bin\net.dll
0x00007ffc27430000 - 0x00007ffc2753c000 	C:\Windows\SYSTEM32\WINHTTP.dll
0x00007ffc310e0000 - 0x00007ffc3114a000 	C:\Windows\system32\mswsock.dll
0x00007ffc1f360000 - 0x00007ffc1f372000 	C:\Users\artem.belyshev\.jdks\azul-15.0.10\bin\nio.dll
0x00007ffc27670000 - 0x00007ffc2768a000 	C:\Program Files\JetBrains\IntelliJ IDEA 2022.3.2\bin\breakgen64.dll
0x00007ffc30e10000 - 0x00007ffc30edb000 	C:\Windows\SYSTEM32\DNSAPI.dll
0x00007ffc30dd0000 - 0x00007ffc30e0b000 	C:\Windows\SYSTEM32\IPHLPAPI.DLL
0x00007ffc32cc0000 - 0x00007ffc32cc8000 	C:\Windows\System32\NSI.dll
0x00007ffc233c0000 - 0x00007ffc233ca000 	C:\Windows\System32\rasadhlp.dll
0x00007ffc29d10000 - 0x00007ffc29d90000 	C:\Windows\System32\fwpuclnt.dll
0x00007ffc31ec0000 - 0x00007ffc31ee7000 	C:\Windows\System32\bcrypt.dll
0x00007ffc276c0000 - 0x00007ffc276c9000 	C:\Users\artem.belyshev\.jdks\azul-15.0.10\bin\management.dll
0x00007ffc273d0000 - 0x00007ffc273db000 	C:\Users\artem.belyshev\.jdks\azul-15.0.10\bin\management_ext.dll
0x00007ffc312e0000 - 0x00007ffc312f8000 	C:\Windows\SYSTEM32\CRYPTSP.dll
0x00007ffc30a00000 - 0x00007ffc30a34000 	C:\Windows\system32\rsaenh.dll
0x00007ffc318c0000 - 0x00007ffc318ee000 	C:\Windows\SYSTEM32\USERENV.dll
0x00007ffc312d0000 - 0x00007ffc312dc000 	C:\Windows\SYSTEM32\CRYPTBASE.dll
0x00007ffc299a0000 - 0x00007ffc299b7000 	C:\Windows\SYSTEM32\dhcpcsvc6.DLL
0x00007ffc298f0000 - 0x00007ffc2990d000 	C:\Windows\SYSTEM32\dhcpcsvc.DLL
0x00007ffc0a480000 - 0x00007ffc0a497000 	C:\Windows\system32\napinsp.dll
0x00007ffc06930000 - 0x00007ffc0694b000 	C:\Windows\system32\pnrpnsp.dll
0x00007ffc06870000 - 0x00007ffc06885000 	C:\Windows\system32\wshbth.dll
0x00007ffc29f80000 - 0x00007ffc29f9d000 	C:\Windows\system32\NLAapi.dll
0x00007ffc0a4a0000 - 0x00007ffc0a4b2000 	C:\Windows\System32\winrnr.dll
0x00007ffc27660000 - 0x00007ffc27670000 	C:\Users\artem.belyshev\.jdks\azul-15.0.10\bin\verify.dll

dbghelp: loaded successfully - version: 4.0.5 - missing functions: none
symbol engine: initialized successfully - sym options: 0x614 - pdb path: .;C:\Users\artem.belyshev\.jdks\azul-15.0.10\bin;C:\Windows\SYSTEM32;C:\Windows\WinSxS\amd64_microsoft.windows.common-controls_6595b64144ccf1df_6.0.19041.1110_none_60b5254171f9507e;C:\Users\artem.belyshev\.jdks\azul-15.0.10\bin\server;C:\Program Files\JetBrains\IntelliJ IDEA 2022.3.2\bin

VM Arguments:
jvm_args: -Xmx3500m -XX:TieredStopAtLevel=1 -Dspring.output.ansi.enabled=always -Dcom.sun.management.jmxremote -Dspring.jmx.enabled=true -Dspring.liveBeansView.mbeanDomain -Dspring.application.admin.enabled=true -Dmanagement.endpoints.jmx.exposure.include=* -javaagent:C:\Program Files\JetBrains\IntelliJ IDEA 2022.3.2\lib\idea_rt.jar=57496:C:\Program Files\JetBrains\IntelliJ IDEA 2022.3.2\bin -Dfile.encoding=UTF-8 
java_command: cz.kct.Tutorial
java_class_path (initial): C:\Users\artem.belyshev\IdeaProjects\kct.data.spring\out\production\classes;C:\Users\artem.belyshev\IdeaProjects\kct.data.spring\out\production\resources;C:\Users\artem.belyshev\.gradle\caches\modules-2\files-2.1\org.projectlombok\lombok\1.18.4\7103ab519b1cdbb0642ad4eaf1db209d905d0f96\lombok-1.18.4.jar;C:\Users\artem.belyshev\.gradle\caches\modules-2\files-2.1\org.springframework.boot\spring-boot-starter-data-jpa\2.7.8\ace969cae39b4479ffedd58e04c5a6eca60c94a5\spring-boot-starter-data-jpa-2.7.8.jar;C:\Users\artem.belyshev\.gradle\caches\modules-2\files-2.1\org.springframework.boot\spring-boot-starter-web\2.4.5\93cf2655557534e35723fbafa069bed2ee125832\spring-boot-starter-web-2.4.5.jar;C:\Users\artem.belyshev\.gradle\caches\modules-2\files-2.1\org.modelmapper\modelmapper\3.1.1\6636e94590e9d98e5e7db7e4fafcc15e9390e18d\modelmapper-3.1.1.jar;C:\Users\artem.belyshev\.gradle\caches\modules-2\files-2.1\io.github.openfeign\feign-jackson\9.3.1\17d39be26c4c53231087da6f5082473015986fd7\feign-jackson-9.3.1.jar;C:\Users\artem.belyshev\.gradle\caches\modules-2\files-2.1\org.springdoc\springdoc-openapi-ui\1.6.14\20f7c293f72552dce117be99cf15e69249effda8\springdoc-openapi-ui-1.6.14.jar;C:\Users\artem.belyshev\.gradle\caches\modules-2\files-2.1\org.postgresql\postgresql\42.4.3\94866dd0f9ea533c61b29261673ac0616e3a6517\postgresql-42.4.3.jar;C:\Users\artem.belyshev\.gradle\caches\modules-2\files-2.1\org.springframework.boot\spring-boot-starter-validation\2.4.5\27acd26bb55058472e91e44e8155b256a610b87e\spring-boot-starter-validation-2.4.5.jar;C:\Users\artem.belyshev\.gradle\caches\modules-2\files-2.1\org.springframework.boot\spring-boot-starter-aop\2.4.5\853bfc5d1c867f66880971515bda82ecc737e839\spring-boot-starter-aop-2.4.5.jar;C:\Users\artem.belyshev\.gradle\caches\modules-2\files-2.1\org.springframework.boot\spring-boot-starter-jdbc\2.4.5\abcca18ef5a2c877a5574a492b570bb260640de3\spring-boot-starter-jdbc-2.4.5.jar;C:\Users\artem.belyshev\.gradle\caches\modules-
Launcher Type: SUN_STANDARD

[Global flags]
     intx CICompilerCount                          = 4                                         {product} {ergonomic}
     uint ConcGCThreads                            = 2                                         {product} {ergonomic}
     uint G1ConcRefinementThreads                  = 8                                         {product} {ergonomic}
   size_t G1HeapRegionSize                         = 2097152                                   {product} {ergonomic}
    uintx GCDrainStackTargetSize                   = 64                                        {product} {ergonomic}
   size_t InitialHeapSize                          = 132120576                                 {product} {ergonomic}
     bool ManagementServer                         = true                                      {product} {command line}
   size_t MarkStackSize                            = 4194304                                   {product} {ergonomic}
   size_t MaxHeapSize                              = 3670016000                                {product} {command line}
   size_t MaxNewSize                               = 2202009600                                {product} {ergonomic}
   size_t MinHeapDeltaBytes                        = 2097152                                   {product} {ergonomic}
   size_t MinHeapSize                              = 8388608                                   {product} {ergonomic}
    uintx NonNMethodCodeHeapSize                   = 7549744                                {pd product} {ergonomic}
    uintx NonProfiledCodeHeapSize                  = 244108496                              {pd product} {ergonomic}
    uintx ProfiledCodeHeapSize                     = 0                                      {pd product} {ergonomic}
    uintx ReservedCodeCacheSize                    = 251658240                              {pd product} {ergonomic}
     bool SegmentedCodeCache                       = true                                      {product} {ergonomic}
   size_t SoftMaxHeapSize                          = 3670016000                             {manageable} {ergonomic}
     intx TieredStopAtLevel                        = 1                                         {product} {command line}
     bool UseCompressedClassPointers               = true                                 {lp64_product} {ergonomic}
     bool UseCompressedOops                        = true                                 {lp64_product} {ergonomic}
     bool UseG1GC                                  = true                                      {product} {ergonomic}
     bool UseLargePagesIndividualAllocation        = false                                  {pd product} {ergonomic}

Logging:
Log output configuration:
 #0: stdout all=warning uptime,level,tags
 #1: stderr all=off uptime,level,tags

Environment Variables:
PATH=C:\Windows\system32;C:\Windows;C:\Windows\System32\Wbem;C:\Windows\System32\WindowsPowerShell\v1.0\;C:\Windows\System32\OpenSSH\;C:\Program Files\Git\cmd;C:\Program Files\nodejs\;C:\Program Files\dotnet\;C:\Users\artem.belyshev\AppData\Local\Microsoft\WindowsApps;C:\Users\artem.belyshev\AppData\Roaming\npm;C:\Users\artem.belyshev\AppData\Local\Programs\Microsoft VS Code\bin;C:\Users\artem.belyshev\.dotnet\tools
USERNAME=artem.belyshev
OS=Windows_NT
PROCESSOR_IDENTIFIER=Intel64 Family 6 Model 142 Stepping 10, GenuineIntel



---------------  S Y S T E M  ---------------

OS:
 Windows 10 , 64 bit Build 19041 (10.0.19041.2546)
OS uptime: 1 days 3:45 hours

CPU: total 8 (initial active 8) (4 cores per cpu, 2 threads per core) family 6 model 142 stepping 10 microcode 0xf0, cmov, cx8, fxsr, mmx, sse, sse2, sse3, ssse3, sse4.1, sse4.2, popcnt, vzeroupper, avx, avx2, aes, clmul, erms, rtm, 3dnowpref, lzcnt, ht, tsc, tscinvbit, bmi1, bmi2, adx, fma, clflush, clflushopt

Memory: 4k page, system-wide physical 8050M (516M free)
TotalPageFile size 9074M (AvailPageFile size 16M)
current process WorkingSet (physical memory assigned to process): 245M, peak: 245M
current process commit charge ("private bytes"): 288M, peak: 312M

vm_info: OpenJDK 64-Bit Server VM (15.0.10+5-MTS) for windows-amd64 JRE (15.0.10+5-MTS) (Zulu15.46+17-CA), built on Jan  7 2023 17:34:05 by "zulu_re" with MS VC++ 15.9 (VS2017)

END.
