#
# There is insufficient memory for the Java Runtime Environment to continue.
# Native memory allocation (mmap) failed to map 17825792 bytes for G1 virtual space
# Possible reasons:
#   The system is out of physical RAM or swap space
#   The process is running with CompressedOops enabled, and the Java Heap may be blocking the growth of the native heap
# Possible solutions:
#   Reduce memory load on the system
#   Increase physical memory or swap space
#   Check if swap backing store is full
#   Decrease Java heap size (-Xmx/-Xms)
#   Decrease number of Java threads
#   Decrease Java thread stack sizes (-Xss)
#   Set larger code cache with -XX:ReservedCodeCacheSize=
#   JVM is running with Unscaled Compressed Oops mode in which the Java heap is
#     placed in the first 4GB address space. The Java Heap base address is the
#     maximum limit for the native heap growth. Please use -XX:HeapBaseMinAddress
#     to set the Java Heap base and to place the Java Heap above 4GB virtual address.
# This output file may be truncated or incomplete.
#
#  Out of Memory Error (./src/hotspot/os/windows/os_windows.cpp:3331), pid=1312, tid=2448
#
# JRE version: OpenJDK Runtime Environment Zulu15.46+17-CA (15.0.10+5) (build 15.0.10+5-MTS)
# Java VM: OpenJDK 64-Bit Server VM Zulu15.46+17-CA (15.0.10+5-MTS, mixed mode, sharing, tiered, compressed oops, g1 gc, windows-amd64)
# No core dump will be written. Minidumps are not enabled by default on client versions of Windows
#

---------------  S U M M A R Y ------------

Command Line: -XX:TieredStopAtLevel=1 -Dspring.output.ansi.enabled=always -Dcom.sun.management.jmxremote -Dspring.jmx.enabled=true -Dspring.liveBeansView.mbeanDomain -Dspring.application.admin.enabled=true -Dmanagement.endpoints.jmx.exposure.include=* -javaagent:C:\Program Files\JetBrains\IntelliJ IDEA 2022.3.2\lib\idea_rt.jar=60268:C:\Program Files\JetBrains\IntelliJ IDEA 2022.3.2\bin -Dfile.encoding=UTF-8 cz.kct.Tutorial

Host: Intel(R) Core(TM) i5-8350U CPU @ 1.70GHz, 8 cores, 7G,  Windows 10 , 64 bit Build 19041 (10.0.19041.2546)
Time: Tue Feb 21 10:39:03 2023 Central Europe Standard Time elapsed time: 4.575154 seconds (0d 0h 0m 4s)

---------------  T H R E A D  ---------------

Current thread (0x00000203532196b0):  VMThread "VM Thread" [stack: 0x00000034b1800000,0x00000034b1900000] [id=2448]

Stack: [0x00000034b1800000,0x00000034b1900000]
[error occurred during error reporting (printing stack bounds), id 0xc0000005, EXCEPTION_ACCESS_VIOLATION (0xc0000005) at pc=0x000002033ca010ad]

Native frames: (J=compiled Java code, j=interpreted, Vv=VM code, C=native code)
V  [jvm.dll+0x6037ba]
V  [jvm.dll+0x7a3729]
V  [jvm.dll+0x7a4e83]
V  [jvm.dll+0x7a5435]
V  [jvm.dll+0x7a53eb]
V  [jvm.dll+0x602bdf]
V  [jvm.dll+0x6033a8]
C  [ntdll.dll+0xa241f]
C  [ntdll.dll+0x514a4]
C  [ntdll.dll+0xa0f4e]
C  0x000002033ca010ad

VM_Operation (0x00000034b3efda10): G1CollectForAllocation, mode: safepoint, requested by thread 0x000002035840e890


---------------  P R O C E S S  ---------------

Threads class SMR info:
_java_thread_list=0x0000020357f7c5e0, length=33, elements={
0x00000203344b4610, 0x000002035321ef40, 0x0000020353221b20, 0x0000020353241920,
0x0000020353245700, 0x00000203532460c0, 0x0000020353249a50, 0x000002035324d850,
0x000002035327e880, 0x0000020353fcae20, 0x0000020353fcf300, 0x0000020354161840,
0x0000020355183350, 0x00000203551c5090, 0x00000203557d69b0, 0x00000203557d3e60,
0x00000203557d7350, 0x00000203557d64e0, 0x00000203557d6e80, 0x00000203557d4330,
0x00000203557d4cd0, 0x00000203557d51a0, 0x00000203557d5b40, 0x0000020358410570,
0x000002035840e3c0, 0x000002035840e890, 0x000002035840fbd0, 0x00000203584100a0,
0x0000020358410a40, 0x0000020358410f10, 0x00000203584113e0, 0x000002035840ed60,
0x000002035840def0
}

Java Threads: ( => current thread )
  0x00000203344b4610 JavaThread "main" [_thread_blocked, id=12904, stack(0x00000034b1200000,0x00000034b1300000)]
  0x000002035321ef40 JavaThread "Reference Handler" daemon [_thread_blocked, id=1348, stack(0x00000034b1900000,0x00000034b1a00000)]
  0x0000020353221b20 JavaThread "Finalizer" daemon [_thread_blocked, id=12284, stack(0x00000034b1a00000,0x00000034b1b00000)]
  0x0000020353241920 JavaThread "Signal Dispatcher" daemon [_thread_blocked, id=1800, stack(0x00000034b1b00000,0x00000034b1c00000)]
  0x0000020353245700 JavaThread "Attach Listener" daemon [_thread_blocked, id=13240, stack(0x00000034b1c00000,0x00000034b1d00000)]
  0x00000203532460c0 JavaThread "Service Thread" daemon [_thread_blocked, id=4076, stack(0x00000034b1d00000,0x00000034b1e00000)]
  0x0000020353249a50 JavaThread "C1 CompilerThread0" daemon [_thread_blocked, id=14824, stack(0x00000034b1e00000,0x00000034b1f00000)]
  0x000002035324d850 JavaThread "Sweeper thread" daemon [_thread_blocked, id=1652, stack(0x00000034b1f00000,0x00000034b2000000)]
  0x000002035327e880 JavaThread "Common-Cleaner" daemon [_thread_blocked, id=10256, stack(0x00000034b2000000,0x00000034b2100000)]
  0x0000020353fcae20 JavaThread "Monitor Ctrl-Break" daemon [_thread_in_native, id=7700, stack(0x00000034b2100000,0x00000034b2200000)]
  0x0000020353fcf300 JavaThread "Notification Thread" daemon [_thread_blocked, id=2484, stack(0x00000034b2200000,0x00000034b2300000)]
  0x0000020354161840 JavaThread "RMI TCP Accept-0" daemon [_thread_in_native, id=8200, stack(0x00000034b2300000,0x00000034b2400000)]
  0x0000020355183350 JavaThread "RMI TCP Connection(1)-10.20.230.238" daemon [_thread_in_native, id=888, stack(0x00000034b2c00000,0x00000034b2d00000)]
  0x00000203551c5090 JavaThread "RMI Scheduler(0)" daemon [_thread_blocked, id=10792, stack(0x00000034b2d00000,0x00000034b2e00000)]
  0x00000203557d69b0 JavaThread "Catalina-utility-1" [_thread_blocked, id=12920, stack(0x00000034b2a00000,0x00000034b2b00000)]
  0x00000203557d3e60 JavaThread "Catalina-utility-2" [_thread_blocked, id=972, stack(0x00000034b3100000,0x00000034b3200000)]
  0x00000203557d7350 JavaThread "container-0" [_thread_blocked, id=14836, stack(0x00000034b3200000,0x00000034b3300000)]
  0x00000203557d64e0 JavaThread "HikariPool-1 housekeeper" daemon [_thread_blocked, id=10160, stack(0x00000034b3600000,0x00000034b3700000)]
  0x00000203557d6e80 JavaThread "HikariPool-1 connection adder" daemon [_thread_blocked, id=13952, stack(0x00000034b3700000,0x00000034b3800000)]
  0x00000203557d4330 JavaThread "ClassGraph-worker-28" daemon [_thread_blocked, id=5608, stack(0x00000034b3800000,0x00000034b3900000)]
  0x00000203557d4cd0 JavaThread "ClassGraph-worker-29" daemon [_thread_blocked, id=15028, stack(0x00000034b3900000,0x00000034b3a00000)]
  0x00000203557d51a0 JavaThread "ClassGraph-worker-30" daemon [_thread_blocked, id=4812, stack(0x00000034b3a00000,0x00000034b3b00000)]
  0x00000203557d5b40 JavaThread "ClassGraph-worker-31" daemon [_thread_blocked, id=2624, stack(0x00000034b3b00000,0x00000034b3c00000)]
  0x0000020358410570 JavaThread "ClassGraph-worker-32" daemon [_thread_blocked, id=5680, stack(0x00000034b3c00000,0x00000034b3d00000)]
  0x000002035840e3c0 JavaThread "ClassGraph-worker-33" daemon [_thread_blocked, id=14796, stack(0x00000034b3d00000,0x00000034b3e00000)]
  0x000002035840e890 JavaThread "ClassGraph-worker-34" daemon [_thread_blocked, id=6928, stack(0x00000034b3e00000,0x00000034b3f00000)]
  0x000002035840fbd0 JavaThread "ClassGraph-worker-35" daemon [_thread_blocked, id=8276, stack(0x00000034b3f00000,0x00000034b4000000)]
  0x00000203584100a0 JavaThread "ClassGraph-worker-36" daemon [_thread_blocked, id=12800, stack(0x00000034b4000000,0x00000034b4100000)]
  0x0000020358410a40 JavaThread "ClassGraph-worker-37" daemon [_thread_blocked, id=148, stack(0x00000034b4100000,0x00000034b4200000)]
  0x0000020358410f10 JavaThread "ClassGraph-worker-38" daemon [_thread_blocked, id=14428, stack(0x00000034b4200000,0x00000034b4300000)]
  0x00000203584113e0 JavaThread "ClassGraph-worker-39" daemon [_thread_blocked, id=15312, stack(0x00000034b4300000,0x00000034b4400000)]
  0x000002035840ed60 JavaThread "ClassGraph-worker-40" daemon [_thread_blocked, id=4252, stack(0x00000034b4400000,0x00000034b4500000)]
  0x000002035840def0 JavaThread "ClassGraph-worker-41" daemon [_thread_blocked, id=9080, stack(0x00000034b4500000,0x00000034b4600000)]

Other Threads:
=>0x00000203532196b0 VMThread "VM Thread" [stack: 0x00000034b1800000,0x00000034b1900000] [id=2448]
  0x00000203344b5550 WatcherThread [stack: 0x00000034b2400000,0x00000034b2500000] [id=5868]
  0x00000203344f36e0 GCTaskThread "GC Thread#0" [stack: 0x00000034b1300000,0x00000034b1400000] [id=12044]
  0x0000020354571620 GCTaskThread "GC Thread#1" [stack: 0x00000034b2500000,0x00000034b2600000] [id=8740]
  0x0000020354571950 GCTaskThread "GC Thread#2" [stack: 0x00000034b2600000,0x00000034b2700000] [id=12152]
  0x0000020354570300 GCTaskThread "GC Thread#3" [stack: 0x00000034b2b00000,0x00000034b2c00000] [id=13604]
  0x0000020354570fc0 GCTaskThread "GC Thread#4" [stack: 0x00000034b2f00000,0x00000034b3000000] [id=268]
  0x0000020354570c90 GCTaskThread "GC Thread#5" [stack: 0x00000034b3000000,0x00000034b3100000] [id=12976]
  0x0000020355c67080 GCTaskThread "GC Thread#6" [stack: 0x00000034b3300000,0x00000034b3400000] [id=3976]
  0x0000020355c673b0 GCTaskThread "GC Thread#7" [stack: 0x00000034b3400000,0x00000034b3500000] [id=4656]
  0x00000203345043f0 ConcurrentGCThread "G1 Main Marker" [stack: 0x00000034b1400000,0x00000034b1500000] [id=5064]
  0x0000020334505820 ConcurrentGCThread "G1 Conc#0" [stack: 0x00000034b1500000,0x00000034b1600000] [id=13100]
  0x00000203545712f0 ConcurrentGCThread "G1 Conc#1" [stack: 0x00000034b2e00000,0x00000034b2f00000] [id=3216]
  0x000002033457df20 ConcurrentGCThread "G1 Refine#0" [stack: 0x00000034b1600000,0x00000034b1700000] [id=13392]
  0x0000020354547c50 ConcurrentGCThread "G1 Refine#1" [stack: 0x00000034b2700000,0x00000034b2800000] [id=4552]
  0x0000020354455e30 ConcurrentGCThread "G1 Refine#2" [stack: 0x00000034b2800000,0x00000034b2900000] [id=12160]
  0x00000203545affa0 ConcurrentGCThread "G1 Refine#3" [stack: 0x00000034b2900000,0x00000034b2a00000] [id=12040]
  0x000002033457eb20 ConcurrentGCThread "G1 Young RemSet Sampling" [stack: 0x00000034b1700000,0x00000034b1800000] [id=8868]

Threads with active compile tasks:
C1 CompilerThread0     4606 5070   !   1       nonapi.io.github.classgraph.fastzipfilereader.LogicalZipFile::readCentralDirectory (3373 bytes)

VM state: at safepoint (normal execution)

VM Mutex/Monitor currently owned by a thread:  ([mutex/lock_event])
[0x00000203344b0da0] Threads_lock - owner thread: 0x00000203532196b0
[0x00000203344af960] Heap_lock - owner thread: 0x000002035840e890

Heap address: 0x0000000082200000, size: 2014 MB, Compressed Oops mode: 32-bit
CDS archive(s) mapped at: [0x0000000800000000-0x0000000800b50000-0x0000000800b50000), size 11862016, SharedBaseAddress: 0x0000000800000000, ArchiveRelocationMode: 0.
Compressed class space mapped at: 0x0000000800b50000-0x0000000840b50000, size: 1073741824
Narrow klass base: 0x0000000800000000, Narrow klass shift: 3, Narrow klass range: 0x100000000

GC Precious Log:
 CPUs: 8 total, 8 available
 Memory: 8050M
 Large Page Support: Disabled
 NUMA Support: Disabled
 Compressed Oops: Enabled (32-bit)
 Heap Region Size: 1M
 Heap Min Capacity: 8M
 Heap Initial Capacity: 126M
 Heap Max Capacity: 2014M
 Pre-touch: Disabled
 Parallel Workers: 8
 Concurrent Workers: 2
 Concurrent Refinement Workers: 8
 Periodic GC: Disabled

Heap:
 garbage-first heap   total 101376K, used 41585K [0x0000000082200000, 0x0000000100000000)
  region size 1024K, 5 young (5120K), 5 survivors (5120K)
 Metaspace       used 58351K, capacity 58893K, committed 59132K, reserved 1099776K
  class space    used 7965K, capacity 8150K, committed 8268K, reserved 1048576K

Heap Regions: E=young(eden), S=young(survivor), O=old, HS=humongous(starts), HC=humongous(continues), CS=collection set, F=free, OA=open archive, CA=closed archive, TAMS=top-at-mark-start (previous, next)
|   0|0x0000000082200000, 0x0000000082300000, 0x0000000082300000|100%|HS|  |TAMS 0x0000000082300000, 0x0000000082200000| Complete 
|   1|0x0000000082300000, 0x0000000082400000, 0x0000000082400000|100%| O|  |TAMS 0x0000000082400000, 0x0000000082300000| Untracked 
|   2|0x0000000082400000, 0x0000000082500000, 0x0000000082500000|100%| O|  |TAMS 0x0000000082500000, 0x0000000082400000| Untracked 
|   3|0x0000000082500000, 0x0000000082600000, 0x0000000082600000|100%| O|  |TAMS 0x0000000082600000, 0x0000000082500000| Untracked 
|   4|0x0000000082600000, 0x0000000082700000, 0x0000000082700000|100%| O|  |TAMS 0x0000000082700000, 0x0000000082600000| Untracked 
|   5|0x0000000082700000, 0x0000000082800000, 0x0000000082800000|100%| O|  |TAMS 0x0000000082800000, 0x0000000082700000| Untracked 
|   6|0x0000000082800000, 0x0000000082900000, 0x0000000082900000|100%| O|  |TAMS 0x0000000082900000, 0x0000000082800000| Untracked 
|   7|0x0000000082900000, 0x0000000082a00000, 0x0000000082a00000|100%| O|  |TAMS 0x0000000082a00000, 0x0000000082900000| Untracked 
|   8|0x0000000082a00000, 0x0000000082a59200, 0x0000000082b00000| 34%| O|  |TAMS 0x0000000082a59200, 0x0000000082a00000| Untracked 
|   9|0x0000000082b00000, 0x0000000082c00000, 0x0000000082c00000|100%| O|  |TAMS 0x0000000082c00000, 0x0000000082b00000| Untracked 
|  10|0x0000000082c00000, 0x0000000082d00000, 0x0000000082d00000|100%| O|  |TAMS 0x0000000082d00000, 0x0000000082c00000| Untracked 
|  11|0x0000000082d00000, 0x0000000082e00000, 0x0000000082e00000|100%| O|  |TAMS 0x0000000082e00000, 0x0000000082d00000| Untracked 
|  12|0x0000000082e00000, 0x0000000082f00000, 0x0000000082f00000|100%| O|  |TAMS 0x0000000082f00000, 0x0000000082e00000| Untracked 
|  13|0x0000000082f00000, 0x0000000083000000, 0x0000000083000000|100%| O|  |TAMS 0x0000000083000000, 0x0000000082f00000| Untracked 
|  14|0x0000000083000000, 0x0000000083100000, 0x0000000083100000|100%| O|  |TAMS 0x0000000083100000, 0x0000000083000000| Untracked 
|  15|0x0000000083100000, 0x0000000083200000, 0x0000000083200000|100%| O|  |TAMS 0x0000000083200000, 0x0000000083100000| Untracked 
|  16|0x0000000083200000, 0x0000000083300000, 0x0000000083300000|100%| O|  |TAMS 0x00000000832e3e00, 0x0000000083200000| Untracked 
|  17|0x0000000083300000, 0x0000000083400000, 0x0000000083400000|100%| O|  |TAMS 0x0000000083300000, 0x0000000083300000| Untracked 
|  18|0x0000000083400000, 0x0000000083500000, 0x0000000083500000|100%| O|  |TAMS 0x0000000083400000, 0x0000000083400000| Untracked 
|  19|0x0000000083500000, 0x0000000083600000, 0x0000000083600000|100%| O|  |TAMS 0x0000000083500000, 0x0000000083500000| Untracked 
|  20|0x0000000083600000, 0x0000000083700000, 0x0000000083700000|100%| O|  |TAMS 0x0000000083600000, 0x0000000083600000| Untracked 
|  21|0x0000000083700000, 0x0000000083700000, 0x0000000083800000|  0%| F|  |TAMS 0x0000000083700000, 0x0000000083700000| Untracked 
|  22|0x0000000083800000, 0x0000000083900000, 0x0000000083900000|100%| O|  |TAMS 0x0000000083800000, 0x0000000083800000| Untracked 
|  23|0x0000000083900000, 0x0000000083a00000, 0x0000000083a00000|100%| O|  |TAMS 0x0000000083900000, 0x0000000083900000| Untracked 
|  24|0x0000000083a00000, 0x0000000083b00000, 0x0000000083b00000|100%| O|  |TAMS 0x0000000083a00000, 0x0000000083a00000| Untracked 
|  25|0x0000000083b00000, 0x0000000083c00000, 0x0000000083c00000|100%| O|  |TAMS 0x0000000083b00000, 0x0000000083b00000| Untracked 
|  26|0x0000000083c00000, 0x0000000083d00000, 0x0000000083d00000|100%| O|  |TAMS 0x0000000083c00000, 0x0000000083c00000| Untracked 
|  27|0x0000000083d00000, 0x0000000083e00000, 0x0000000083e00000|100%| O|  |TAMS 0x0000000083d00000, 0x0000000083d00000| Untracked 
|  28|0x0000000083e00000, 0x0000000083f00000, 0x0000000083f00000|100%| O|  |TAMS 0x0000000083e00000, 0x0000000083e00000| Untracked 
|  29|0x0000000083f00000, 0x0000000084000000, 0x0000000084000000|100%| O|  |TAMS 0x0000000083f00000, 0x0000000083f00000| Untracked 
|  30|0x0000000084000000, 0x0000000084100000, 0x0000000084100000|100%| O|  |TAMS 0x0000000084000000, 0x0000000084000000| Untracked 
|  31|0x0000000084100000, 0x0000000084200000, 0x0000000084200000|100%| O|  |TAMS 0x0000000084100000, 0x0000000084100000| Untracked 
|  32|0x0000000084200000, 0x0000000084300000, 0x0000000084300000|100%| O|  |TAMS 0x0000000084200000, 0x0000000084200000| Untracked 
|  33|0x0000000084300000, 0x0000000084400000, 0x0000000084400000|100%| O|  |TAMS 0x0000000084300000, 0x0000000084300000| Untracked 
|  34|0x0000000084400000, 0x0000000084500000, 0x0000000084500000|100%| O|  |TAMS 0x0000000084400000, 0x0000000084400000| Untracked 
|  35|0x0000000084500000, 0x0000000084600000, 0x0000000084600000|100%| O|  |TAMS 0x0000000084500000, 0x0000000084500000| Untracked 
|  36|0x0000000084600000, 0x0000000084600000, 0x0000000084700000|  0%| F|  |TAMS 0x0000000084600000, 0x0000000084600000| Untracked 
|  37|0x0000000084700000, 0x0000000084700000, 0x0000000084800000|  0%| F|  |TAMS 0x0000000084700000, 0x0000000084700000| Untracked 
|  38|0x0000000084800000, 0x0000000084800000, 0x0000000084900000|  0%| F|  |TAMS 0x0000000084800000, 0x0000000084800000| Untracked 
|  39|0x0000000084900000, 0x0000000084a00000, 0x0000000084a00000|100%| O|  |TAMS 0x0000000084900000, 0x0000000084900000| Untracked 
|  40|0x0000000084a00000, 0x0000000084a43400, 0x0000000084b00000| 26%| O|  |TAMS 0x0000000084a00000, 0x0000000084a00000| Untracked 
|  41|0x0000000084b00000, 0x0000000084b00000, 0x0000000084c00000|  0%| F|  |TAMS 0x0000000084b00000, 0x0000000084b00000| Untracked 
|  42|0x0000000084c00000, 0x0000000084c00000, 0x0000000084d00000|  0%| F|  |TAMS 0x0000000084c00000, 0x0000000084c00000| Untracked 
|  43|0x0000000084d00000, 0x0000000084d00000, 0x0000000084e00000|  0%| F|  |TAMS 0x0000000084d00000, 0x0000000084d00000| Untracked 
|  44|0x0000000084e00000, 0x0000000084e00000, 0x0000000084f00000|  0%| F|  |TAMS 0x0000000084e00000, 0x0000000084e00000| Untracked 
|  45|0x0000000084f00000, 0x0000000084f00000, 0x0000000085000000|  0%| F|  |TAMS 0x0000000084f00000, 0x0000000084f00000| Untracked 
|  46|0x0000000085000000, 0x0000000085000000, 0x0000000085100000|  0%| F|  |TAMS 0x0000000085000000, 0x0000000085000000| Untracked 
|  47|0x0000000085100000, 0x0000000085100000, 0x0000000085200000|  0%| F|  |TAMS 0x0000000085100000, 0x0000000085100000| Untracked 
|  48|0x0000000085200000, 0x0000000085300000, 0x0000000085300000|100%| S|CS|TAMS 0x0000000085200000, 0x0000000085200000| Complete 
|  49|0x0000000085300000, 0x0000000085400000, 0x0000000085400000|100%| S|CS|TAMS 0x0000000085300000, 0x0000000085300000| Complete 
|  50|0x0000000085400000, 0x0000000085500000, 0x0000000085500000|100%| S|CS|TAMS 0x0000000085400000, 0x0000000085400000| Complete 
|  51|0x0000000085500000, 0x0000000085600000, 0x0000000085600000|100%| S|CS|TAMS 0x0000000085500000, 0x0000000085500000| Complete 
|  52|0x0000000085600000, 0x0000000085700000, 0x0000000085700000|100%| S|CS|TAMS 0x0000000085600000, 0x0000000085600000| Complete 
|  53|0x0000000085700000, 0x0000000085700000, 0x0000000085800000|  0%| F|  |TAMS 0x0000000085700000, 0x0000000085700000| Untracked 
|  54|0x0000000085800000, 0x0000000085800000, 0x0000000085900000|  0%| F|  |TAMS 0x0000000085800000, 0x0000000085800000| Untracked 
|  55|0x0000000085900000, 0x0000000085900000, 0x0000000085a00000|  0%| F|  |TAMS 0x0000000085900000, 0x0000000085900000| Untracked 
|  56|0x0000000085a00000, 0x0000000085a00000, 0x0000000085b00000|  0%| F|  |TAMS 0x0000000085a00000, 0x0000000085a00000| Untracked 
|  57|0x0000000085b00000, 0x0000000085b00000, 0x0000000085c00000|  0%| F|  |TAMS 0x0000000085b00000, 0x0000000085b00000| Untracked 
|  58|0x0000000085c00000, 0x0000000085c00000, 0x0000000085d00000|  0%| F|  |TAMS 0x0000000085c00000, 0x0000000085c00000| Untracked 
|  59|0x0000000085d00000, 0x0000000085d00000, 0x0000000085e00000|  0%| F|  |TAMS 0x0000000085d00000, 0x0000000085d00000| Untracked 
|  60|0x0000000085e00000, 0x0000000085e00000, 0x0000000085f00000|  0%| F|  |TAMS 0x0000000085e00000, 0x0000000085e00000| Untracked 
|  61|0x0000000085f00000, 0x0000000085f00000, 0x0000000086000000|  0%| F|  |TAMS 0x0000000085f00000, 0x0000000085f00000| Untracked 
|  62|0x0000000086000000, 0x0000000086000000, 0x0000000086100000|  0%| F|  |TAMS 0x0000000086000000, 0x0000000086000000| Untracked 
|  63|0x0000000086100000, 0x0000000086100000, 0x0000000086200000|  0%| F|  |TAMS 0x0000000086100000, 0x0000000086100000| Untracked 
|  64|0x0000000086200000, 0x0000000086200000, 0x0000000086300000|  0%| F|  |TAMS 0x0000000086200000, 0x0000000086200000| Untracked 
|  65|0x0000000086300000, 0x0000000086300000, 0x0000000086400000|  0%| F|  |TAMS 0x0000000086300000, 0x0000000086300000| Untracked 
|  66|0x0000000086400000, 0x0000000086400000, 0x0000000086500000|  0%| F|  |TAMS 0x0000000086400000, 0x0000000086400000| Untracked 
|  67|0x0000000086500000, 0x0000000086500000, 0x0000000086600000|  0%| F|  |TAMS 0x0000000086500000, 0x0000000086500000| Untracked 
|  68|0x0000000086600000, 0x0000000086600000, 0x0000000086700000|  0%| F|  |TAMS 0x0000000086600000, 0x0000000086600000| Untracked 
|  69|0x0000000086700000, 0x0000000086700000, 0x0000000086800000|  0%| F|  |TAMS 0x0000000086700000, 0x0000000086700000| Untracked 
|  70|0x0000000086800000, 0x0000000086800000, 0x0000000086900000|  0%| F|  |TAMS 0x0000000086800000, 0x0000000086800000| Untracked 
|  71|0x0000000086900000, 0x0000000086900000, 0x0000000086a00000|  0%| F|  |TAMS 0x0000000086900000, 0x0000000086900000| Untracked 
|  72|0x0000000086a00000, 0x0000000086a00000, 0x0000000086b00000|  0%| F|  |TAMS 0x0000000086a00000, 0x0000000086a00000| Untracked 
|  73|0x0000000086b00000, 0x0000000086b00000, 0x0000000086c00000|  0%| F|  |TAMS 0x0000000086b00000, 0x0000000086b00000| Untracked 
|  74|0x0000000086c00000, 0x0000000086c00000, 0x0000000086d00000|  0%| F|  |TAMS 0x0000000086c00000, 0x0000000086c00000| Untracked 
|  75|0x0000000086d00000, 0x0000000086d00000, 0x0000000086e00000|  0%| F|  |TAMS 0x0000000086d00000, 0x0000000086d00000| Untracked 
| 118|0x0000000089800000, 0x0000000089800000, 0x0000000089900000|  0%| F|  |TAMS 0x0000000089800000, 0x0000000089800000| Untracked 
| 119|0x0000000089900000, 0x0000000089900000, 0x0000000089a00000|  0%| F|  |TAMS 0x0000000089900000, 0x0000000089900000| Untracked 
| 120|0x0000000089a00000, 0x0000000089a00000, 0x0000000089b00000|  0%| F|  |TAMS 0x0000000089a00000, 0x0000000089a00000| Untracked 
| 121|0x0000000089b00000, 0x0000000089b00000, 0x0000000089c00000|  0%| F|  |TAMS 0x0000000089b00000, 0x0000000089b00000| Untracked 
| 124|0x0000000089e00000, 0x0000000089e00000, 0x0000000089f00000|  0%| F|  |TAMS 0x0000000089e00000, 0x0000000089e00000| Untracked 
| 125|0x0000000089f00000, 0x0000000089f00000, 0x000000008a000000|  0%| F|  |TAMS 0x0000000089f00000, 0x0000000089f00000| Untracked 

Card table byte_map: [0x000002034c120000,0x000002034c510000] _byte_map_base: 0x000002034bd0f000

Marking Bits (Prev, Next): (CMBitMap*) 0x00000203344f3ed0, (CMBitMap*) 0x00000203344f3f10
 Prev Bits: [0x000002034c900000, 0x000002034e878000)
 Next Bits: [0x000002034e880000, 0x00000203507f8000)

Polling page: 0x0000020332420000

Metaspace:

Usage:
  Non-class:     49.55 MB capacity,    49.21 MB (>99%) used,   274.69 KB ( <1%) free+waste,    82.38 KB ( <1%) overhead. 
      Class:      7.96 MB capacity,     7.78 MB ( 98%) used,   151.65 KB (  2%) free+waste,    33.25 KB ( <1%) overhead. 
       Both:     57.51 MB capacity,    56.98 MB (>99%) used,   426.34 KB ( <1%) free+waste,   115.63 KB ( <1%) overhead. 

Virtual space:
  Non-class space:       50.00 MB reserved,      49.67 MB (>99%) committed 
      Class space:        1.00 GB reserved,       8.07 MB ( <1%) committed 
             Both:        1.05 GB reserved,      57.75 MB (  5%) committed 

Chunk freelists:
   Non-Class:  57.00 KB
       Class:  10.00 KB
        Both:  67.00 KB

MaxMetaspaceSize: 17179869184.00 GB
CompressedClassSpaceSize: 1.00 GB

CodeHeap 'non-profiled nmethods': size=238336Kb used=8073Kb max_used=8073Kb free=230263Kb
 bounds [0x000002033d140000, 0x000002033d930000, 0x000002034ba00000]
CodeHeap 'non-nmethods': size=7424Kb used=1296Kb max_used=1296Kb free=6127Kb
 bounds [0x000002033ca00000, 0x000002033cc70000, 0x000002033d140000]
 total_blobs=5660 nmethods=5069 adapters=518
 compilation: enabled
              stopped_count=0, restarted_count=0
 full_count=0

Compilation events (20 events):
Event: 4.524 Thread 0x0000020353249a50 nmethod 5059 0x000002033d91fa10 code [0x000002033d91fbc0, 0x000002033d91fe08]
Event: 4.524 Thread 0x0000020353249a50 5060       1       java.util.concurrent.CountDownLatch$Sync::<init> (10 bytes)
Event: 4.524 Thread 0x0000020353249a50 nmethod 5060 0x000002033d91ff10 code [0x000002033d9200a0, 0x000002033d920158]
Event: 4.524 Thread 0x0000020353249a50 5061       1       java.lang.Math::min (12 bytes)
Event: 4.524 Thread 0x0000020353249a50 nmethod 5061 0x000002033d920210 code [0x000002033d9203a0, 0x000002033d920458]
Event: 4.526 Thread 0x0000020353249a50 5063       1       nonapi.io.github.classgraph.concurrency.SingletonMap$SingletonHolder::set (57 bytes)
Event: 4.526 Thread 0x0000020353249a50 nmethod 5063 0x000002033d920510 code [0x000002033d920700, 0x000002033d920a58]
Event: 4.526 Thread 0x0000020353249a50 5064       1       java.util.concurrent.CountDownLatch::countDown (10 bytes)
Event: 4.526 Thread 0x0000020353249a50 nmethod 5064 0x000002033d920c90 code [0x000002033d920e40, 0x000002033d920f78]
Event: 4.526 Thread 0x0000020353249a50 5065       1       java.util.concurrent.CountDownLatch$Sync::tryReleaseShared (37 bytes)
Event: 4.526 Thread 0x0000020353249a50 nmethod 5065 0x000002033d921090 code [0x000002033d921220, 0x000002033d921358]
Event: 4.527 Thread 0x0000020353249a50 5066       1       nonapi.io.github.classgraph.fileslice.reader.RandomAccessFileChannelReader::readUnsignedInt (11 bytes)
Event: 4.527 Thread 0x0000020353249a50 nmethod 5066 0x000002033d921410 code [0x000002033d9215a0, 0x000002033d921688]
Event: 4.527 Thread 0x0000020353249a50 5067       1       nonapi.io.github.classgraph.concurrency.InterruptionChecker::check (27 bytes)
Event: 4.527 Thread 0x0000020353249a50 nmethod 5067 0x000002033d921710 code [0x000002033d9218c0, 0x000002033d921ab8]
Event: 4.527 Thread 0x0000020353249a50 5068       1       nonapi.io.github.classgraph.concurrency.InterruptionChecker::getExecutionException (11 bytes)
Event: 4.527 Thread 0x0000020353249a50 nmethod 5068 0x000002033d921c10 code [0x000002033d921da0, 0x000002033d921e98]
Event: 4.527 Thread 0x0000020353249a50 5069       1       nonapi.io.github.classgraph.concurrency.InterruptionChecker::checkAndReturn (37 bytes)
Event: 4.528 Thread 0x0000020353249a50 nmethod 5069 0x000002033d921f90 code [0x000002033d922140, 0x000002033d9222c8]
Event: 4.528 Thread 0x0000020353249a50 5070   !   1       nonapi.io.github.classgraph.fastzipfilereader.LogicalZipFile::readCentralDirectory (3373 bytes)

GC Heap History (20 events):
Event: 1.320 GC heap after
{Heap after GC invocations=3 (full 0):
 garbage-first heap   total 129024K, used 12420K [0x0000000082200000, 0x0000000100000000)
  region size 1024K, 4 young (4096K), 4 survivors (4096K)
 Metaspace       used 20326K, capacity 20737K, committed 20864K, reserved 1067008K
  class space    used 2773K, capacity 2890K, committed 2944K, reserved 1048576K
}
Event: 1.331 GC heap before
{Heap before GC invocations=3 (full 0):
 garbage-first heap   total 129024K, used 15492K [0x0000000082200000, 0x0000000100000000)
  region size 1024K, 8 young (8192K), 4 survivors (4096K)
 Metaspace       used 20888K, capacity 21217K, committed 21296K, reserved 1067008K
  class space    used 2819K, capacity 2922K, committed 2944K, reserved 1048576K
}
Event: 1.334 GC heap after
{Heap after GC invocations=4 (full 0):
 garbage-first heap   total 129024K, used 12644K [0x0000000082200000, 0x0000000100000000)
  region size 1024K, 4 young (4096K), 4 survivors (4096K)
 Metaspace       used 20888K, capacity 21217K, committed 21296K, reserved 1067008K
  class space    used 2819K, capacity 2922K, committed 2944K, reserved 1048576K
}
Event: 1.630 GC heap before
{Heap before GC invocations=5 (full 0):
 garbage-first heap   total 51200K, used 49508K [0x0000000082200000, 0x0000000100000000)
  region size 1024K, 41 young (41984K), 4 survivors (4096K)
 Metaspace       used 25011K, capacity 25405K, committed 25596K, reserved 1071104K
  class space    used 3402K, capacity 3524K, committed 3660K, reserved 1048576K
}
Event: 1.639 GC heap after
{Heap after GC invocations=6 (full 0):
 garbage-first heap   total 69632K, used 14391K [0x0000000082200000, 0x0000000100000000)
  region size 1024K, 6 young (6144K), 6 survivors (6144K)
 Metaspace       used 25011K, capacity 25405K, committed 25596K, reserved 1071104K
  class space    used 3402K, capacity 3524K, committed 3660K, reserved 1048576K
}
Event: 2.120 GC heap before
{Heap before GC invocations=6 (full 0):
 garbage-first heap   total 69632K, used 49207K [0x0000000082200000, 0x0000000100000000)
  region size 1024K, 40 young (40960K), 6 survivors (6144K)
 Metaspace       used 29893K, capacity 30317K, committed 30588K, reserved 1075200K
  class space    used 4089K, capacity 4230K, committed 4300K, reserved 1048576K
}
Event: 2.130 GC heap after
{Heap after GC invocations=7 (full 0):
 garbage-first heap   total 69632K, used 17016K [0x0000000082200000, 0x0000000100000000)
  region size 1024K, 5 young (5120K), 5 survivors (5120K)
 Metaspace       used 29893K, capacity 30317K, committed 30588K, reserved 1075200K
  class space    used 4089K, capacity 4230K, committed 4300K, reserved 1048576K
}
Event: 2.536 GC heap before
{Heap before GC invocations=7 (full 0):
 garbage-first heap   total 69632K, used 49784K [0x0000000082200000, 0x0000000100000000)
  region size 1024K, 38 young (38912K), 5 survivors (5120K)
 Metaspace       used 34828K, capacity 35333K, committed 35580K, reserved 1079296K
  class space    used 4694K, capacity 4878K, committed 4940K, reserved 1048576K
}
Event: 2.541 GC heap after
{Heap after GC invocations=8 (full 0):
 garbage-first heap   total 69632K, used 19024K [0x0000000082200000, 0x0000000100000000)
  region size 1024K, 3 young (3072K), 3 survivors (3072K)
 Metaspace       used 34828K, capacity 35333K, committed 35580K, reserved 1079296K
  class space    used 4694K, capacity 4878K, committed 4940K, reserved 1048576K
}
Event: 2.575 GC heap before
{Heap before GC invocations=8 (full 0):
 garbage-first heap   total 69632K, used 20048K [0x0000000082200000, 0x0000000100000000)
  region size 1024K, 5 young (5120K), 3 survivors (3072K)
 Metaspace       used 35332K, capacity 35813K, committed 35964K, reserved 1081344K
  class space    used 4784K, capacity 4974K, committed 5068K, reserved 1048576K
}
Event: 2.578 GC heap after
{Heap after GC invocations=9 (full 0):
 garbage-first heap   total 69632K, used 18739K [0x0000000082200000, 0x0000000100000000)
  region size 1024K, 3 young (3072K), 3 survivors (3072K)
 Metaspace       used 35332K, capacity 35813K, committed 35964K, reserved 1081344K
  class space    used 4784K, capacity 4974K, committed 5068K, reserved 1048576K
}
Event: 3.126 GC heap before
{Heap before GC invocations=10 (full 0):
 garbage-first heap   total 69632K, used 52531K [0x0000000082200000, 0x0000000100000000)
  region size 1024K, 36 young (36864K), 3 survivors (3072K)
 Metaspace       used 43329K, capacity 43831K, committed 43900K, reserved 1087488K
  class space    used 5919K, capacity 6067K, committed 6092K, reserved 1048576K
}
Event: 3.130 GC heap after
{Heap after GC invocations=11 (full 0):
 garbage-first heap   total 83968K, used 20518K [0x0000000082200000, 0x0000000100000000)
  region size 1024K, 4 young (4096K), 4 survivors (4096K)
 Metaspace       used 43329K, capacity 43831K, committed 43900K, reserved 1087488K
  class space    used 5919K, capacity 6067K, committed 6092K, reserved 1048576K
}
Event: 3.678 GC heap before
{Heap before GC invocations=11 (full 0):
 garbage-first heap   total 83968K, used 63526K [0x0000000082200000, 0x0000000100000000)
  region size 1024K, 47 young (48128K), 4 survivors (4096K)
 Metaspace       used 51192K, capacity 51716K, committed 51836K, reserved 1093632K
  class space    used 7085K, capacity 7262K, committed 7372K, reserved 1048576K
}
Event: 3.682 GC heap after
{Heap after GC invocations=12 (full 0):
 garbage-first heap   total 83968K, used 23194K [0x0000000082200000, 0x0000000100000000)
  region size 1024K, 5 young (5120K), 5 survivors (5120K)
 Metaspace       used 51192K, capacity 51716K, committed 51836K, reserved 1093632K
  class space    used 7085K, capacity 7262K, committed 7372K, reserved 1048576K
}
Event: 4.232 GC heap before
{Heap before GC invocations=12 (full 0):
 garbage-first heap   total 83968K, used 65178K [0x0000000082200000, 0x0000000100000000)
  region size 1024K, 46 young (47104K), 5 survivors (5120K)
 Metaspace       used 57147K, capacity 57707K, committed 57980K, reserved 1099776K
  class space    used 7831K, capacity 8034K, committed 8140K, reserved 1048576K
}
Event: 4.238 GC heap after
{Heap after GC invocations=13 (full 0):
 garbage-first heap   total 83968K, used 26534K [0x0000000082200000, 0x0000000100000000)
  region size 1024K, 6 young (6144K), 6 survivors (6144K)
 Metaspace       used 57147K, capacity 57707K, committed 57980K, reserved 1099776K
  class space    used 7831K, capacity 8034K, committed 8140K, reserved 1048576K
}
Event: 4.443 GC heap before
{Heap before GC invocations=13 (full 0):
 garbage-first heap   total 83968K, used 66470K [0x0000000082200000, 0x0000000100000000)
  region size 1024K, 44 young (45056K), 6 survivors (6144K)
 Metaspace       used 58270K, capacity 58826K, committed 59132K, reserved 1099776K
  class space    used 7955K, capacity 8149K, committed 8268K, reserved 1048576K
}
Event: 4.451 GC heap after
{Heap after GC invocations=14 (full 0):
 garbage-first heap   total 83968K, used 33440K [0x0000000082200000, 0x0000000100000000)
  region size 1024K, 6 young (6144K), 6 survivors (6144K)
 Metaspace       used 58270K, capacity 58826K, committed 59132K, reserved 1099776K
  class space    used 7955K, capacity 8149K, committed 8268K, reserved 1048576K
}
Event: 4.548 GC heap before
{Heap before GC invocations=14 (full 0):
 garbage-first heap   total 83968K, used 63136K [0x0000000082200000, 0x0000000100000000)
  region size 1024K, 35 young (35840K), 6 survivors (6144K)
 Metaspace       used 58351K, capacity 58893K, committed 59132K, reserved 1099776K
  class space    used 7965K, capacity 8150K, committed 8268K, reserved 1048576K
}

Deoptimization events (8 events):
Event: 1.583 Thread 0x00000203344b4610 DEOPT PACKING pc=0x000002033d4417d4 sp=0x00000034b12fd6c0
Event: 1.583 Thread 0x00000203344b4610 DEOPT UNPACKING pc=0x000002033ca4e23f sp=0x00000034b12fcc18 mode 0
Event: 2.365 Thread 0x00000203557d69b0 DEOPT PACKING pc=0x000002033d3d3f91 sp=0x00000034b2afec50
Event: 2.365 Thread 0x00000203557d69b0 DEOPT UNPACKING pc=0x000002033ca4e23f sp=0x00000034b2afe0a8 mode 3
Event: 3.910 Thread 0x00000203344b4610 DEOPT PACKING pc=0x000002033d403542 sp=0x00000034b12fdc20
Event: 3.910 Thread 0x00000203344b4610 DEOPT UNPACKING pc=0x000002033ca4e23f sp=0x00000034b12fd128 mode 3
Event: 3.910 Thread 0x00000203344b4610 DEOPT PACKING pc=0x000002033d3ccd2d sp=0x00000034b12fdbe0
Event: 3.910 Thread 0x00000203344b4610 DEOPT UNPACKING pc=0x000002033ca4e23f sp=0x00000034b12fd128 mode 3

Classes unloaded (0 events):
No events

Classes redefined (0 events):
No events

Internal exceptions (20 events):
Event: 4.518 Thread 0x00000203557d4cd0 Exception <a 'sun/nio/fs/WindowsException'{0x0000000086b7f8e8}> (0x0000000086b7f8e8) 
thrown [./src/hotspot/share/prims/jni.cpp, line 578]
Event: 4.518 Thread 0x00000203557d51a0 Exception <a 'sun/nio/fs/WindowsException'{0x0000000086b91788}> (0x0000000086b91788) 
thrown [./src/hotspot/share/prims/jni.cpp, line 578]
Event: 4.518 Thread 0x00000203557d4cd0 Exception <a 'sun/nio/fs/WindowsException'{0x0000000086b80250}> (0x0000000086b80250) 
thrown [./src/hotspot/share/prims/jni.cpp, line 578]
Event: 4.518 Thread 0x00000203557d51a0 Exception <a 'sun/nio/fs/WindowsException'{0x0000000086b920f8}> (0x0000000086b920f8) 
thrown [./src/hotspot/share/prims/jni.cpp, line 578]
Event: 4.518 Thread 0x00000203557d4cd0 Exception <a 'sun/nio/fs/WindowsException'{0x0000000086b80578}> (0x0000000086b80578) 
thrown [./src/hotspot/share/prims/jni.cpp, line 578]
Event: 4.519 Thread 0x00000203557d51a0 Exception <a 'sun/nio/fs/WindowsException'{0x0000000086b92418}> (0x0000000086b92418) 
thrown [./src/hotspot/share/prims/jni.cpp, line 578]
Event: 4.519 Thread 0x00000203557d4cd0 Exception <a 'sun/nio/fs/WindowsException'{0x0000000086b80ef8}> (0x0000000086b80ef8) 
thrown [./src/hotspot/share/prims/jni.cpp, line 578]
Event: 4.519 Thread 0x00000203557d51a0 Exception <a 'sun/nio/fs/WindowsException'{0x0000000086b92d90}> (0x0000000086b92d90) 
thrown [./src/hotspot/share/prims/jni.cpp, line 578]
Event: 4.519 Thread 0x00000203557d4cd0 Exception <a 'sun/nio/fs/WindowsException'{0x0000000086b81240}> (0x0000000086b81240) 
thrown [./src/hotspot/share/prims/jni.cpp, line 578]
Event: 4.519 Thread 0x00000203557d51a0 Exception <a 'sun/nio/fs/WindowsException'{0x0000000086b930c0}> (0x0000000086b930c0) 
thrown [./src/hotspot/share/prims/jni.cpp, line 578]
Event: 4.519 Thread 0x00000203557d4cd0 Exception <a 'sun/nio/fs/WindowsException'{0x0000000086b81bd8}> (0x0000000086b81bd8) 
thrown [./src/hotspot/share/prims/jni.cpp, line 578]
Event: 4.519 Thread 0x00000203557d51a0 Exception <a 'sun/nio/fs/WindowsException'{0x0000000086b93a58}> (0x0000000086b93a58) 
thrown [./src/hotspot/share/prims/jni.cpp, line 578]
Event: 4.519 Thread 0x00000203557d4cd0 Exception <a 'sun/nio/fs/WindowsException'{0x0000000086b81f38}> (0x0000000086b81f38) 
thrown [./src/hotspot/share/prims/jni.cpp, line 578]
Event: 4.519 Thread 0x00000203557d51a0 Exception <a 'sun/nio/fs/WindowsException'{0x0000000086b93da8}> (0x0000000086b93da8) 
thrown [./src/hotspot/share/prims/jni.cpp, line 578]
Event: 4.519 Thread 0x00000203557d4cd0 Exception <a 'sun/nio/fs/WindowsException'{0x0000000086b828c8}> (0x0000000086b828c8) 
thrown [./src/hotspot/share/prims/jni.cpp, line 578]
Event: 4.519 Thread 0x00000203557d4cd0 Exception <a 'sun/nio/fs/WindowsException'{0x0000000086b82c20}> (0x0000000086b82c20) 
thrown [./src/hotspot/share/prims/jni.cpp, line 578]
Event: 4.519 Thread 0x00000203557d51a0 Exception <a 'sun/nio/fs/WindowsException'{0x0000000086b94750}> (0x0000000086b94750) 
thrown [./src/hotspot/share/prims/jni.cpp, line 578]
Event: 4.519 Thread 0x00000203557d51a0 Exception <a 'sun/nio/fs/WindowsException'{0x0000000086b94ab0}> (0x0000000086b94ab0) 
thrown [./src/hotspot/share/prims/jni.cpp, line 578]
Event: 4.520 Thread 0x00000203557d51a0 Exception <a 'sun/nio/fs/WindowsException'{0x0000000086b95450}> (0x0000000086b95450) 
thrown [./src/hotspot/share/prims/jni.cpp, line 578]
Event: 4.520 Thread 0x00000203557d51a0 Exception <a 'sun/nio/fs/WindowsException'{0x0000000086b957b0}> (0x0000000086b957b0) 
thrown [./src/hotspot/share/prims/jni.cpp, line 578]

Events (20 events):
Event: 4.540 Executing coalesced safepoint VM operation: ICBufferFull
Event: 4.540 Executing coalesced safepoint VM operation: ICBufferFull done
Event: 4.540 Executing coalesced safepoint VM operation: ICBufferFull
Event: 4.540 Executing coalesced safepoint VM operation: ICBufferFull done
Event: 4.540 Executing VM operation: ICBufferFull done
Event: 4.542 Executing VM operation: ICBufferFull
Event: 4.542 Executing coalesced safepoint VM operation: ICBufferFull
Event: 4.542 Executing coalesced safepoint VM operation: ICBufferFull done
Event: 4.542 Executing coalesced safepoint VM operation: ICBufferFull
Event: 4.542 Executing coalesced safepoint VM operation: ICBufferFull done
Event: 4.542 Executing VM operation: ICBufferFull done
Event: 4.544 Executing VM operation: ICBufferFull
Event: 4.546 Executing VM operation: ICBufferFull done
Event: 4.546 Executing VM operation: ICBufferFull
Event: 4.546 Executing coalesced safepoint VM operation: ICBufferFull
Event: 4.546 Executing coalesced safepoint VM operation: ICBufferFull done
Event: 4.547 Executing VM operation: ICBufferFull done
Event: 4.547 Executing VM operation: ICBufferFull
Event: 4.548 Executing VM operation: ICBufferFull done
Event: 4.548 Executing VM operation: G1CollectForAllocation


Dynamic libraries:
0x00007ff67e430000 - 0x00007ff67e43d000 	C:\Users\artem.belyshev\.jdks\azul-15.0.10\bin\java.exe
0x00007ffc34310000 - 0x00007ffc34508000 	C:\Windows\SYSTEM32\ntdll.dll
0x00007ffc34210000 - 0x00007ffc342cf000 	C:\Windows\System32\KERNEL32.DLL
0x00007ffc31ef0000 - 0x00007ffc321c2000 	C:\Windows\System32\KERNELBASE.dll
0x00007ffc321d0000 - 0x00007ffc322d0000 	C:\Windows\System32\ucrtbase.dll
0x00007ffbb0f40000 - 0x00007ffbb0f55000 	C:\Users\artem.belyshev\.jdks\azul-15.0.10\bin\VCRUNTIME140.dll
0x00007ffbb0f20000 - 0x00007ffbb0f38000 	C:\Users\artem.belyshev\.jdks\azul-15.0.10\bin\jli.dll
0x00007ffc32e60000 - 0x00007ffc33001000 	C:\Windows\System32\USER32.dll
0x00007ffc322d0000 - 0x00007ffc322f2000 	C:\Windows\System32\win32u.dll
0x00007ffc0dba0000 - 0x00007ffc0de3a000 	C:\Windows\WinSxS\amd64_microsoft.windows.common-controls_6595b64144ccf1df_6.0.19041.1110_none_60b5254171f9507e\COMCTL32.dll
0x00007ffc327b0000 - 0x00007ffc327db000 	C:\Windows\System32\GDI32.dll
0x00007ffc32600000 - 0x00007ffc3269e000 	C:\Windows\System32\msvcrt.dll
0x00007ffc31db0000 - 0x00007ffc31ebf000 	C:\Windows\System32\gdi32full.dll
0x00007ffc31bb0000 - 0x00007ffc31c4d000 	C:\Windows\System32\msvcp_win.dll
0x00007ffc32c80000 - 0x00007ffc32cb2000 	C:\Windows\System32\IMM32.DLL
0x00007ffbb0e80000 - 0x00007ffbb0f1b000 	C:\Users\artem.belyshev\.jdks\azul-15.0.10\bin\msvcp140.dll
0x00007ffbaba30000 - 0x00007ffbac5cc000 	C:\Users\artem.belyshev\.jdks\azul-15.0.10\bin\server\jvm.dll
0x00007ffc326a0000 - 0x00007ffc3274e000 	C:\Windows\System32\ADVAPI32.dll
0x00007ffc32d60000 - 0x00007ffc32dfc000 	C:\Windows\System32\sechost.dll
0x00007ffc32420000 - 0x00007ffc32545000 	C:\Windows\System32\RPCRT4.dll
0x00007ffc333a0000 - 0x00007ffc333a8000 	C:\Windows\System32\PSAPI.DLL
0x00007ffc256c0000 - 0x00007ffc256ca000 	C:\Windows\SYSTEM32\VERSION.dll
0x00007ffc031b0000 - 0x00007ffc031b9000 	C:\Windows\SYSTEM32\WSOCK32.dll
0x00007ffc19710000 - 0x00007ffc19737000 	C:\Windows\SYSTEM32\WINMM.dll
0x00007ffc332a0000 - 0x00007ffc3330b000 	C:\Windows\System32\WS2_32.dll
0x00007ffc30250000 - 0x00007ffc30262000 	C:\Windows\SYSTEM32\kernel.appcore.dll
0x00007ffbe9270000 - 0x00007ffbe927a000 	C:\Users\artem.belyshev\.jdks\azul-15.0.10\bin\jimage.dll
0x00007ffc2c070000 - 0x00007ffc2c254000 	C:\Windows\SYSTEM32\DBGHELP.DLL
0x00007ffc23230000 - 0x00007ffc23265000 	C:\Windows\SYSTEM32\dbgcore.DLL
0x00007ffc31a00000 - 0x00007ffc31a82000 	C:\Windows\System32\bcryptPrimitives.dll
0x00007ffc2bcb0000 - 0x00007ffc2bcbe000 	C:\Users\artem.belyshev\.jdks\azul-15.0.10\bin\instrument.dll
0x00007ffbb0e50000 - 0x00007ffbb0e75000 	C:\Users\artem.belyshev\.jdks\azul-15.0.10\bin\java.dll
0x00007ffc33ac0000 - 0x00007ffc34205000 	C:\Windows\System32\SHELL32.dll
0x00007ffc2faa0000 - 0x00007ffc30232000 	C:\Windows\SYSTEM32\windows.storage.dll
0x00007ffc32920000 - 0x00007ffc32c75000 	C:\Windows\System32\combase.dll
0x00007ffc31380000 - 0x00007ffc313b0000 	C:\Windows\SYSTEM32\Wldp.dll
0x00007ffc32550000 - 0x00007ffc325fd000 	C:\Windows\System32\SHCORE.dll
0x00007ffc333b0000 - 0x00007ffc33405000 	C:\Windows\System32\shlwapi.dll
0x00007ffc31940000 - 0x00007ffc3195f000 	C:\Windows\SYSTEM32\profapi.dll
0x00007ffbafb20000 - 0x00007ffbafb38000 	C:\Users\artem.belyshev\.jdks\azul-15.0.10\bin\zip.dll
0x00007ffbafb60000 - 0x00007ffbafb79000 	C:\Users\artem.belyshev\.jdks\azul-15.0.10\bin\net.dll
0x00007ffc27430000 - 0x00007ffc2753c000 	C:\Windows\SYSTEM32\WINHTTP.dll
0x00007ffc310e0000 - 0x00007ffc3114a000 	C:\Windows\system32\mswsock.dll
0x00007ffbafb40000 - 0x00007ffbafb52000 	C:\Users\artem.belyshev\.jdks\azul-15.0.10\bin\nio.dll
0x00007ffc298c0000 - 0x00007ffc298da000 	C:\Program Files\JetBrains\IntelliJ IDEA 2022.3.2\bin\breakgen64.dll
0x00007ffc30e10000 - 0x00007ffc30edb000 	C:\Windows\SYSTEM32\DNSAPI.dll
0x00007ffc30dd0000 - 0x00007ffc30e0b000 	C:\Windows\SYSTEM32\IPHLPAPI.DLL
0x00007ffc32cc0000 - 0x00007ffc32cc8000 	C:\Windows\System32\NSI.dll
0x00007ffc233c0000 - 0x00007ffc233ca000 	C:\Windows\System32\rasadhlp.dll
0x00007ffc29d10000 - 0x00007ffc29d90000 	C:\Windows\System32\fwpuclnt.dll
0x00007ffc31ec0000 - 0x00007ffc31ee7000 	C:\Windows\System32\bcrypt.dll
0x00007ffc2a050000 - 0x00007ffc2a059000 	C:\Users\artem.belyshev\.jdks\azul-15.0.10\bin\management.dll
0x00007ffc284b0000 - 0x00007ffc284bb000 	C:\Users\artem.belyshev\.jdks\azul-15.0.10\bin\management_ext.dll
0x00007ffc312e0000 - 0x00007ffc312f8000 	C:\Windows\SYSTEM32\CRYPTSP.dll
0x00007ffc30a00000 - 0x00007ffc30a34000 	C:\Windows\system32\rsaenh.dll
0x00007ffc318c0000 - 0x00007ffc318ee000 	C:\Windows\SYSTEM32\USERENV.dll
0x00007ffc312d0000 - 0x00007ffc312dc000 	C:\Windows\SYSTEM32\CRYPTBASE.dll
0x00007ffc299a0000 - 0x00007ffc299b7000 	C:\Windows\SYSTEM32\dhcpcsvc6.DLL
0x00007ffc298f0000 - 0x00007ffc2990d000 	C:\Windows\SYSTEM32\dhcpcsvc.DLL
0x00007ffc0a480000 - 0x00007ffc0a497000 	C:\Windows\system32\napinsp.dll
0x00007ffc06930000 - 0x00007ffc0694b000 	C:\Windows\system32\pnrpnsp.dll
0x00007ffc06870000 - 0x00007ffc06885000 	C:\Windows\system32\wshbth.dll
0x00007ffc29f80000 - 0x00007ffc29f9d000 	C:\Windows\system32\NLAapi.dll
0x00007ffc0a4a0000 - 0x00007ffc0a4b2000 	C:\Windows\System32\winrnr.dll
0x00007ffbc5ae0000 - 0x00007ffbc5af0000 	C:\Users\artem.belyshev\.jdks\azul-15.0.10\bin\verify.dll

dbghelp: loaded successfully - version: 4.0.5 - missing functions: none
symbol engine: initialized successfully - sym options: 0x614 - pdb path: .;C:\Users\artem.belyshev\.jdks\azul-15.0.10\bin;C:\Windows\SYSTEM32;C:\Windows\WinSxS\amd64_microsoft.windows.common-controls_6595b64144ccf1df_6.0.19041.1110_none_60b5254171f9507e;C:\Users\artem.belyshev\.jdks\azul-15.0.10\bin\server;C:\Program Files\JetBrains\IntelliJ IDEA 2022.3.2\bin

VM Arguments:
jvm_args: -XX:TieredStopAtLevel=1 -Dspring.output.ansi.enabled=always -Dcom.sun.management.jmxremote -Dspring.jmx.enabled=true -Dspring.liveBeansView.mbeanDomain -Dspring.application.admin.enabled=true -Dmanagement.endpoints.jmx.exposure.include=* -javaagent:C:\Program Files\JetBrains\IntelliJ IDEA 2022.3.2\lib\idea_rt.jar=60268:C:\Program Files\JetBrains\IntelliJ IDEA 2022.3.2\bin -Dfile.encoding=UTF-8 
java_command: cz.kct.Tutorial
java_class_path (initial): C:\Users\artem.belyshev\IdeaProjects\kct.data.spring\out\production\classes;C:\Users\artem.belyshev\IdeaProjects\kct.data.spring\out\production\resources;C:\Users\artem.belyshev\.gradle\caches\modules-2\files-2.1\org.projectlombok\lombok\1.18.4\7103ab519b1cdbb0642ad4eaf1db209d905d0f96\lombok-1.18.4.jar;C:\Users\artem.belyshev\.gradle\caches\modules-2\files-2.1\org.springframework.boot\spring-boot-starter-data-jpa\2.7.8\ace969cae39b4479ffedd58e04c5a6eca60c94a5\spring-boot-starter-data-jpa-2.7.8.jar;C:\Users\artem.belyshev\.gradle\caches\modules-2\files-2.1\org.springframework.boot\spring-boot-starter-web\2.4.5\93cf2655557534e35723fbafa069bed2ee125832\spring-boot-starter-web-2.4.5.jar;C:\Users\artem.belyshev\.gradle\caches\modules-2\files-2.1\org.modelmapper\modelmapper\3.1.1\6636e94590e9d98e5e7db7e4fafcc15e9390e18d\modelmapper-3.1.1.jar;C:\Users\artem.belyshev\.gradle\caches\modules-2\files-2.1\io.github.openfeign\feign-jackson\9.3.1\17d39be26c4c53231087da6f5082473015986fd7\feign-jackson-9.3.1.jar;C:\Users\artem.belyshev\.gradle\caches\modules-2\files-2.1\org.springdoc\springdoc-openapi-ui\1.6.14\20f7c293f72552dce117be99cf15e69249effda8\springdoc-openapi-ui-1.6.14.jar;C:\Users\artem.belyshev\.gradle\caches\modules-2\files-2.1\org.postgresql\postgresql\42.4.3\94866dd0f9ea533c61b29261673ac0616e3a6517\postgresql-42.4.3.jar;C:\Users\artem.belyshev\.gradle\caches\modules-2\files-2.1\org.springframework.boot\spring-boot-starter-validation\2.4.5\27acd26bb55058472e91e44e8155b256a610b87e\spring-boot-starter-validation-2.4.5.jar;C:\Users\artem.belyshev\.gradle\caches\modules-2\files-2.1\org.springframework.boot\spring-boot-starter-aop\2.4.5\853bfc5d1c867f66880971515bda82ecc737e839\spring-boot-starter-aop-2.4.5.jar;C:\Users\artem.belyshev\.gradle\caches\modules-2\files-2.1\org.springframework.boot\spring-boot-starter-jdbc\2.4.5\abcca18ef5a2c877a5574a492b570bb260640de3\spring-boot-starter-jdbc-2.4.5.jar;C:\Users\artem.belyshev\.gradle\caches\modules-
Launcher Type: SUN_STANDARD

[Global flags]
     intx CICompilerCount                          = 4                                         {product} {ergonomic}
     uint ConcGCThreads                            = 2                                         {product} {ergonomic}
     uint G1ConcRefinementThreads                  = 8                                         {product} {ergonomic}
   size_t G1HeapRegionSize                         = 1048576                                   {product} {ergonomic}
    uintx GCDrainStackTargetSize                   = 64                                        {product} {ergonomic}
   size_t InitialHeapSize                          = 132120576                                 {product} {ergonomic}
     bool ManagementServer                         = true                                      {product} {command line}
   size_t MarkStackSize                            = 4194304                                   {product} {ergonomic}
   size_t MaxHeapSize                              = 2111832064                                {product} {ergonomic}
   size_t MaxNewSize                               = 1266679808                                {product} {ergonomic}
   size_t MinHeapDeltaBytes                        = 1048576                                   {product} {ergonomic}
   size_t MinHeapSize                              = 8388608                                   {product} {ergonomic}
    uintx NonNMethodCodeHeapSize                   = 7549744                                {pd product} {ergonomic}
    uintx NonProfiledCodeHeapSize                  = 244108496                              {pd product} {ergonomic}
    uintx ProfiledCodeHeapSize                     = 0                                      {pd product} {ergonomic}
    uintx ReservedCodeCacheSize                    = 251658240                              {pd product} {ergonomic}
     bool SegmentedCodeCache                       = true                                      {product} {ergonomic}
   size_t SoftMaxHeapSize                          = 2111832064                             {manageable} {ergonomic}
     intx TieredStopAtLevel                        = 1                                         {product} {command line}
     bool UseCompressedClassPointers               = true                                 {lp64_product} {ergonomic}
     bool UseCompressedOops                        = true                                 {lp64_product} {ergonomic}
     bool UseG1GC                                  = true                                      {product} {ergonomic}
     bool UseLargePagesIndividualAllocation        = false                                  {pd product} {ergonomic}

Logging:
Log output configuration:
 #0: stdout all=warning uptime,level,tags
 #1: stderr all=off uptime,level,tags

Environment Variables:
PATH=C:\Windows\system32;C:\Windows;C:\Windows\System32\Wbem;C:\Windows\System32\WindowsPowerShell\v1.0\;C:\Windows\System32\OpenSSH\;C:\Program Files\Git\cmd;C:\Program Files\nodejs\;C:\Program Files\dotnet\;C:\Users\artem.belyshev\AppData\Local\Microsoft\WindowsApps;C:\Users\artem.belyshev\AppData\Roaming\npm;C:\Users\artem.belyshev\AppData\Local\Programs\Microsoft VS Code\bin;C:\Users\artem.belyshev\.dotnet\tools
USERNAME=artem.belyshev
OS=Windows_NT
PROCESSOR_IDENTIFIER=Intel64 Family 6 Model 142 Stepping 10, GenuineIntel



---------------  S Y S T E M  ---------------

OS:
 Windows 10 , 64 bit Build 19041 (10.0.19041.2546)
OS uptime: 0 days 18:05 hours

CPU: total 8 (initial active 8) (4 cores per cpu, 2 threads per core) family 6 model 142 stepping 10 microcode 0xf0, cmov, cx8, fxsr, mmx, sse, sse2, sse3, ssse3, sse4.1, sse4.2, popcnt, vzeroupper, avx, avx2, aes, clmul, erms, rtm, 3dnowpref, lzcnt, ht, tsc, tscinvbit, bmi1, bmi2, adx, fma, clflush, clflushopt

Memory: 4k page, system-wide physical 8050M (829M free)
TotalPageFile size 9074M (AvailPageFile size 20M)
current process WorkingSet (physical memory assigned to process): 221M, peak: 221M
current process commit charge ("private bytes"): 264M, peak: 280M

vm_info: OpenJDK 64-Bit Server VM (15.0.10+5-MTS) for windows-amd64 JRE (15.0.10+5-MTS) (Zulu15.46+17-CA), built on Jan  7 2023 17:34:05 by "zulu_re" with MS VC++ 15.9 (VS2017)

END.
