#
# There is insufficient memory for the Java Runtime Environment to continue.
# Native memory allocation (mmap) failed to map 20971520 bytes for G1 virtual space
# Possible reasons:
#   The system is out of physical RAM or swap space
#   The process is running with CompressedOops enabled, and the Java Heap may be blocking the growth of the native heap
# Possible solutions:
#   Reduce memory load on the system
#   Increase physical memory or swap space
#   Check if swap backing store is full
#   Decrease Java heap size (-Xmx/-Xms)
#   Decrease number of Java threads
#   Decrease Java thread stack sizes (-Xss)
#   Set larger code cache with -XX:ReservedCodeCacheSize=
#   JVM is running with Unscaled Compressed Oops mode in which the Java heap is
#     placed in the first 4GB address space. The Java Heap base address is the
#     maximum limit for the native heap growth. Please use -XX:HeapBaseMinAddress
#     to set the Java Heap base and to place the Java Heap above 4GB virtual address.
# This output file may be truncated or incomplete.
#
#  Out of Memory Error (./src/hotspot/os/windows/os_windows.cpp:3331), pid=11192, tid=6396
#
# JRE version: OpenJDK Runtime Environment Zulu15.46+17-CA (15.0.10+5) (build 15.0.10+5-MTS)
# Java VM: OpenJDK 64-Bit Server VM Zulu15.46+17-CA (15.0.10+5-MTS, mixed mode, sharing, tiered, compressed oops, g1 gc, windows-amd64)
# No core dump will be written. Minidumps are not enabled by default on client versions of Windows
#

---------------  S U M M A R Y ------------

Command Line: -agentlib:jdwp=transport=dt_socket,address=127.0.0.1:54748,suspend=y,server=n -XX:TieredStopAtLevel=1 -Dspring.output.ansi.enabled=always -Dcom.sun.management.jmxremote -Dspring.jmx.enabled=true -Dspring.liveBeansView.mbeanDomain -Dspring.application.admin.enabled=true -Dmanagement.endpoints.jmx.exposure.include=* -javaagent:C:\Users\artem.belyshev\AppData\Local\JetBrains\IntelliJIdea2022.3\captureAgent\debugger-agent.jar -Dfile.encoding=UTF-8 cz.kct.Tutorial

Host: Intel(R) Core(TM) i5-8350U CPU @ 1.70GHz, 8 cores, 7G,  Windows 10 , 64 bit Build 19041 (10.0.19041.2546)
Time: Wed Feb 15 20:40:36 2023 Central Europe Standard Time elapsed time: 5.436260 seconds (0d 0h 0m 5s)

---------------  T H R E A D  ---------------

Current thread (0x0000021fee560b20):  VMThread "VM Thread" [stack: 0x000000d04d900000,0x000000d04da00000] [id=6396]

Stack: [0x000000d04d900000,0x000000d04da00000]
[error occurred during error reporting (printing stack bounds), id 0xc0000005, EXCEPTION_ACCESS_VIOLATION (0xc0000005) at pc=0x0000021fd75510ad]

Native frames: (J=compiled Java code, j=interpreted, Vv=VM code, C=native code)
V  [jvm.dll+0x6037ba]
V  [jvm.dll+0x7a3729]
V  [jvm.dll+0x7a4e83]
V  [jvm.dll+0x7a5435]
V  [jvm.dll+0x7a53eb]
V  [jvm.dll+0x602bdf]
V  [jvm.dll+0x6033a8]
C  [ntdll.dll+0xa241f]
C  [ntdll.dll+0x514a4]
C  [ntdll.dll+0xa0f4e]
C  0x0000021fd75510ad

VM_Operation (0x000000d0503fe3e0): G1CollectForAllocation, mode: safepoint, requested by thread 0x0000021ff345f120


---------------  P R O C E S S  ---------------

Threads class SMR info:
_java_thread_list=0x0000021ff3013bc0, length=35, elements={
0x0000021fcd815f90, 0x0000021fee5662d0, 0x0000021fee566db0, 0x0000021fee583570,
0x0000021fee586f50, 0x0000021fee587910, 0x0000021fee5892e0, 0x0000021fee59f6a0,
0x0000021fee548210, 0x0000021feefccbf0, 0x0000021feefc8e40, 0x0000021feefc9330,
0x0000021feefca010, 0x0000021fef54aaa0, 0x0000021ff016f9a0, 0x0000021ff01a36e0,
0x0000021ff0c28440, 0x0000021ff0c82580, 0x0000021ff0c85500, 0x0000021ff045a210,
0x0000021ff0458a00, 0x0000021ff0459870, 0x0000021ff045a6e0, 0x0000021ff045abb0,
0x0000021ff045ba20, 0x0000021ff045b550, 0x0000021ff0459d40, 0x0000021ff3460460,
0x0000021ff3460930, 0x0000021ff345a420, 0x0000021ff345f120, 0x0000021ff3459f50,
0x0000021ff345f5f0, 0x0000021ff345fac0, 0x0000021ff34590e0
}

Java Threads: ( => current thread )
  0x0000021fcd815f90 JavaThread "main" [_thread_blocked, id=13988, stack(0x000000d04d300000,0x000000d04d400000)]
  0x0000021fee5662d0 JavaThread "Reference Handler" daemon [_thread_blocked, id=13180, stack(0x000000d04da00000,0x000000d04db00000)]
  0x0000021fee566db0 JavaThread "Finalizer" daemon [_thread_blocked, id=1700, stack(0x000000d04db00000,0x000000d04dc00000)]
  0x0000021fee583570 JavaThread "Signal Dispatcher" daemon [_thread_blocked, id=14512, stack(0x000000d04dc00000,0x000000d04dd00000)]
  0x0000021fee586f50 JavaThread "Attach Listener" daemon [_thread_blocked, id=13396, stack(0x000000d04dd00000,0x000000d04de00000)]
  0x0000021fee587910 JavaThread "Service Thread" daemon [_thread_blocked, id=1480, stack(0x000000d04de00000,0x000000d04df00000)]
  0x0000021fee5892e0 JavaThread "C1 CompilerThread0" daemon [_thread_blocked, id=7616, stack(0x000000d04df00000,0x000000d04e000000)]
  0x0000021fee59f6a0 JavaThread "Sweeper thread" daemon [_thread_blocked, id=13620, stack(0x000000d04e000000,0x000000d04e100000)]
  0x0000021fee548210 JavaThread "Common-Cleaner" daemon [_thread_blocked, id=13192, stack(0x000000d04e100000,0x000000d04e200000)]
  0x0000021feefccbf0 JavaThread "JDWP Transport Listener: dt_socket" daemon [_thread_blocked, id=7644, stack(0x000000d04e200000,0x000000d04e300000)]
  0x0000021feefc8e40 JavaThread "JDWP Event Helper Thread" daemon [_thread_blocked, id=2096, stack(0x000000d04e300000,0x000000d04e400000)]
  0x0000021feefc9330 JavaThread "JDWP Command Reader" daemon [_thread_in_native, id=3156, stack(0x000000d04e400000,0x000000d04e500000)]
  0x0000021feefca010 JavaThread "Notification Thread" daemon [_thread_blocked, id=12976, stack(0x000000d04e500000,0x000000d04e600000)]
  0x0000021fef54aaa0 JavaThread "RMI TCP Accept-0" daemon [_thread_in_native, id=5696, stack(0x000000d04e600000,0x000000d04e700000)]
  0x0000021ff016f9a0 JavaThread "RMI TCP Connection(1)-172.20.10.14" daemon [_thread_in_native, id=14744, stack(0x000000d04ec00000,0x000000d04ed00000)]
  0x0000021ff01a36e0 JavaThread "RMI Scheduler(0)" daemon [_thread_blocked, id=13852, stack(0x000000d04ed00000,0x000000d04ee00000)]
  0x0000021ff0c28440 JavaThread "Catalina-utility-1" [_thread_blocked, id=13208, stack(0x000000d04ee00000,0x000000d04ef00000)]
  0x0000021ff0c82580 JavaThread "Catalina-utility-2" [_thread_blocked, id=3544, stack(0x000000d04f000000,0x000000d04f100000)]
  0x0000021ff0c85500 JavaThread "container-0" [_thread_blocked, id=4484, stack(0x000000d04f400000,0x000000d04f500000)]
  0x0000021ff045a210 JavaThread "HikariPool-1 housekeeper" daemon [_thread_blocked, id=13584, stack(0x000000d04f800000,0x000000d04f900000)]
  0x0000021ff0458a00 JavaThread "HikariPool-1 connection adder" daemon [_thread_blocked, id=7344, stack(0x000000d04f900000,0x000000d04fa00000)]
  0x0000021ff0459870 JavaThread "ClassGraph-worker-56" daemon [_thread_blocked, id=1860, stack(0x000000d04fa00000,0x000000d04fb00000)]
  0x0000021ff045a6e0 JavaThread "ClassGraph-worker-57" daemon [_thread_blocked, id=14064, stack(0x000000d04fb00000,0x000000d04fc00000)]
  0x0000021ff045abb0 JavaThread "ClassGraph-worker-58" daemon [_thread_blocked, id=1912, stack(0x000000d04fc00000,0x000000d04fd00000)]
  0x0000021ff045ba20 JavaThread "ClassGraph-worker-59" daemon [_thread_blocked, id=4596, stack(0x000000d04fd00000,0x000000d04fe00000)]
  0x0000021ff045b550 JavaThread "ClassGraph-worker-60" daemon [_thread_blocked, id=8516, stack(0x000000d04fe00000,0x000000d04ff00000)]
  0x0000021ff0459d40 JavaThread "ClassGraph-worker-61" daemon [_thread_blocked, id=14544, stack(0x000000d04ff00000,0x000000d050000000)]
  0x0000021ff3460460 JavaThread "ClassGraph-worker-62" daemon [_thread_blocked, id=132, stack(0x000000d050000000,0x000000d050100000)]
  0x0000021ff3460930 JavaThread "ClassGraph-worker-63" daemon [_thread_blocked, id=13864, stack(0x000000d050100000,0x000000d050200000)]
  0x0000021ff345a420 JavaThread "ClassGraph-worker-64" daemon [_thread_blocked, id=7780, stack(0x000000d050200000,0x000000d050300000)]
  0x0000021ff345f120 JavaThread "ClassGraph-worker-65" daemon [_thread_blocked, id=11088, stack(0x000000d050300000,0x000000d050400000)]
  0x0000021ff3459f50 JavaThread "ClassGraph-worker-66" daemon [_thread_blocked, id=13276, stack(0x000000d050400000,0x000000d050500000)]
  0x0000021ff345f5f0 JavaThread "ClassGraph-worker-67" daemon [_thread_blocked, id=5948, stack(0x000000d050500000,0x000000d050600000)]
  0x0000021ff345fac0 JavaThread "ClassGraph-worker-68" daemon [_thread_blocked, id=11548, stack(0x000000d050600000,0x000000d050700000)]
  0x0000021ff34590e0 JavaThread "ClassGraph-worker-69" daemon [_thread_blocked, id=13044, stack(0x000000d050700000,0x000000d050800000)]

Other Threads:
=>0x0000021fee560b20 VMThread "VM Thread" [stack: 0x000000d04d900000,0x000000d04da00000] [id=6396]
  0x0000021fef54b490 WatcherThread [stack: 0x000000d04e700000,0x000000d04e800000] [id=8928]
  0x0000021fcd855410 GCTaskThread "GC Thread#0" [stack: 0x000000d04d400000,0x000000d04d500000] [id=14600]
  0x0000021fef4f5f20 GCTaskThread "GC Thread#1" [stack: 0x000000d04e800000,0x000000d04e900000] [id=12492]
  0x0000021fef4f58c0 GCTaskThread "GC Thread#2" [stack: 0x000000d04e900000,0x000000d04ea00000] [id=10480]
  0x0000021fef4f68b0 GCTaskThread "GC Thread#3" [stack: 0x000000d04ef00000,0x000000d04f000000] [id=13448]
  0x0000021fef4f7570 GCTaskThread "GC Thread#4" [stack: 0x000000d04f100000,0x000000d04f200000] [id=14360]
  0x0000021fef4f6580 GCTaskThread "GC Thread#5" [stack: 0x000000d04f200000,0x000000d04f300000] [id=13720]
  0x0000021fef4f45a0 GCTaskThread "GC Thread#6" [stack: 0x000000d04f500000,0x000000d04f600000] [id=7504]
  0x0000021fef4f48d0 GCTaskThread "GC Thread#7" [stack: 0x000000d04f600000,0x000000d04f700000] [id=6120]
  0x0000021fcd867040 ConcurrentGCThread "G1 Main Marker" [stack: 0x000000d04d500000,0x000000d04d600000] [id=11272]
  0x0000021fcd867b40 ConcurrentGCThread "G1 Conc#0" [stack: 0x000000d04d600000,0x000000d04d700000] [id=1272]
  0x0000021fef4f7f00 ConcurrentGCThread "G1 Conc#1" [stack: 0x000000d04f300000,0x000000d04f400000] [id=1968]
  0x0000021fcd8d2510 ConcurrentGCThread "G1 Refine#0" [stack: 0x000000d04d700000,0x000000d04d800000] [id=1884]
  0x0000021fef01b160 ConcurrentGCThread "G1 Refine#1" [stack: 0x000000d04ea00000,0x000000d04eb00000] [id=11056]
  0x0000021fef6034c0 ConcurrentGCThread "G1 Refine#2" [stack: 0x000000d04eb00000,0x000000d04ec00000] [id=3416]
  0x0000021fcd8d3020 ConcurrentGCThread "G1 Young RemSet Sampling" [stack: 0x000000d04d800000,0x000000d04d900000] [id=8492]

Threads with active compile tasks:

VM state: at safepoint (normal execution)

VM Mutex/Monitor currently owned by a thread:  ([mutex/lock_event])
[0x0000021fcd810fd0] Threads_lock - owner thread: 0x0000021fee560b20
[0x0000021fcd8117b0] Heap_lock - owner thread: 0x0000021ff345f120

Heap address: 0x0000000082200000, size: 2014 MB, Compressed Oops mode: 32-bit
CDS archive(s) mapped at: [0x0000000800000000-0x0000000800b50000-0x0000000800b50000), size 11862016, SharedBaseAddress: 0x0000000800000000, ArchiveRelocationMode: 0.
Compressed class space mapped at: 0x0000000800b50000-0x0000000840b50000, size: 1073741824
Narrow klass base: 0x0000000800000000, Narrow klass shift: 3, Narrow klass range: 0x100000000

GC Precious Log:
 CPUs: 8 total, 8 available
 Memory: 8050M
 Large Page Support: Disabled
 NUMA Support: Disabled
 Compressed Oops: Enabled (32-bit)
 Heap Region Size: 1M
 Heap Min Capacity: 8M
 Heap Initial Capacity: 126M
 Heap Max Capacity: 2014M
 Pre-touch: Disabled
 Parallel Workers: 8
 Concurrent Workers: 2
 Concurrent Refinement Workers: 8
 Periodic GC: Disabled

Heap:
 garbage-first heap   total 121856K, used 52758K [0x0000000082200000, 0x0000000100000000)
  region size 1024K, 2 young (2048K), 2 survivors (2048K)
 Metaspace       used 59034K, capacity 59638K, committed 59824K, reserved 1101824K
  class space    used 7962K, capacity 8169K, committed 8192K, reserved 1048576K

Heap Regions: E=young(eden), S=young(survivor), O=old, HS=humongous(starts), HC=humongous(continues), CS=collection set, F=free, OA=open archive, CA=closed archive, TAMS=top-at-mark-start (previous, next)
|   0|0x0000000082200000, 0x0000000082300000, 0x0000000082300000|100%|HS|  |TAMS 0x0000000082300000, 0x0000000082200000| Complete 
|   1|0x0000000082300000, 0x0000000082400000, 0x0000000082400000|100%| O|  |TAMS 0x0000000082400000, 0x0000000082300000| Updating 
|   2|0x0000000082400000, 0x0000000082500000, 0x0000000082500000|100%| O|  |TAMS 0x0000000082500000, 0x0000000082400000| Updating 
|   3|0x0000000082500000, 0x0000000082600000, 0x0000000082600000|100%| O|  |TAMS 0x0000000082600000, 0x0000000082500000| Updating 
|   4|0x0000000082600000, 0x0000000082700000, 0x0000000082700000|100%| O|  |TAMS 0x0000000082700000, 0x0000000082600000| Updating 
|   5|0x0000000082700000, 0x0000000082800000, 0x0000000082800000|100%| O|  |TAMS 0x0000000082800000, 0x0000000082700000| Updating 
|   6|0x0000000082800000, 0x0000000082900000, 0x0000000082900000|100%| O|  |TAMS 0x0000000082900000, 0x0000000082800000| Updating 
|   7|0x0000000082900000, 0x00000000829a4800, 0x0000000082a00000| 64%| O|  |TAMS 0x00000000829a4800, 0x0000000082900000| Updating 
|   8|0x0000000082a00000, 0x0000000082b00000, 0x0000000082b00000|100%| O|  |TAMS 0x0000000082b00000, 0x0000000082a00000| Updating 
|   9|0x0000000082b00000, 0x0000000082c00000, 0x0000000082c00000|100%| O|  |TAMS 0x0000000082c00000, 0x0000000082b00000| Updating 
|  10|0x0000000082c00000, 0x0000000082d00000, 0x0000000082d00000|100%| O|  |TAMS 0x0000000082d00000, 0x0000000082c00000| Updating 
|  11|0x0000000082d00000, 0x0000000082e00000, 0x0000000082e00000|100%| O|  |TAMS 0x0000000082e00000, 0x0000000082d00000| Updating 
|  12|0x0000000082e00000, 0x0000000082f00000, 0x0000000082f00000|100%| O|  |TAMS 0x0000000082f00000, 0x0000000082e00000| Updating 
|  13|0x0000000082f00000, 0x0000000083000000, 0x0000000083000000|100%| O|  |TAMS 0x0000000083000000, 0x0000000082f00000| Updating 
|  14|0x0000000083000000, 0x0000000083100000, 0x0000000083100000|100%| O|  |TAMS 0x0000000083100000, 0x0000000083000000| Updating 
|  15|0x0000000083100000, 0x0000000083200000, 0x0000000083200000|100%| O|  |TAMS 0x0000000083200000, 0x0000000083100000| Updating 
|  16|0x0000000083200000, 0x0000000083300000, 0x0000000083300000|100%| O|  |TAMS 0x0000000083300000, 0x0000000083200000| Updating 
|  17|0x0000000083300000, 0x0000000083400000, 0x0000000083400000|100%| O|  |TAMS 0x0000000083400000, 0x0000000083300000| Updating 
|  18|0x0000000083400000, 0x0000000083500000, 0x0000000083500000|100%| O|  |TAMS 0x0000000083500000, 0x0000000083400000| Updating 
|  19|0x0000000083500000, 0x0000000083600000, 0x0000000083600000|100%| O|  |TAMS 0x0000000083600000, 0x0000000083500000| Updating 
|  20|0x0000000083600000, 0x0000000083700000, 0x0000000083700000|100%| O|  |TAMS 0x0000000083600000, 0x0000000083600000| Untracked 
|  21|0x0000000083700000, 0x0000000083800000, 0x0000000083800000|100%| O|  |TAMS 0x0000000083800000, 0x0000000083700000| Updating 
|  22|0x0000000083800000, 0x0000000083900000, 0x0000000083900000|100%| O|  |TAMS 0x0000000083900000, 0x0000000083800000| Updating 
|  23|0x0000000083900000, 0x0000000083a00000, 0x0000000083a00000|100%| O|  |TAMS 0x0000000083900000, 0x0000000083900000| Untracked 
|  24|0x0000000083a00000, 0x0000000083b00000, 0x0000000083b00000|100%| O|  |TAMS 0x0000000083b00000, 0x0000000083a00000| Updating 
|  25|0x0000000083b00000, 0x0000000083c00000, 0x0000000083c00000|100%| O|  |TAMS 0x0000000083c00000, 0x0000000083b00000| Updating 
|  26|0x0000000083c00000, 0x0000000083d00000, 0x0000000083d00000|100%| O|  |TAMS 0x0000000083d00000, 0x0000000083c00000| Updating 
|  27|0x0000000083d00000, 0x0000000083e00000, 0x0000000083e00000|100%| O|  |TAMS 0x0000000083e00000, 0x0000000083d00000| Updating 
|  28|0x0000000083e00000, 0x0000000083f00000, 0x0000000083f00000|100%| O|  |TAMS 0x0000000083f00000, 0x0000000083e00000| Updating 
|  29|0x0000000083f00000, 0x0000000084000000, 0x0000000084000000|100%| O|  |TAMS 0x0000000083f00000, 0x0000000083f00000| Untracked 
|  30|0x0000000084000000, 0x0000000084100000, 0x0000000084100000|100%| O|  |TAMS 0x0000000084000000, 0x0000000084000000| Untracked 
|  31|0x0000000084100000, 0x0000000084200000, 0x0000000084200000|100%| O|  |TAMS 0x0000000084200000, 0x0000000084100000| Updating 
|  32|0x0000000084200000, 0x0000000084300000, 0x0000000084300000|100%| O|  |TAMS 0x0000000084300000, 0x0000000084200000| Updating 
|  33|0x0000000084300000, 0x0000000084400000, 0x0000000084400000|100%| O|  |TAMS 0x0000000084400000, 0x0000000084300000| Updating 
|  34|0x0000000084400000, 0x0000000084500000, 0x0000000084500000|100%| O|  |TAMS 0x0000000084500000, 0x0000000084400000| Updating 
|  35|0x0000000084500000, 0x0000000084600000, 0x0000000084600000|100%| O|  |TAMS 0x0000000084600000, 0x0000000084500000| Updating 
|  36|0x0000000084600000, 0x0000000084700000, 0x0000000084700000|100%| O|  |TAMS 0x0000000084700000, 0x0000000084600000| Updating 
|  37|0x0000000084700000, 0x0000000084800000, 0x0000000084800000|100%| O|  |TAMS 0x0000000084700000, 0x0000000084700000| Untracked 
|  38|0x0000000084800000, 0x0000000084900000, 0x0000000084900000|100%| O|  |TAMS 0x0000000084800000, 0x0000000084800000| Untracked 
|  39|0x0000000084900000, 0x0000000084a00000, 0x0000000084a00000|100%| O|  |TAMS 0x0000000084900000, 0x0000000084900000| Untracked 
|  40|0x0000000084a00000, 0x0000000084b00000, 0x0000000084b00000|100%| O|  |TAMS 0x0000000084a00000, 0x0000000084a00000| Untracked 
|  41|0x0000000084b00000, 0x0000000084c00000, 0x0000000084c00000|100%| O|  |TAMS 0x0000000084b00000, 0x0000000084b00000| Untracked 
|  42|0x0000000084c00000, 0x0000000084ce1000, 0x0000000084d00000| 87%| O|  |TAMS 0x0000000084c00000, 0x0000000084c00000| Untracked 
|  43|0x0000000084d00000, 0x0000000084e00000, 0x0000000084e00000|100%| O|  |TAMS 0x0000000084d00000, 0x0000000084d00000| Untracked 
|  44|0x0000000084e00000, 0x0000000084f00000, 0x0000000084f00000|100%| O|  |TAMS 0x0000000084e00000, 0x0000000084e00000| Untracked 
|  45|0x0000000084f00000, 0x0000000085000000, 0x0000000085000000|100%| O|  |TAMS 0x0000000084f00000, 0x0000000084f00000| Untracked 
|  46|0x0000000085000000, 0x0000000085100000, 0x0000000085100000|100%| O|  |TAMS 0x0000000085000000, 0x0000000085000000| Untracked 
|  47|0x0000000085100000, 0x0000000085200000, 0x0000000085200000|100%| O|  |TAMS 0x0000000085100000, 0x0000000085100000| Updating 
|  48|0x0000000085200000, 0x0000000085200000, 0x0000000085300000|  0%| F|  |TAMS 0x0000000085200000, 0x0000000085200000| Untracked 
|  49|0x0000000085300000, 0x0000000085300000, 0x0000000085400000|  0%| F|  |TAMS 0x0000000085300000, 0x0000000085300000| Untracked 
|  50|0x0000000085400000, 0x0000000085400000, 0x0000000085500000|  0%| F|  |TAMS 0x0000000085400000, 0x0000000085400000| Untracked 
|  51|0x0000000085500000, 0x0000000085500000, 0x0000000085600000|  0%| F|  |TAMS 0x0000000085500000, 0x0000000085500000| Untracked 
|  52|0x0000000085600000, 0x0000000085600000, 0x0000000085700000|  0%| F|  |TAMS 0x0000000085600000, 0x0000000085600000| Untracked 
|  53|0x0000000085700000, 0x0000000085700000, 0x0000000085800000|  0%| F|  |TAMS 0x0000000085700000, 0x0000000085700000| Untracked 
|  54|0x0000000085800000, 0x0000000085800000, 0x0000000085900000|  0%| F|  |TAMS 0x0000000085800000, 0x0000000085800000| Untracked 
|  55|0x0000000085900000, 0x0000000085900000, 0x0000000085a00000|  0%| F|  |TAMS 0x0000000085900000, 0x0000000085900000| Untracked 
|  56|0x0000000085a00000, 0x0000000085a00000, 0x0000000085b00000|  0%| F|  |TAMS 0x0000000085a00000, 0x0000000085a00000| Untracked 
|  57|0x0000000085b00000, 0x0000000085b00000, 0x0000000085c00000|  0%| F|  |TAMS 0x0000000085b00000, 0x0000000085b00000| Untracked 
|  58|0x0000000085c00000, 0x0000000085c00000, 0x0000000085d00000|  0%| F|  |TAMS 0x0000000085c00000, 0x0000000085c00000| Untracked 
|  59|0x0000000085d00000, 0x0000000085d00000, 0x0000000085e00000|  0%| F|  |TAMS 0x0000000085d00000, 0x0000000085d00000| Untracked 
|  60|0x0000000085e00000, 0x0000000085e00000, 0x0000000085f00000|  0%| F|  |TAMS 0x0000000085e00000, 0x0000000085e00000| Untracked 
|  61|0x0000000085f00000, 0x0000000085f00000, 0x0000000086000000|  0%| F|  |TAMS 0x0000000085f00000, 0x0000000085f00000| Untracked 
|  62|0x0000000086000000, 0x0000000086000000, 0x0000000086100000|  0%| F|  |TAMS 0x0000000086000000, 0x0000000086000000| Untracked 
|  63|0x0000000086100000, 0x0000000086100000, 0x0000000086200000|  0%| F|  |TAMS 0x0000000086100000, 0x0000000086100000| Untracked 
|  64|0x0000000086200000, 0x0000000086200000, 0x0000000086300000|  0%| F|  |TAMS 0x0000000086200000, 0x0000000086200000| Untracked 
|  65|0x0000000086300000, 0x0000000086300000, 0x0000000086400000|  0%| F|  |TAMS 0x0000000086300000, 0x0000000086300000| Untracked 
|  66|0x0000000086400000, 0x0000000086400000, 0x0000000086500000|  0%| F|  |TAMS 0x0000000086400000, 0x0000000086400000| Untracked 
|  67|0x0000000086500000, 0x0000000086500000, 0x0000000086600000|  0%| F|  |TAMS 0x0000000086500000, 0x0000000086500000| Untracked 
|  68|0x0000000086600000, 0x0000000086600000, 0x0000000086700000|  0%| F|  |TAMS 0x0000000086600000, 0x0000000086600000| Untracked 
|  69|0x0000000086700000, 0x0000000086700000, 0x0000000086800000|  0%| F|  |TAMS 0x0000000086700000, 0x0000000086700000| Untracked 
|  70|0x0000000086800000, 0x0000000086800000, 0x0000000086900000|  0%| F|  |TAMS 0x0000000086800000, 0x0000000086800000| Untracked 
|  71|0x0000000086900000, 0x0000000086900000, 0x0000000086a00000|  0%| F|  |TAMS 0x0000000086900000, 0x0000000086900000| Untracked 
|  72|0x0000000086a00000, 0x0000000086a00000, 0x0000000086b00000|  0%| F|  |TAMS 0x0000000086a00000, 0x0000000086a00000| Untracked 
|  73|0x0000000086b00000, 0x0000000086b00000, 0x0000000086c00000|  0%| F|  |TAMS 0x0000000086b00000, 0x0000000086b00000| Untracked 
|  74|0x0000000086c00000, 0x0000000086c00000, 0x0000000086d00000|  0%| F|  |TAMS 0x0000000086c00000, 0x0000000086c00000| Untracked 
|  75|0x0000000086d00000, 0x0000000086d00000, 0x0000000086e00000|  0%| F|  |TAMS 0x0000000086d00000, 0x0000000086d00000| Untracked 
|  76|0x0000000086e00000, 0x0000000086e00000, 0x0000000086f00000|  0%| F|  |TAMS 0x0000000086e00000, 0x0000000086e00000| Untracked 
|  77|0x0000000086f00000, 0x0000000086f00000, 0x0000000087000000|  0%| F|  |TAMS 0x0000000086f00000, 0x0000000086f00000| Untracked 
|  78|0x0000000087000000, 0x0000000087000000, 0x0000000087100000|  0%| F|  |TAMS 0x0000000087000000, 0x0000000087000000| Untracked 
|  79|0x0000000087100000, 0x0000000087100000, 0x0000000087200000|  0%| F|  |TAMS 0x0000000087100000, 0x0000000087100000| Untracked 
|  80|0x0000000087200000, 0x0000000087200000, 0x0000000087300000|  0%| F|  |TAMS 0x0000000087200000, 0x0000000087200000| Untracked 
|  81|0x0000000087300000, 0x0000000087300000, 0x0000000087400000|  0%| F|  |TAMS 0x0000000087300000, 0x0000000087300000| Untracked 
|  82|0x0000000087400000, 0x0000000087400000, 0x0000000087500000|  0%| F|  |TAMS 0x0000000087400000, 0x0000000087400000| Untracked 
|  83|0x0000000087500000, 0x0000000087500000, 0x0000000087600000|  0%| F|  |TAMS 0x0000000087500000, 0x0000000087500000| Untracked 
|  84|0x0000000087600000, 0x0000000087600000, 0x0000000087700000|  0%| F|  |TAMS 0x0000000087600000, 0x0000000087600000| Untracked 
|  85|0x0000000087700000, 0x0000000087700000, 0x0000000087800000|  0%| F|  |TAMS 0x0000000087700000, 0x0000000087700000| Untracked 
|  86|0x0000000087800000, 0x0000000087800000, 0x0000000087900000|  0%| F|  |TAMS 0x0000000087800000, 0x0000000087800000| Untracked 
|  87|0x0000000087900000, 0x0000000087900000, 0x0000000087a00000|  0%| F|  |TAMS 0x0000000087900000, 0x0000000087900000| Untracked 
|  88|0x0000000087a00000, 0x0000000087a00000, 0x0000000087b00000|  0%| F|  |TAMS 0x0000000087a00000, 0x0000000087a00000| Untracked 
|  89|0x0000000087b00000, 0x0000000087b00000, 0x0000000087c00000|  0%| F|  |TAMS 0x0000000087b00000, 0x0000000087b00000| Untracked 
|  90|0x0000000087c00000, 0x0000000087c00000, 0x0000000087d00000|  0%| F|  |TAMS 0x0000000087c00000, 0x0000000087c00000| Untracked 
|  91|0x0000000087d00000, 0x0000000087e00000, 0x0000000087e00000|100%| S|CS|TAMS 0x0000000087d00000, 0x0000000087d00000| Complete 
|  92|0x0000000087e00000, 0x0000000087f00000, 0x0000000087f00000|100%| S|CS|TAMS 0x0000000087e00000, 0x0000000087e00000| Complete 
|  93|0x0000000087f00000, 0x0000000087f00000, 0x0000000088000000|  0%| F|  |TAMS 0x0000000087f00000, 0x0000000087f00000| Untracked 
|  94|0x0000000088000000, 0x0000000088000000, 0x0000000088100000|  0%| F|  |TAMS 0x0000000088000000, 0x0000000088000000| Untracked 
|  95|0x0000000088100000, 0x0000000088100000, 0x0000000088200000|  0%| F|  |TAMS 0x0000000088100000, 0x0000000088100000| Untracked 
| 125|0x0000000089f00000, 0x0000000089f00000, 0x000000008a000000|  0%| F|  |TAMS 0x0000000089f00000, 0x0000000089f00000| Untracked 
|2012|0x00000000ffe00000, 0x00000000fff00000, 0x00000000fff00000|100%| O|  |TAMS 0x00000000fff00000, 0x00000000ffe00000| Updating 
|2013|0x00000000fff00000, 0x0000000100000000, 0x0000000100000000|100%| O|  |TAMS 0x0000000100000000, 0x00000000fff00000| Updating 

Card table byte_map: [0x0000021fe73c0000,0x0000021fe77b0000] _byte_map_base: 0x0000021fe6faf000

Marking Bits (Prev, Next): (CMBitMap*) 0x0000021fcd856b20, (CMBitMap*) 0x0000021fcd856b60
 Prev Bits: [0x0000021fe7ba0000, 0x0000021fe9b18000)
 Next Bits: [0x0000021fe9b20000, 0x0000021feba98000)

Polling page: 0x0000021fcd8e0000

Metaspace:

Usage:
  Non-class:     50.26 MB capacity,    49.88 MB (>99%) used,   314.87 KB ( <1%) free+waste,    81.44 KB ( <1%) overhead. 
      Class:      7.98 MB capacity,     7.78 MB ( 97%) used,   174.20 KB (  2%) free+waste,    32.50 KB ( <1%) overhead. 
       Both:     58.24 MB capacity,    57.65 MB ( 99%) used,   489.07 KB ( <1%) free+waste,   113.94 KB ( <1%) overhead. 

Virtual space:
  Non-class space:       52.00 MB reserved,      50.42 MB ( 97%) committed 
      Class space:        1.00 GB reserved,       8.00 MB ( <1%) committed 
             Both:        1.05 GB reserved,      58.42 MB (  5%) committed 

Chunk freelists:
   Non-Class:  35.00 KB
       Class:  23.00 KB
        Both:  58.00 KB

MaxMetaspaceSize: 17179869184.00 GB
CompressedClassSpaceSize: 1.00 GB

CodeHeap 'non-profiled nmethods': size=238336Kb used=8887Kb max_used=8887Kb free=229449Kb
 bounds [0x0000021fd7c90000, 0x0000021fd8540000, 0x0000021fe6550000]
CodeHeap 'non-nmethods': size=7424Kb used=1386Kb max_used=1386Kb free=6037Kb
 bounds [0x0000021fd7550000, 0x0000021fd77c0000, 0x0000021fd7c90000]
 total_blobs=5735 nmethods=5140 adapters=522
 compilation: enabled
              stopped_count=0, restarted_count=0
 full_count=0

Compilation events (20 events):
Event: 5.400 Thread 0x0000021fee5892e0 5132       1       sun.nio.fs.WindowsPath::createFromNormalizedPath (7 bytes)
Event: 5.401 Thread 0x0000021fee5892e0 nmethod 5132 0x0000021fd8538f10 code [0x0000021fd85390a0, 0x0000021fd8539168]
Event: 5.401 Thread 0x0000021fee5892e0 5126       1       java.nio.file.Path::of (9 bytes)
Event: 5.401 Thread 0x0000021fee5892e0 nmethod 5126 0x0000021fd8539210 code [0x0000021fd85393c0, 0x0000021fd85394e8]
Event: 5.401 Thread 0x0000021fee5892e0 5131       1       sun.nio.fs.WindowsPath::toRealPath (6 bytes)
Event: 5.401 Thread 0x0000021fee5892e0 nmethod 5131 0x0000021fd8539610 code [0x0000021fd8539800, 0x0000021fd8539ad8]
Event: 5.401 Thread 0x0000021fee5892e0 5133       1       java.nio.file.Paths::get (6 bytes)
Event: 5.401 Thread 0x0000021fee5892e0 nmethod 5133 0x0000021fd8539d90 code [0x0000021fd8539f40, 0x0000021fd853a068]
Event: 5.402 Thread 0x0000021fee5892e0 5134       1       java.util.concurrent.locks.AbstractQueuedSynchronizer$Node::<init> (5 bytes)
Event: 5.402 Thread 0x0000021fee5892e0 nmethod 5134 0x0000021fd853a190 code [0x0000021fd853a320, 0x0000021fd853a3d8]
Event: 5.403 Thread 0x0000021fee5892e0 5135       1       nonapi.io.github.classgraph.utils.CollectionUtils::sortCopy (25 bytes)
Event: 5.404 Thread 0x0000021fee5892e0 nmethod 5135 0x0000021fd853a490 code [0x0000021fd853a640, 0x0000021fd853a798]
Event: 5.404 Thread 0x0000021fee5892e0 5136   !   1       sun.nio.fs.WindowsUriSupport::toUri (245 bytes)
Event: 5.408 Thread 0x0000021fee5892e0 nmethod 5136 0x0000021fd853a890 code [0x0000021fd853ac40, 0x0000021fd853bd68]
Event: 5.408 Thread 0x0000021fee5892e0 5137       1       sun.nio.fs.WindowsPath::toUri (5 bytes)
Event: 5.408 Thread 0x0000021fee5892e0 nmethod 5137 0x0000021fd853c810 code [0x0000021fd853c9a0, 0x0000021fd853ca88]
Event: 5.408 Thread 0x0000021fee5892e0 5138   !   1       sun.nio.fs.WindowsUriSupport::toUri (48 bytes)
Event: 5.409 Thread 0x0000021fee5892e0 nmethod 5138 0x0000021fd853cb10 code [0x0000021fd853cd00, 0x0000021fd853d0c8]
Event: 5.409 Thread 0x0000021fee5892e0 5139       1       sun.nio.fs.WindowsPath::isUnc (16 bytes)
Event: 5.409 Thread 0x0000021fee5892e0 nmethod 5139 0x0000021fd853d510 code [0x0000021fd853d6a0, 0x0000021fd853d778]

GC Heap History (20 events):
Event: 3.202 GC heap after
{Heap after GC invocations=10 (full 0):
 garbage-first heap   total 58368K, used 19221K [0x0000000082200000, 0x0000000100000000)
  region size 1024K, 4 young (4096K), 4 survivors (4096K)
 Metaspace       used 36874K, capacity 37412K, committed 37680K, reserved 1081344K
  class space    used 4968K, capacity 5167K, committed 5248K, reserved 1048576K
}
Event: 3.551 GC heap before
{Heap before GC invocations=10 (full 0):
 garbage-first heap   total 58368K, used 36629K [0x0000000082200000, 0x0000000100000000)
  region size 1024K, 23 young (23552K), 4 survivors (4096K)
 Metaspace       used 41242K, capacity 41709K, committed 41776K, reserved 1085440K
  class space    used 5566K, capacity 5746K, committed 5760K, reserved 1048576K
}
Event: 3.556 GC heap after
{Heap after GC invocations=11 (full 0):
 garbage-first heap   total 70656K, used 20559K [0x0000000082200000, 0x0000000100000000)
  region size 1024K, 3 young (3072K), 3 survivors (3072K)
 Metaspace       used 41242K, capacity 41709K, committed 41776K, reserved 1085440K
  class space    used 5566K, capacity 5746K, committed 5760K, reserved 1048576K
}
Event: 4.071 GC heap before
{Heap before GC invocations=12 (full 0):
 garbage-first heap   total 70656K, used 55375K [0x0000000082200000, 0x0000000100000000)
  region size 1024K, 37 young (37888K), 3 survivors (3072K)
 Metaspace       used 47775K, capacity 48261K, committed 48432K, reserved 1091584K
  class space    used 6546K, capacity 6712K, committed 6784K, reserved 1048576K
}
Event: 4.075 GC heap after
{Heap after GC invocations=13 (full 0):
 garbage-first heap   total 70656K, used 22026K [0x0000000082200000, 0x0000000100000000)
  region size 1024K, 4 young (4096K), 4 survivors (4096K)
 Metaspace       used 47775K, capacity 48261K, committed 48432K, reserved 1091584K
  class space    used 6546K, capacity 6712K, committed 6784K, reserved 1048576K
}
Event: 4.487 GC heap before
{Heap before GC invocations=13 (full 0):
 garbage-first heap   total 70656K, used 55818K [0x0000000082200000, 0x0000000100000000)
  region size 1024K, 37 young (37888K), 4 survivors (4096K)
 Metaspace       used 53216K, capacity 53725K, committed 53936K, reserved 1095680K
  class space    used 7246K, capacity 7422K, committed 7424K, reserved 1048576K
}
Event: 4.491 GC heap after
{Heap after GC invocations=14 (full 0):
 garbage-first heap   total 70656K, used 23925K [0x0000000082200000, 0x0000000100000000)
  region size 1024K, 4 young (4096K), 4 survivors (4096K)
 Metaspace       used 53216K, capacity 53725K, committed 53936K, reserved 1095680K
  class space    used 7246K, capacity 7422K, committed 7424K, reserved 1048576K
}
Event: 4.835 GC heap before
{Heap before GC invocations=14 (full 0):
 garbage-first heap   total 70656K, used 56693K [0x0000000082200000, 0x0000000100000000)
  region size 1024K, 36 young (36864K), 4 survivors (4096K)
 Metaspace       used 56929K, capacity 57393K, committed 57520K, reserved 1099776K
  class space    used 7723K, capacity 7893K, committed 7936K, reserved 1048576K
}
Event: 4.840 GC heap after
{Heap after GC invocations=15 (full 0):
 garbage-first heap   total 70656K, used 26120K [0x0000000082200000, 0x0000000100000000)
  region size 1024K, 5 young (5120K), 5 survivors (5120K)
 Metaspace       used 56929K, capacity 57393K, committed 57520K, reserved 1099776K
  class space    used 7723K, capacity 7893K, committed 7936K, reserved 1048576K
}
Event: 5.083 GC heap before
{Heap before GC invocations=15 (full 0):
 garbage-first heap   total 70656K, used 55816K [0x0000000082200000, 0x0000000100000000)
  region size 1024K, 34 young (34816K), 5 survivors (5120K)
 Metaspace       used 58897K, capacity 59475K, committed 59568K, reserved 1101824K
  class space    used 7950K, capacity 8136K, committed 8192K, reserved 1048576K
}
Event: 5.090 GC heap after
{Heap after GC invocations=16 (full 0):
 garbage-first heap   total 70656K, used 31931K [0x0000000082200000, 0x0000000100000000)
  region size 1024K, 5 young (5120K), 5 survivors (5120K)
 Metaspace       used 58897K, capacity 59475K, committed 59568K, reserved 1101824K
  class space    used 7950K, capacity 8136K, committed 8192K, reserved 1048576K
}
Event: 5.179 GC heap before
{Heap before GC invocations=16 (full 0):
 garbage-first heap   total 70656K, used 53435K [0x0000000082200000, 0x0000000100000000)
  region size 1024K, 27 young (27648K), 5 survivors (5120K)
 Metaspace       used 59022K, capacity 59638K, committed 59824K, reserved 1101824K
  class space    used 7962K, capacity 8169K, committed 8192K, reserved 1048576K
}
Event: 5.187 GC heap after
{Heap after GC invocations=17 (full 0):
 garbage-first heap   total 84992K, used 36573K [0x0000000082200000, 0x0000000100000000)
  region size 1024K, 4 young (4096K), 4 survivors (4096K)
 Metaspace       used 59022K, capacity 59638K, committed 59824K, reserved 1101824K
  class space    used 7962K, capacity 8169K, committed 8192K, reserved 1048576K
}
Event: 5.256 GC heap before
{Heap before GC invocations=17 (full 0):
 garbage-first heap   total 84992K, used 63197K [0x0000000082200000, 0x0000000100000000)
  region size 1024K, 30 young (30720K), 4 survivors (4096K)
 Metaspace       used 59023K, capacity 59638K, committed 59824K, reserved 1101824K
  class space    used 7962K, capacity 8169K, committed 8192K, reserved 1048576K
}
Event: 5.261 GC heap after
{Heap after GC invocations=18 (full 0):
 garbage-first heap   total 84992K, used 42642K [0x0000000082200000, 0x0000000100000000)
  region size 1024K, 4 young (4096K), 4 survivors (4096K)
 Metaspace       used 59023K, capacity 59638K, committed 59824K, reserved 1101824K
  class space    used 7962K, capacity 8169K, committed 8192K, reserved 1048576K
}
Event: 5.348 GC heap before
{Heap before GC invocations=18 (full 0):
 garbage-first heap   total 84992K, used 59026K [0x0000000082200000, 0x0000000100000000)
  region size 1024K, 22 young (22528K), 4 survivors (4096K)
 Metaspace       used 59034K, capacity 59638K, committed 59824K, reserved 1101824K
  class space    used 7962K, capacity 8169K, committed 8192K, reserved 1048576K
}
Event: 5.353 GC heap after
{Heap after GC invocations=19 (full 0):
 garbage-first heap   total 84992K, used 48457K [0x0000000082200000, 0x0000000100000000)
  region size 1024K, 4 young (4096K), 4 survivors (4096K)
 Metaspace       used 59034K, capacity 59638K, committed 59824K, reserved 1101824K
  class space    used 7962K, capacity 8169K, committed 8192K, reserved 1048576K
}
Event: 5.378 GC heap before
{Heap before GC invocations=19 (full 0):
 garbage-first heap   total 84992K, used 63817K [0x0000000082200000, 0x0000000100000000)
  region size 1024K, 19 young (19456K), 4 survivors (4096K)
 Metaspace       used 59034K, capacity 59638K, committed 59824K, reserved 1101824K
  class space    used 7962K, capacity 8169K, committed 8192K, reserved 1048576K
}
Event: 5.382 GC heap after
{Heap after GC invocations=20 (full 0):
 garbage-first heap   total 84992K, used 52259K [0x0000000082200000, 0x0000000100000000)
  region size 1024K, 3 young (3072K), 3 survivors (3072K)
 Metaspace       used 59034K, capacity 59638K, committed 59824K, reserved 1101824K
  class space    used 7962K, capacity 8169K, committed 8192K, reserved 1048576K
}
Event: 5.411 GC heap before
{Heap before GC invocations=20 (full 0):
 garbage-first heap   total 101376K, used 61475K [0x0000000082200000, 0x0000000100000000)
  region size 1024K, 16 young (16384K), 3 survivors (3072K)
 Metaspace       used 59034K, capacity 59638K, committed 59824K, reserved 1101824K
  class space    used 7962K, capacity 8169K, committed 8192K, reserved 1048576K
}

Deoptimization events (20 events):
Event: 5.341 Thread 0x0000021ff045ba20 DEOPT PACKING pc=0x0000021fd847d074 sp=0x000000d04fdfe9a0
Event: 5.341 Thread 0x0000021ff045ba20 DEOPT UNPACKING pc=0x0000021fd759e23f sp=0x000000d04fdfde58 mode 1
Event: 5.341 Thread 0x0000021ff045a6e0 DEOPT PACKING pc=0x0000021fd847d074 sp=0x000000d04fbfebc0
Event: 5.341 Thread 0x0000021ff045a6e0 DEOPT UNPACKING pc=0x0000021fd759e23f sp=0x000000d04fbfe078 mode 1
Event: 5.341 Thread 0x0000021ff045ba20 DEOPT PACKING pc=0x0000021fd847d074 sp=0x000000d04fdfe9a0
Event: 5.341 Thread 0x0000021ff045ba20 DEOPT UNPACKING pc=0x0000021fd759e23f sp=0x000000d04fdfde58 mode 1
Event: 5.341 Thread 0x0000021ff045a6e0 DEOPT PACKING pc=0x0000021fd847d074 sp=0x000000d04fbfebc0
Event: 5.341 Thread 0x0000021ff045a6e0 DEOPT UNPACKING pc=0x0000021fd759e23f sp=0x000000d04fbfe078 mode 1
Event: 5.342 Thread 0x0000021ff045ba20 DEOPT PACKING pc=0x0000021fd847d074 sp=0x000000d04fdfe9a0
Event: 5.342 Thread 0x0000021ff045ba20 DEOPT UNPACKING pc=0x0000021fd759e23f sp=0x000000d04fdfde58 mode 1
Event: 5.342 Thread 0x0000021ff045ba20 DEOPT PACKING pc=0x0000021fd847d074 sp=0x000000d04fdfe9a0
Event: 5.342 Thread 0x0000021ff045ba20 DEOPT UNPACKING pc=0x0000021fd759e23f sp=0x000000d04fdfde58 mode 1
Event: 5.342 Thread 0x0000021ff045ba20 DEOPT PACKING pc=0x0000021fd847d074 sp=0x000000d04fdfe9a0
Event: 5.342 Thread 0x0000021ff045ba20 DEOPT UNPACKING pc=0x0000021fd759e23f sp=0x000000d04fdfde58 mode 1
Event: 5.358 Thread 0x0000021ff016f9a0 DEOPT PACKING pc=0x0000021fd812231c sp=0x000000d04ecfe940
Event: 5.358 Thread 0x0000021ff016f9a0 DEOPT UNPACKING pc=0x0000021fd759e23f sp=0x000000d04ecfde88 mode 1
Event: 5.358 Thread 0x0000021ff016f9a0 DEOPT PACKING pc=0x0000021fd8003dfc sp=0x000000d04ecfea40
Event: 5.358 Thread 0x0000021ff016f9a0 DEOPT UNPACKING pc=0x0000021fd759e23f sp=0x000000d04ecfdee0 mode 1
Event: 5.358 Thread 0x0000021ff016f9a0 DEOPT PACKING pc=0x0000021fd800800c sp=0x000000d04ecfea90
Event: 5.358 Thread 0x0000021ff016f9a0 DEOPT UNPACKING pc=0x0000021fd759e23f sp=0x000000d04ecfdf80 mode 1

Classes unloaded (0 events):
No events

Classes redefined (0 events):
No events

Internal exceptions (20 events):
Event: 5.340 Thread 0x0000021ff045a6e0 Exception <a 'sun/nio/fs/WindowsException'{0x0000000086639f98}> (0x0000000086639f98) 
thrown [./src/hotspot/share/prims/jni.cpp, line 578]
Event: 5.341 Thread 0x0000021ff045ba20 Exception <a 'sun/nio/fs/WindowsException'{0x00000000866443d8}> (0x00000000866443d8) 
thrown [./src/hotspot/share/prims/jni.cpp, line 578]
Event: 5.341 Thread 0x0000021ff045a6e0 Exception <a 'sun/nio/fs/WindowsException'{0x000000008663a918}> (0x000000008663a918) 
thrown [./src/hotspot/share/prims/jni.cpp, line 578]
Event: 5.341 Thread 0x0000021ff045ba20 Exception <a 'sun/nio/fs/WindowsException'{0x0000000086644708}> (0x0000000086644708) 
thrown [./src/hotspot/share/prims/jni.cpp, line 578]
Event: 5.341 Thread 0x0000021ff045a6e0 Exception <a 'sun/nio/fs/WindowsException'{0x000000008663ac60}> (0x000000008663ac60) 
thrown [./src/hotspot/share/prims/jni.cpp, line 578]
Event: 5.341 Thread 0x0000021ff045ba20 Exception <a 'sun/nio/fs/WindowsException'{0x0000000086645078}> (0x0000000086645078) 
thrown [./src/hotspot/share/prims/jni.cpp, line 578]
Event: 5.341 Thread 0x0000021ff045a6e0 Exception <a 'sun/nio/fs/WindowsException'{0x000000008663b5f8}> (0x000000008663b5f8) 
thrown [./src/hotspot/share/prims/jni.cpp, line 578]
Event: 5.341 Thread 0x0000021ff045ba20 Exception <a 'sun/nio/fs/WindowsException'{0x0000000086645398}> (0x0000000086645398) 
thrown [./src/hotspot/share/prims/jni.cpp, line 578]
Event: 5.341 Thread 0x0000021ff045a6e0 Exception <a 'sun/nio/fs/WindowsException'{0x000000008663b958}> (0x000000008663b958) 
thrown [./src/hotspot/share/prims/jni.cpp, line 578]
Event: 5.341 Thread 0x0000021ff045ba20 Exception <a 'sun/nio/fs/WindowsException'{0x0000000086645d10}> (0x0000000086645d10) 
thrown [./src/hotspot/share/prims/jni.cpp, line 578]
Event: 5.341 Thread 0x0000021ff045a6e0 Exception <a 'sun/nio/fs/WindowsException'{0x000000008663c2e8}> (0x000000008663c2e8) 
thrown [./src/hotspot/share/prims/jni.cpp, line 578]
Event: 5.341 Thread 0x0000021ff045ba20 Exception <a 'sun/nio/fs/WindowsException'{0x0000000086646040}> (0x0000000086646040) 
thrown [./src/hotspot/share/prims/jni.cpp, line 578]
Event: 5.341 Thread 0x0000021ff045a6e0 Exception <a 'sun/nio/fs/WindowsException'{0x000000008663c640}> (0x000000008663c640) 
thrown [./src/hotspot/share/prims/jni.cpp, line 578]
Event: 5.341 Thread 0x0000021ff045ba20 Exception <a 'sun/nio/fs/WindowsException'{0x00000000866469d8}> (0x00000000866469d8) 
thrown [./src/hotspot/share/prims/jni.cpp, line 578]
Event: 5.342 Thread 0x0000021ff045ba20 Exception <a 'sun/nio/fs/WindowsException'{0x0000000086646d28}> (0x0000000086646d28) 
thrown [./src/hotspot/share/prims/jni.cpp, line 578]
Event: 5.342 Thread 0x0000021ff045ba20 Exception <a 'sun/nio/fs/WindowsException'{0x00000000866476d0}> (0x00000000866476d0) 
thrown [./src/hotspot/share/prims/jni.cpp, line 578]
Event: 5.342 Thread 0x0000021ff045ba20 Exception <a 'sun/nio/fs/WindowsException'{0x0000000086647a30}> (0x0000000086647a30) 
thrown [./src/hotspot/share/prims/jni.cpp, line 578]
Event: 5.342 Thread 0x0000021ff045ba20 Exception <a 'sun/nio/fs/WindowsException'{0x00000000866483d0}> (0x00000000866483d0) 
thrown [./src/hotspot/share/prims/jni.cpp, line 578]
Event: 5.342 Thread 0x0000021ff045ba20 Exception <a 'sun/nio/fs/WindowsException'{0x0000000086648730}> (0x0000000086648730) 
thrown [./src/hotspot/share/prims/jni.cpp, line 578]
Event: 5.358 Thread 0x0000021ff016f9a0 Exception <a 'java/lang/reflect/InvocationTargetException'{0x0000000086f7be58}> (0x0000000086f7be58) 
thrown [./src/hotspot/share/runtime/reflection.cpp, line 1157]

Events (20 events):
Event: 5.394 Executing VM operation: ICBufferFull done
Event: 5.396 Executing VM operation: ICBufferFull
Event: 5.396 Executing coalesced safepoint VM operation: ICBufferFull
Event: 5.396 Executing coalesced safepoint VM operation: ICBufferFull done
Event: 5.396 Executing VM operation: ICBufferFull done
Event: 5.398 Executing VM operation: ICBufferFull
Event: 5.398 Executing coalesced safepoint VM operation: ICBufferFull
Event: 5.398 Executing coalesced safepoint VM operation: ICBufferFull done
Event: 5.398 Executing VM operation: ICBufferFull done
Event: 5.400 Executing VM operation: ICBufferFull
Event: 5.400 Executing VM operation: ICBufferFull done
Event: 5.401 Executing VM operation: ICBufferFull
Event: 5.401 Executing coalesced safepoint VM operation: ICBufferFull
Event: 5.401 Executing coalesced safepoint VM operation: ICBufferFull done
Event: 5.401 Executing coalesced safepoint VM operation: ICBufferFull
Event: 5.401 Executing coalesced safepoint VM operation: ICBufferFull done
Event: 5.401 Executing VM operation: ICBufferFull done
Event: 5.404 Executing VM operation: G1Concurrent
Event: 5.406 Executing VM operation: G1Concurrent done
Event: 5.410 Executing VM operation: G1CollectForAllocation


Dynamic libraries:
0x00007ff7cf220000 - 0x00007ff7cf22d000 	C:\Users\artem.belyshev\.jdks\azul-15.0.10\bin\java.exe
0x00007ffb28cf0000 - 0x00007ffb28ee8000 	C:\Windows\SYSTEM32\ntdll.dll
0x00007ffb27ef0000 - 0x00007ffb27faf000 	C:\Windows\System32\KERNEL32.DLL
0x00007ffb26690000 - 0x00007ffb26962000 	C:\Windows\System32\KERNELBASE.dll
0x00007ffb264f0000 - 0x00007ffb265f0000 	C:\Windows\System32\ucrtbase.dll
0x00007ffb1ca20000 - 0x00007ffb1ca35000 	C:\Users\artem.belyshev\.jdks\azul-15.0.10\bin\VCRUNTIME140.dll
0x00007ffb1cd50000 - 0x00007ffb1cd68000 	C:\Users\artem.belyshev\.jdks\azul-15.0.10\bin\jli.dll
0x00007ffb280e0000 - 0x00007ffb28281000 	C:\Windows\System32\USER32.dll
0x00007ffb26d00000 - 0x00007ffb26d22000 	C:\Windows\System32\win32u.dll
0x00007ffb06c50000 - 0x00007ffb06eea000 	C:\Windows\WinSxS\amd64_microsoft.windows.common-controls_6595b64144ccf1df_6.0.19041.1110_none_60b5254171f9507e\COMCTL32.dll
0x00007ffb278a0000 - 0x00007ffb2793e000 	C:\Windows\System32\msvcrt.dll
0x00007ffb277d0000 - 0x00007ffb277fb000 	C:\Windows\System32\GDI32.dll
0x00007ffb263e0000 - 0x00007ffb264ef000 	C:\Windows\System32\gdi32full.dll
0x00007ffb265f0000 - 0x00007ffb2668d000 	C:\Windows\System32\msvcp_win.dll
0x00007ffb27790000 - 0x00007ffb277c2000 	C:\Windows\System32\IMM32.DLL
0x00007ffb035d0000 - 0x00007ffb0366b000 	C:\Users\artem.belyshev\.jdks\azul-15.0.10\bin\msvcp140.dll
0x00007ffaaa8b0000 - 0x00007ffaab44c000 	C:\Users\artem.belyshev\.jdks\azul-15.0.10\bin\server\jvm.dll
0x00007ffb283b0000 - 0x00007ffb2845e000 	C:\Windows\System32\ADVAPI32.dll
0x00007ffb27800000 - 0x00007ffb2789c000 	C:\Windows\System32\sechost.dll
0x00007ffb279a0000 - 0x00007ffb27ac5000 	C:\Windows\System32\RPCRT4.dll
0x00007ffb27ee0000 - 0x00007ffb27ee8000 	C:\Windows\System32\PSAPI.DLL
0x00007ffaf85d0000 - 0x00007ffaf85f7000 	C:\Windows\SYSTEM32\WINMM.dll
0x00007ffb1bda0000 - 0x00007ffb1bdaa000 	C:\Windows\SYSTEM32\VERSION.dll
0x00007ffb089d0000 - 0x00007ffb089d9000 	C:\Windows\SYSTEM32\WSOCK32.dll
0x00007ffb28460000 - 0x00007ffb284cb000 	C:\Windows\System32\WS2_32.dll
0x00007ffb24c30000 - 0x00007ffb24c42000 	C:\Windows\SYSTEM32\kernel.appcore.dll
0x00007ffb1d650000 - 0x00007ffb1d65a000 	C:\Users\artem.belyshev\.jdks\azul-15.0.10\bin\jimage.dll
0x00007ffb20aa0000 - 0x00007ffb20c84000 	C:\Windows\SYSTEM32\DBGHELP.DLL
0x00007ffb1c860000 - 0x00007ffb1c895000 	C:\Windows\SYSTEM32\dbgcore.DLL
0x00007ffb26c70000 - 0x00007ffb26cf2000 	C:\Windows\System32\bcryptPrimitives.dll
0x00007ffb1ab10000 - 0x00007ffb1ab48000 	C:\Users\artem.belyshev\.jdks\azul-15.0.10\bin\jdwp.dll
0x00007ffb1cd40000 - 0x00007ffb1cd4e000 	C:\Users\artem.belyshev\.jdks\azul-15.0.10\bin\instrument.dll
0x00007ffb1c9f0000 - 0x00007ffb1ca15000 	C:\Users\artem.belyshev\.jdks\azul-15.0.10\bin\java.dll
0x00007ffb1aea0000 - 0x00007ffb1aeb8000 	C:\Users\artem.belyshev\.jdks\azul-15.0.10\bin\zip.dll
0x00007ffb27040000 - 0x00007ffb27785000 	C:\Windows\System32\SHELL32.dll
0x00007ffb24450000 - 0x00007ffb24be2000 	C:\Windows\SYSTEM32\windows.storage.dll
0x00007ffb27ad0000 - 0x00007ffb27e25000 	C:\Windows\System32\combase.dll
0x00007ffb25dd0000 - 0x00007ffb25e00000 	C:\Windows\SYSTEM32\Wldp.dll
0x00007ffb26f90000 - 0x00007ffb2703d000 	C:\Windows\System32\SHCORE.dll
0x00007ffb27940000 - 0x00007ffb27995000 	C:\Windows\System32\shlwapi.dll
0x00007ffb26320000 - 0x00007ffb2633f000 	C:\Windows\SYSTEM32\profapi.dll
0x00007ffb1b560000 - 0x00007ffb1b56b000 	C:\Users\artem.belyshev\.jdks\azul-15.0.10\bin\dt_socket.dll
0x00007ffb257b0000 - 0x00007ffb257eb000 	C:\Windows\SYSTEM32\IPHLPAPI.DLL
0x00007ffb25ac0000 - 0x00007ffb25b2a000 	C:\Windows\system32\mswsock.dll
0x00007ffb1bb60000 - 0x00007ffb1bb79000 	C:\Users\artem.belyshev\.jdks\azul-15.0.10\bin\net.dll
0x00007ffb1cb20000 - 0x00007ffb1cc2c000 	C:\Windows\SYSTEM32\WINHTTP.dll
0x00007ffb1afa0000 - 0x00007ffb1afb2000 	C:\Users\artem.belyshev\.jdks\azul-15.0.10\bin\nio.dll
0x00007ffb257f0000 - 0x00007ffb258bb000 	C:\Windows\SYSTEM32\DNSAPI.dll
0x00007ffb284d0000 - 0x00007ffb284d8000 	C:\Windows\System32\NSI.dll
0x00007ffb1aac0000 - 0x00007ffb1aaca000 	C:\Windows\System32\rasadhlp.dll
0x00007ffb1e9f0000 - 0x00007ffb1ea70000 	C:\Windows\System32\fwpuclnt.dll
0x00007ffb26a20000 - 0x00007ffb26a47000 	C:\Windows\System32\bcrypt.dll
0x00007ffb1ae70000 - 0x00007ffb1ae79000 	C:\Users\artem.belyshev\.jdks\azul-15.0.10\bin\management.dll
0x00007ffb1ae60000 - 0x00007ffb1ae6b000 	C:\Users\artem.belyshev\.jdks\azul-15.0.10\bin\management_ext.dll
0x00007ffb25cb0000 - 0x00007ffb25cc8000 	C:\Windows\SYSTEM32\CRYPTSP.dll
0x00007ffb253e0000 - 0x00007ffb25414000 	C:\Windows\system32\rsaenh.dll
0x00007ffb262e0000 - 0x00007ffb2630e000 	C:\Windows\SYSTEM32\USERENV.dll
0x00007ffb25cd0000 - 0x00007ffb25cdc000 	C:\Windows\SYSTEM32\CRYPTBASE.dll
0x00007ffb1e8b0000 - 0x00007ffb1e8c7000 	C:\Windows\SYSTEM32\dhcpcsvc6.DLL
0x00007ffb1e890000 - 0x00007ffb1e8ad000 	C:\Windows\SYSTEM32\dhcpcsvc.DLL
0x00007ffaea0c0000 - 0x00007ffaea0d7000 	C:\Windows\system32\napinsp.dll
0x00007ffaea520000 - 0x00007ffaea53b000 	C:\Windows\system32\pnrpnsp.dll
0x00007ffaeb720000 - 0x00007ffaeb735000 	C:\Windows\system32\wshbth.dll
0x00007ffb1d800000 - 0x00007ffb1d81d000 	C:\Windows\system32\NLAapi.dll
0x00007ffaec180000 - 0x00007ffaec192000 	C:\Windows\System32\winrnr.dll
0x00007ffb1ae90000 - 0x00007ffb1aea0000 	C:\Users\artem.belyshev\.jdks\azul-15.0.10\bin\verify.dll

dbghelp: loaded successfully - version: 4.0.5 - missing functions: none
symbol engine: initialized successfully - sym options: 0x614 - pdb path: .;C:\Users\artem.belyshev\.jdks\azul-15.0.10\bin;C:\Windows\SYSTEM32;C:\Windows\WinSxS\amd64_microsoft.windows.common-controls_6595b64144ccf1df_6.0.19041.1110_none_60b5254171f9507e;C:\Users\artem.belyshev\.jdks\azul-15.0.10\bin\server

VM Arguments:
jvm_args: -agentlib:jdwp=transport=dt_socket,address=127.0.0.1:54748,suspend=y,server=n -XX:TieredStopAtLevel=1 -Dspring.output.ansi.enabled=always -Dcom.sun.management.jmxremote -Dspring.jmx.enabled=true -Dspring.liveBeansView.mbeanDomain -Dspring.application.admin.enabled=true -Dmanagement.endpoints.jmx.exposure.include=* -javaagent:C:\Users\artem.belyshev\AppData\Local\JetBrains\IntelliJIdea2022.3\captureAgent\debugger-agent.jar -Dfile.encoding=UTF-8 
java_command: cz.kct.Tutorial
java_class_path (initial): C:\Users\artem.belyshev\IdeaProjects\kct.data.spring\out\production\classes;C:\Users\artem.belyshev\IdeaProjects\kct.data.spring\out\production\resources;C:\Users\artem.belyshev\.gradle\caches\modules-2\files-2.1\org.projectlombok\lombok\1.18.4\7103ab519b1cdbb0642ad4eaf1db209d905d0f96\lombok-1.18.4.jar;C:\Users\artem.belyshev\.gradle\caches\modules-2\files-2.1\org.springframework.boot\spring-boot-starter-data-jpa\2.7.8\ace969cae39b4479ffedd58e04c5a6eca60c94a5\spring-boot-starter-data-jpa-2.7.8.jar;C:\Users\artem.belyshev\.gradle\caches\modules-2\files-2.1\org.springframework.boot\spring-boot-starter-web\2.4.5\93cf2655557534e35723fbafa069bed2ee125832\spring-boot-starter-web-2.4.5.jar;C:\Users\artem.belyshev\.gradle\caches\modules-2\files-2.1\org.modelmapper\modelmapper\3.1.1\6636e94590e9d98e5e7db7e4fafcc15e9390e18d\modelmapper-3.1.1.jar;C:\Users\artem.belyshev\.gradle\caches\modules-2\files-2.1\io.github.openfeign\feign-jackson\9.3.1\17d39be26c4c53231087da6f5082473015986fd7\feign-jackson-9.3.1.jar;C:\Users\artem.belyshev\.gradle\caches\modules-2\files-2.1\org.springdoc\springdoc-openapi-ui\1.6.14\20f7c293f72552dce117be99cf15e69249effda8\springdoc-openapi-ui-1.6.14.jar;C:\Users\artem.belyshev\.gradle\caches\modules-2\files-2.1\org.postgresql\postgresql\42.4.3\94866dd0f9ea533c61b29261673ac0616e3a6517\postgresql-42.4.3.jar;C:\Users\artem.belyshev\.gradle\caches\modules-2\files-2.1\org.springframework.boot\spring-boot-starter-validation\2.4.5\27acd26bb55058472e91e44e8155b256a610b87e\spring-boot-starter-validation-2.4.5.jar;C:\Users\artem.belyshev\.gradle\caches\modules-2\files-2.1\org.springframework.boot\spring-boot-starter-aop\2.4.5\853bfc5d1c867f66880971515bda82ecc737e839\spring-boot-starter-aop-2.4.5.jar;C:\Users\artem.belyshev\.gradle\caches\modules-2\files-2.1\org.springframework.boot\spring-boot-starter-jdbc\2.4.5\abcca18ef5a2c877a5574a492b570bb260640de3\spring-boot-starter-jdbc-2.4.5.jar;C:\Users\artem.belyshev\.gradle\caches\modules-
Launcher Type: SUN_STANDARD

[Global flags]
     intx CICompilerCount                          = 4                                         {product} {ergonomic}
     uint ConcGCThreads                            = 2                                         {product} {ergonomic}
     uint G1ConcRefinementThreads                  = 8                                         {product} {ergonomic}
   size_t G1HeapRegionSize                         = 1048576                                   {product} {ergonomic}
    uintx GCDrainStackTargetSize                   = 64                                        {product} {ergonomic}
   size_t InitialHeapSize                          = 132120576                                 {product} {ergonomic}
     bool ManagementServer                         = true                                      {product} {command line}
   size_t MarkStackSize                            = 4194304                                   {product} {ergonomic}
   size_t MaxHeapSize                              = 2111832064                                {product} {ergonomic}
   size_t MaxNewSize                               = 1266679808                                {product} {ergonomic}
   size_t MinHeapDeltaBytes                        = 1048576                                   {product} {ergonomic}
   size_t MinHeapSize                              = 8388608                                   {product} {ergonomic}
    uintx NonNMethodCodeHeapSize                   = 7549744                                {pd product} {ergonomic}
    uintx NonProfiledCodeHeapSize                  = 244108496                              {pd product} {ergonomic}
    uintx ProfiledCodeHeapSize                     = 0                                      {pd product} {ergonomic}
    uintx ReservedCodeCacheSize                    = 251658240                              {pd product} {ergonomic}
     bool SegmentedCodeCache                       = true                                      {product} {ergonomic}
   size_t SoftMaxHeapSize                          = 2111832064                             {manageable} {ergonomic}
     intx TieredStopAtLevel                        = 1                                         {product} {command line}
     bool UseCompressedClassPointers               = true                                 {lp64_product} {ergonomic}
     bool UseCompressedOops                        = true                                 {lp64_product} {ergonomic}
     bool UseG1GC                                  = true                                      {product} {ergonomic}
     bool UseLargePagesIndividualAllocation        = false                                  {pd product} {ergonomic}

Logging:
Log output configuration:
 #0: stdout all=warning uptime,level,tags
 #1: stderr all=off uptime,level,tags

Environment Variables:
PATH=C:\Windows\system32;C:\Windows;C:\Windows\System32\Wbem;C:\Windows\System32\WindowsPowerShell\v1.0\;C:\Windows\System32\OpenSSH\;C:\Program Files\Git\cmd;C:\Program Files\nodejs\;C:\Program Files\dotnet\;C:\Users\artem.belyshev\AppData\Local\Microsoft\WindowsApps;C:\Users\artem.belyshev\AppData\Roaming\npm;C:\Users\artem.belyshev\AppData\Local\Programs\Microsoft VS Code\bin;C:\Users\artem.belyshev\.dotnet\tools
USERNAME=artem.belyshev
OS=Windows_NT
PROCESSOR_IDENTIFIER=Intel64 Family 6 Model 142 Stepping 10, GenuineIntel



---------------  S Y S T E M  ---------------

OS:
 Windows 10 , 64 bit Build 19041 (10.0.19041.2546)
OS uptime: 0 days 1:11 hours

CPU: total 8 (initial active 8) (4 cores per cpu, 2 threads per core) family 6 model 142 stepping 10 microcode 0xf0, cmov, cx8, fxsr, mmx, sse, sse2, sse3, ssse3, sse4.1, sse4.2, popcnt, vzeroupper, avx, avx2, aes, clmul, erms, rtm, 3dnowpref, lzcnt, ht, tsc, tscinvbit, bmi1, bmi2, adx, fma, clflush, clflushopt

Memory: 4k page, system-wide physical 8050M (657M free)
TotalPageFile size 9074M (AvailPageFile size 5M)
current process WorkingSet (physical memory assigned to process): 233M, peak: 233M
current process commit charge ("private bytes"): 287M, peak: 307M

vm_info: OpenJDK 64-Bit Server VM (15.0.10+5-MTS) for windows-amd64 JRE (15.0.10+5-MTS) (Zulu15.46+17-CA), built on Jan  7 2023 17:34:05 by "zulu_re" with MS VC++ 15.9 (VS2017)

END.
