#
# There is insufficient memory for the Java Runtime Environment to continue.
# Native memory allocation (mmap) failed to map 22020096 bytes for G1 virtual space
# Possible reasons:
#   The system is out of physical RAM or swap space
#   The process is running with CompressedOops enabled, and the Java Heap may be blocking the growth of the native heap
# Possible solutions:
#   Reduce memory load on the system
#   Increase physical memory or swap space
#   Check if swap backing store is full
#   Decrease Java heap size (-Xmx/-Xms)
#   Decrease number of Java threads
#   Decrease Java thread stack sizes (-Xss)
#   Set larger code cache with -XX:ReservedCodeCacheSize=
#   JVM is running with Unscaled Compressed Oops mode in which the Java heap is
#     placed in the first 4GB address space. The Java Heap base address is the
#     maximum limit for the native heap growth. Please use -XX:HeapBaseMinAddress
#     to set the Java Heap base and to place the Java Heap above 4GB virtual address.
# This output file may be truncated or incomplete.
#
#  Out of Memory Error (./src/hotspot/os/windows/os_windows.cpp:3331), pid=10812, tid=2680
#
# JRE version: OpenJDK Runtime Environment Zulu15.46+17-CA (15.0.10+5) (build 15.0.10+5-MTS)
# Java VM: OpenJDK 64-Bit Server VM Zulu15.46+17-CA (15.0.10+5-MTS, mixed mode, sharing, tiered, compressed oops, g1 gc, windows-amd64)
# No core dump will be written. Minidumps are not enabled by default on client versions of Windows
#

---------------  S U M M A R Y ------------

Command Line: -XX:TieredStopAtLevel=1 -Dspring.output.ansi.enabled=always -Dcom.sun.management.jmxremote -Dspring.jmx.enabled=true -Dspring.liveBeansView.mbeanDomain -Dspring.application.admin.enabled=true -Dmanagement.endpoints.jmx.exposure.include=* -javaagent:C:\Program Files\JetBrains\IntelliJ IDEA 2022.3.2\lib\idea_rt.jar=60247:C:\Program Files\JetBrains\IntelliJ IDEA 2022.3.2\bin -Dfile.encoding=UTF-8 cz.kct.Tutorial

Host: Intel(R) Core(TM) i5-8350U CPU @ 1.70GHz, 8 cores, 7G,  Windows 10 , 64 bit Build 19041 (10.0.19041.2546)
Time: Tue Feb 21 10:38:45 2023 Central Europe Standard Time elapsed time: 4.598927 seconds (0d 0h 0m 4s)

---------------  T H R E A D  ---------------

Current thread (0x000001f76c62b4f0):  VMThread "VM Thread" [stack: 0x000000d253c00000,0x000000d253d00000] [id=2680]

Stack: [0x000000d253c00000,0x000000d253d00000]
[error occurred during error reporting (printing stack bounds), id 0xc0000005, EXCEPTION_ACCESS_VIOLATION (0xc0000005) at pc=0x000001f7556310ad]

Native frames: (J=compiled Java code, j=interpreted, Vv=VM code, C=native code)
V  [jvm.dll+0x6037ba]
V  [jvm.dll+0x7a3729]
V  [jvm.dll+0x7a4e83]
V  [jvm.dll+0x7a5435]
V  [jvm.dll+0x7a53eb]
V  [jvm.dll+0x602bdf]
V  [jvm.dll+0x6033a8]
C  [ntdll.dll+0xa241f]
C  [ntdll.dll+0x514a4]
C  [ntdll.dll+0xa0f4e]
C  0x000001f7556310ad

VM_Operation (0x000000d2538ff280): G1Concurrent, mode: safepoint, requested by thread 0x000001f74b963b90


---------------  P R O C E S S  ---------------

Threads class SMR info:
_java_thread_list=0x000001f76f33e5a0, length=19, elements={
0x000001f74b912930, 0x000001f76c62d510, 0x000001f76c630890, 0x000001f76c64cb10,
0x000001f76c6504f0, 0x000001f76c650eb0, 0x000001f76c655bd0, 0x000001f76c65c710,
0x000001f76d0792b0, 0x000001f76d3f0870, 0x000001f76d3f4d50, 0x000001f76d5890e0,
0x000001f76e5ff7d0, 0x000001f76e641e90, 0x000001f76ef522c0, 0x000001f76ef52790,
0x000001f76ef6bee0, 0x000001f76f1afdc0, 0x000001f76ecbdf80
}

Java Threads: ( => current thread )
  0x000001f74b912930 JavaThread "main" [_thread_blocked, id=7876, stack(0x000000d253600000,0x000000d253700000)]
  0x000001f76c62d510 JavaThread "Reference Handler" daemon [_thread_blocked, id=10756, stack(0x000000d253d00000,0x000000d253e00000)]
  0x000001f76c630890 JavaThread "Finalizer" daemon [_thread_blocked, id=2844, stack(0x000000d253e00000,0x000000d253f00000)]
  0x000001f76c64cb10 JavaThread "Signal Dispatcher" daemon [_thread_blocked, id=10372, stack(0x000000d253f00000,0x000000d254000000)]
  0x000001f76c6504f0 JavaThread "Attach Listener" daemon [_thread_blocked, id=13876, stack(0x000000d254000000,0x000000d254100000)]
  0x000001f76c650eb0 JavaThread "Service Thread" daemon [_thread_blocked, id=11436, stack(0x000000d254100000,0x000000d254200000)]
  0x000001f76c655bd0 JavaThread "C1 CompilerThread0" daemon [_thread_blocked, id=7188, stack(0x000000d254200000,0x000000d254300000)]
  0x000001f76c65c710 JavaThread "Sweeper thread" daemon [_thread_blocked, id=11000, stack(0x000000d254300000,0x000000d254400000)]
  0x000001f76d0792b0 JavaThread "Common-Cleaner" daemon [_thread_blocked, id=10868, stack(0x000000d254400000,0x000000d254500000)]
  0x000001f76d3f0870 JavaThread "Monitor Ctrl-Break" daemon [_thread_in_native, id=7312, stack(0x000000d254500000,0x000000d254600000)]
  0x000001f76d3f4d50 JavaThread "Notification Thread" daemon [_thread_blocked, id=13520, stack(0x000000d254600000,0x000000d254700000)]
  0x000001f76d5890e0 JavaThread "RMI TCP Accept-0" daemon [_thread_in_native, id=7592, stack(0x000000d254700000,0x000000d254800000)]
  0x000001f76e5ff7d0 JavaThread "RMI TCP Connection(1)-10.20.230.238" daemon [_thread_in_native, id=13768, stack(0x000000d254f00000,0x000000d255000000)]
  0x000001f76e641e90 JavaThread "RMI Scheduler(0)" daemon [_thread_blocked, id=13608, stack(0x000000d255000000,0x000000d255100000)]
  0x000001f76ef522c0 JavaThread "Catalina-utility-1" [_thread_blocked, id=8092, stack(0x000000d254d00000,0x000000d254e00000)]
  0x000001f76ef52790 JavaThread "Catalina-utility-2" [_thread_blocked, id=12108, stack(0x000000d255400000,0x000000d255500000)]
  0x000001f76ef6bee0 JavaThread "container-0" [_thread_blocked, id=3160, stack(0x000000d255500000,0x000000d255600000)]
  0x000001f76f1afdc0 JavaThread "HikariPool-1 housekeeper" daemon [_thread_blocked, id=14400, stack(0x000000d255900000,0x000000d255a00000)]
  0x000001f76ecbdf80 JavaThread "HikariPool-1 connection adder" daemon [_thread_blocked, id=9284, stack(0x000000d255a00000,0x000000d255b00000)]

Other Threads:
=>0x000001f76c62b4f0 VMThread "VM Thread" [stack: 0x000000d253c00000,0x000000d253d00000] [id=2680]
  0x000001f74b913870 WatcherThread [stack: 0x000000d254800000,0x000000d254900000] [id=7528]
  0x000001f74b952e80 GCTaskThread "GC Thread#0" [stack: 0x000000d253700000,0x000000d253800000] [id=14904]
  0x000001f76d9c29e0 GCTaskThread "GC Thread#1" [stack: 0x000000d254900000,0x000000d254a00000] [id=8148]
  0x000001f76d9c2050 GCTaskThread "GC Thread#2" [stack: 0x000000d254a00000,0x000000d254b00000] [id=14616]
  0x000001f76d9c1d20 GCTaskThread "GC Thread#3" [stack: 0x000000d254e00000,0x000000d254f00000] [id=14632]
  0x000001f76d9bfd40 GCTaskThread "GC Thread#4" [stack: 0x000000d255200000,0x000000d255300000] [id=9724]
  0x000001f76d9c16c0 GCTaskThread "GC Thread#5" [stack: 0x000000d255300000,0x000000d255400000] [id=9844]
  0x000001f76d9c2380 GCTaskThread "GC Thread#6" [stack: 0x000000d255600000,0x000000d255700000] [id=8452]
  0x000001f76d9c0070 GCTaskThread "GC Thread#7" [stack: 0x000000d255700000,0x000000d255800000] [id=10408]
  0x000001f74b963b90 ConcurrentGCThread "G1 Main Marker" [stack: 0x000000d253800000,0x000000d253900000] [id=7448]
  0x000001f74b964fd0 ConcurrentGCThread "G1 Conc#0" [stack: 0x000000d253900000,0x000000d253a00000] [id=9540]
  0x000001f76d9c1060 ConcurrentGCThread "G1 Conc#1" [stack: 0x000000d255100000,0x000000d255200000] [id=14148]
  0x000001f74b9dd770 ConcurrentGCThread "G1 Refine#0" [stack: 0x000000d253a00000,0x000000d253b00000] [id=8920]
  0x000001f76d9cade0 ConcurrentGCThread "G1 Refine#1" [stack: 0x000000d254b00000,0x000000d254c00000] [id=612]
  0x000001f76d9bcce0 ConcurrentGCThread "G1 Refine#2" [stack: 0x000000d254c00000,0x000000d254d00000] [id=14940]
  0x000001f74b9de370 ConcurrentGCThread "G1 Young RemSet Sampling" [stack: 0x000000d253b00000,0x000000d253c00000] [id=5436]

Threads with active compile tasks:
C1 CompilerThread0     4637 5217   !   1       nonapi.io.github.classgraph.classpath.ClasspathOrder::addClasspathEntry (1386 bytes)

VM state: at safepoint (normal execution)

VM Mutex/Monitor currently owned by a thread:  ([mutex/lock_event])
[0x000001f74b90ebc0] Threads_lock - owner thread: 0x000001f76c62b4f0
[0x000001f74b90ed70] Heap_lock - owner thread: 0x000001f74b963b90

Heap address: 0x0000000082200000, size: 2014 MB, Compressed Oops mode: 32-bit
CDS archive(s) mapped at: [0x0000000800000000-0x0000000800b50000-0x0000000800b50000), size 11862016, SharedBaseAddress: 0x0000000800000000, ArchiveRelocationMode: 0.
Compressed class space mapped at: 0x0000000800b50000-0x0000000840b50000, size: 1073741824
Narrow klass base: 0x0000000800000000, Narrow klass shift: 3, Narrow klass range: 0x100000000

GC Precious Log:
 CPUs: 8 total, 8 available
 Memory: 8050M
 Large Page Support: Disabled
 NUMA Support: Disabled
 Compressed Oops: Enabled (32-bit)
 Heap Region Size: 1M
 Heap Min Capacity: 8M
 Heap Initial Capacity: 126M
 Heap Max Capacity: 2014M
 Pre-touch: Disabled
 Parallel Workers: 8
 Concurrent Workers: 2
 Concurrent Refinement Workers: 8
 Periodic GC: Disabled

Heap:
 garbage-first heap   total 107520K, used 61825K [0x0000000082200000, 0x0000000100000000)
  region size 1024K, 16 young (16384K), 3 survivors (3072K)
 Metaspace       used 58296K, capacity 58848K, committed 58960K, reserved 1099776K
  class space    used 7964K, capacity 8153K, committed 8192K, reserved 1048576K

Heap Regions: E=young(eden), S=young(survivor), O=old, HS=humongous(starts), HC=humongous(continues), CS=collection set, F=free, OA=open archive, CA=closed archive, TAMS=top-at-mark-start (previous, next)
|   0|0x0000000082200000, 0x0000000082300000, 0x0000000082300000|100%|HS|  |TAMS 0x0000000082300000, 0x0000000082200000| Complete 
|   1|0x0000000082300000, 0x0000000082400000, 0x0000000082400000|100%| O|  |TAMS 0x0000000082400000, 0x0000000082300000| Updating 
|   2|0x0000000082400000, 0x0000000082500000, 0x0000000082500000|100%| O|  |TAMS 0x0000000082500000, 0x0000000082400000| Updating 
|   3|0x0000000082500000, 0x0000000082600000, 0x0000000082600000|100%| O|  |TAMS 0x0000000082600000, 0x0000000082500000| Updating 
|   4|0x0000000082600000, 0x0000000082700000, 0x0000000082700000|100%| O|  |TAMS 0x0000000082700000, 0x0000000082600000| Updating 
|   5|0x0000000082700000, 0x0000000082800000, 0x0000000082800000|100%| O|  |TAMS 0x0000000082800000, 0x0000000082700000| Updating 
|   6|0x0000000082800000, 0x0000000082900000, 0x0000000082900000|100%| O|  |TAMS 0x0000000082900000, 0x0000000082800000| Updating 
|   7|0x0000000082900000, 0x0000000082a00000, 0x0000000082a00000|100%| O|  |TAMS 0x0000000082a00000, 0x0000000082900000| Updating 
|   8|0x0000000082a00000, 0x0000000082a60600, 0x0000000082b00000| 37%| O|  |TAMS 0x0000000082a60600, 0x0000000082a00000| Updating 
|   9|0x0000000082b00000, 0x0000000082c00000, 0x0000000082c00000|100%| O|  |TAMS 0x0000000082c00000, 0x0000000082b00000| Updating 
|  10|0x0000000082c00000, 0x0000000082d00000, 0x0000000082d00000|100%| O|  |TAMS 0x0000000082d00000, 0x0000000082c00000| Updating 
|  11|0x0000000082d00000, 0x0000000082e00000, 0x0000000082e00000|100%| O|  |TAMS 0x0000000082e00000, 0x0000000082d00000| Updating 
|  12|0x0000000082e00000, 0x0000000082f00000, 0x0000000082f00000|100%| O|  |TAMS 0x0000000082f00000, 0x0000000082e00000| Updating 
|  13|0x0000000082f00000, 0x0000000083000000, 0x0000000083000000|100%| O|  |TAMS 0x0000000083000000, 0x0000000082f00000| Updating 
|  14|0x0000000083000000, 0x0000000083100000, 0x0000000083100000|100%| O|  |TAMS 0x0000000083100000, 0x0000000083000000| Updating 
|  15|0x0000000083100000, 0x0000000083200000, 0x0000000083200000|100%| O|  |TAMS 0x0000000083200000, 0x0000000083100000| Updating 
|  16|0x0000000083200000, 0x0000000083300000, 0x0000000083300000|100%| O|  |TAMS 0x0000000083300000, 0x0000000083200000| Updating 
|  17|0x0000000083300000, 0x0000000083400000, 0x0000000083400000|100%| O|  |TAMS 0x0000000083400000, 0x0000000083300000| Updating 
|  18|0x0000000083400000, 0x0000000083500000, 0x0000000083500000|100%| O|  |TAMS 0x0000000083500000, 0x0000000083400000| Updating 
|  19|0x0000000083500000, 0x0000000083600000, 0x0000000083600000|100%| O|  |TAMS 0x0000000083600000, 0x0000000083500000| Updating 
|  20|0x0000000083600000, 0x0000000083600000, 0x0000000083700000|  0%| F|  |TAMS 0x0000000083600000, 0x0000000083600000| Untracked 
|  21|0x0000000083700000, 0x0000000083800000, 0x0000000083800000|100%| O|  |TAMS 0x0000000083800000, 0x0000000083700000| Updating 
|  22|0x0000000083800000, 0x0000000083900000, 0x0000000083900000|100%| O|  |TAMS 0x0000000083900000, 0x0000000083800000| Updating 
|  23|0x0000000083900000, 0x0000000083900000, 0x0000000083a00000|  0%| F|  |TAMS 0x0000000083900000, 0x0000000083900000| Untracked 
|  24|0x0000000083a00000, 0x0000000083a00000, 0x0000000083b00000|  0%| F|  |TAMS 0x0000000083a00000, 0x0000000083a00000| Untracked 
|  25|0x0000000083b00000, 0x0000000083c00000, 0x0000000083c00000|100%| O|  |TAMS 0x0000000083c00000, 0x0000000083b00000| Updating 
|  26|0x0000000083c00000, 0x0000000083d00000, 0x0000000083d00000|100%| O|  |TAMS 0x0000000083d00000, 0x0000000083c00000| Updating 
|  27|0x0000000083d00000, 0x0000000083e00000, 0x0000000083e00000|100%| O|  |TAMS 0x0000000083e00000, 0x0000000083d00000| Updating 
|  28|0x0000000083e00000, 0x0000000083f00000, 0x0000000083f00000|100%| O|  |TAMS 0x0000000083f00000, 0x0000000083e00000| Updating 
|  29|0x0000000083f00000, 0x0000000084000000, 0x0000000084000000|100%| O|  |TAMS 0x0000000084000000, 0x0000000083f00000| Updating 
|  30|0x0000000084000000, 0x0000000084100000, 0x0000000084100000|100%| O|  |TAMS 0x0000000084100000, 0x0000000084000000| Updating 
|  31|0x0000000084100000, 0x0000000084200000, 0x0000000084200000|100%| O|  |TAMS 0x0000000084200000, 0x0000000084100000| Updating 
|  32|0x0000000084200000, 0x0000000084300000, 0x0000000084300000|100%| O|  |TAMS 0x0000000084300000, 0x0000000084200000| Updating 
|  33|0x0000000084300000, 0x0000000084400000, 0x0000000084400000|100%| O|  |TAMS 0x0000000084400000, 0x0000000084300000| Updating 
|  34|0x0000000084400000, 0x0000000084500000, 0x0000000084500000|100%| O|  |TAMS 0x0000000084500000, 0x0000000084400000| Updating 
|  35|0x0000000084500000, 0x0000000084600000, 0x0000000084600000|100%| O|  |TAMS 0x0000000084600000, 0x0000000084500000| Updating 
|  36|0x0000000084600000, 0x0000000084700000, 0x0000000084700000|100%| O|  |TAMS 0x0000000084700000, 0x0000000084600000| Updating 
|  37|0x0000000084700000, 0x0000000084800000, 0x0000000084800000|100%| O|  |TAMS 0x0000000084800000, 0x0000000084700000| Updating 
|  38|0x0000000084800000, 0x0000000084900000, 0x0000000084900000|100%| O|  |TAMS 0x0000000084900000, 0x0000000084800000| Updating 
|  39|0x0000000084900000, 0x0000000084a00000, 0x0000000084a00000|100%| O|  |TAMS 0x0000000084a00000, 0x0000000084900000| Updating 
|  40|0x0000000084a00000, 0x0000000084b00000, 0x0000000084b00000|100%| O|  |TAMS 0x0000000084b00000, 0x0000000084a00000| Updating 
|  41|0x0000000084b00000, 0x0000000084c00000, 0x0000000084c00000|100%| O|  |TAMS 0x0000000084be0a00, 0x0000000084b00000| Updating 
|  42|0x0000000084c00000, 0x0000000084d00000, 0x0000000084d00000|100%| O|  |TAMS 0x0000000084c00000, 0x0000000084c00000| Untracked 
|  43|0x0000000084d00000, 0x0000000084e00000, 0x0000000084e00000|100%| O|  |TAMS 0x0000000084d00000, 0x0000000084d00000| Untracked 
|  44|0x0000000084e00000, 0x0000000084f00000, 0x0000000084f00000|100%| O|  |TAMS 0x0000000084e00000, 0x0000000084e00000| Untracked 
|  45|0x0000000084f00000, 0x0000000085000000, 0x0000000085000000|100%| O|  |TAMS 0x0000000084f00000, 0x0000000084f00000| Untracked 
|  46|0x0000000085000000, 0x0000000085100000, 0x0000000085100000|100%| O|  |TAMS 0x0000000085000000, 0x0000000085000000| Untracked 
|  47|0x0000000085100000, 0x0000000085100000, 0x0000000085200000|  0%| F|  |TAMS 0x0000000085100000, 0x0000000085100000| Untracked 
|  48|0x0000000085200000, 0x0000000085200000, 0x0000000085300000|  0%| F|  |TAMS 0x0000000085200000, 0x0000000085200000| Untracked 
|  49|0x0000000085300000, 0x0000000085300000, 0x0000000085400000|  0%| F|  |TAMS 0x0000000085300000, 0x0000000085300000| Untracked 
|  50|0x0000000085400000, 0x0000000085400000, 0x0000000085500000|  0%| F|  |TAMS 0x0000000085400000, 0x0000000085400000| Untracked 
|  51|0x0000000085500000, 0x0000000085500000, 0x0000000085600000|  0%| F|  |TAMS 0x0000000085500000, 0x0000000085500000| Untracked 
|  52|0x0000000085600000, 0x0000000085600000, 0x0000000085700000|  0%| F|  |TAMS 0x0000000085600000, 0x0000000085600000| Untracked 
|  53|0x0000000085700000, 0x0000000085700000, 0x0000000085800000|  0%| F|  |TAMS 0x0000000085700000, 0x0000000085700000| Untracked 
|  54|0x0000000085800000, 0x0000000085800000, 0x0000000085900000|  0%| F|  |TAMS 0x0000000085800000, 0x0000000085800000| Untracked 
|  55|0x0000000085900000, 0x0000000085900000, 0x0000000085a00000|  0%| F|  |TAMS 0x0000000085900000, 0x0000000085900000| Untracked 
|  56|0x0000000085a00000, 0x0000000085a00000, 0x0000000085b00000|  0%| F|  |TAMS 0x0000000085a00000, 0x0000000085a00000| Untracked 
|  57|0x0000000085b00000, 0x0000000085b00000, 0x0000000085c00000|  0%| F|  |TAMS 0x0000000085b00000, 0x0000000085b00000| Untracked 
|  58|0x0000000085c00000, 0x0000000085c00000, 0x0000000085d00000|  0%| F|  |TAMS 0x0000000085c00000, 0x0000000085c00000| Untracked 
|  59|0x0000000085d00000, 0x0000000085d00000, 0x0000000085e00000|  0%| F|  |TAMS 0x0000000085d00000, 0x0000000085d00000| Untracked 
|  60|0x0000000085e00000, 0x0000000085e00000, 0x0000000085f00000|  0%| F|  |TAMS 0x0000000085e00000, 0x0000000085e00000| Untracked 
|  61|0x0000000085f00000, 0x0000000085f00000, 0x0000000086000000|  0%| F|  |TAMS 0x0000000085f00000, 0x0000000085f00000| Untracked 
|  62|0x0000000086000000, 0x0000000086100000, 0x0000000086100000|100%| S|CS|TAMS 0x0000000086000000, 0x0000000086000000| Complete 
|  63|0x0000000086100000, 0x0000000086200000, 0x0000000086200000|100%| S|CS|TAMS 0x0000000086100000, 0x0000000086100000| Complete 
|  64|0x0000000086200000, 0x0000000086300000, 0x0000000086300000|100%| S|CS|TAMS 0x0000000086200000, 0x0000000086200000| Complete 
|  65|0x0000000086300000, 0x0000000086300000, 0x0000000086400000|  0%| F|  |TAMS 0x0000000086300000, 0x0000000086300000| Untracked 
|  66|0x0000000086400000, 0x0000000086400000, 0x0000000086500000|  0%| F|  |TAMS 0x0000000086400000, 0x0000000086400000| Untracked 
|  67|0x0000000086500000, 0x0000000086500000, 0x0000000086600000|  0%| F|  |TAMS 0x0000000086500000, 0x0000000086500000| Untracked 
|  68|0x0000000086600000, 0x00000000866e0d88, 0x0000000086700000| 87%| E|  |TAMS 0x0000000086600000, 0x0000000086600000| Complete 
|  69|0x0000000086700000, 0x0000000086800000, 0x0000000086800000|100%| E|CS|TAMS 0x0000000086700000, 0x0000000086700000| Complete 
|  70|0x0000000086800000, 0x0000000086900000, 0x0000000086900000|100%| E|CS|TAMS 0x0000000086800000, 0x0000000086800000| Complete 
|  71|0x0000000086900000, 0x0000000086a00000, 0x0000000086a00000|100%| E|CS|TAMS 0x0000000086900000, 0x0000000086900000| Complete 
|  72|0x0000000086a00000, 0x0000000086b00000, 0x0000000086b00000|100%| E|CS|TAMS 0x0000000086a00000, 0x0000000086a00000| Complete 
|  73|0x0000000086b00000, 0x0000000086c00000, 0x0000000086c00000|100%| E|CS|TAMS 0x0000000086b00000, 0x0000000086b00000| Complete 
|  74|0x0000000086c00000, 0x0000000086d00000, 0x0000000086d00000|100%| E|CS|TAMS 0x0000000086c00000, 0x0000000086c00000| Complete 
|  75|0x0000000086d00000, 0x0000000086e00000, 0x0000000086e00000|100%| E|  |TAMS 0x0000000086d00000, 0x0000000086d00000| Complete 
|  76|0x0000000086e00000, 0x0000000086f00000, 0x0000000086f00000|100%| E|CS|TAMS 0x0000000086e00000, 0x0000000086e00000| Complete 
|  77|0x0000000086f00000, 0x0000000087000000, 0x0000000087000000|100%| E|CS|TAMS 0x0000000086f00000, 0x0000000086f00000| Complete 
|  78|0x0000000087000000, 0x0000000087100000, 0x0000000087100000|100%| E|CS|TAMS 0x0000000087000000, 0x0000000087000000| Complete 
|  79|0x0000000087100000, 0x0000000087200000, 0x0000000087200000|100%| E|CS|TAMS 0x0000000087100000, 0x0000000087100000| Complete 
| 125|0x0000000089f00000, 0x000000008a000000, 0x000000008a000000|100%| E|CS|TAMS 0x0000000089f00000, 0x0000000089f00000| Complete 
|2011|0x00000000ffd00000, 0x00000000ffe00000, 0x00000000ffe00000|100%| O|  |TAMS 0x00000000ffe00000, 0x00000000ffd00000| Updating 
|2012|0x00000000ffe00000, 0x00000000fff00000, 0x00000000fff00000|100%| O|  |TAMS 0x00000000fff00000, 0x00000000ffe00000| Updating 
|2013|0x00000000fff00000, 0x0000000100000000, 0x0000000100000000|100%| O|  |TAMS 0x0000000100000000, 0x00000000fff00000| Updating 

Card table byte_map: [0x000001f7654a0000,0x000001f765890000] _byte_map_base: 0x000001f76508f000

Marking Bits (Prev, Next): (CMBitMap*) 0x000001f74b953670, (CMBitMap*) 0x000001f74b9536b0
 Prev Bits: [0x000001f765c80000, 0x000001f767bf8000)
 Next Bits: [0x000001f767c00000, 0x000001f769b78000)

Polling page: 0x000001f755610000

Metaspace:

Usage:
  Non-class:     49.51 MB capacity,    49.15 MB (>99%) used,   280.66 KB ( <1%) free+waste,    82.75 KB ( <1%) overhead. 
      Class:      7.96 MB capacity,     7.78 MB ( 98%) used,   155.09 KB (  2%) free+waste,    33.44 KB ( <1%) overhead. 
       Both:     57.47 MB capacity,    56.93 MB (>99%) used,   435.75 KB ( <1%) free+waste,   116.19 KB ( <1%) overhead. 

Virtual space:
  Non-class space:       50.00 MB reserved,      49.58 MB (>99%) committed 
      Class space:        1.00 GB reserved,       8.00 MB ( <1%) committed 
             Both:        1.05 GB reserved,      57.58 MB (  5%) committed 

Chunk freelists:
   Non-Class:  9.00 KB
       Class:  7.00 KB
        Both:  16.00 KB

MaxMetaspaceSize: 17179869184.00 GB
CompressedClassSpaceSize: 1.00 GB

CodeHeap 'non-profiled nmethods': size=238336Kb used=8370Kb max_used=8370Kb free=229965Kb
 bounds [0x000001f755d70000, 0x000001f7565a0000, 0x000001f764630000]
CodeHeap 'non-nmethods': size=7424Kb used=1296Kb max_used=1296Kb free=6127Kb
 bounds [0x000001f755630000, 0x000001f7558a0000, 0x000001f755d70000]
 total_blobs=5806 nmethods=5215 adapters=518
 compilation: enabled
              stopped_count=0, restarted_count=0
 full_count=0

Compilation events (20 events):
Event: 4.562 Thread 0x000001f76c655bd0 nmethod 5207 0x000001f756598a10 code [0x000001f756598ba0, 0x000001f756598cb8]
Event: 4.562 Thread 0x000001f76c655bd0 5208       1       jdk.internal.misc.Unsafe::getAndBitwiseAndInt (27 bytes)
Event: 4.563 Thread 0x000001f76c655bd0 nmethod 5208 0x000001f756598d90 code [0x000001f756598f20, 0x000001f756599018]
Event: 4.563 Thread 0x000001f76c655bd0 5209   !   1       java.util.concurrent.locks.AbstractQueuedSynchronizer$ConditionObject::await (159 bytes)
Event: 4.564 Thread 0x000001f76c655bd0 nmethod 5209 0x000001f756599090 code [0x000001f7565992c0, 0x000001f756599a48]
Event: 4.564 Thread 0x000001f76c655bd0 5211       1       java.util.concurrent.locks.AbstractQueuedSynchronizer$ConditionNode::block (15 bytes)
Event: 4.564 Thread 0x000001f76c655bd0 nmethod 5211 0x000001f756599e90 code [0x000001f75659a020, 0x000001f75659a188]
Event: 4.564 Thread 0x000001f76c655bd0 5210   !   1       java.util.concurrent.ForkJoinPool::managedBlock (158 bytes)
Event: 4.565 Thread 0x000001f76c655bd0 nmethod 5210 0x000001f75659a290 code [0x000001f75659a4a0, 0x000001f75659abd8]
Event: 4.566 Thread 0x000001f76c655bd0 5212       1       java.lang.Throwable::<init> (29 bytes)
Event: 4.566 Thread 0x000001f76c655bd0 nmethod 5212 0x000001f75659b090 code [0x000001f75659b240, 0x000001f75659b448]
Event: 4.567 Thread 0x000001f76c655bd0 5213       1       io.github.classgraph.PotentiallyUnmodifiableList$1::hasNext (22 bytes)
Event: 4.567 Thread 0x000001f76c655bd0 nmethod 5213 0x000001f75659b510 code [0x000001f75659b6a0, 0x000001f75659b7c8]
Event: 4.567 Thread 0x000001f76c655bd0 5215   !   1       java.util.concurrent.ConcurrentHashMap::clear (176 bytes)
Event: 4.567 Thread 0x000001f76c655bd0 nmethod 5215 0x000001f75659b890 code [0x000001f75659ba60, 0x000001f75659bfd8]
Event: 4.567 Thread 0x000001f76c655bd0 5214       1       io.github.classgraph.PotentiallyUnmodifiableList$1::next (10 bytes)
Event: 4.567 Thread 0x000001f76c655bd0 nmethod 5214 0x000001f75659c290 code [0x000001f75659c420, 0x000001f75659c508]
Event: 4.570 Thread 0x000001f76c655bd0 5216       1       nonapi.io.github.classgraph.utils.CollectionUtils::sortIfNotEmpty (15 bytes)
Event: 4.571 Thread 0x000001f76c655bd0 nmethod 5216 0x000001f75659c590 code [0x000001f75659c740, 0x000001f75659c838]
Event: 4.575 Thread 0x000001f76c655bd0 5217   !   1       nonapi.io.github.classgraph.classpath.ClasspathOrder::addClasspathEntry (1386 bytes)

GC Heap History (20 events):
Event: 2.360 GC heap before
{Heap before GC invocations=8 (full 0):
 garbage-first heap   total 59392K, used 42270K [0x0000000082200000, 0x0000000100000000)
  region size 1024K, 30 young (30720K), 5 survivors (5120K)
 Metaspace       used 33034K, capacity 33545K, committed 33840K, reserved 1079296K
  class space    used 4460K, capacity 4622K, committed 4736K, reserved 1048576K
}
Event: 2.364 GC heap after
{Heap after GC invocations=9 (full 0):
 garbage-first heap   total 59392K, used 18432K [0x0000000082200000, 0x0000000100000000)
  region size 1024K, 2 young (2048K), 2 survivors (2048K)
 Metaspace       used 33034K, capacity 33545K, committed 33840K, reserved 1079296K
  class space    used 4460K, capacity 4622K, committed 4736K, reserved 1048576K
}
Event: 2.784 GC heap before
{Heap before GC invocations=9 (full 0):
 garbage-first heap   total 59392K, used 44032K [0x0000000082200000, 0x0000000100000000)
  region size 1024K, 27 young (27648K), 2 survivors (2048K)
 Metaspace       used 39098K, capacity 39541K, committed 39856K, reserved 1083392K
  class space    used 5397K, capacity 5553K, committed 5632K, reserved 1048576K
}
Event: 2.788 GC heap after
{Heap after GC invocations=10 (full 0):
 garbage-first heap   total 59392K, used 19686K [0x0000000082200000, 0x0000000100000000)
  region size 1024K, 3 young (3072K), 3 survivors (3072K)
 Metaspace       used 39098K, capacity 39541K, committed 39856K, reserved 1083392K
  class space    used 5397K, capacity 5553K, committed 5632K, reserved 1048576K
}
Event: 3.015 GC heap before
{Heap before GC invocations=10 (full 0):
 garbage-first heap   total 59392K, used 31974K [0x0000000082200000, 0x0000000100000000)
  region size 1024K, 17 young (17408K), 3 survivors (3072K)
 Metaspace       used 42356K, capacity 42808K, committed 42960K, reserved 1087488K
  class space    used 5790K, capacity 5938K, committed 6016K, reserved 1048576K
}
Event: 3.019 GC heap after
{Heap after GC invocations=11 (full 0):
 garbage-first heap   total 71680K, used 20607K [0x0000000082200000, 0x0000000100000000)
  region size 1024K, 3 young (3072K), 3 survivors (3072K)
 Metaspace       used 42356K, capacity 42808K, committed 42960K, reserved 1087488K
  class space    used 5790K, capacity 5938K, committed 6016K, reserved 1048576K
}
Event: 3.502 GC heap before
{Heap before GC invocations=12 (full 0):
 garbage-first heap   total 71680K, used 55423K [0x0000000082200000, 0x0000000100000000)
  region size 1024K, 37 young (37888K), 3 survivors (3072K)
 Metaspace       used 48932K, capacity 49474K, committed 49616K, reserved 1091584K
  class space    used 6785K, capacity 6941K, committed 7040K, reserved 1048576K
}
Event: 3.508 GC heap after
{Heap after GC invocations=13 (full 0):
 garbage-first heap   total 71680K, used 22482K [0x0000000082200000, 0x0000000100000000)
  region size 1024K, 5 young (5120K), 5 survivors (5120K)
 Metaspace       used 48932K, capacity 49474K, committed 49616K, reserved 1091584K
  class space    used 6785K, capacity 6941K, committed 7040K, reserved 1048576K
}
Event: 3.886 GC heap before
{Heap before GC invocations=13 (full 0):
 garbage-first heap   total 71680K, used 55250K [0x0000000082200000, 0x0000000100000000)
  region size 1024K, 37 young (37888K), 5 survivors (5120K)
 Metaspace       used 54317K, capacity 54876K, committed 55120K, reserved 1097728K
  class space    used 7477K, capacity 7668K, committed 7680K, reserved 1048576K
}
Event: 3.891 GC heap after
{Heap after GC invocations=14 (full 0):
 garbage-first heap   total 71680K, used 24702K [0x0000000082200000, 0x0000000100000000)
  region size 1024K, 5 young (5120K), 5 survivors (5120K)
 Metaspace       used 54317K, capacity 54876K, committed 55120K, reserved 1097728K
  class space    used 7477K, capacity 7668K, committed 7680K, reserved 1048576K
}
Event: 4.235 GC heap before
{Heap before GC invocations=14 (full 0):
 garbage-first heap   total 71680K, used 55422K [0x0000000082200000, 0x0000000100000000)
  region size 1024K, 35 young (35840K), 5 survivors (5120K)
 Metaspace       used 57979K, capacity 58542K, committed 58704K, reserved 1099776K
  class space    used 7935K, capacity 8117K, committed 8192K, reserved 1048576K
}
Event: 4.241 GC heap after
{Heap after GC invocations=15 (full 0):
 garbage-first heap   total 71680K, used 27164K [0x0000000082200000, 0x0000000100000000)
  region size 1024K, 5 young (5120K), 5 survivors (5120K)
 Metaspace       used 57979K, capacity 58542K, committed 58704K, reserved 1099776K
  class space    used 7935K, capacity 8117K, committed 8192K, reserved 1048576K
}
Event: 4.314 GC heap before
{Heap before GC invocations=15 (full 0):
 garbage-first heap   total 71680K, used 56860K [0x0000000082200000, 0x0000000100000000)
  region size 1024K, 34 young (34816K), 5 survivors (5120K)
 Metaspace       used 58175K, capacity 58766K, committed 58960K, reserved 1099776K
  class space    used 7951K, capacity 8149K, committed 8192K, reserved 1048576K
}
Event: 4.321 GC heap after
{Heap after GC invocations=16 (full 0):
 garbage-first heap   total 86016K, used 32984K [0x0000000082200000, 0x0000000100000000)
  region size 1024K, 5 young (5120K), 5 survivors (5120K)
 Metaspace       used 58175K, capacity 58766K, committed 58960K, reserved 1099776K
  class space    used 7951K, capacity 8149K, committed 8192K, reserved 1048576K
}
Event: 4.425 GC heap before
{Heap before GC invocations=16 (full 0):
 garbage-first heap   total 86016K, used 65752K [0x0000000082200000, 0x0000000100000000)
  region size 1024K, 37 young (37888K), 5 survivors (5120K)
 Metaspace       used 58280K, capacity 58833K, committed 58960K, reserved 1099776K
  class space    used 7962K, capacity 8150K, committed 8192K, reserved 1048576K
}
Event: 4.432 GC heap after
{Heap after GC invocations=17 (full 0):
 garbage-first heap   total 86016K, used 41784K [0x0000000082200000, 0x0000000100000000)
  region size 1024K, 5 young (5120K), 5 survivors (5120K)
 Metaspace       used 58280K, capacity 58833K, committed 58960K, reserved 1099776K
  class space    used 7962K, capacity 8150K, committed 8192K, reserved 1048576K
}
Event: 4.513 GC heap before
{Heap before GC invocations=17 (full 0):
 garbage-first heap   total 86016K, used 65336K [0x0000000082200000, 0x0000000100000000)
  region size 1024K, 28 young (28672K), 5 survivors (5120K)
 Metaspace       used 58286K, capacity 58833K, committed 58960K, reserved 1099776K
  class space    used 7962K, capacity 8150K, committed 8192K, reserved 1048576K
}
Event: 4.519 GC heap after
{Heap after GC invocations=18 (full 0):
 garbage-first heap   total 86016K, used 49412K [0x0000000082200000, 0x0000000100000000)
  region size 1024K, 4 young (4096K), 4 survivors (4096K)
 Metaspace       used 58286K, capacity 58833K, committed 58960K, reserved 1099776K
  class space    used 7962K, capacity 8150K, committed 8192K, reserved 1048576K
}
Event: 4.536 GC heap before
{Heap before GC invocations=18 (full 0):
 garbage-first heap   total 86016K, used 65796K [0x0000000082200000, 0x0000000100000000)
  region size 1024K, 20 young (20480K), 4 survivors (4096K)
 Metaspace       used 58286K, capacity 58833K, committed 58960K, reserved 1099776K
  class space    used 7962K, capacity 8150K, committed 8192K, reserved 1048576K
}
Event: 4.540 GC heap after
{Heap after GC invocations=19 (full 0):
 garbage-first heap   total 86016K, used 52609K [0x0000000082200000, 0x0000000100000000)
  region size 1024K, 3 young (3072K), 3 survivors (3072K)
 Metaspace       used 58286K, capacity 58833K, committed 58960K, reserved 1099776K
  class space    used 7962K, capacity 8150K, committed 8192K, reserved 1048576K
}

Deoptimization events (10 events):
Event: 1.593 Thread 0x000001f74b912930 DEOPT PACKING pc=0x000001f756072d54 sp=0x000000d2536fdac0
Event: 1.593 Thread 0x000001f74b912930 DEOPT UNPACKING pc=0x000001f75567e23f sp=0x000000d2536fd018 mode 0
Event: 2.316 Thread 0x000001f74b912930 DEOPT PACKING pc=0x000001f75602ae7e sp=0x000000d2536fea50
Event: 2.316 Thread 0x000001f74b912930 DEOPT UNPACKING pc=0x000001f75567e23f sp=0x000000d2536fdee0 mode 3
Event: 2.316 Thread 0x000001f76ef522c0 DEOPT PACKING pc=0x000001f756002211 sp=0x000000d254dfea20
Event: 2.316 Thread 0x000001f76ef522c0 DEOPT UNPACKING pc=0x000001f75567e23f sp=0x000000d254dfde78 mode 3
Event: 3.871 Thread 0x000001f74b912930 DEOPT PACKING pc=0x000001f756039542 sp=0x000000d2536fe020
Event: 3.871 Thread 0x000001f74b912930 DEOPT UNPACKING pc=0x000001f75567e23f sp=0x000000d2536fd528 mode 3
Event: 3.871 Thread 0x000001f74b912930 DEOPT PACKING pc=0x000001f75600bb2d sp=0x000000d2536fdfe0
Event: 3.871 Thread 0x000001f74b912930 DEOPT UNPACKING pc=0x000001f75567e23f sp=0x000000d2536fd528 mode 3

Classes unloaded (0 events):
No events

Classes redefined (0 events):
No events

Internal exceptions (20 events):
Event: 4.501 Thread 0x000001f771583110 Exception <a 'sun/nio/fs/WindowsException'{0x00000000863660f8}> (0x00000000863660f8) 
thrown [./src/hotspot/share/prims/jni.cpp, line 578]
Event: 4.501 Thread 0x000001f771583110 Exception <a 'sun/nio/fs/WindowsException'{0x0000000086366418}> (0x0000000086366418) 
thrown [./src/hotspot/share/prims/jni.cpp, line 578]
Event: 4.501 Thread 0x000001f76ecbd5e0 Exception <a 'sun/nio/fs/WindowsException'{0x000000008635c300}> (0x000000008635c300) 
thrown [./src/hotspot/share/prims/jni.cpp, line 578]
Event: 4.501 Thread 0x000001f76ecbd5e0 Exception <a 'sun/nio/fs/WindowsException'{0x000000008635c618}> (0x000000008635c618) 
thrown [./src/hotspot/share/prims/jni.cpp, line 578]
Event: 4.501 Thread 0x000001f771583110 Exception <a 'sun/nio/fs/WindowsException'{0x0000000086366d90}> (0x0000000086366d90) 
thrown [./src/hotspot/share/prims/jni.cpp, line 578]
Event: 4.501 Thread 0x000001f771583110 Exception <a 'sun/nio/fs/WindowsException'{0x00000000863670c0}> (0x00000000863670c0) 
thrown [./src/hotspot/share/prims/jni.cpp, line 578]
Event: 4.501 Thread 0x000001f76ecbd5e0 Exception <a 'sun/nio/fs/WindowsException'{0x000000008635cf80}> (0x000000008635cf80) 
thrown [./src/hotspot/share/prims/jni.cpp, line 578]
Event: 4.501 Thread 0x000001f76ecbd5e0 Exception <a 'sun/nio/fs/WindowsException'{0x000000008635d2a8}> (0x000000008635d2a8) 
thrown [./src/hotspot/share/prims/jni.cpp, line 578]
Event: 4.501 Thread 0x000001f771583110 Exception <a 'sun/nio/fs/WindowsException'{0x0000000086367a58}> (0x0000000086367a58) 
thrown [./src/hotspot/share/prims/jni.cpp, line 578]
Event: 4.501 Thread 0x000001f76ecbd5e0 Exception <a 'sun/nio/fs/WindowsException'{0x000000008635dc28}> (0x000000008635dc28) 
thrown [./src/hotspot/share/prims/jni.cpp, line 578]
Event: 4.501 Thread 0x000001f771583110 Exception <a 'sun/nio/fs/WindowsException'{0x0000000086367da8}> (0x0000000086367da8) 
thrown [./src/hotspot/share/prims/jni.cpp, line 578]
Event: 4.501 Thread 0x000001f76ecbd5e0 Exception <a 'sun/nio/fs/WindowsException'{0x000000008635df70}> (0x000000008635df70) 
thrown [./src/hotspot/share/prims/jni.cpp, line 578]
Event: 4.501 Thread 0x000001f76ecbd5e0 Exception <a 'sun/nio/fs/WindowsException'{0x00000000863e8698}> (0x00000000863e8698) 
thrown [./src/hotspot/share/prims/jni.cpp, line 578]
Event: 4.501 Thread 0x000001f771583110 Exception <a 'sun/nio/fs/WindowsException'{0x00000000863de9a8}> (0x00000000863de9a8) 
thrown [./src/hotspot/share/prims/jni.cpp, line 578]
Event: 4.501 Thread 0x000001f76ecbd5e0 Exception <a 'sun/nio/fs/WindowsException'{0x00000000863e89f8}> (0x00000000863e89f8) 
thrown [./src/hotspot/share/prims/jni.cpp, line 578]
Event: 4.501 Thread 0x000001f771583110 Exception <a 'sun/nio/fs/WindowsException'{0x00000000863ded08}> (0x00000000863ded08) 
thrown [./src/hotspot/share/prims/jni.cpp, line 578]
Event: 4.501 Thread 0x000001f76ecbd5e0 Exception <a 'sun/nio/fs/WindowsException'{0x00000000863e9388}> (0x00000000863e9388) 
thrown [./src/hotspot/share/prims/jni.cpp, line 578]
Event: 4.501 Thread 0x000001f771583110 Exception <a 'sun/nio/fs/WindowsException'{0x00000000863df6a8}> (0x00000000863df6a8) 
thrown [./src/hotspot/share/prims/jni.cpp, line 578]
Event: 4.502 Thread 0x000001f76ecbd5e0 Exception <a 'sun/nio/fs/WindowsException'{0x00000000863e96e0}> (0x00000000863e96e0) 
thrown [./src/hotspot/share/prims/jni.cpp, line 578]
Event: 4.502 Thread 0x000001f771583110 Exception <a 'sun/nio/fs/WindowsException'{0x00000000863dfa08}> (0x00000000863dfa08) 
thrown [./src/hotspot/share/prims/jni.cpp, line 578]

Events (20 events):
Event: 4.566 Thread 0x000001f7715852c0 Thread exited: 0x000001f7715852c0
Event: 4.566 Thread 0x000001f771582770 Thread exited: 0x000001f771582770
Event: 4.566 Thread 0x000001f771585790 Thread exited: 0x000001f771585790
Event: 4.566 Thread 0x000001f771587470 Thread exited: 0x000001f771587470
Event: 4.566 Thread 0x000001f7715835e0 Thread exited: 0x000001f7715835e0
Event: 4.566 Thread 0x000001f76ecbd5e0 Thread exited: 0x000001f76ecbd5e0
Event: 4.566 Thread 0x000001f771583110 Thread exited: 0x000001f771583110
Event: 4.566 Thread 0x000001f771584450 Thread exited: 0x000001f771584450
Event: 4.566 Thread 0x000001f76ecbedf0 Thread exited: 0x000001f76ecbedf0
Event: 4.573 Executing VM operation: ICBufferFull
Event: 4.573 Executing VM operation: ICBufferFull done
Event: 4.573 Executing VM operation: HandshakeAllThreads
Event: 4.573 Executing VM operation: HandshakeAllThreads done
Event: 4.574 Executing VM operation: ICBufferFull
Event: 4.574 Executing VM operation: ICBufferFull done
Event: 4.575 Executing VM operation: ICBufferFull
Event: 4.575 Executing VM operation: ICBufferFull done
Event: 4.576 Executing VM operation: ICBufferFull
Event: 4.576 Executing VM operation: ICBufferFull done
Event: 4.576 Executing VM operation: G1Concurrent


Dynamic libraries:
0x00007ff67e430000 - 0x00007ff67e43d000 	C:\Users\artem.belyshev\.jdks\azul-15.0.10\bin\java.exe
0x00007ffc34310000 - 0x00007ffc34508000 	C:\Windows\SYSTEM32\ntdll.dll
0x00007ffc34210000 - 0x00007ffc342cf000 	C:\Windows\System32\KERNEL32.DLL
0x00007ffc31ef0000 - 0x00007ffc321c2000 	C:\Windows\System32\KERNELBASE.dll
0x00007ffc321d0000 - 0x00007ffc322d0000 	C:\Windows\System32\ucrtbase.dll
0x00007ffbb0f20000 - 0x00007ffbb0f38000 	C:\Users\artem.belyshev\.jdks\azul-15.0.10\bin\jli.dll
0x00007ffbb0f40000 - 0x00007ffbb0f55000 	C:\Users\artem.belyshev\.jdks\azul-15.0.10\bin\VCRUNTIME140.dll
0x00007ffc32e60000 - 0x00007ffc33001000 	C:\Windows\System32\USER32.dll
0x00007ffc322d0000 - 0x00007ffc322f2000 	C:\Windows\System32\win32u.dll
0x00007ffc327b0000 - 0x00007ffc327db000 	C:\Windows\System32\GDI32.dll
0x00007ffc0dba0000 - 0x00007ffc0de3a000 	C:\Windows\WinSxS\amd64_microsoft.windows.common-controls_6595b64144ccf1df_6.0.19041.1110_none_60b5254171f9507e\COMCTL32.dll
0x00007ffc32600000 - 0x00007ffc3269e000 	C:\Windows\System32\msvcrt.dll
0x00007ffc31db0000 - 0x00007ffc31ebf000 	C:\Windows\System32\gdi32full.dll
0x00007ffc31bb0000 - 0x00007ffc31c4d000 	C:\Windows\System32\msvcp_win.dll
0x00007ffc32c80000 - 0x00007ffc32cb2000 	C:\Windows\System32\IMM32.DLL
0x00007ffbb0e80000 - 0x00007ffbb0f1b000 	C:\Users\artem.belyshev\.jdks\azul-15.0.10\bin\msvcp140.dll
0x00007ffbaba30000 - 0x00007ffbac5cc000 	C:\Users\artem.belyshev\.jdks\azul-15.0.10\bin\server\jvm.dll
0x00007ffc326a0000 - 0x00007ffc3274e000 	C:\Windows\System32\ADVAPI32.dll
0x00007ffc32d60000 - 0x00007ffc32dfc000 	C:\Windows\System32\sechost.dll
0x00007ffc32420000 - 0x00007ffc32545000 	C:\Windows\System32\RPCRT4.dll
0x00007ffc333a0000 - 0x00007ffc333a8000 	C:\Windows\System32\PSAPI.DLL
0x00007ffc031b0000 - 0x00007ffc031b9000 	C:\Windows\SYSTEM32\WSOCK32.dll
0x00007ffc19710000 - 0x00007ffc19737000 	C:\Windows\SYSTEM32\WINMM.dll
0x00007ffc256c0000 - 0x00007ffc256ca000 	C:\Windows\SYSTEM32\VERSION.dll
0x00007ffc332a0000 - 0x00007ffc3330b000 	C:\Windows\System32\WS2_32.dll
0x00007ffc30250000 - 0x00007ffc30262000 	C:\Windows\SYSTEM32\kernel.appcore.dll
0x00007ffbe9270000 - 0x00007ffbe927a000 	C:\Users\artem.belyshev\.jdks\azul-15.0.10\bin\jimage.dll
0x00007ffc2c070000 - 0x00007ffc2c254000 	C:\Windows\SYSTEM32\DBGHELP.DLL
0x00007ffc23230000 - 0x00007ffc23265000 	C:\Windows\SYSTEM32\dbgcore.DLL
0x00007ffc31a00000 - 0x00007ffc31a82000 	C:\Windows\System32\bcryptPrimitives.dll
0x00007ffc2bcb0000 - 0x00007ffc2bcbe000 	C:\Users\artem.belyshev\.jdks\azul-15.0.10\bin\instrument.dll
0x00007ffbb0e50000 - 0x00007ffbb0e75000 	C:\Users\artem.belyshev\.jdks\azul-15.0.10\bin\java.dll
0x00007ffc33ac0000 - 0x00007ffc34205000 	C:\Windows\System32\SHELL32.dll
0x00007ffc2faa0000 - 0x00007ffc30232000 	C:\Windows\SYSTEM32\windows.storage.dll
0x00007ffc32920000 - 0x00007ffc32c75000 	C:\Windows\System32\combase.dll
0x00007ffc31380000 - 0x00007ffc313b0000 	C:\Windows\SYSTEM32\Wldp.dll
0x00007ffc32550000 - 0x00007ffc325fd000 	C:\Windows\System32\SHCORE.dll
0x00007ffc333b0000 - 0x00007ffc33405000 	C:\Windows\System32\shlwapi.dll
0x00007ffc31940000 - 0x00007ffc3195f000 	C:\Windows\SYSTEM32\profapi.dll
0x00007ffbafb20000 - 0x00007ffbafb38000 	C:\Users\artem.belyshev\.jdks\azul-15.0.10\bin\zip.dll
0x00007ffbafb60000 - 0x00007ffbafb79000 	C:\Users\artem.belyshev\.jdks\azul-15.0.10\bin\net.dll
0x00007ffc27430000 - 0x00007ffc2753c000 	C:\Windows\SYSTEM32\WINHTTP.dll
0x00007ffc310e0000 - 0x00007ffc3114a000 	C:\Windows\system32\mswsock.dll
0x00007ffbafb40000 - 0x00007ffbafb52000 	C:\Users\artem.belyshev\.jdks\azul-15.0.10\bin\nio.dll
0x00007ffc298c0000 - 0x00007ffc298da000 	C:\Program Files\JetBrains\IntelliJ IDEA 2022.3.2\bin\breakgen64.dll
0x00007ffc30e10000 - 0x00007ffc30edb000 	C:\Windows\SYSTEM32\DNSAPI.dll
0x00007ffc30dd0000 - 0x00007ffc30e0b000 	C:\Windows\SYSTEM32\IPHLPAPI.DLL
0x00007ffc32cc0000 - 0x00007ffc32cc8000 	C:\Windows\System32\NSI.dll
0x00007ffc233c0000 - 0x00007ffc233ca000 	C:\Windows\System32\rasadhlp.dll
0x00007ffc29d10000 - 0x00007ffc29d90000 	C:\Windows\System32\fwpuclnt.dll
0x00007ffc31ec0000 - 0x00007ffc31ee7000 	C:\Windows\System32\bcrypt.dll
0x00007ffc2a050000 - 0x00007ffc2a059000 	C:\Users\artem.belyshev\.jdks\azul-15.0.10\bin\management.dll
0x00007ffc284b0000 - 0x00007ffc284bb000 	C:\Users\artem.belyshev\.jdks\azul-15.0.10\bin\management_ext.dll
0x00007ffc312e0000 - 0x00007ffc312f8000 	C:\Windows\SYSTEM32\CRYPTSP.dll
0x00007ffc30a00000 - 0x00007ffc30a34000 	C:\Windows\system32\rsaenh.dll
0x00007ffc318c0000 - 0x00007ffc318ee000 	C:\Windows\SYSTEM32\USERENV.dll
0x00007ffc312d0000 - 0x00007ffc312dc000 	C:\Windows\SYSTEM32\CRYPTBASE.dll
0x00007ffc299a0000 - 0x00007ffc299b7000 	C:\Windows\SYSTEM32\dhcpcsvc6.DLL
0x00007ffc298f0000 - 0x00007ffc2990d000 	C:\Windows\SYSTEM32\dhcpcsvc.DLL
0x00007ffc0a480000 - 0x00007ffc0a497000 	C:\Windows\system32\napinsp.dll
0x00007ffc06930000 - 0x00007ffc0694b000 	C:\Windows\system32\pnrpnsp.dll
0x00007ffc06870000 - 0x00007ffc06885000 	C:\Windows\system32\wshbth.dll
0x00007ffc29f80000 - 0x00007ffc29f9d000 	C:\Windows\system32\NLAapi.dll
0x00007ffc0a4a0000 - 0x00007ffc0a4b2000 	C:\Windows\System32\winrnr.dll
0x00007ffbc5ae0000 - 0x00007ffbc5af0000 	C:\Users\artem.belyshev\.jdks\azul-15.0.10\bin\verify.dll

dbghelp: loaded successfully - version: 4.0.5 - missing functions: none
symbol engine: initialized successfully - sym options: 0x614 - pdb path: .;C:\Users\artem.belyshev\.jdks\azul-15.0.10\bin;C:\Windows\SYSTEM32;C:\Windows\WinSxS\amd64_microsoft.windows.common-controls_6595b64144ccf1df_6.0.19041.1110_none_60b5254171f9507e;C:\Users\artem.belyshev\.jdks\azul-15.0.10\bin\server;C:\Program Files\JetBrains\IntelliJ IDEA 2022.3.2\bin

VM Arguments:
jvm_args: -XX:TieredStopAtLevel=1 -Dspring.output.ansi.enabled=always -Dcom.sun.management.jmxremote -Dspring.jmx.enabled=true -Dspring.liveBeansView.mbeanDomain -Dspring.application.admin.enabled=true -Dmanagement.endpoints.jmx.exposure.include=* -javaagent:C:\Program Files\JetBrains\IntelliJ IDEA 2022.3.2\lib\idea_rt.jar=60247:C:\Program Files\JetBrains\IntelliJ IDEA 2022.3.2\bin -Dfile.encoding=UTF-8 
java_command: cz.kct.Tutorial
java_class_path (initial): C:\Users\artem.belyshev\IdeaProjects\kct.data.spring\out\production\classes;C:\Users\artem.belyshev\IdeaProjects\kct.data.spring\out\production\resources;C:\Users\artem.belyshev\.gradle\caches\modules-2\files-2.1\org.projectlombok\lombok\1.18.4\7103ab519b1cdbb0642ad4eaf1db209d905d0f96\lombok-1.18.4.jar;C:\Users\artem.belyshev\.gradle\caches\modules-2\files-2.1\org.springframework.boot\spring-boot-starter-data-jpa\2.7.8\ace969cae39b4479ffedd58e04c5a6eca60c94a5\spring-boot-starter-data-jpa-2.7.8.jar;C:\Users\artem.belyshev\.gradle\caches\modules-2\files-2.1\org.springframework.boot\spring-boot-starter-web\2.4.5\93cf2655557534e35723fbafa069bed2ee125832\spring-boot-starter-web-2.4.5.jar;C:\Users\artem.belyshev\.gradle\caches\modules-2\files-2.1\org.modelmapper\modelmapper\3.1.1\6636e94590e9d98e5e7db7e4fafcc15e9390e18d\modelmapper-3.1.1.jar;C:\Users\artem.belyshev\.gradle\caches\modules-2\files-2.1\io.github.openfeign\feign-jackson\9.3.1\17d39be26c4c53231087da6f5082473015986fd7\feign-jackson-9.3.1.jar;C:\Users\artem.belyshev\.gradle\caches\modules-2\files-2.1\org.springdoc\springdoc-openapi-ui\1.6.14\20f7c293f72552dce117be99cf15e69249effda8\springdoc-openapi-ui-1.6.14.jar;C:\Users\artem.belyshev\.gradle\caches\modules-2\files-2.1\org.postgresql\postgresql\42.4.3\94866dd0f9ea533c61b29261673ac0616e3a6517\postgresql-42.4.3.jar;C:\Users\artem.belyshev\.gradle\caches\modules-2\files-2.1\org.springframework.boot\spring-boot-starter-validation\2.4.5\27acd26bb55058472e91e44e8155b256a610b87e\spring-boot-starter-validation-2.4.5.jar;C:\Users\artem.belyshev\.gradle\caches\modules-2\files-2.1\org.springframework.boot\spring-boot-starter-aop\2.4.5\853bfc5d1c867f66880971515bda82ecc737e839\spring-boot-starter-aop-2.4.5.jar;C:\Users\artem.belyshev\.gradle\caches\modules-2\files-2.1\org.springframework.boot\spring-boot-starter-jdbc\2.4.5\abcca18ef5a2c877a5574a492b570bb260640de3\spring-boot-starter-jdbc-2.4.5.jar;C:\Users\artem.belyshev\.gradle\caches\modules-
Launcher Type: SUN_STANDARD

[Global flags]
     intx CICompilerCount                          = 4                                         {product} {ergonomic}
     uint ConcGCThreads                            = 2                                         {product} {ergonomic}
     uint G1ConcRefinementThreads                  = 8                                         {product} {ergonomic}
   size_t G1HeapRegionSize                         = 1048576                                   {product} {ergonomic}
    uintx GCDrainStackTargetSize                   = 64                                        {product} {ergonomic}
   size_t InitialHeapSize                          = 132120576                                 {product} {ergonomic}
     bool ManagementServer                         = true                                      {product} {command line}
   size_t MarkStackSize                            = 4194304                                   {product} {ergonomic}
   size_t MaxHeapSize                              = 2111832064                                {product} {ergonomic}
   size_t MaxNewSize                               = 1266679808                                {product} {ergonomic}
   size_t MinHeapDeltaBytes                        = 1048576                                   {product} {ergonomic}
   size_t MinHeapSize                              = 8388608                                   {product} {ergonomic}
    uintx NonNMethodCodeHeapSize                   = 7549744                                {pd product} {ergonomic}
    uintx NonProfiledCodeHeapSize                  = 244108496                              {pd product} {ergonomic}
    uintx ProfiledCodeHeapSize                     = 0                                      {pd product} {ergonomic}
    uintx ReservedCodeCacheSize                    = 251658240                              {pd product} {ergonomic}
     bool SegmentedCodeCache                       = true                                      {product} {ergonomic}
   size_t SoftMaxHeapSize                          = 2111832064                             {manageable} {ergonomic}
     intx TieredStopAtLevel                        = 1                                         {product} {command line}
     bool UseCompressedClassPointers               = true                                 {lp64_product} {ergonomic}
     bool UseCompressedOops                        = true                                 {lp64_product} {ergonomic}
     bool UseG1GC                                  = true                                      {product} {ergonomic}
     bool UseLargePagesIndividualAllocation        = false                                  {pd product} {ergonomic}

Logging:
Log output configuration:
 #0: stdout all=warning uptime,level,tags
 #1: stderr all=off uptime,level,tags

Environment Variables:
PATH=C:\Windows\system32;C:\Windows;C:\Windows\System32\Wbem;C:\Windows\System32\WindowsPowerShell\v1.0\;C:\Windows\System32\OpenSSH\;C:\Program Files\Git\cmd;C:\Program Files\nodejs\;C:\Program Files\dotnet\;C:\Users\artem.belyshev\AppData\Local\Microsoft\WindowsApps;C:\Users\artem.belyshev\AppData\Roaming\npm;C:\Users\artem.belyshev\AppData\Local\Programs\Microsoft VS Code\bin;C:\Users\artem.belyshev\.dotnet\tools
USERNAME=artem.belyshev
OS=Windows_NT
PROCESSOR_IDENTIFIER=Intel64 Family 6 Model 142 Stepping 10, GenuineIntel



---------------  S Y S T E M  ---------------

OS:
 Windows 10 , 64 bit Build 19041 (10.0.19041.2546)
OS uptime: 0 days 18:05 hours

CPU: total 8 (initial active 8) (4 cores per cpu, 2 threads per core) family 6 model 142 stepping 10 microcode 0xf0, cmov, cx8, fxsr, mmx, sse, sse2, sse3, ssse3, sse4.1, sse4.2, popcnt, vzeroupper, avx, avx2, aes, clmul, erms, rtm, 3dnowpref, lzcnt, ht, tsc, tscinvbit, bmi1, bmi2, adx, fma, clflush, clflushopt

Memory: 4k page, system-wide physical 8050M (828M free)
TotalPageFile size 9074M (AvailPageFile size 23M)
current process WorkingSet (physical memory assigned to process): 223M, peak: 224M
current process commit charge ("private bytes"): 266M, peak: 287M

vm_info: OpenJDK 64-Bit Server VM (15.0.10+5-MTS) for windows-amd64 JRE (15.0.10+5-MTS) (Zulu15.46+17-CA), built on Jan  7 2023 17:34:05 by "zulu_re" with MS VC++ 15.9 (VS2017)

END.
