#
# There is insufficient memory for the Java Runtime Environment to continue.
# Native memory allocation (mmap) failed to map 20971520 bytes for G1 virtual space
# Possible reasons:
#   The system is out of physical RAM or swap space
#   The process is running with CompressedOops enabled, and the Java Heap may be blocking the growth of the native heap
# Possible solutions:
#   Reduce memory load on the system
#   Increase physical memory or swap space
#   Check if swap backing store is full
#   Decrease Java heap size (-Xmx/-Xms)
#   Decrease number of Java threads
#   Decrease Java thread stack sizes (-Xss)
#   Set larger code cache with -XX:ReservedCodeCacheSize=
#   JVM is running with Unscaled Compressed Oops mode in which the Java heap is
#     placed in the first 4GB address space. The Java Heap base address is the
#     maximum limit for the native heap growth. Please use -XX:HeapBaseMinAddress
#     to set the Java Heap base and to place the Java Heap above 4GB virtual address.
# This output file may be truncated or incomplete.
#
#  Out of Memory Error (./src/hotspot/os/windows/os_windows.cpp:3331), pid=7180, tid=3472
#
# JRE version: OpenJDK Runtime Environment Zulu15.46+17-CA (15.0.10+5) (build 15.0.10+5-MTS)
# Java VM: OpenJDK 64-Bit Server VM Zulu15.46+17-CA (15.0.10+5-MTS, mixed mode, sharing, tiered, compressed oops, g1 gc, windows-amd64)
# No core dump will be written. Minidumps are not enabled by default on client versions of Windows
#

---------------  S U M M A R Y ------------

Command Line: -XX:TieredStopAtLevel=1 -Dspring.output.ansi.enabled=always -Dcom.sun.management.jmxremote -Dspring.jmx.enabled=true -Dspring.liveBeansView.mbeanDomain -Dspring.application.admin.enabled=true -Dmanagement.endpoints.jmx.exposure.include=* -javaagent:C:\Program Files\JetBrains\IntelliJ IDEA 2022.3.2\lib\idea_rt.jar=60229:C:\Program Files\JetBrains\IntelliJ IDEA 2022.3.2\bin -Dfile.encoding=UTF-8 cz.kct.Tutorial

Host: Intel(R) Core(TM) i5-8350U CPU @ 1.70GHz, 8 cores, 7G,  Windows 10 , 64 bit Build 19041 (10.0.19041.2546)
Time: Tue Feb 21 10:38:33 2023 Central Europe Standard Time elapsed time: 4.940717 seconds (0d 0h 0m 4s)

---------------  T H R E A D  ---------------

Current thread (0x000002d5f11506a0):  VMThread "VM Thread" [stack: 0x000000fb9fa00000,0x000000fb9fb00000] [id=3472]

Stack: [0x000000fb9fa00000,0x000000fb9fb00000]
[error occurred during error reporting (printing stack bounds), id 0xc0000005, EXCEPTION_ACCESS_VIOLATION (0xc0000005) at pc=0x000002d5da9110ad]

Native frames: (J=compiled Java code, j=interpreted, Vv=VM code, C=native code)
V  [jvm.dll+0x6037ba]
V  [jvm.dll+0x7a3729]
V  [jvm.dll+0x7a4e83]
V  [jvm.dll+0x7a5435]
V  [jvm.dll+0x7a53eb]
V  [jvm.dll+0x602bdf]
V  [jvm.dll+0x6033a8]
C  [ntdll.dll+0xa241f]
C  [ntdll.dll+0x514a4]
C  [ntdll.dll+0xa0f4e]
C  0x000002d5da9110ad

VM_Operation (0x000000fba1bfca10): G1TryInitiateConcMark, mode: safepoint, requested by thread 0x000002d5f5e44cf0


---------------  P R O C E S S  ---------------

Threads class SMR info:
_java_thread_list=0x000002d5f5dc4ee0, length=33, elements={
0x000002d5d23c3d20, 0x000002d5f11525d0, 0x000002d5f11550c0, 0x000002d5f1174c50,
0x000002d5f1178a30, 0x000002d5f11793f0, 0x000002d5f117b610, 0x000002d5f1182b00,
0x000002d5f1138420, 0x000002d5f1e859c0, 0x000002d5f1f16dd0, 0x000002d5f20bf1c0,
0x000002d5f3263290, 0x000002d5f32e5a30, 0x000002d5f3a58a70, 0x000002d5f39ff040,
0x000002d5f39acc00, 0x000002d5f3c5c050, 0x000002d5f378ba10, 0x000002d5f378b070,
0x000002d5f5e44cf0, 0x000002d5f5e404c0, 0x000002d5f5e3f180, 0x000002d5f5e42670,
0x000002d5f5e3fff0, 0x000002d5f5e434e0, 0x000002d5f5e46500, 0x000002d5f5e439b0,
0x000002d5f5e43010, 0x000002d5f5e451c0, 0x000002d5f5e469d0, 0x000002d5f5e43e80,
0x000002d5f5e44350
}

Java Threads: ( => current thread )
  0x000002d5d23c3d20 JavaThread "main" [_thread_blocked, id=11348, stack(0x000000fb9f400000,0x000000fb9f500000)]
  0x000002d5f11525d0 JavaThread "Reference Handler" daemon [_thread_blocked, id=5464, stack(0x000000fb9fb00000,0x000000fb9fc00000)]
  0x000002d5f11550c0 JavaThread "Finalizer" daemon [_thread_blocked, id=2396, stack(0x000000fb9fc00000,0x000000fb9fd00000)]
  0x000002d5f1174c50 JavaThread "Signal Dispatcher" daemon [_thread_blocked, id=12672, stack(0x000000fb9fd00000,0x000000fb9fe00000)]
  0x000002d5f1178a30 JavaThread "Attach Listener" daemon [_thread_blocked, id=9036, stack(0x000000fb9fe00000,0x000000fb9ff00000)]
  0x000002d5f11793f0 JavaThread "Service Thread" daemon [_thread_blocked, id=13604, stack(0x000000fb9ff00000,0x000000fba0000000)]
  0x000002d5f117b610 JavaThread "C1 CompilerThread0" daemon [_thread_blocked, id=13660, stack(0x000000fba0000000,0x000000fba0100000)]
  0x000002d5f1182b00 JavaThread "Sweeper thread" daemon [_thread_blocked, id=7424, stack(0x000000fba0100000,0x000000fba0200000)]
  0x000002d5f1138420 JavaThread "Common-Cleaner" daemon [_thread_blocked, id=5012, stack(0x000000fba0200000,0x000000fba0300000)]
  0x000002d5f1e859c0 JavaThread "Monitor Ctrl-Break" daemon [_thread_in_native, id=3520, stack(0x000000fba0300000,0x000000fba0400000)]
  0x000002d5f1f16dd0 JavaThread "Notification Thread" daemon [_thread_blocked, id=11012, stack(0x000000fba0400000,0x000000fba0500000)]
  0x000002d5f20bf1c0 JavaThread "RMI TCP Accept-0" daemon [_thread_in_native, id=5956, stack(0x000000fba0500000,0x000000fba0600000)]
  0x000002d5f3263290 JavaThread "RMI TCP Connection(1)-10.20.230.238" daemon [_thread_in_native, id=268, stack(0x000000fba0d00000,0x000000fba0e00000)]
  0x000002d5f32e5a30 JavaThread "RMI Scheduler(0)" daemon [_thread_blocked, id=12976, stack(0x000000fba0e00000,0x000000fba0f00000)]
  0x000002d5f3a58a70 JavaThread "Catalina-utility-1" [_thread_blocked, id=11024, stack(0x000000fba0c00000,0x000000fba0d00000)]
  0x000002d5f39ff040 JavaThread "Catalina-utility-2" [_thread_blocked, id=3320, stack(0x000000fba0f00000,0x000000fba1000000)]
  0x000002d5f39acc00 JavaThread "container-0" [_thread_blocked, id=12968, stack(0x000000fba1400000,0x000000fba1500000)]
  0x000002d5f3c5c050 JavaThread "HikariPool-1 housekeeper" daemon [_thread_blocked, id=1404, stack(0x000000fba1800000,0x000000fba1900000)]
  0x000002d5f378ba10 JavaThread "HikariPool-1 connection adder" daemon [_thread_blocked, id=9676, stack(0x000000fba1900000,0x000000fba1a00000)]
  0x000002d5f378b070 JavaThread "ClassGraph-worker-84" daemon [_thread_blocked, id=14152, stack(0x000000fba1a00000,0x000000fba1b00000)]
  0x000002d5f5e44cf0 JavaThread "ClassGraph-worker-85" daemon [_thread_blocked, id=4880, stack(0x000000fba1b00000,0x000000fba1c00000)]
  0x000002d5f5e404c0 JavaThread "ClassGraph-worker-86" daemon [_thread_blocked, id=11672, stack(0x000000fba1c00000,0x000000fba1d00000)]
  0x000002d5f5e3f180 JavaThread "ClassGraph-worker-87" daemon [_thread_blocked, id=11064, stack(0x000000fba1d00000,0x000000fba1e00000)]
  0x000002d5f5e42670 JavaThread "ClassGraph-worker-88" daemon [_thread_blocked, id=14332, stack(0x000000fba1e00000,0x000000fba1f00000)]
  0x000002d5f5e3fff0 JavaThread "ClassGraph-worker-89" daemon [_thread_blocked, id=2956, stack(0x000000fba1f00000,0x000000fba2000000)]
  0x000002d5f5e434e0 JavaThread "ClassGraph-worker-90" daemon [_thread_blocked, id=14124, stack(0x000000fba2000000,0x000000fba2100000)]
  0x000002d5f5e46500 JavaThread "ClassGraph-worker-91" daemon [_thread_blocked, id=14032, stack(0x000000fba2100000,0x000000fba2200000)]
  0x000002d5f5e439b0 JavaThread "ClassGraph-worker-92" daemon [_thread_blocked, id=4656, stack(0x000000fba2200000,0x000000fba2300000)]
  0x000002d5f5e43010 JavaThread "ClassGraph-worker-93" daemon [_thread_blocked, id=3976, stack(0x000000fba2300000,0x000000fba2400000)]
  0x000002d5f5e451c0 JavaThread "ClassGraph-worker-94" daemon [_thread_blocked, id=972, stack(0x000000fba2400000,0x000000fba2500000)]
  0x000002d5f5e469d0 JavaThread "ClassGraph-worker-95" daemon [_thread_blocked, id=5552, stack(0x000000fba2500000,0x000000fba2600000)]
  0x000002d5f5e43e80 JavaThread "ClassGraph-worker-96" daemon [_thread_blocked, id=12920, stack(0x000000fba2600000,0x000000fba2700000)]
  0x000002d5f5e44350 JavaThread "ClassGraph-worker-97" daemon [_thread_blocked, id=14836, stack(0x000000fba2700000,0x000000fba2800000)]

Other Threads:
=>0x000002d5f11506a0 VMThread "VM Thread" [stack: 0x000000fb9fa00000,0x000000fb9fb00000] [id=3472]
  0x000002d5d23c4e50 WatcherThread [stack: 0x000000fba0600000,0x000000fba0700000] [id=6024]
  0x000002d5d2403430 GCTaskThread "GC Thread#0" [stack: 0x000000fb9f500000,0x000000fb9f600000] [id=2628]
  0x000002d5f24cae70 GCTaskThread "GC Thread#1" [stack: 0x000000fba0700000,0x000000fba0800000] [id=888]
  0x000002d5f24cab40 GCTaskThread "GC Thread#2" [stack: 0x000000fba0800000,0x000000fba0900000] [id=10792]
  0x000002d5f24cb800 GCTaskThread "GC Thread#3" [stack: 0x000000fba1000000,0x000000fba1100000] [id=3216]
  0x000002d5f24cc4c0 GCTaskThread "GC Thread#4" [stack: 0x000000fba1100000,0x000000fba1200000] [id=7768]
  0x000002d5f24cbe60 GCTaskThread "GC Thread#5" [stack: 0x000000fba1200000,0x000000fba1300000] [id=660]
  0x000002d5f3af7060 GCTaskThread "GC Thread#6" [stack: 0x000000fba1500000,0x000000fba1600000] [id=8332]
  0x000002d5f3af8d10 GCTaskThread "GC Thread#7" [stack: 0x000000fba1600000,0x000000fba1700000] [id=5416]
  0x000002d5d2415060 ConcurrentGCThread "G1 Main Marker" [stack: 0x000000fb9f600000,0x000000fb9f700000] [id=12960]
  0x000002d5d2415b60 ConcurrentGCThread "G1 Conc#0" [stack: 0x000000fb9f700000,0x000000fb9f800000] [id=4740]
  0x000002d5f24cb4d0 ConcurrentGCThread "G1 Conc#1" [stack: 0x000000fba1300000,0x000000fba1400000] [id=10560]
  0x000002d5f0fc60e0 ConcurrentGCThread "G1 Refine#0" [stack: 0x000000fb9f800000,0x000000fb9f900000] [id=5316]
  0x000002d5f24bd6a0 ConcurrentGCThread "G1 Refine#1" [stack: 0x000000fba0900000,0x000000fba0a00000] [id=9124]
  0x000002d5f23b32e0 ConcurrentGCThread "G1 Refine#2" [stack: 0x000000fba0a00000,0x000000fba0b00000] [id=8288]
  0x000002d5f24c4af0 ConcurrentGCThread "G1 Refine#3" [stack: 0x000000fba0b00000,0x000000fba0c00000] [id=5668]
  0x000002d5f0fc6bf0 ConcurrentGCThread "G1 Young RemSet Sampling" [stack: 0x000000fb9f900000,0x000000fb9fa00000] [id=12176]

Threads with active compile tasks:
C1 CompilerThread0     4972 5245       1       sun.nio.fs.WindowsChannelFactory$Flags::toFlags (320 bytes)

VM state: at safepoint (normal execution)

VM Mutex/Monitor currently owned by a thread:  ([mutex/lock_event])
[0x000002d5d23bf010] Threads_lock - owner thread: 0x000002d5f11506a0
[0x000002d5d23bf2e0] Heap_lock - owner thread: 0x000002d5f5e44cf0

Heap address: 0x0000000082200000, size: 2014 MB, Compressed Oops mode: 32-bit
CDS archive(s) mapped at: [0x0000000800000000-0x0000000800b50000-0x0000000800b50000), size 11862016, SharedBaseAddress: 0x0000000800000000, ArchiveRelocationMode: 0.
Compressed class space mapped at: 0x0000000800b50000-0x0000000840b50000, size: 1073741824
Narrow klass base: 0x0000000800000000, Narrow klass shift: 3, Narrow klass range: 0x100000000

GC Precious Log:
 CPUs: 8 total, 8 available
 Memory: 8050M
 Large Page Support: Disabled
 NUMA Support: Disabled
 Compressed Oops: Enabled (32-bit)
 Heap Region Size: 1M
 Heap Min Capacity: 8M
 Heap Initial Capacity: 126M
 Heap Max Capacity: 2014M
 Pre-touch: Disabled
 Parallel Workers: 8
 Concurrent Workers: 2
 Concurrent Refinement Workers: 8
 Periodic GC: Disabled

Heap:
 garbage-first heap   total 121856K, used 54408K [0x0000000082200000, 0x0000000100000000)
  region size 1024K, 4 young (4096K), 4 survivors (4096K)
 Metaspace       used 58295K, capacity 58848K, committed 59044K, reserved 1099776K
  class space    used 7967K, capacity 8153K, committed 8268K, reserved 1048576K

Heap Regions: E=young(eden), S=young(survivor), O=old, HS=humongous(starts), HC=humongous(continues), CS=collection set, F=free, OA=open archive, CA=closed archive, TAMS=top-at-mark-start (previous, next)
|   0|0x0000000082200000, 0x0000000082300000, 0x0000000082300000|100%|HS|  |TAMS 0x0000000082300000, 0x0000000082300000| Complete 
|   1|0x0000000082300000, 0x0000000082400000, 0x0000000082400000|100%| O|  |TAMS 0x0000000082400000, 0x0000000082400000| Untracked 
|   2|0x0000000082400000, 0x0000000082500000, 0x0000000082500000|100%| O|  |TAMS 0x0000000082500000, 0x0000000082500000| Untracked 
|   3|0x0000000082500000, 0x0000000082600000, 0x0000000082600000|100%| O|  |TAMS 0x0000000082600000, 0x0000000082600000| Untracked 
|   4|0x0000000082600000, 0x0000000082700000, 0x0000000082700000|100%| O|  |TAMS 0x0000000082700000, 0x0000000082700000| Untracked 
|   5|0x0000000082700000, 0x0000000082800000, 0x0000000082800000|100%| O|  |TAMS 0x0000000082800000, 0x0000000082800000| Untracked 
|   6|0x0000000082800000, 0x0000000082900000, 0x0000000082900000|100%| O|  |TAMS 0x0000000082900000, 0x0000000082900000| Untracked 
|   7|0x0000000082900000, 0x0000000082a00000, 0x0000000082a00000|100%| O|  |TAMS 0x0000000082a00000, 0x0000000082a00000| Untracked 
|   8|0x0000000082a00000, 0x0000000082b00000, 0x0000000082b00000|100%| O|  |TAMS 0x0000000082a00000, 0x0000000082a00000| Untracked 
|   9|0x0000000082b00000, 0x0000000082c00000, 0x0000000082c00000|100%| O|  |TAMS 0x0000000082c00000, 0x0000000082c00000| Untracked 
|  10|0x0000000082c00000, 0x0000000082d00000, 0x0000000082d00000|100%| O|  |TAMS 0x0000000082d00000, 0x0000000082d00000| Untracked 
|  11|0x0000000082d00000, 0x0000000082e00000, 0x0000000082e00000|100%| O|  |TAMS 0x0000000082e00000, 0x0000000082e00000| Untracked 
|  12|0x0000000082e00000, 0x0000000082f00000, 0x0000000082f00000|100%| O|  |TAMS 0x0000000082f00000, 0x0000000082f00000| Untracked 
|  13|0x0000000082f00000, 0x0000000083000000, 0x0000000083000000|100%| O|  |TAMS 0x0000000083000000, 0x0000000083000000| Untracked 
|  14|0x0000000083000000, 0x0000000083100000, 0x0000000083100000|100%| O|  |TAMS 0x0000000083100000, 0x0000000083100000| Untracked 
|  15|0x0000000083100000, 0x0000000083200000, 0x0000000083200000|100%| O|  |TAMS 0x0000000083200000, 0x0000000083200000| Untracked 
|  16|0x0000000083200000, 0x0000000083300000, 0x0000000083300000|100%| O|  |TAMS 0x0000000083300000, 0x0000000083300000| Untracked 
|  17|0x0000000083300000, 0x0000000083400000, 0x0000000083400000|100%| O|  |TAMS 0x0000000083300000, 0x0000000083400000| Untracked 
|  18|0x0000000083400000, 0x0000000083500000, 0x0000000083500000|100%| O|  |TAMS 0x0000000083500000, 0x0000000083500000| Untracked 
|  19|0x0000000083500000, 0x0000000083600000, 0x0000000083600000|100%| O|  |TAMS 0x0000000083600000, 0x0000000083600000| Untracked 
|  20|0x0000000083600000, 0x0000000083700000, 0x0000000083700000|100%| O|  |TAMS 0x0000000083600000, 0x0000000083700000| Untracked 
|  21|0x0000000083700000, 0x0000000083800000, 0x0000000083800000|100%| O|  |TAMS 0x0000000083800000, 0x0000000083800000| Untracked 
|  22|0x0000000083800000, 0x0000000083900000, 0x0000000083900000|100%| O|  |TAMS 0x0000000083800000, 0x0000000083900000| Untracked 
|  23|0x0000000083900000, 0x0000000083a00000, 0x0000000083a00000|100%| O|  |TAMS 0x0000000083900000, 0x0000000083929200| Untracked 
|  24|0x0000000083a00000, 0x0000000083b00000, 0x0000000083b00000|100%| O|  |TAMS 0x0000000083a00000, 0x0000000083a00000| Untracked 
|  25|0x0000000083b00000, 0x0000000083c00000, 0x0000000083c00000|100%| O|  |TAMS 0x0000000083b00000, 0x0000000083b00000| Untracked 
|  26|0x0000000083c00000, 0x0000000083c6fa00, 0x0000000083d00000| 43%| O|  |TAMS 0x0000000083c00000, 0x0000000083c00000| Untracked 
|  27|0x0000000083d00000, 0x0000000083e00000, 0x0000000083e00000|100%| O|  |TAMS 0x0000000083e00000, 0x0000000083e00000| Untracked 
|  28|0x0000000083e00000, 0x0000000083f00000, 0x0000000083f00000|100%| O|  |TAMS 0x0000000083f00000, 0x0000000083f00000| Untracked 
|  29|0x0000000083f00000, 0x0000000084000000, 0x0000000084000000|100%| O|  |TAMS 0x0000000084000000, 0x0000000084000000| Untracked 
|  30|0x0000000084000000, 0x0000000084000000, 0x0000000084100000|  0%| F|  |TAMS 0x0000000084000000, 0x0000000084000000| Untracked 
|  31|0x0000000084100000, 0x0000000084100000, 0x0000000084200000|  0%| F|  |TAMS 0x0000000084100000, 0x0000000084100000| Untracked 
|  32|0x0000000084200000, 0x0000000084300000, 0x0000000084300000|100%| O|  |TAMS 0x0000000084200000, 0x0000000084300000| Untracked 
|  33|0x0000000084300000, 0x0000000084400000, 0x0000000084400000|100%| O|  |TAMS 0x0000000084300000, 0x0000000084400000| Untracked 
|  34|0x0000000084400000, 0x0000000084500000, 0x0000000084500000|100%| O|  |TAMS 0x0000000084400000, 0x0000000084500000| Untracked 
|  35|0x0000000084500000, 0x0000000084500000, 0x0000000084600000|  0%| F|  |TAMS 0x0000000084500000, 0x0000000084500000| Untracked 
|  36|0x0000000084600000, 0x0000000084700000, 0x0000000084700000|100%| O|  |TAMS 0x0000000084618600, 0x0000000084700000| Untracked 
|  37|0x0000000084700000, 0x0000000084800000, 0x0000000084800000|100%| O|  |TAMS 0x0000000084700000, 0x0000000084800000| Untracked 
|  38|0x0000000084800000, 0x0000000084900000, 0x0000000084900000|100%| O|  |TAMS 0x0000000084800000, 0x0000000084900000| Untracked 
|  39|0x0000000084900000, 0x0000000084a00000, 0x0000000084a00000|100%| O|  |TAMS 0x0000000084900000, 0x0000000084a00000| Untracked 
|  40|0x0000000084a00000, 0x0000000084b00000, 0x0000000084b00000|100%| O|  |TAMS 0x0000000084a00000, 0x0000000084b00000| Untracked 
|  41|0x0000000084b00000, 0x0000000084c00000, 0x0000000084c00000|100%| O|  |TAMS 0x0000000084b00000, 0x0000000084c00000| Untracked 
|  42|0x0000000084c00000, 0x0000000084d00000, 0x0000000084d00000|100%| O|  |TAMS 0x0000000084c00000, 0x0000000084d00000| Untracked 
|  43|0x0000000084d00000, 0x0000000084e00000, 0x0000000084e00000|100%| O|  |TAMS 0x0000000084d00000, 0x0000000084e00000| Untracked 
|  44|0x0000000084e00000, 0x0000000084f00000, 0x0000000084f00000|100%| O|  |TAMS 0x0000000084e00000, 0x0000000084f00000| Untracked 
|  45|0x0000000084f00000, 0x0000000085000000, 0x0000000085000000|100%| O|  |TAMS 0x0000000084f00000, 0x0000000085000000| Untracked 
|  46|0x0000000085000000, 0x0000000085100000, 0x0000000085100000|100%| O|  |TAMS 0x0000000085000000, 0x0000000085100000| Untracked 
|  47|0x0000000085100000, 0x0000000085200000, 0x0000000085200000|100%| O|  |TAMS 0x0000000085100000, 0x0000000085200000| Untracked 
|  48|0x0000000085200000, 0x0000000085300000, 0x0000000085300000|100%| O|  |TAMS 0x0000000085200000, 0x0000000085300000| Untracked 
|  49|0x0000000085300000, 0x0000000085400000, 0x0000000085400000|100%| O|  |TAMS 0x0000000085300000, 0x0000000085400000| Untracked 
|  50|0x0000000085400000, 0x0000000085500000, 0x0000000085500000|100%| O|  |TAMS 0x0000000085400000, 0x0000000085500000| Untracked 
|  51|0x0000000085500000, 0x0000000085500000, 0x0000000085600000|  0%| F|  |TAMS 0x0000000085500000, 0x0000000085500000| Untracked 
|  52|0x0000000085600000, 0x0000000085600000, 0x0000000085700000|  0%| F|  |TAMS 0x0000000085600000, 0x0000000085600000| Untracked 
|  53|0x0000000085700000, 0x0000000085700000, 0x0000000085800000|  0%| F|  |TAMS 0x0000000085700000, 0x0000000085700000| Untracked 
|  54|0x0000000085800000, 0x0000000085800000, 0x0000000085900000|  0%| F|  |TAMS 0x0000000085800000, 0x0000000085800000| Untracked 
|  55|0x0000000085900000, 0x0000000085900000, 0x0000000085a00000|  0%| F|  |TAMS 0x0000000085900000, 0x0000000085900000| Untracked 
|  56|0x0000000085a00000, 0x0000000085a00000, 0x0000000085b00000|  0%| F|  |TAMS 0x0000000085a00000, 0x0000000085a00000| Untracked 
|  57|0x0000000085b00000, 0x0000000085b00000, 0x0000000085c00000|  0%| F|  |TAMS 0x0000000085b00000, 0x0000000085b00000| Untracked 
|  58|0x0000000085c00000, 0x0000000085c00000, 0x0000000085d00000|  0%| F|  |TAMS 0x0000000085c00000, 0x0000000085c00000| Untracked 
|  59|0x0000000085d00000, 0x0000000085d00000, 0x0000000085e00000|  0%| F|  |TAMS 0x0000000085d00000, 0x0000000085d00000| Untracked 
|  60|0x0000000085e00000, 0x0000000085e00000, 0x0000000085f00000|  0%| F|  |TAMS 0x0000000085e00000, 0x0000000085e00000| Untracked 
|  61|0x0000000085f00000, 0x0000000085f00000, 0x0000000086000000|  0%| F|  |TAMS 0x0000000085f00000, 0x0000000085f00000| Untracked 
|  62|0x0000000086000000, 0x0000000086000000, 0x0000000086100000|  0%| F|  |TAMS 0x0000000086000000, 0x0000000086000000| Untracked 
|  63|0x0000000086100000, 0x0000000086100000, 0x0000000086200000|  0%| F|  |TAMS 0x0000000086100000, 0x0000000086100000| Untracked 
|  64|0x0000000086200000, 0x0000000086200000, 0x0000000086300000|  0%| F|  |TAMS 0x0000000086200000, 0x0000000086200000| Untracked 
|  65|0x0000000086300000, 0x0000000086300000, 0x0000000086400000|  0%| F|  |TAMS 0x0000000086300000, 0x0000000086300000| Untracked 
|  66|0x0000000086400000, 0x0000000086400000, 0x0000000086500000|  0%| F|  |TAMS 0x0000000086400000, 0x0000000086400000| Untracked 
|  67|0x0000000086500000, 0x0000000086500000, 0x0000000086600000|  0%| F|  |TAMS 0x0000000086500000, 0x0000000086500000| Untracked 
|  68|0x0000000086600000, 0x0000000086600000, 0x0000000086700000|  0%| F|  |TAMS 0x0000000086600000, 0x0000000086600000| Untracked 
|  69|0x0000000086700000, 0x0000000086700000, 0x0000000086800000|  0%| F|  |TAMS 0x0000000086700000, 0x0000000086700000| Untracked 
|  70|0x0000000086800000, 0x0000000086800000, 0x0000000086900000|  0%| F|  |TAMS 0x0000000086800000, 0x0000000086800000| Untracked 
|  71|0x0000000086900000, 0x0000000086900000, 0x0000000086a00000|  0%| F|  |TAMS 0x0000000086900000, 0x0000000086900000| Untracked 
|  72|0x0000000086a00000, 0x0000000086a00000, 0x0000000086b00000|  0%| F|  |TAMS 0x0000000086a00000, 0x0000000086a00000| Untracked 
|  73|0x0000000086b00000, 0x0000000086b00000, 0x0000000086c00000|  0%| F|  |TAMS 0x0000000086b00000, 0x0000000086b00000| Untracked 
|  74|0x0000000086c00000, 0x0000000086c00000, 0x0000000086d00000|  0%| F|  |TAMS 0x0000000086c00000, 0x0000000086c00000| Untracked 
|  75|0x0000000086d00000, 0x0000000086d00000, 0x0000000086e00000|  0%| F|  |TAMS 0x0000000086d00000, 0x0000000086d00000| Untracked 
|  76|0x0000000086e00000, 0x0000000086e00000, 0x0000000086f00000|  0%| F|  |TAMS 0x0000000086e00000, 0x0000000086e00000| Untracked 
|  77|0x0000000086f00000, 0x0000000086f00000, 0x0000000087000000|  0%| F|  |TAMS 0x0000000086f00000, 0x0000000086f00000| Untracked 
|  78|0x0000000087000000, 0x0000000087000000, 0x0000000087100000|  0%| F|  |TAMS 0x0000000087000000, 0x0000000087000000| Untracked 
|  79|0x0000000087100000, 0x0000000087100000, 0x0000000087200000|  0%| F|  |TAMS 0x0000000087100000, 0x0000000087100000| Untracked 
|  80|0x0000000087200000, 0x0000000087200000, 0x0000000087300000|  0%| F|  |TAMS 0x0000000087200000, 0x0000000087200000| Untracked 
|  81|0x0000000087300000, 0x0000000087300000, 0x0000000087400000|  0%| F|  |TAMS 0x0000000087300000, 0x0000000087300000| Untracked 
|  82|0x0000000087400000, 0x0000000087400000, 0x0000000087500000|  0%| F|  |TAMS 0x0000000087400000, 0x0000000087400000| Untracked 
|  83|0x0000000087500000, 0x00000000875b28a8, 0x0000000087600000| 69%| S|CS|TAMS 0x0000000087500000, 0x0000000087500000| Complete 
|  84|0x0000000087600000, 0x0000000087700000, 0x0000000087700000|100%| S|CS|TAMS 0x0000000087600000, 0x0000000087600000| Complete 
|  85|0x0000000087700000, 0x0000000087800000, 0x0000000087800000|100%| S|CS|TAMS 0x0000000087700000, 0x0000000087700000| Complete 
|  86|0x0000000087800000, 0x0000000087900000, 0x0000000087900000|100%| S|CS|TAMS 0x0000000087800000, 0x0000000087800000| Complete 
|  87|0x0000000087900000, 0x0000000087900000, 0x0000000087a00000|  0%| F|  |TAMS 0x0000000087900000, 0x0000000087900000| Untracked 
|  88|0x0000000087a00000, 0x0000000087a00000, 0x0000000087b00000|  0%| F|  |TAMS 0x0000000087a00000, 0x0000000087a00000| Untracked 
|  89|0x0000000087b00000, 0x0000000087b00000, 0x0000000087c00000|  0%| F|  |TAMS 0x0000000087b00000, 0x0000000087b00000| Untracked 
|  90|0x0000000087c00000, 0x0000000087c00000, 0x0000000087d00000|  0%| F|  |TAMS 0x0000000087c00000, 0x0000000087c00000| Untracked 
|  91|0x0000000087d00000, 0x0000000087d00000, 0x0000000087e00000|  0%| F|  |TAMS 0x0000000087d00000, 0x0000000087d00000| Untracked 
|  92|0x0000000087e00000, 0x0000000087e00000, 0x0000000087f00000|  0%| F|  |TAMS 0x0000000087e00000, 0x0000000087e00000| Untracked 
|  93|0x0000000087f00000, 0x0000000087f00000, 0x0000000088000000|  0%| F|  |TAMS 0x0000000087f00000, 0x0000000087f00000| Untracked 
|  94|0x0000000088000000, 0x0000000088000000, 0x0000000088100000|  0%| F|  |TAMS 0x0000000088000000, 0x0000000088000000| Untracked 
|  95|0x0000000088100000, 0x0000000088100000, 0x0000000088200000|  0%| F|  |TAMS 0x0000000088100000, 0x0000000088100000| Untracked 
| 125|0x0000000089f00000, 0x0000000089f00000, 0x000000008a000000|  0%| F|  |TAMS 0x0000000089f00000, 0x0000000089f00000| Untracked 
|2012|0x00000000ffe00000, 0x00000000fff00000, 0x00000000fff00000|100%| O|  |TAMS 0x00000000fff00000, 0x00000000fff00000| Untracked 
|2013|0x00000000fff00000, 0x0000000100000000, 0x0000000100000000|100%| O|  |TAMS 0x0000000100000000, 0x0000000100000000| Untracked 

Card table byte_map: [0x000002d5ea030000,0x000002d5ea420000] _byte_map_base: 0x000002d5e9c1f000

Marking Bits (Prev, Next): (CMBitMap*) 0x000002d5d2404b40, (CMBitMap*) 0x000002d5d2404b80
 Prev Bits: [0x000002d5ea810000, 0x000002d5ec788000)
 Next Bits: [0x000002d5ec790000, 0x000002d5ee708000)

Polling page: 0x000002d5d01e0000

Metaspace:

Usage:
  Non-class:     49.51 MB capacity,    49.15 MB (>99%) used,   284.31 KB ( <1%) free+waste,    82.75 KB ( <1%) overhead. 
      Class:      7.96 MB capacity,     7.78 MB ( 98%) used,   151.74 KB (  2%) free+waste,    33.44 KB ( <1%) overhead. 
       Both:     57.47 MB capacity,    56.93 MB (>99%) used,   436.05 KB ( <1%) free+waste,   116.19 KB ( <1%) overhead. 

Virtual space:
  Non-class space:       50.00 MB reserved,      49.59 MB (>99%) committed 
      Class space:        1.00 GB reserved,       8.07 MB ( <1%) committed 
             Both:        1.05 GB reserved,      57.66 MB (  5%) committed 

Chunk freelists:
   Non-Class:  17.00 KB
       Class:  7.00 KB
        Both:  24.00 KB

MaxMetaspaceSize: 17179869184.00 GB
CompressedClassSpaceSize: 1.00 GB

CodeHeap 'non-profiled nmethods': size=238336Kb used=8551Kb max_used=8551Kb free=229784Kb
 bounds [0x000002d5db050000, 0x000002d5db8b0000, 0x000002d5e9910000]
CodeHeap 'non-nmethods': size=7424Kb used=1296Kb max_used=1296Kb free=6127Kb
 bounds [0x000002d5da910000, 0x000002d5dab80000, 0x000002d5db050000]
 total_blobs=5830 nmethods=5239 adapters=518
 compilation: enabled
              stopped_count=0, restarted_count=0
 full_count=0

Compilation events (20 events):
Event: 4.878 Thread 0x000002d5f117b610 nmethod 5230 0x000002d5db89f290 code [0x000002d5db89f420, 0x000002d5db89f4b8]
Event: 4.878 Thread 0x000002d5f117b610 5226       1       nonapi.io.github.classgraph.classpath.ClasspathOrder::filter (99 bytes)
Event: 4.878 Thread 0x000002d5f117b610 nmethod 5226 0x000002d5db89f590 code [0x000002d5db89f780, 0x000002d5db89fbc8]
Event: 4.911 Thread 0x000002d5f117b610 5231       1       io.github.classgraph.Scanner$ClasspathEntryWorkUnit::<init> (32 bytes)
Event: 4.912 Thread 0x000002d5f117b610 nmethod 5231 0x000002d5db89fe10 code [0x000002d5db89ffa0, 0x000002d5db8a01d8]
Event: 4.912 Thread 0x000002d5f117b610 5232       1       java.util.concurrent.atomic.AtomicInteger::getAndIncrement (12 bytes)
Event: 4.912 Thread 0x000002d5f117b610 nmethod 5232 0x000002d5db8a0290 code [0x000002d5db8a0420, 0x000002d5db8a04f8]
Event: 4.912 Thread 0x000002d5f117b610 5233       1       java.lang.Thread::checkAccess (14 bytes)
Event: 4.912 Thread 0x000002d5f117b610 nmethod 5233 0x000002d5db8a0590 code [0x000002d5db8a0740, 0x000002d5db8a0848]
Event: 4.912 Thread 0x000002d5f117b610 5235   !   1       io.github.classgraph.Scanner::normalizeClasspathEntry (388 bytes)
Event: 4.915 Thread 0x000002d5f117b610 nmethod 5235 0x000002d5db8a0910 code [0x000002d5db8a0de0, 0x000002d5db8a2b48]
Event: 4.915 Thread 0x000002d5f117b610 5234       1       java.lang.ThreadGroup::getMaxPriority (5 bytes)
Event: 4.915 Thread 0x000002d5f117b610 nmethod 5234 0x000002d5db8a3b90 code [0x000002d5db8a3d20, 0x000002d5db8a3dd8]
Event: 4.915 Thread 0x000002d5f117b610 5239       1       java.nio.file.Paths::get (6 bytes)
Event: 4.916 Thread 0x000002d5f117b610 nmethod 5239 0x000002d5db8a3e90 code [0x000002d5db8a4040, 0x000002d5db8a4168]
Event: 4.916 Thread 0x000002d5f117b610 5240       1       java.nio.file.Path::of (9 bytes)
Event: 4.916 Thread 0x000002d5f117b610 nmethod 5240 0x000002d5db8a4290 code [0x000002d5db8a4440, 0x000002d5db8a4568]
Event: 4.916 Thread 0x000002d5f117b610 5236   !   1       io.github.classgraph.Scanner$2::processWorkUnit (340 bytes)
Event: 4.919 Thread 0x000002d5f117b610 nmethod 5236 0x000002d5db8a4690 code [0x000002d5db8a4c40, 0x000002d5db8a6f88]
Event: 4.919 Thread 0x000002d5f117b610 5245       1       sun.nio.fs.WindowsChannelFactory$Flags::toFlags (320 bytes)

GC Heap History (20 events):
Event: 3.231 GC heap after
{Heap after GC invocations=11 (full 0):
 garbage-first heap   total 59392K, used 20345K [0x0000000082200000, 0x0000000100000000)
  region size 1024K, 3 young (3072K), 3 survivors (3072K)
 Metaspace       used 42067K, capacity 42552K, committed 42660K, reserved 1085440K
  class space    used 5766K, capacity 5938K, committed 5964K, reserved 1048576K
}
Event: 3.603 GC heap before
{Heap before GC invocations=12 (full 0):
 garbage-first heap   total 59392K, used 43897K [0x0000000082200000, 0x0000000100000000)
  region size 1024K, 27 young (27648K), 3 survivors (3072K)
 Metaspace       used 47234K, capacity 47760K, committed 48036K, reserved 1091584K
  class space    used 6554K, capacity 6712K, committed 6732K, reserved 1048576K
}
Event: 3.606 GC heap after
{Heap after GC invocations=13 (full 0):
 garbage-first heap   total 71680K, used 21642K [0x0000000082200000, 0x0000000100000000)
  region size 1024K, 3 young (3072K), 3 survivors (3072K)
 Metaspace       used 47234K, capacity 47760K, committed 48036K, reserved 1091584K
  class space    used 6554K, capacity 6712K, committed 6732K, reserved 1048576K
}
Event: 4.029 GC heap before
{Heap before GC invocations=13 (full 0):
 garbage-first heap   total 71680K, used 55434K [0x0000000082200000, 0x0000000100000000)
  region size 1024K, 36 young (36864K), 3 survivors (3072K)
 Metaspace       used 53163K, capacity 53732K, committed 54052K, reserved 1095680K
  class space    used 7333K, capacity 7501K, committed 7628K, reserved 1048576K
}
Event: 4.032 GC heap after
{Heap after GC invocations=14 (full 0):
 garbage-first heap   total 71680K, used 23680K [0x0000000082200000, 0x0000000100000000)
  region size 1024K, 5 young (5120K), 5 survivors (5120K)
 Metaspace       used 53163K, capacity 53732K, committed 54052K, reserved 1095680K
  class space    used 7333K, capacity 7501K, committed 7628K, reserved 1048576K
}
Event: 4.347 GC heap before
{Heap before GC invocations=14 (full 0):
 garbage-first heap   total 71680K, used 55424K [0x0000000082200000, 0x0000000100000000)
  region size 1024K, 36 young (36864K), 5 survivors (5120K)
 Metaspace       used 56789K, capacity 57329K, committed 57508K, reserved 1099776K
  class space    used 7801K, capacity 7993K, committed 8012K, reserved 1048576K
}
Event: 4.351 GC heap after
{Heap after GC invocations=15 (full 0):
 garbage-first heap   total 71680K, used 26311K [0x0000000082200000, 0x0000000100000000)
  region size 1024K, 5 young (5120K), 5 survivors (5120K)
 Metaspace       used 56789K, capacity 57329K, committed 57508K, reserved 1099776K
  class space    used 7801K, capacity 7993K, committed 8012K, reserved 1048576K
}
Event: 4.541 GC heap before
{Heap before GC invocations=15 (full 0):
 garbage-first heap   total 71680K, used 57031K [0x0000000082200000, 0x0000000100000000)
  region size 1024K, 34 young (34816K), 5 survivors (5120K)
 Metaspace       used 58169K, capacity 58766K, committed 59044K, reserved 1099776K
  class space    used 7954K, capacity 8149K, committed 8268K, reserved 1048576K
}
Event: 4.547 GC heap after
{Heap after GC invocations=16 (full 0):
 garbage-first heap   total 71680K, used 31492K [0x0000000082200000, 0x0000000100000000)
  region size 1024K, 5 young (5120K), 5 survivors (5120K)
 Metaspace       used 58169K, capacity 58766K, committed 59044K, reserved 1099776K
  class space    used 7954K, capacity 8149K, committed 8268K, reserved 1048576K
}
Event: 4.658 GC heap before
{Heap before GC invocations=16 (full 0):
 garbage-first heap   total 71680K, used 56068K [0x0000000082200000, 0x0000000100000000)
  region size 1024K, 28 young (28672K), 5 survivors (5120K)
 Metaspace       used 58275K, capacity 58833K, committed 59044K, reserved 1099776K
  class space    used 7966K, capacity 8150K, committed 8268K, reserved 1048576K
}
Event: 4.665 GC heap after
{Heap after GC invocations=17 (full 0):
 garbage-first heap   total 71680K, used 39166K [0x0000000082200000, 0x0000000100000000)
  region size 1024K, 4 young (4096K), 4 survivors (4096K)
 Metaspace       used 58275K, capacity 58833K, committed 59044K, reserved 1099776K
  class space    used 7966K, capacity 8150K, committed 8268K, reserved 1048576K
}
Event: 4.682 GC heap before
{Heap before GC invocations=17 (full 0):
 garbage-first heap   total 71680K, used 52478K [0x0000000082200000, 0x0000000100000000)
  region size 1024K, 18 young (18432K), 4 survivors (4096K)
 Metaspace       used 58275K, capacity 58833K, committed 59044K, reserved 1099776K
  class space    used 7966K, capacity 8150K, committed 8268K, reserved 1048576K
}
Event: 4.687 GC heap after
{Heap after GC invocations=18 (full 0):
 garbage-first heap   total 86016K, used 41596K [0x0000000082200000, 0x0000000100000000)
  region size 1024K, 3 young (3072K), 3 survivors (3072K)
 Metaspace       used 58275K, capacity 58833K, committed 59044K, reserved 1099776K
  class space    used 7966K, capacity 8150K, committed 8268K, reserved 1048576K
}
Event: 4.796 GC heap before
{Heap before GC invocations=19 (full 0):
 garbage-first heap   total 101376K, used 62076K [0x0000000082200000, 0x0000000100000000)
  region size 1024K, 24 young (24576K), 3 survivors (3072K)
 Metaspace       used 58286K, capacity 58833K, committed 59044K, reserved 1099776K
  class space    used 7966K, capacity 8150K, committed 8268K, reserved 1048576K
}
Event: 4.801 GC heap after
{Heap after GC invocations=20 (full 0):
 garbage-first heap   total 101376K, used 47721K [0x0000000082200000, 0x0000000100000000)
  region size 1024K, 3 young (3072K), 3 survivors (3072K)
 Metaspace       used 58286K, capacity 58833K, committed 59044K, reserved 1099776K
  class space    used 7966K, capacity 8150K, committed 8268K, reserved 1048576K
}
Event: 4.804 GC heap before
{Heap before GC invocations=20 (full 0):
 garbage-first heap   total 101376K, used 48745K [0x0000000082200000, 0x0000000100000000)
  region size 1024K, 4 young (4096K), 3 survivors (3072K)
 Metaspace       used 58286K, capacity 58833K, committed 59044K, reserved 1099776K
  class space    used 7966K, capacity 8150K, committed 8268K, reserved 1048576K
}
Event: 4.809 GC heap after
{Heap after GC invocations=21 (full 0):
 garbage-first heap   total 101376K, used 43527K [0x0000000082200000, 0x0000000100000000)
  region size 1024K, 1 young (1024K), 1 survivors (1024K)
 Metaspace       used 58286K, capacity 58833K, committed 59044K, reserved 1099776K
  class space    used 7966K, capacity 8150K, committed 8268K, reserved 1048576K
}
Event: 4.846 GC heap before
{Heap before GC invocations=21 (full 0):
 garbage-first heap   total 101376K, used 73223K [0x0000000082200000, 0x0000000100000000)
  region size 1024K, 29 young (29696K), 1 survivors (1024K)
 Metaspace       used 58286K, capacity 58833K, committed 59044K, reserved 1099776K
  class space    used 7966K, capacity 8150K, committed 8268K, reserved 1048576K
}
Event: 4.850 GC heap after
{Heap after GC invocations=22 (full 0):
 garbage-first heap   total 101376K, used 50340K [0x0000000082200000, 0x0000000100000000)
  region size 1024K, 4 young (4096K), 4 survivors (4096K)
 Metaspace       used 58286K, capacity 58833K, committed 59044K, reserved 1099776K
  class space    used 7966K, capacity 8150K, committed 8268K, reserved 1048576K
}
Event: 4.920 GC heap before
{Heap before GC invocations=22 (full 0):
 garbage-first heap   total 101376K, used 59556K [0x0000000082200000, 0x0000000100000000)
  region size 1024K, 14 young (14336K), 4 survivors (4096K)
 Metaspace       used 58295K, capacity 58848K, committed 59044K, reserved 1099776K
  class space    used 7967K, capacity 8153K, committed 8268K, reserved 1048576K
}

Deoptimization events (10 events):
Event: 1.802 Thread 0x000002d5d23c3d20 DEOPT PACKING pc=0x000002d5db3459d4 sp=0x000000fb9f4fdb00
Event: 1.802 Thread 0x000002d5d23c3d20 DEOPT UNPACKING pc=0x000002d5da95e23f sp=0x000000fb9f4fd058 mode 0
Event: 2.532 Thread 0x000002d5d23c3d20 DEOPT PACKING pc=0x000002d5db31937e sp=0x000000fb9f4fea90
Event: 2.532 Thread 0x000002d5d23c3d20 DEOPT UNPACKING pc=0x000002d5da95e23f sp=0x000000fb9f4fdf20 mode 3
Event: 2.533 Thread 0x000002d5f3a58a70 DEOPT PACKING pc=0x000002d5db2eaf11 sp=0x000000fba0cfea00
Event: 2.533 Thread 0x000002d5f3a58a70 DEOPT UNPACKING pc=0x000002d5da95e23f sp=0x000000fba0cfde58 mode 3
Event: 4.323 Thread 0x000002d5d23c3d20 DEOPT PACKING pc=0x000002d5db2dfa4a sp=0x000000fb9f4fe080
Event: 4.323 Thread 0x000002d5d23c3d20 DEOPT UNPACKING pc=0x000002d5da95e23f sp=0x000000fb9f4fd588 mode 3
Event: 4.323 Thread 0x000002d5d23c3d20 DEOPT PACKING pc=0x000002d5db2da72d sp=0x000000fb9f4fe040
Event: 4.323 Thread 0x000002d5d23c3d20 DEOPT UNPACKING pc=0x000002d5da95e23f sp=0x000000fb9f4fd588 mode 3

Classes unloaded (0 events):
No events

Classes redefined (0 events):
No events

Internal exceptions (20 events):
Event: 4.916 Thread 0x000002d5f5e404c0 Exception <a 'sun/nio/fs/WindowsException'{0x0000000087cbe300}> (0x0000000087cbe300) 
thrown [./src/hotspot/share/prims/jni.cpp, line 578]
Event: 4.916 Thread 0x000002d5f5e404c0 Exception <a 'sun/nio/fs/WindowsException'{0x0000000087cbe630}> (0x0000000087cbe630) 
thrown [./src/hotspot/share/prims/jni.cpp, line 578]
Event: 4.916 Thread 0x000002d5f5e44cf0 Exception <a 'sun/nio/fs/WindowsException'{0x0000000087cb6ec0}> (0x0000000087cb6ec0) 
thrown [./src/hotspot/share/prims/jni.cpp, line 578]
Event: 4.916 Thread 0x000002d5f5e44cf0 Exception <a 'sun/nio/fs/WindowsException'{0x0000000087b2c8e0}> (0x0000000087b2c8e0) 
thrown [./src/hotspot/share/prims/jni.cpp, line 578]
Event: 4.916 Thread 0x000002d5f5e404c0 Exception <a 'sun/nio/fs/WindowsException'{0x0000000087cbefa0}> (0x0000000087cbefa0) 
thrown [./src/hotspot/share/prims/jni.cpp, line 578]
Event: 4.916 Thread 0x000002d5f5e404c0 Exception <a 'sun/nio/fs/WindowsException'{0x0000000087cbf2c0}> (0x0000000087cbf2c0) 
thrown [./src/hotspot/share/prims/jni.cpp, line 578]
Event: 4.916 Thread 0x000002d5f5e44cf0 Exception <a 'sun/nio/fs/WindowsException'{0x0000000087b2d260}> (0x0000000087b2d260) 
thrown [./src/hotspot/share/prims/jni.cpp, line 578]
Event: 4.916 Thread 0x000002d5f5e44cf0 Exception <a 'sun/nio/fs/WindowsException'{0x0000000087b2d5a8}> (0x0000000087b2d5a8) 
thrown [./src/hotspot/share/prims/jni.cpp, line 578]
Event: 4.916 Thread 0x000002d5f5e404c0 Exception <a 'sun/nio/fs/WindowsException'{0x0000000087cbfc38}> (0x0000000087cbfc38) 
thrown [./src/hotspot/share/prims/jni.cpp, line 578]
Event: 4.916 Thread 0x000002d5f5e404c0 Exception <a 'sun/nio/fs/WindowsException'{0x0000000087b35748}> (0x0000000087b35748) 
thrown [./src/hotspot/share/prims/jni.cpp, line 578]
Event: 4.916 Thread 0x000002d5f5e44cf0 Exception <a 'sun/nio/fs/WindowsException'{0x0000000087b2df40}> (0x0000000087b2df40) 
thrown [./src/hotspot/share/prims/jni.cpp, line 578]
Event: 4.916 Thread 0x000002d5f5e404c0 Exception <a 'sun/nio/fs/WindowsException'{0x0000000087b360e0}> (0x0000000087b360e0) 
thrown [./src/hotspot/share/prims/jni.cpp, line 578]
Event: 4.916 Thread 0x000002d5f5e44cf0 Exception <a 'sun/nio/fs/WindowsException'{0x0000000087b2e2a0}> (0x0000000087b2e2a0) 
thrown [./src/hotspot/share/prims/jni.cpp, line 578]
Event: 4.916 Thread 0x000002d5f5e404c0 Exception <a 'sun/nio/fs/WindowsException'{0x0000000087b36430}> (0x0000000087b36430) 
thrown [./src/hotspot/share/prims/jni.cpp, line 578]
Event: 4.916 Thread 0x000002d5f5e44cf0 Exception <a 'sun/nio/fs/WindowsException'{0x0000000087b2ec30}> (0x0000000087b2ec30) 
thrown [./src/hotspot/share/prims/jni.cpp, line 578]
Event: 4.916 Thread 0x000002d5f5e44cf0 Exception <a 'sun/nio/fs/WindowsException'{0x0000000087b2ef88}> (0x0000000087b2ef88) 
thrown [./src/hotspot/share/prims/jni.cpp, line 578]
Event: 4.916 Thread 0x000002d5f5e404c0 Exception <a 'sun/nio/fs/WindowsException'{0x0000000087b36dd8}> (0x0000000087b36dd8) 
thrown [./src/hotspot/share/prims/jni.cpp, line 578]
Event: 4.916 Thread 0x000002d5f5e404c0 Exception <a 'sun/nio/fs/WindowsException'{0x0000000087b37138}> (0x0000000087b37138) 
thrown [./src/hotspot/share/prims/jni.cpp, line 578]
Event: 4.916 Thread 0x000002d5f5e404c0 Exception <a 'sun/nio/fs/WindowsException'{0x0000000087b37ad8}> (0x0000000087b37ad8) 
thrown [./src/hotspot/share/prims/jni.cpp, line 578]
Event: 4.916 Thread 0x000002d5f5e404c0 Exception <a 'sun/nio/fs/WindowsException'{0x0000000087b37e38}> (0x0000000087b37e38) 
thrown [./src/hotspot/share/prims/jni.cpp, line 578]

Events (20 events):
Event: 4.912 Thread 0x000002d5f5e439b0 Thread added: 0x000002d5f5e439b0
Event: 4.912 Thread 0x000002d5f5e43010 Thread added: 0x000002d5f5e43010
Event: 4.912 Thread 0x000002d5f5e451c0 Thread added: 0x000002d5f5e451c0
Event: 4.913 Thread 0x000002d5f5e469d0 Thread added: 0x000002d5f5e469d0
Event: 4.913 Thread 0x000002d5f5e43e80 Thread added: 0x000002d5f5e43e80
Event: 4.913 Thread 0x000002d5f5e44350 Thread added: 0x000002d5f5e44350
Event: 4.914 Executing VM operation: ICBufferFull
Event: 4.915 Executing VM operation: ICBufferFull done
Event: 4.916 Executing VM operation: ICBufferFull
Event: 4.916 Executing coalesced safepoint VM operation: ICBufferFull
Event: 4.916 Executing coalesced safepoint VM operation: ICBufferFull done
Event: 4.916 Executing coalesced safepoint VM operation: ICBufferFull
Event: 4.916 Executing coalesced safepoint VM operation: ICBufferFull done
Event: 4.916 Executing VM operation: ICBufferFull done
Event: 4.918 Executing VM operation: ICBufferFull
Event: 4.918 Executing VM operation: ICBufferFull done
Event: 4.919 Executing VM operation: ICBufferFull
Event: 4.920 Executing VM operation: ICBufferFull done
Event: 4.920 Executing VM operation: G1TryInitiateConcMark
Event: 4.921 Loaded shared library C:\Users\artem.belyshev\.jdks\azul-15.0.10\bin\nio.dll


Dynamic libraries:
0x00007ff67e430000 - 0x00007ff67e43d000 	C:\Users\artem.belyshev\.jdks\azul-15.0.10\bin\java.exe
0x00007ffc34310000 - 0x00007ffc34508000 	C:\Windows\SYSTEM32\ntdll.dll
0x00007ffc34210000 - 0x00007ffc342cf000 	C:\Windows\System32\KERNEL32.DLL
0x00007ffc31ef0000 - 0x00007ffc321c2000 	C:\Windows\System32\KERNELBASE.dll
0x00007ffc321d0000 - 0x00007ffc322d0000 	C:\Windows\System32\ucrtbase.dll
0x00007ffbb0f20000 - 0x00007ffbb0f38000 	C:\Users\artem.belyshev\.jdks\azul-15.0.10\bin\jli.dll
0x00007ffbb0f40000 - 0x00007ffbb0f55000 	C:\Users\artem.belyshev\.jdks\azul-15.0.10\bin\VCRUNTIME140.dll
0x00007ffc32e60000 - 0x00007ffc33001000 	C:\Windows\System32\USER32.dll
0x00007ffc322d0000 - 0x00007ffc322f2000 	C:\Windows\System32\win32u.dll
0x00007ffc0dba0000 - 0x00007ffc0de3a000 	C:\Windows\WinSxS\amd64_microsoft.windows.common-controls_6595b64144ccf1df_6.0.19041.1110_none_60b5254171f9507e\COMCTL32.dll
0x00007ffc327b0000 - 0x00007ffc327db000 	C:\Windows\System32\GDI32.dll
0x00007ffc32600000 - 0x00007ffc3269e000 	C:\Windows\System32\msvcrt.dll
0x00007ffc31db0000 - 0x00007ffc31ebf000 	C:\Windows\System32\gdi32full.dll
0x00007ffc31bb0000 - 0x00007ffc31c4d000 	C:\Windows\System32\msvcp_win.dll
0x00007ffc32c80000 - 0x00007ffc32cb2000 	C:\Windows\System32\IMM32.DLL
0x00007ffbb0e80000 - 0x00007ffbb0f1b000 	C:\Users\artem.belyshev\.jdks\azul-15.0.10\bin\msvcp140.dll
0x00007ffbaba30000 - 0x00007ffbac5cc000 	C:\Users\artem.belyshev\.jdks\azul-15.0.10\bin\server\jvm.dll
0x00007ffc326a0000 - 0x00007ffc3274e000 	C:\Windows\System32\ADVAPI32.dll
0x00007ffc32d60000 - 0x00007ffc32dfc000 	C:\Windows\System32\sechost.dll
0x00007ffc32420000 - 0x00007ffc32545000 	C:\Windows\System32\RPCRT4.dll
0x00007ffc333a0000 - 0x00007ffc333a8000 	C:\Windows\System32\PSAPI.DLL
0x00007ffc256c0000 - 0x00007ffc256ca000 	C:\Windows\SYSTEM32\VERSION.dll
0x00007ffc031b0000 - 0x00007ffc031b9000 	C:\Windows\SYSTEM32\WSOCK32.dll
0x00007ffc19710000 - 0x00007ffc19737000 	C:\Windows\SYSTEM32\WINMM.dll
0x00007ffc332a0000 - 0x00007ffc3330b000 	C:\Windows\System32\WS2_32.dll
0x00007ffc30250000 - 0x00007ffc30262000 	C:\Windows\SYSTEM32\kernel.appcore.dll
0x00007ffbe9270000 - 0x00007ffbe927a000 	C:\Users\artem.belyshev\.jdks\azul-15.0.10\bin\jimage.dll
0x00007ffc2c070000 - 0x00007ffc2c254000 	C:\Windows\SYSTEM32\DBGHELP.DLL
0x00007ffc23230000 - 0x00007ffc23265000 	C:\Windows\SYSTEM32\dbgcore.DLL
0x00007ffc31a00000 - 0x00007ffc31a82000 	C:\Windows\System32\bcryptPrimitives.dll
0x00007ffc2bcb0000 - 0x00007ffc2bcbe000 	C:\Users\artem.belyshev\.jdks\azul-15.0.10\bin\instrument.dll
0x00007ffbb0e50000 - 0x00007ffbb0e75000 	C:\Users\artem.belyshev\.jdks\azul-15.0.10\bin\java.dll
0x00007ffc33ac0000 - 0x00007ffc34205000 	C:\Windows\System32\SHELL32.dll
0x00007ffc2faa0000 - 0x00007ffc30232000 	C:\Windows\SYSTEM32\windows.storage.dll
0x00007ffc32920000 - 0x00007ffc32c75000 	C:\Windows\System32\combase.dll
0x00007ffc31380000 - 0x00007ffc313b0000 	C:\Windows\SYSTEM32\Wldp.dll
0x00007ffc32550000 - 0x00007ffc325fd000 	C:\Windows\System32\SHCORE.dll
0x00007ffc333b0000 - 0x00007ffc33405000 	C:\Windows\System32\shlwapi.dll
0x00007ffc31940000 - 0x00007ffc3195f000 	C:\Windows\SYSTEM32\profapi.dll
0x00007ffbafb20000 - 0x00007ffbafb38000 	C:\Users\artem.belyshev\.jdks\azul-15.0.10\bin\zip.dll
0x00007ffbafb60000 - 0x00007ffbafb79000 	C:\Users\artem.belyshev\.jdks\azul-15.0.10\bin\net.dll
0x00007ffc27430000 - 0x00007ffc2753c000 	C:\Windows\SYSTEM32\WINHTTP.dll
0x00007ffc310e0000 - 0x00007ffc3114a000 	C:\Windows\system32\mswsock.dll
0x00007ffbafb40000 - 0x00007ffbafb52000 	C:\Users\artem.belyshev\.jdks\azul-15.0.10\bin\nio.dll
0x00007ffc298c0000 - 0x00007ffc298da000 	C:\Program Files\JetBrains\IntelliJ IDEA 2022.3.2\bin\breakgen64.dll
0x00007ffc30e10000 - 0x00007ffc30edb000 	C:\Windows\SYSTEM32\DNSAPI.dll
0x00007ffc30dd0000 - 0x00007ffc30e0b000 	C:\Windows\SYSTEM32\IPHLPAPI.DLL
0x00007ffc32cc0000 - 0x00007ffc32cc8000 	C:\Windows\System32\NSI.dll
0x00007ffc233c0000 - 0x00007ffc233ca000 	C:\Windows\System32\rasadhlp.dll
0x00007ffc29d10000 - 0x00007ffc29d90000 	C:\Windows\System32\fwpuclnt.dll
0x00007ffc31ec0000 - 0x00007ffc31ee7000 	C:\Windows\System32\bcrypt.dll
0x00007ffc2a050000 - 0x00007ffc2a059000 	C:\Users\artem.belyshev\.jdks\azul-15.0.10\bin\management.dll
0x00007ffc284b0000 - 0x00007ffc284bb000 	C:\Users\artem.belyshev\.jdks\azul-15.0.10\bin\management_ext.dll
0x00007ffc312e0000 - 0x00007ffc312f8000 	C:\Windows\SYSTEM32\CRYPTSP.dll
0x00007ffc30a00000 - 0x00007ffc30a34000 	C:\Windows\system32\rsaenh.dll
0x00007ffc318c0000 - 0x00007ffc318ee000 	C:\Windows\SYSTEM32\USERENV.dll
0x00007ffc312d0000 - 0x00007ffc312dc000 	C:\Windows\SYSTEM32\CRYPTBASE.dll
0x00007ffc299a0000 - 0x00007ffc299b7000 	C:\Windows\SYSTEM32\dhcpcsvc6.DLL
0x00007ffc298f0000 - 0x00007ffc2990d000 	C:\Windows\SYSTEM32\dhcpcsvc.DLL
0x00007ffc0a480000 - 0x00007ffc0a497000 	C:\Windows\system32\napinsp.dll
0x00007ffc06930000 - 0x00007ffc0694b000 	C:\Windows\system32\pnrpnsp.dll
0x00007ffc06870000 - 0x00007ffc06885000 	C:\Windows\system32\wshbth.dll
0x00007ffc29f80000 - 0x00007ffc29f9d000 	C:\Windows\system32\NLAapi.dll
0x00007ffc0a4a0000 - 0x00007ffc0a4b2000 	C:\Windows\System32\winrnr.dll
0x00007ffbc5ae0000 - 0x00007ffbc5af0000 	C:\Users\artem.belyshev\.jdks\azul-15.0.10\bin\verify.dll

dbghelp: loaded successfully - version: 4.0.5 - missing functions: none
symbol engine: initialized successfully - sym options: 0x614 - pdb path: .;C:\Users\artem.belyshev\.jdks\azul-15.0.10\bin;C:\Windows\SYSTEM32;C:\Windows\WinSxS\amd64_microsoft.windows.common-controls_6595b64144ccf1df_6.0.19041.1110_none_60b5254171f9507e;C:\Users\artem.belyshev\.jdks\azul-15.0.10\bin\server;C:\Program Files\JetBrains\IntelliJ IDEA 2022.3.2\bin

VM Arguments:
jvm_args: -XX:TieredStopAtLevel=1 -Dspring.output.ansi.enabled=always -Dcom.sun.management.jmxremote -Dspring.jmx.enabled=true -Dspring.liveBeansView.mbeanDomain -Dspring.application.admin.enabled=true -Dmanagement.endpoints.jmx.exposure.include=* -javaagent:C:\Program Files\JetBrains\IntelliJ IDEA 2022.3.2\lib\idea_rt.jar=60229:C:\Program Files\JetBrains\IntelliJ IDEA 2022.3.2\bin -Dfile.encoding=UTF-8 
java_command: cz.kct.Tutorial
java_class_path (initial): C:\Users\artem.belyshev\IdeaProjects\kct.data.spring\out\production\classes;C:\Users\artem.belyshev\IdeaProjects\kct.data.spring\out\production\resources;C:\Users\artem.belyshev\.gradle\caches\modules-2\files-2.1\org.projectlombok\lombok\1.18.4\7103ab519b1cdbb0642ad4eaf1db209d905d0f96\lombok-1.18.4.jar;C:\Users\artem.belyshev\.gradle\caches\modules-2\files-2.1\org.springframework.boot\spring-boot-starter-data-jpa\2.7.8\ace969cae39b4479ffedd58e04c5a6eca60c94a5\spring-boot-starter-data-jpa-2.7.8.jar;C:\Users\artem.belyshev\.gradle\caches\modules-2\files-2.1\org.springframework.boot\spring-boot-starter-web\2.4.5\93cf2655557534e35723fbafa069bed2ee125832\spring-boot-starter-web-2.4.5.jar;C:\Users\artem.belyshev\.gradle\caches\modules-2\files-2.1\org.modelmapper\modelmapper\3.1.1\6636e94590e9d98e5e7db7e4fafcc15e9390e18d\modelmapper-3.1.1.jar;C:\Users\artem.belyshev\.gradle\caches\modules-2\files-2.1\io.github.openfeign\feign-jackson\9.3.1\17d39be26c4c53231087da6f5082473015986fd7\feign-jackson-9.3.1.jar;C:\Users\artem.belyshev\.gradle\caches\modules-2\files-2.1\org.springdoc\springdoc-openapi-ui\1.6.14\20f7c293f72552dce117be99cf15e69249effda8\springdoc-openapi-ui-1.6.14.jar;C:\Users\artem.belyshev\.gradle\caches\modules-2\files-2.1\org.postgresql\postgresql\42.4.3\94866dd0f9ea533c61b29261673ac0616e3a6517\postgresql-42.4.3.jar;C:\Users\artem.belyshev\.gradle\caches\modules-2\files-2.1\org.springframework.boot\spring-boot-starter-validation\2.4.5\27acd26bb55058472e91e44e8155b256a610b87e\spring-boot-starter-validation-2.4.5.jar;C:\Users\artem.belyshev\.gradle\caches\modules-2\files-2.1\org.springframework.boot\spring-boot-starter-aop\2.4.5\853bfc5d1c867f66880971515bda82ecc737e839\spring-boot-starter-aop-2.4.5.jar;C:\Users\artem.belyshev\.gradle\caches\modules-2\files-2.1\org.springframework.boot\spring-boot-starter-jdbc\2.4.5\abcca18ef5a2c877a5574a492b570bb260640de3\spring-boot-starter-jdbc-2.4.5.jar;C:\Users\artem.belyshev\.gradle\caches\modules-
Launcher Type: SUN_STANDARD

[Global flags]
     intx CICompilerCount                          = 4                                         {product} {ergonomic}
     uint ConcGCThreads                            = 2                                         {product} {ergonomic}
     uint G1ConcRefinementThreads                  = 8                                         {product} {ergonomic}
   size_t G1HeapRegionSize                         = 1048576                                   {product} {ergonomic}
    uintx GCDrainStackTargetSize                   = 64                                        {product} {ergonomic}
   size_t InitialHeapSize                          = 132120576                                 {product} {ergonomic}
     bool ManagementServer                         = true                                      {product} {command line}
   size_t MarkStackSize                            = 4194304                                   {product} {ergonomic}
   size_t MaxHeapSize                              = 2111832064                                {product} {ergonomic}
   size_t MaxNewSize                               = 1266679808                                {product} {ergonomic}
   size_t MinHeapDeltaBytes                        = 1048576                                   {product} {ergonomic}
   size_t MinHeapSize                              = 8388608                                   {product} {ergonomic}
    uintx NonNMethodCodeHeapSize                   = 7549744                                {pd product} {ergonomic}
    uintx NonProfiledCodeHeapSize                  = 244108496                              {pd product} {ergonomic}
    uintx ProfiledCodeHeapSize                     = 0                                      {pd product} {ergonomic}
    uintx ReservedCodeCacheSize                    = 251658240                              {pd product} {ergonomic}
     bool SegmentedCodeCache                       = true                                      {product} {ergonomic}
   size_t SoftMaxHeapSize                          = 2111832064                             {manageable} {ergonomic}
     intx TieredStopAtLevel                        = 1                                         {product} {command line}
     bool UseCompressedClassPointers               = true                                 {lp64_product} {ergonomic}
     bool UseCompressedOops                        = true                                 {lp64_product} {ergonomic}
     bool UseG1GC                                  = true                                      {product} {ergonomic}
     bool UseLargePagesIndividualAllocation        = false                                  {pd product} {ergonomic}

Logging:
Log output configuration:
 #0: stdout all=warning uptime,level,tags
 #1: stderr all=off uptime,level,tags

Environment Variables:
PATH=C:\Windows\system32;C:\Windows;C:\Windows\System32\Wbem;C:\Windows\System32\WindowsPowerShell\v1.0\;C:\Windows\System32\OpenSSH\;C:\Program Files\Git\cmd;C:\Program Files\nodejs\;C:\Program Files\dotnet\;C:\Users\artem.belyshev\AppData\Local\Microsoft\WindowsApps;C:\Users\artem.belyshev\AppData\Roaming\npm;C:\Users\artem.belyshev\AppData\Local\Programs\Microsoft VS Code\bin;C:\Users\artem.belyshev\.dotnet\tools
USERNAME=artem.belyshev
OS=Windows_NT
PROCESSOR_IDENTIFIER=Intel64 Family 6 Model 142 Stepping 10, GenuineIntel



---------------  S Y S T E M  ---------------

OS:
 Windows 10 , 64 bit Build 19041 (10.0.19041.2546)
OS uptime: 0 days 18:04 hours

CPU: total 8 (initial active 8) (4 cores per cpu, 2 threads per core) family 6 model 142 stepping 10 microcode 0xf0, cmov, cx8, fxsr, mmx, sse, sse2, sse3, ssse3, sse4.1, sse4.2, popcnt, vzeroupper, avx, avx2, aes, clmul, erms, rtm, 3dnowpref, lzcnt, ht, tsc, tscinvbit, bmi1, bmi2, adx, fma, clflush, clflushopt

Memory: 4k page, system-wide physical 8050M (830M free)
TotalPageFile size 9074M (AvailPageFile size 6M)
current process WorkingSet (physical memory assigned to process): 241M, peak: 241M
current process commit charge ("private bytes"): 283M, peak: 303M

vm_info: OpenJDK 64-Bit Server VM (15.0.10+5-MTS) for windows-amd64 JRE (15.0.10+5-MTS) (Zulu15.46+17-CA), built on Jan  7 2023 17:34:05 by "zulu_re" with MS VC++ 15.9 (VS2017)

END.
