#
# There is insufficient memory for the Java Runtime Environment to continue.
# Native memory allocation (mmap) failed to map 132120576 bytes for G1 virtual space
# Possible reasons:
#   The system is out of physical RAM or swap space
#   The process is running with CompressedOops enabled, and the Java Heap may be blocking the growth of the native heap
# Possible solutions:
#   Reduce memory load on the system
#   Increase physical memory or swap space
#   Check if swap backing store is full
#   Decrease Java heap size (-Xmx/-Xms)
#   Decrease number of Java threads
#   Decrease Java thread stack sizes (-Xss)
#   Set larger code cache with -XX:ReservedCodeCacheSize=
#   JVM is running with Unscaled Compressed Oops mode in which the Java heap is
#     placed in the first 4GB address space. The Java Heap base address is the
#     maximum limit for the native heap growth. Please use -XX:HeapBaseMinAddress
#     to set the Java Heap base and to place the Java Heap above 4GB virtual address.
# This output file may be truncated or incomplete.
#
#  Out of Memory Error (./src/hotspot/os/windows/os_windows.cpp:3331), pid=12832, tid=7516
#
# JRE version:  (15.0.10+5) (build )
# Java VM: OpenJDK 64-Bit Server VM (15.0.10+5-MTS, mixed mode, sharing, tiered, compressed oops, g1 gc, windows-amd64)
# No core dump will be written. Minidumps are not enabled by default on client versions of Windows
#

---------------  S U M M A R Y ------------

Command Line: -XX:TieredStopAtLevel=1 -Dspring.output.ansi.enabled=always -Dcom.sun.management.jmxremote -Dspring.jmx.enabled=true -Dspring.liveBeansView.mbeanDomain -Dspring.application.admin.enabled=true -Dmanagement.endpoints.jmx.exposure.include=* -javaagent:C:\Program Files\JetBrains\IntelliJ IDEA 2022.3.2\lib\idea_rt.jar=53502:C:\Program Files\JetBrains\IntelliJ IDEA 2022.3.2\bin -Dfile.encoding=UTF-8 cz.kct.Tutorial

Host: Intel(R) Core(TM) i5-8350U CPU @ 1.70GHz, 8 cores, 7G,  Windows 10 , 64 bit Build 19041 (10.0.19041.2546)
Time: Tue Feb 21 10:30:41 2023 Central Europe Standard Time elapsed time: 0.011567 seconds (0d 0h 0m 0s)

---------------  T H R E A D  ---------------

Current thread (0x0000016598c44ea0):  JavaThread "Unknown thread" [_thread_in_vm, id=7516, stack(0x0000004c9ee00000,0x0000004c9ef00000)]

Stack: [0x0000004c9ee00000,0x0000004c9ef00000]
Native frames: (J=compiled Java code, j=interpreted, Vv=VM code, C=native code)
V  [jvm.dll+0x6037ba]
V  [jvm.dll+0x7a3729]
V  [jvm.dll+0x7a4e83]
V  [jvm.dll+0x7a54d3]
V  [jvm.dll+0x1fccf8]
V  [jvm.dll+0x600aea]
V  [jvm.dll+0x5f5835]
V  [jvm.dll+0x2b710d]
V  [jvm.dll+0x2b6f72]
V  [jvm.dll+0x2bcddc]
V  [jvm.dll+0x309818]
V  [jvm.dll+0x308ed4]
V  [jvm.dll+0x28e16a]
V  [jvm.dll+0x28f2d0]
V  [jvm.dll+0x781041]
V  [jvm.dll+0x3177b4]
V  [jvm.dll+0x7623ac]
V  [jvm.dll+0x396daf]
V  [jvm.dll+0x398a41]
C  [jli.dll+0x5263]
C  [ucrtbase.dll+0x21bb2]
C  [KERNEL32.DLL+0x17614]
C  [ntdll.dll+0x526a1]


---------------  P R O C E S S  ---------------

Threads class SMR info:
_java_thread_list=0x00007ffbac52db10, length=0, elements={
}

Java Threads: ( => current thread )

Other Threads:
  0x0000016598c84110 GCTaskThread "GC Thread#0" [stack: 0x0000004c9ef00000,0x0000004c9f000000] [id=12420]
  0x0000016598c94e20 ConcurrentGCThread "G1 Main Marker" [stack: 0x0000004c9f000000,0x0000004c9f100000] [id=10744]
  0x0000016598c95a10 ConcurrentGCThread "G1 Conc#0" [stack: 0x0000004c9f100000,0x0000004c9f200000] [id=7068]

[error occurred during error reporting (printing all threads), id 0xc0000005, EXCEPTION_ACCESS_VIOLATION (0xc0000005) at pc=0x00007ffbabccf2c7]

VM state: not at safepoint (not fully initialized)

VM Mutex/Monitor currently owned by a thread:  ([mutex/lock_event])
[0x0000016598c40c30] Heap_lock - owner thread: 0x0000016598c44ea0

Heap address: 0x0000000082200000, size: 2014 MB, Compressed Oops mode: 32-bit
CDS archive(s) mapped at: [0x0000000000000000-0x0000000000000000-0x0000000000000000), size 0, SharedBaseAddress: 0x0000000800000000, ArchiveRelocationMode: 0.
Narrow klass base: 0x0000000000000000, Narrow klass shift: 0, Narrow klass range: 0x0

Heap:
 garbage-first heap   total 129024K, used 0K [0x0000000082200000, 0x0000000100000000)
  region size 1024K, 0 young (0K), 0 survivors (0K)
 Metaspace       used 0K, capacity 0K, committed 0K, reserved 0K
  class space    used 0K, capacity 0K, committed 0K, reserved 0K

Heap Regions: E=young(eden), S=young(survivor), O=old, HS=humongous(starts), HC=humongous(continues), CS=collection set, F=free, OA=open archive, CA=closed archive, TAMS=top-at-mark-start (previous, next)

Card table byte_map: [0x00000165b08b0000,0x00000165b0ca0000] _byte_map_base: 0x00000165b049f000

Marking Bits (Prev, Next): (CMBitMap*) 0x0000016598c84900, (CMBitMap*) 0x0000016598c84940
 Prev Bits: [0x00000165b1090000, 0x00000165b3008000)
 Next Bits: [0x00000165b3010000, 0x00000165b4f88000)

GC Heap History (0 events):
No events

Deoptimization events (0 events):
No events

Classes unloaded (0 events):
No events

Classes redefined (0 events):
No events

Internal exceptions (0 events):
No events

Events (1 events):
Event: 0.007 Loaded shared library C:\Users\artem.belyshev\.jdks\azul-15.0.10\bin\java.dll


Dynamic libraries:
0x00007ff67e430000 - 0x00007ff67e43d000 	C:\Users\artem.belyshev\.jdks\azul-15.0.10\bin\java.exe
0x00007ffc34310000 - 0x00007ffc34508000 	C:\Windows\SYSTEM32\ntdll.dll
0x00007ffc34210000 - 0x00007ffc342cf000 	C:\Windows\System32\KERNEL32.DLL
0x00007ffc31ef0000 - 0x00007ffc321c2000 	C:\Windows\System32\KERNELBASE.dll
0x00007ffc321d0000 - 0x00007ffc322d0000 	C:\Windows\System32\ucrtbase.dll
0x00007ffbb0f20000 - 0x00007ffbb0f38000 	C:\Users\artem.belyshev\.jdks\azul-15.0.10\bin\jli.dll
0x00007ffbb0f40000 - 0x00007ffbb0f55000 	C:\Users\artem.belyshev\.jdks\azul-15.0.10\bin\VCRUNTIME140.dll
0x00007ffc32e60000 - 0x00007ffc33001000 	C:\Windows\System32\USER32.dll
0x00007ffc322d0000 - 0x00007ffc322f2000 	C:\Windows\System32\win32u.dll
0x00007ffc0dba0000 - 0x00007ffc0de3a000 	C:\Windows\WinSxS\amd64_microsoft.windows.common-controls_6595b64144ccf1df_6.0.19041.1110_none_60b5254171f9507e\COMCTL32.dll
0x00007ffc327b0000 - 0x00007ffc327db000 	C:\Windows\System32\GDI32.dll
0x00007ffc32600000 - 0x00007ffc3269e000 	C:\Windows\System32\msvcrt.dll
0x00007ffc31db0000 - 0x00007ffc31ebf000 	C:\Windows\System32\gdi32full.dll
0x00007ffc31bb0000 - 0x00007ffc31c4d000 	C:\Windows\System32\msvcp_win.dll
0x00007ffc32c80000 - 0x00007ffc32cb2000 	C:\Windows\System32\IMM32.DLL
0x00007ffbb0e80000 - 0x00007ffbb0f1b000 	C:\Users\artem.belyshev\.jdks\azul-15.0.10\bin\msvcp140.dll
0x00007ffbaba30000 - 0x00007ffbac5cc000 	C:\Users\artem.belyshev\.jdks\azul-15.0.10\bin\server\jvm.dll
0x00007ffc326a0000 - 0x00007ffc3274e000 	C:\Windows\System32\ADVAPI32.dll
0x00007ffc32d60000 - 0x00007ffc32dfc000 	C:\Windows\System32\sechost.dll
0x00007ffc32420000 - 0x00007ffc32545000 	C:\Windows\System32\RPCRT4.dll
0x00007ffc333a0000 - 0x00007ffc333a8000 	C:\Windows\System32\PSAPI.DLL
0x00007ffc031b0000 - 0x00007ffc031b9000 	C:\Windows\SYSTEM32\WSOCK32.dll
0x00007ffc19710000 - 0x00007ffc19737000 	C:\Windows\SYSTEM32\WINMM.dll
0x00007ffc332a0000 - 0x00007ffc3330b000 	C:\Windows\System32\WS2_32.dll
0x00007ffc256c0000 - 0x00007ffc256ca000 	C:\Windows\SYSTEM32\VERSION.dll
0x00007ffc30250000 - 0x00007ffc30262000 	C:\Windows\SYSTEM32\kernel.appcore.dll
0x00007ffbe9270000 - 0x00007ffbe927a000 	C:\Users\artem.belyshev\.jdks\azul-15.0.10\bin\jimage.dll
0x00007ffc2c070000 - 0x00007ffc2c254000 	C:\Windows\SYSTEM32\DBGHELP.DLL
0x00007ffc23230000 - 0x00007ffc23265000 	C:\Windows\SYSTEM32\dbgcore.DLL
0x00007ffc31a00000 - 0x00007ffc31a82000 	C:\Windows\System32\bcryptPrimitives.dll
0x00007ffc2bcb0000 - 0x00007ffc2bcbe000 	C:\Users\artem.belyshev\.jdks\azul-15.0.10\bin\instrument.dll
0x00007ffbb0e50000 - 0x00007ffbb0e75000 	C:\Users\artem.belyshev\.jdks\azul-15.0.10\bin\java.dll

dbghelp: loaded successfully - version: 4.0.5 - missing functions: none
symbol engine: initialized successfully - sym options: 0x614 - pdb path: .;C:\Users\artem.belyshev\.jdks\azul-15.0.10\bin;C:\Windows\SYSTEM32;C:\Windows\WinSxS\amd64_microsoft.windows.common-controls_6595b64144ccf1df_6.0.19041.1110_none_60b5254171f9507e;C:\Users\artem.belyshev\.jdks\azul-15.0.10\bin\server

VM Arguments:
jvm_args: -XX:TieredStopAtLevel=1 -Dspring.output.ansi.enabled=always -Dcom.sun.management.jmxremote -Dspring.jmx.enabled=true -Dspring.liveBeansView.mbeanDomain -Dspring.application.admin.enabled=true -Dmanagement.endpoints.jmx.exposure.include=* -javaagent:C:\Program Files\JetBrains\IntelliJ IDEA 2022.3.2\lib\idea_rt.jar=53502:C:\Program Files\JetBrains\IntelliJ IDEA 2022.3.2\bin -Dfile.encoding=UTF-8 
java_command: cz.kct.Tutorial
java_class_path (initial): C:\Users\artem.belyshev\IdeaProjects\kct.data.spring\out\production\classes;C:\Users\artem.belyshev\IdeaProjects\kct.data.spring\out\production\resources;C:\Users\artem.belyshev\.gradle\caches\modules-2\files-2.1\org.projectlombok\lombok\1.18.4\7103ab519b1cdbb0642ad4eaf1db209d905d0f96\lombok-1.18.4.jar;C:\Users\artem.belyshev\.gradle\caches\modules-2\files-2.1\org.springframework.boot\spring-boot-starter-data-jpa\2.7.8\ace969cae39b4479ffedd58e04c5a6eca60c94a5\spring-boot-starter-data-jpa-2.7.8.jar;C:\Users\artem.belyshev\.gradle\caches\modules-2\files-2.1\org.springframework.boot\spring-boot-starter-web\2.4.5\93cf2655557534e35723fbafa069bed2ee125832\spring-boot-starter-web-2.4.5.jar;C:\Users\artem.belyshev\.gradle\caches\modules-2\files-2.1\org.modelmapper\modelmapper\3.1.1\6636e94590e9d98e5e7db7e4fafcc15e9390e18d\modelmapper-3.1.1.jar;C:\Users\artem.belyshev\.gradle\caches\modules-2\files-2.1\io.github.openfeign\feign-jackson\9.3.1\17d39be26c4c53231087da6f5082473015986fd7\feign-jackson-9.3.1.jar;C:\Users\artem.belyshev\.gradle\caches\modules-2\files-2.1\org.springdoc\springdoc-openapi-ui\1.6.14\20f7c293f72552dce117be99cf15e69249effda8\springdoc-openapi-ui-1.6.14.jar;C:\Users\artem.belyshev\.gradle\caches\modules-2\files-2.1\org.postgresql\postgresql\42.4.3\94866dd0f9ea533c61b29261673ac0616e3a6517\postgresql-42.4.3.jar;C:\Users\artem.belyshev\.gradle\caches\modules-2\files-2.1\org.springframework.boot\spring-boot-starter-validation\2.4.5\27acd26bb55058472e91e44e8155b256a610b87e\spring-boot-starter-validation-2.4.5.jar;C:\Users\artem.belyshev\.gradle\caches\modules-2\files-2.1\org.springframework.boot\spring-boot-starter-aop\2.4.5\853bfc5d1c867f66880971515bda82ecc737e839\spring-boot-starter-aop-2.4.5.jar;C:\Users\artem.belyshev\.gradle\caches\modules-2\files-2.1\org.springframework.boot\spring-boot-starter-jdbc\2.4.5\abcca18ef5a2c877a5574a492b570bb260640de3\spring-boot-starter-jdbc-2.4.5.jar;C:\Users\artem.belyshev\.gradle\caches\modules-
Launcher Type: SUN_STANDARD

[Global flags]
     intx CICompilerCount                          = 4                                         {product} {ergonomic}
     uint ConcGCThreads                            = 2                                         {product} {ergonomic}
     uint G1ConcRefinementThreads                  = 8                                         {product} {ergonomic}
   size_t G1HeapRegionSize                         = 1048576                                   {product} {ergonomic}
    uintx GCDrainStackTargetSize                   = 64                                        {product} {ergonomic}
   size_t InitialHeapSize                          = 132120576                                 {product} {ergonomic}
     bool ManagementServer                         = true                                      {product} {command line}
   size_t MarkStackSize                            = 4194304                                   {product} {ergonomic}
   size_t MaxHeapSize                              = 2111832064                                {product} {ergonomic}
   size_t MinHeapDeltaBytes                        = 1048576                                   {product} {ergonomic}
   size_t MinHeapSize                              = 8388608                                   {product} {ergonomic}
    uintx NonNMethodCodeHeapSize                   = 7549744                                {pd product} {ergonomic}
    uintx NonProfiledCodeHeapSize                  = 244108496                              {pd product} {ergonomic}
    uintx ProfiledCodeHeapSize                     = 0                                      {pd product} {ergonomic}
    uintx ReservedCodeCacheSize                    = 251658240                              {pd product} {ergonomic}
     bool SegmentedCodeCache                       = true                                      {product} {ergonomic}
   size_t SoftMaxHeapSize                          = 2111832064                             {manageable} {ergonomic}
     intx TieredStopAtLevel                        = 1                                         {product} {command line}
     bool UseCompressedClassPointers               = true                                 {lp64_product} {ergonomic}
     bool UseCompressedOops                        = true                                 {lp64_product} {ergonomic}
     bool UseG1GC                                  = true                                      {product} {ergonomic}
     bool UseLargePagesIndividualAllocation        = false                                  {pd product} {ergonomic}

Logging:
Log output configuration:
 #0: stdout all=warning uptime,level,tags
 #1: stderr all=off uptime,level,tags

Environment Variables:
PATH=C:\Windows\system32;C:\Windows;C:\Windows\System32\Wbem;C:\Windows\System32\WindowsPowerShell\v1.0\;C:\Windows\System32\OpenSSH\;C:\Program Files\Git\cmd;C:\Program Files\nodejs\;C:\Program Files\dotnet\;C:\Users\artem.belyshev\AppData\Local\Microsoft\WindowsApps;C:\Users\artem.belyshev\AppData\Roaming\npm;C:\Users\artem.belyshev\AppData\Local\Programs\Microsoft VS Code\bin;C:\Users\artem.belyshev\.dotnet\tools
USERNAME=artem.belyshev
OS=Windows_NT
PROCESSOR_IDENTIFIER=Intel64 Family 6 Model 142 Stepping 10, GenuineIntel



---------------  S Y S T E M  ---------------

OS:
 Windows 10 , 64 bit Build 19041 (10.0.19041.2546)
OS uptime: 0 days 17:57 hours

CPU: total 8 (initial active 8) (4 cores per cpu, 2 threads per core) family 6 model 142 stepping 10 microcode 0xf0, cmov, cx8, fxsr, mmx, sse, sse2, sse3, ssse3, sse4.1, sse4.2, popcnt, vzeroupper, avx, avx2, aes, clmul, erms, rtm, 3dnowpref, lzcnt, ht, tsc, tscinvbit, bmi1, bmi2, adx, fma, clflush, clflushopt

Memory: 4k page, system-wide physical 8050M (1039M free)
TotalPageFile size 9074M (AvailPageFile size 48M)
current process WorkingSet (physical memory assigned to process): 10M, peak: 10M
current process commit charge ("private bytes"): 57M, peak: 183M

vm_info: OpenJDK 64-Bit Server VM (15.0.10+5-MTS) for windows-amd64 JRE (15.0.10+5-MTS) (Zulu15.46+17-CA), built on Jan  7 2023 17:34:05 by "zulu_re" with MS VC++ 15.9 (VS2017)

END.
