#
# There is insufficient memory for the Java Runtime Environment to continue.
# Native memory allocation (mmap) failed to map 34603008 bytes for G1 virtual space
# Possible reasons:
#   The system is out of physical RAM or swap space
#   The process is running with CompressedOops enabled, and the Java Heap may be blocking the growth of the native heap
# Possible solutions:
#   Reduce memory load on the system
#   Increase physical memory or swap space
#   Check if swap backing store is full
#   Decrease Java heap size (-Xmx/-Xms)
#   Decrease number of Java threads
#   Decrease Java thread stack sizes (-Xss)
#   Set larger code cache with -XX:ReservedCodeCacheSize=
#   JVM is running with Unscaled Compressed Oops mode in which the Java heap is
#     placed in the first 4GB address space. The Java Heap base address is the
#     maximum limit for the native heap growth. Please use -XX:HeapBaseMinAddress
#     to set the Java Heap base and to place the Java Heap above 4GB virtual address.
# This output file may be truncated or incomplete.
#
#  Out of Memory Error (./src/hotspot/os/windows/os_windows.cpp:3331), pid=7108, tid=13904
#
# JRE version: OpenJDK Runtime Environment Zulu15.46+17-CA (15.0.10+5) (build 15.0.10+5-MTS)
# Java VM: OpenJDK 64-Bit Server VM Zulu15.46+17-CA (15.0.10+5-MTS, mixed mode, sharing, tiered, compressed oops, g1 gc, windows-amd64)
# No core dump will be written. Minidumps are not enabled by default on client versions of Windows
#

---------------  S U M M A R Y ------------

Command Line: -XX:TieredStopAtLevel=1 -Dspring.output.ansi.enabled=always -Dcom.sun.management.jmxremote -Dspring.jmx.enabled=true -Dspring.liveBeansView.mbeanDomain -Dspring.application.admin.enabled=true -Dmanagement.endpoints.jmx.exposure.include=* -javaagent:C:\Program Files\JetBrains\IntelliJ IDEA 2022.3.2\lib\idea_rt.jar=64606:C:\Program Files\JetBrains\IntelliJ IDEA 2022.3.2\bin -Dfile.encoding=UTF-8 cz.kct.Tutorial

Host: Intel(R) Core(TM) i5-8350U CPU @ 1.70GHz, 8 cores, 7G,  Windows 10 , 64 bit Build 19041 (10.0.19041.2546)
Time: Sat Feb 18 17:17:41 2023 Central Europe Standard Time elapsed time: 6.079704 seconds (0d 0h 0m 6s)

---------------  T H R E A D  ---------------

Current thread (0x00000184ca04dbd0):  VMThread "VM Thread" [stack: 0x000000452c000000,0x000000452c100000] [id=13904]

Stack: [0x000000452c000000,0x000000452c100000]
[error occurred during error reporting (printing stack bounds), id 0xc0000005, EXCEPTION_ACCESS_VIOLATION (0xc0000005) at pc=0x00000184b30710ad]

Native frames: (J=compiled Java code, j=interpreted, Vv=VM code, C=native code)
V  [jvm.dll+0x6037ba]
V  [jvm.dll+0x7a3729]
V  [jvm.dll+0x7a4e83]
V  [jvm.dll+0x7a5435]
V  [jvm.dll+0x7a53eb]
V  [jvm.dll+0x602bdf]
V  [jvm.dll+0x6033a8]
C  [ntdll.dll+0xa241f]
C  [ntdll.dll+0x514a4]
C  [ntdll.dll+0xa0f4e]
C  0x00000184b30710ad

VM_Operation (0x000000452e1fcf70): G1TryInitiateConcMark, mode: safepoint, requested by thread 0x00000184cc825a00


---------------  P R O C E S S  ---------------

Threads class SMR info:
_java_thread_list=0x00000184cf10c6b0, length=33, elements={
0x00000184a9325d40, 0x00000184ca050460, 0x00000184ca051030, 0x00000184ca06fa40,
0x00000184ca073830, 0x00000184ca0741f0, 0x00000184ca075c70, 0x00000184ca07c290,
0x00000184caa5e740, 0x00000184cadf3240, 0x00000184cadfd090, 0x00000184caf41320,
0x00000184cb517020, 0x00000184cb562610, 0x00000184cc846ab0, 0x00000184cc880e30,
0x00000184cc82a850, 0x00000184ccd25040, 0x00000184cc826870, 0x00000184cc8263a0,
0x00000184cc825a00, 0x00000184cf02aef0, 0x00000184cf02cbd0, 0x00000184cf02a080,
0x00000184cf02a550, 0x00000184cf030590, 0x00000184cf02f250, 0x00000184cf030f30,
0x00000184cf02b3c0, 0x00000184cf02c700, 0x00000184cf02df10, 0x00000184cf02f720,
0x00000184cf02aa20
}

Java Threads: ( => current thread )
  0x00000184a9325d40 JavaThread "main" [_thread_blocked, id=13824, stack(0x000000452ba00000,0x000000452bb00000)]
  0x00000184ca050460 JavaThread "Reference Handler" daemon [_thread_blocked, id=2696, stack(0x000000452c100000,0x000000452c200000)]
  0x00000184ca051030 JavaThread "Finalizer" daemon [_thread_blocked, id=14832, stack(0x000000452c200000,0x000000452c300000)]
  0x00000184ca06fa40 JavaThread "Signal Dispatcher" daemon [_thread_blocked, id=9052, stack(0x000000452c300000,0x000000452c400000)]
  0x00000184ca073830 JavaThread "Attach Listener" daemon [_thread_blocked, id=4308, stack(0x000000452c400000,0x000000452c500000)]
  0x00000184ca0741f0 JavaThread "Service Thread" daemon [_thread_blocked, id=16196, stack(0x000000452c500000,0x000000452c600000)]
  0x00000184ca075c70 JavaThread "C1 CompilerThread0" daemon [_thread_blocked, id=5960, stack(0x000000452c600000,0x000000452c700000)]
  0x00000184ca07c290 JavaThread "Sweeper thread" daemon [_thread_blocked, id=7564, stack(0x000000452c700000,0x000000452c800000)]
  0x00000184caa5e740 JavaThread "Common-Cleaner" daemon [_thread_blocked, id=11752, stack(0x000000452c800000,0x000000452c900000)]
  0x00000184cadf3240 JavaThread "Monitor Ctrl-Break" daemon [_thread_in_native, id=13704, stack(0x000000452c900000,0x000000452ca00000)]
  0x00000184cadfd090 JavaThread "Notification Thread" daemon [_thread_blocked, id=1928, stack(0x000000452ca00000,0x000000452cb00000)]
  0x00000184caf41320 JavaThread "RMI TCP Accept-0" daemon [_thread_in_native, id=14148, stack(0x000000452cb00000,0x000000452cc00000)]
  0x00000184cb517020 JavaThread "RMI TCP Connection(1)-172.20.10.14" daemon [_thread_in_native, id=15972, stack(0x000000452d200000,0x000000452d300000)]
  0x00000184cb562610 JavaThread "RMI Scheduler(0)" daemon [_thread_blocked, id=10152, stack(0x000000452d300000,0x000000452d400000)]
  0x00000184cc846ab0 JavaThread "Catalina-utility-1" [_thread_blocked, id=1588, stack(0x000000452d500000,0x000000452d600000)]
  0x00000184cc880e30 JavaThread "Catalina-utility-2" [_thread_blocked, id=13108, stack(0x000000452d900000,0x000000452da00000)]
  0x00000184cc82a850 JavaThread "container-0" [_thread_blocked, id=14712, stack(0x000000452da00000,0x000000452db00000)]
  0x00000184ccd25040 JavaThread "HikariPool-1 housekeeper" daemon [_thread_blocked, id=14904, stack(0x000000452de00000,0x000000452df00000)]
  0x00000184cc826870 JavaThread "HikariPool-1 connection adder" daemon [_thread_blocked, id=7516, stack(0x000000452df00000,0x000000452e000000)]
  0x00000184cc8263a0 JavaThread "ClassGraph-worker-56" daemon [_thread_blocked, id=16284, stack(0x000000452e000000,0x000000452e100000)]
  0x00000184cc825a00 JavaThread "ClassGraph-worker-57" daemon [_thread_blocked, id=7460, stack(0x000000452e100000,0x000000452e200000)]
  0x00000184cf02aef0 JavaThread "ClassGraph-worker-58" daemon [_thread_blocked, id=10716, stack(0x000000452e200000,0x000000452e300000)]
  0x00000184cf02cbd0 JavaThread "ClassGraph-worker-59" daemon [_thread_blocked, id=8516, stack(0x000000452e300000,0x000000452e400000)]
  0x00000184cf02a080 JavaThread "ClassGraph-worker-60" daemon [_thread_blocked, id=8620, stack(0x000000452e400000,0x000000452e500000)]
  0x00000184cf02a550 JavaThread "ClassGraph-worker-61" daemon [_thread_blocked, id=7020, stack(0x000000452e500000,0x000000452e600000)]
  0x00000184cf030590 JavaThread "ClassGraph-worker-62" daemon [_thread_blocked, id=6204, stack(0x000000452e600000,0x000000452e700000)]
  0x00000184cf02f250 JavaThread "ClassGraph-worker-63" daemon [_thread_blocked, id=1512, stack(0x000000452e700000,0x000000452e800000)]
  0x00000184cf030f30 JavaThread "ClassGraph-worker-64" daemon [_thread_blocked, id=14120, stack(0x000000452e800000,0x000000452e900000)]
  0x00000184cf02b3c0 JavaThread "ClassGraph-worker-65" daemon [_thread_blocked, id=1508, stack(0x000000452e900000,0x000000452ea00000)]
  0x00000184cf02c700 JavaThread "ClassGraph-worker-66" daemon [_thread_blocked, id=7816, stack(0x000000452ea00000,0x000000452eb00000)]
  0x00000184cf02df10 JavaThread "ClassGraph-worker-67" daemon [_thread_blocked, id=13060, stack(0x000000452eb00000,0x000000452ec00000)]
  0x00000184cf02f720 JavaThread "ClassGraph-worker-68" daemon [_thread_blocked, id=5440, stack(0x000000452ec00000,0x000000452ed00000)]
  0x00000184cf02aa20 JavaThread "ClassGraph-worker-69" daemon [_thread_blocked, id=11920, stack(0x000000452ed00000,0x000000452ee00000)]

Other Threads:
=>0x00000184ca04dbd0 VMThread "VM Thread" [stack: 0x000000452c000000,0x000000452c100000] [id=13904]
  0x00000184a9326d80 WatcherThread [stack: 0x000000452cc00000,0x000000452cd00000] [id=9768]
  0x00000184a9363f50 GCTaskThread "GC Thread#0" [stack: 0x000000452bb00000,0x000000452bc00000] [id=15732]
  0x00000184cb3c8830 GCTaskThread "GC Thread#1" [stack: 0x000000452cd00000,0x000000452ce00000] [id=8208]
  0x00000184cb3cb4d0 GCTaskThread "GC Thread#2" [stack: 0x000000452ce00000,0x000000452cf00000] [id=9264]
  0x00000184cb3ca1b0 GCTaskThread "GC Thread#3" [stack: 0x000000452d600000,0x000000452d700000] [id=3832]
  0x00000184cb3c91c0 GCTaskThread "GC Thread#4" [stack: 0x000000452d700000,0x000000452d800000] [id=1936]
  0x00000184cb3c9b50 GCTaskThread "GC Thread#5" [stack: 0x000000452d800000,0x000000452d900000] [id=4280]
  0x00000184cb3c81d0 GCTaskThread "GC Thread#6" [stack: 0x000000452db00000,0x000000452dc00000] [id=4980]
  0x00000184cb3c8b60 GCTaskThread "GC Thread#7" [stack: 0x000000452dc00000,0x000000452dd00000] [id=11088]
  0x00000184a9374c60 ConcurrentGCThread "G1 Main Marker" [stack: 0x000000452bc00000,0x000000452bd00000] [id=5816]
  0x00000184a9376090 ConcurrentGCThread "G1 Conc#0" [stack: 0x000000452bd00000,0x000000452be00000] [id=5524]
  0x00000184cb3c7ea0 ConcurrentGCThread "G1 Conc#1" [stack: 0x000000452d400000,0x000000452d500000] [id=3696]
  0x00000184a93ee830 ConcurrentGCThread "G1 Refine#0" [stack: 0x000000452be00000,0x000000452bf00000] [id=5300]
  0x00000184cb3b47d0 ConcurrentGCThread "G1 Refine#1" [stack: 0x000000452cf00000,0x000000452d000000] [id=7228]
  0x00000184cb3b3fe0 ConcurrentGCThread "G1 Refine#2" [stack: 0x000000452d000000,0x000000452d100000] [id=2396]
  0x00000184cb3f7860 ConcurrentGCThread "G1 Refine#3" [stack: 0x000000452d100000,0x000000452d200000] [id=8460]
  0x00000184c9ec3560 ConcurrentGCThread "G1 Young RemSet Sampling" [stack: 0x000000452bf00000,0x000000452c000000] [id=10184]

Threads with active compile tasks:
C1 CompilerThread0     6121 5083   !   1       sun.nio.fs.WindowsLinkSupport::getRealPath (500 bytes)

VM state: at safepoint (normal execution)

VM Mutex/Monitor currently owned by a thread:  ([mutex/lock_event])
[0x00000184a9320a80] Threads_lock - owner thread: 0x00000184ca04dbd0
[0x00000184a93223d0] Heap_lock - owner thread: 0x00000184cc825a00

Heap address: 0x0000000082200000, size: 2014 MB, Compressed Oops mode: 32-bit
CDS archive(s) mapped at: [0x0000000800000000-0x0000000800b50000-0x0000000800b50000), size 11862016, SharedBaseAddress: 0x0000000800000000, ArchiveRelocationMode: 0.
Compressed class space mapped at: 0x0000000800b50000-0x0000000840b50000, size: 1073741824
Narrow klass base: 0x0000000800000000, Narrow klass shift: 3, Narrow klass range: 0x100000000

GC Precious Log:
 CPUs: 8 total, 8 available
 Memory: 8050M
 Large Page Support: Disabled
 NUMA Support: Disabled
 Compressed Oops: Enabled (32-bit)
 Heap Region Size: 1M
 Heap Min Capacity: 8M
 Heap Initial Capacity: 126M
 Heap Max Capacity: 2014M
 Pre-touch: Disabled
 Parallel Workers: 8
 Concurrent Workers: 2
 Concurrent Refinement Workers: 8
 Periodic GC: Disabled

Heap:
 garbage-first heap   total 115712K, used 47187K [0x0000000082200000, 0x0000000100000000)
  region size 1024K, 3 young (3072K), 3 survivors (3072K)
 Metaspace       used 58160K, capacity 58751K, committed 58780K, reserved 1099776K
  class space    used 7938K, capacity 8149K, committed 8172K, reserved 1048576K

Heap Regions: E=young(eden), S=young(survivor), O=old, HS=humongous(starts), HC=humongous(continues), CS=collection set, F=free, OA=open archive, CA=closed archive, TAMS=top-at-mark-start (previous, next)
|   0|0x0000000082200000, 0x0000000082300000, 0x0000000082300000|100%|HS|  |TAMS 0x0000000082300000, 0x0000000082300000| Complete 
|   1|0x0000000082300000, 0x0000000082400000, 0x0000000082400000|100%| O|  |TAMS 0x0000000082400000, 0x0000000082400000| Untracked 
|   2|0x0000000082400000, 0x0000000082500000, 0x0000000082500000|100%| O|  |TAMS 0x0000000082500000, 0x0000000082500000| Untracked 
|   3|0x0000000082500000, 0x0000000082600000, 0x0000000082600000|100%| O|  |TAMS 0x0000000082600000, 0x0000000082600000| Untracked 
|   4|0x0000000082600000, 0x0000000082700000, 0x0000000082700000|100%| O|  |TAMS 0x0000000082700000, 0x0000000082700000| Untracked 
|   5|0x0000000082700000, 0x0000000082800000, 0x0000000082800000|100%| O|  |TAMS 0x0000000082800000, 0x0000000082800000| Untracked 
|   6|0x0000000082800000, 0x0000000082900000, 0x0000000082900000|100%| O|  |TAMS 0x0000000082900000, 0x0000000082900000| Untracked 
|   7|0x0000000082900000, 0x0000000082a00000, 0x0000000082a00000|100%| O|  |TAMS 0x0000000082a00000, 0x0000000082a00000| Untracked 
|   8|0x0000000082a00000, 0x0000000082a45e00, 0x0000000082b00000| 27%| O|  |TAMS 0x0000000082a45e00, 0x0000000082a45e00| Untracked 
|   9|0x0000000082b00000, 0x0000000082c00000, 0x0000000082c00000|100%| O|  |TAMS 0x0000000082c00000, 0x0000000082c00000| Untracked 
|  10|0x0000000082c00000, 0x0000000082d00000, 0x0000000082d00000|100%| O|  |TAMS 0x0000000082d00000, 0x0000000082d00000| Untracked 
|  11|0x0000000082d00000, 0x0000000082e00000, 0x0000000082e00000|100%| O|  |TAMS 0x0000000082e00000, 0x0000000082e00000| Untracked 
|  12|0x0000000082e00000, 0x0000000082f00000, 0x0000000082f00000|100%| O|  |TAMS 0x0000000082f00000, 0x0000000082f00000| Untracked 
|  13|0x0000000082f00000, 0x0000000083000000, 0x0000000083000000|100%| O|  |TAMS 0x0000000083000000, 0x0000000083000000| Untracked 
|  14|0x0000000083000000, 0x0000000083100000, 0x0000000083100000|100%| O|  |TAMS 0x000000008303c000, 0x0000000083100000| Untracked 
|  15|0x0000000083100000, 0x0000000083200000, 0x0000000083200000|100%| O|  |TAMS 0x0000000083100000, 0x0000000083200000| Untracked 
|  16|0x0000000083200000, 0x0000000083300000, 0x0000000083300000|100%| O|  |TAMS 0x0000000083200000, 0x0000000083300000| Untracked 
|  17|0x0000000083300000, 0x0000000083400000, 0x0000000083400000|100%| O|  |TAMS 0x0000000083300000, 0x0000000083400000| Untracked 
|  18|0x0000000083400000, 0x0000000083500000, 0x0000000083500000|100%| O|  |TAMS 0x0000000083400000, 0x0000000083500000| Untracked 
|  19|0x0000000083500000, 0x0000000083600000, 0x0000000083600000|100%| O|  |TAMS 0x0000000083500000, 0x0000000083600000| Untracked 
|  20|0x0000000083600000, 0x0000000083700000, 0x0000000083700000|100%| O|  |TAMS 0x0000000083600000, 0x0000000083700000| Untracked 
|  21|0x0000000083700000, 0x0000000083800000, 0x0000000083800000|100%| O|  |TAMS 0x0000000083700000, 0x0000000083800000| Untracked 
|  22|0x0000000083800000, 0x0000000083900000, 0x0000000083900000|100%| O|  |TAMS 0x0000000083800000, 0x0000000083900000| Untracked 
|  23|0x0000000083900000, 0x0000000083a00000, 0x0000000083a00000|100%| O|  |TAMS 0x0000000083900000, 0x0000000083900000| Untracked 
|  24|0x0000000083a00000, 0x0000000083b00000, 0x0000000083b00000|100%| O|  |TAMS 0x0000000083a00000, 0x0000000083b00000| Untracked 
|  25|0x0000000083b00000, 0x0000000083c00000, 0x0000000083c00000|100%| O|  |TAMS 0x0000000083b00000, 0x0000000083c00000| Untracked 
|  26|0x0000000083c00000, 0x0000000083d00000, 0x0000000083d00000|100%| O|  |TAMS 0x0000000083c00000, 0x0000000083d00000| Untracked 
|  27|0x0000000083d00000, 0x0000000083e00000, 0x0000000083e00000|100%| O|  |TAMS 0x0000000083d00000, 0x0000000083e00000| Untracked 
|  28|0x0000000083e00000, 0x0000000083f00000, 0x0000000083f00000|100%| O|  |TAMS 0x0000000083e00000, 0x0000000083f00000| Untracked 
|  29|0x0000000083f00000, 0x0000000084000000, 0x0000000084000000|100%| O|  |TAMS 0x0000000083f00000, 0x0000000084000000| Untracked 
|  30|0x0000000084000000, 0x0000000084100000, 0x0000000084100000|100%| O|  |TAMS 0x0000000084000000, 0x0000000084100000| Untracked 
|  31|0x0000000084100000, 0x0000000084200000, 0x0000000084200000|100%| O|  |TAMS 0x0000000084100000, 0x0000000084200000| Untracked 
|  32|0x0000000084200000, 0x0000000084300000, 0x0000000084300000|100%| O|  |TAMS 0x0000000084200000, 0x0000000084300000| Untracked 
|  33|0x0000000084300000, 0x0000000084400000, 0x0000000084400000|100%| O|  |TAMS 0x0000000084300000, 0x0000000084300000| Untracked 
|  34|0x0000000084400000, 0x0000000084500000, 0x0000000084500000|100%| O|  |TAMS 0x0000000084400000, 0x0000000084400000| Untracked 
|  35|0x0000000084500000, 0x0000000084600000, 0x0000000084600000|100%| O|  |TAMS 0x0000000084500000, 0x0000000084500000| Untracked 
|  36|0x0000000084600000, 0x0000000084700000, 0x0000000084700000|100%| O|  |TAMS 0x0000000084600000, 0x0000000084600000| Untracked 
|  37|0x0000000084700000, 0x0000000084800000, 0x0000000084800000|100%| O|  |TAMS 0x0000000084700000, 0x0000000084800000| Untracked 
|  38|0x0000000084800000, 0x0000000084900000, 0x0000000084900000|100%| O|  |TAMS 0x0000000084800000, 0x0000000084900000| Untracked 
|  39|0x0000000084900000, 0x0000000084a00000, 0x0000000084a00000|100%| O|  |TAMS 0x0000000084900000, 0x0000000084a00000| Untracked 
|  40|0x0000000084a00000, 0x0000000084b00000, 0x0000000084b00000|100%| O|  |TAMS 0x0000000084a00000, 0x0000000084b00000| Untracked 
|  41|0x0000000084b00000, 0x0000000084c00000, 0x0000000084c00000|100%| O|  |TAMS 0x0000000084b00000, 0x0000000084c00000| Untracked 
|  42|0x0000000084c00000, 0x0000000084ccf000, 0x0000000084d00000| 80%| O|  |TAMS 0x0000000084c00000, 0x0000000084c00000| Untracked 
|  43|0x0000000084d00000, 0x0000000084d00000, 0x0000000084e00000|  0%| F|  |TAMS 0x0000000084d00000, 0x0000000084d00000| Untracked 
|  44|0x0000000084e00000, 0x0000000084f00000, 0x0000000084f00000|100%| O|  |TAMS 0x0000000084e00000, 0x0000000084ebae00| Untracked 
|  45|0x0000000084f00000, 0x0000000084f00000, 0x0000000085000000|  0%| F|  |TAMS 0x0000000084f00000, 0x0000000084f00000| Untracked 
|  46|0x0000000085000000, 0x0000000085000000, 0x0000000085100000|  0%| F|  |TAMS 0x0000000085000000, 0x0000000085000000| Untracked 
|  47|0x0000000085100000, 0x0000000085100000, 0x0000000085200000|  0%| F|  |TAMS 0x0000000085100000, 0x0000000085100000| Untracked 
|  48|0x0000000085200000, 0x0000000085200000, 0x0000000085300000|  0%| F|  |TAMS 0x0000000085200000, 0x0000000085200000| Untracked 
|  49|0x0000000085300000, 0x0000000085300000, 0x0000000085400000|  0%| F|  |TAMS 0x0000000085300000, 0x0000000085300000| Untracked 
|  50|0x0000000085400000, 0x0000000085400000, 0x0000000085500000|  0%| F|  |TAMS 0x0000000085400000, 0x0000000085400000| Untracked 
|  51|0x0000000085500000, 0x0000000085500000, 0x0000000085600000|  0%| F|  |TAMS 0x0000000085500000, 0x0000000085500000| Untracked 
|  52|0x0000000085600000, 0x0000000085600000, 0x0000000085700000|  0%| F|  |TAMS 0x0000000085600000, 0x0000000085600000| Untracked 
|  53|0x0000000085700000, 0x0000000085700000, 0x0000000085800000|  0%| F|  |TAMS 0x0000000085700000, 0x0000000085700000| Untracked 
|  54|0x0000000085800000, 0x0000000085800000, 0x0000000085900000|  0%| F|  |TAMS 0x0000000085800000, 0x0000000085800000| Untracked 
|  55|0x0000000085900000, 0x0000000085900000, 0x0000000085a00000|  0%| F|  |TAMS 0x0000000085900000, 0x0000000085900000| Untracked 
|  56|0x0000000085a00000, 0x0000000085a00000, 0x0000000085b00000|  0%| F|  |TAMS 0x0000000085a00000, 0x0000000085a00000| Untracked 
|  57|0x0000000085b00000, 0x0000000085b00000, 0x0000000085c00000|  0%| F|  |TAMS 0x0000000085b00000, 0x0000000085b00000| Untracked 
|  58|0x0000000085c00000, 0x0000000085c00000, 0x0000000085d00000|  0%| F|  |TAMS 0x0000000085c00000, 0x0000000085c00000| Untracked 
|  59|0x0000000085d00000, 0x0000000085e00000, 0x0000000085e00000|100%| S|CS|TAMS 0x0000000085d00000, 0x0000000085d00000| Complete 
|  60|0x0000000085e00000, 0x0000000085f00000, 0x0000000085f00000|100%| S|CS|TAMS 0x0000000085e00000, 0x0000000085e00000| Complete 
|  61|0x0000000085f00000, 0x0000000086000000, 0x0000000086000000|100%| S|CS|TAMS 0x0000000085f00000, 0x0000000085f00000| Complete 
|  62|0x0000000086000000, 0x0000000086000000, 0x0000000086100000|  0%| F|  |TAMS 0x0000000086000000, 0x0000000086000000| Untracked 
|  63|0x0000000086100000, 0x0000000086100000, 0x0000000086200000|  0%| F|  |TAMS 0x0000000086100000, 0x0000000086100000| Untracked 
|  64|0x0000000086200000, 0x0000000086200000, 0x0000000086300000|  0%| F|  |TAMS 0x0000000086200000, 0x0000000086200000| Untracked 
|  65|0x0000000086300000, 0x0000000086300000, 0x0000000086400000|  0%| F|  |TAMS 0x0000000086300000, 0x0000000086300000| Untracked 
|  66|0x0000000086400000, 0x0000000086400000, 0x0000000086500000|  0%| F|  |TAMS 0x0000000086400000, 0x0000000086400000| Untracked 
|  67|0x0000000086500000, 0x0000000086500000, 0x0000000086600000|  0%| F|  |TAMS 0x0000000086500000, 0x0000000086500000| Untracked 
|  68|0x0000000086600000, 0x0000000086600000, 0x0000000086700000|  0%| F|  |TAMS 0x0000000086600000, 0x0000000086600000| Untracked 
|  69|0x0000000086700000, 0x0000000086700000, 0x0000000086800000|  0%| F|  |TAMS 0x0000000086700000, 0x0000000086700000| Untracked 
|  70|0x0000000086800000, 0x0000000086800000, 0x0000000086900000|  0%| F|  |TAMS 0x0000000086800000, 0x0000000086800000| Untracked 
|  71|0x0000000086900000, 0x0000000086900000, 0x0000000086a00000|  0%| F|  |TAMS 0x0000000086900000, 0x0000000086900000| Untracked 
|  72|0x0000000086a00000, 0x0000000086a00000, 0x0000000086b00000|  0%| F|  |TAMS 0x0000000086a00000, 0x0000000086a00000| Untracked 
|  73|0x0000000086b00000, 0x0000000086b00000, 0x0000000086c00000|  0%| F|  |TAMS 0x0000000086b00000, 0x0000000086b00000| Untracked 
|  74|0x0000000086c00000, 0x0000000086c00000, 0x0000000086d00000|  0%| F|  |TAMS 0x0000000086c00000, 0x0000000086c00000| Untracked 
| 116|0x0000000089600000, 0x0000000089600000, 0x0000000089700000|  0%| F|  |TAMS 0x0000000089600000, 0x0000000089600000| Untracked 
| 117|0x0000000089700000, 0x0000000089700000, 0x0000000089800000|  0%| F|  |TAMS 0x0000000089700000, 0x0000000089700000| Untracked 
| 118|0x0000000089800000, 0x0000000089800000, 0x0000000089900000|  0%| F|  |TAMS 0x0000000089800000, 0x0000000089800000| Untracked 
| 119|0x0000000089900000, 0x0000000089900000, 0x0000000089a00000|  0%| F|  |TAMS 0x0000000089900000, 0x0000000089900000| Untracked 
| 125|0x0000000089f00000, 0x0000000089f00000, 0x000000008a000000|  0%| F|  |TAMS 0x0000000089f00000, 0x0000000089f00000| Untracked 

Card table byte_map: [0x00000184c2ec0000,0x00000184c32b0000] _byte_map_base: 0x00000184c2aaf000

Marking Bits (Prev, Next): (CMBitMap*) 0x00000184a9364740, (CMBitMap*) 0x00000184a9364780
 Prev Bits: [0x00000184c36a0000, 0x00000184c5618000)
 Next Bits: [0x00000184c5620000, 0x00000184c7598000)

Polling page: 0x00000184a9110000

Metaspace:

Usage:
  Non-class:     49.42 MB capacity,    49.04 MB (>99%) used,   298.23 KB ( <1%) free+waste,    82.00 KB ( <1%) overhead. 
      Class:      7.96 MB capacity,     7.75 MB ( 97%) used,   177.03 KB (  2%) free+waste,    33.19 KB ( <1%) overhead. 
       Both:     57.37 MB capacity,    56.80 MB ( 99%) used,   475.26 KB ( <1%) free+waste,   115.19 KB ( <1%) overhead. 

Virtual space:
  Non-class space:       50.00 MB reserved,      49.42 MB ( 99%) committed 
      Class space:        1.00 GB reserved,       7.98 MB ( <1%) committed 
             Both:        1.05 GB reserved,      57.40 MB (  5%) committed 

Chunk freelists:
   Non-Class:  6.00 KB
       Class:  11.00 KB
        Both:  17.00 KB

MaxMetaspaceSize: 17179869184.00 GB
CompressedClassSpaceSize: 1.00 GB

CodeHeap 'non-profiled nmethods': size=238336Kb used=8197Kb max_used=8197Kb free=230138Kb
 bounds [0x00000184b37b0000, 0x00000184b3fc0000, 0x00000184c2070000]
CodeHeap 'non-nmethods': size=7424Kb used=1296Kb max_used=1296Kb free=6127Kb
 bounds [0x00000184b3070000, 0x00000184b32e0000, 0x00000184b37b0000]
 total_blobs=5673 nmethods=5082 adapters=518
 compilation: enabled
              stopped_count=0, restarted_count=0
 full_count=0

Compilation events (20 events):
Event: 6.028 Thread 0x00000184ca075c70 nmethod 5073 0x00000184b3fad390 code [0x00000184b3fad600, 0x00000184b3fadf68]
Event: 6.028 Thread 0x00000184ca075c70 5079       1       sun.nio.fs.WindowsChannelFactory::newFileChannel (130 bytes)
Event: 6.032 Thread 0x00000184ca075c70 nmethod 5079 0x00000184b3fae310 code [0x00000184b3fae500, 0x00000184b3fae8c8]
Event: 6.032 Thread 0x00000184ca075c70 5074       1       sun.nio.fs.WindowsFileAttributeViews::createBasicView (10 bytes)
Event: 6.033 Thread 0x00000184ca075c70 nmethod 5074 0x00000184b3faea90 code [0x00000184b3faec20, 0x00000184b3faed78]
Event: 6.033 Thread 0x00000184ca075c70 5075       1       sun.nio.fs.WindowsFileAttributeViews$Basic::<init> (15 bytes)
Event: 6.034 Thread 0x00000184ca075c70 nmethod 5075 0x00000184b3faee10 code [0x00000184b3faefa0, 0x00000184b3faf0b8]
Event: 6.034 Thread 0x00000184ca075c70 5076       1       sun.nio.fs.AbstractBasicFileAttributeView::<init> (5 bytes)
Event: 6.034 Thread 0x00000184ca075c70 nmethod 5076 0x00000184b3faf110 code [0x00000184b3faf2a0, 0x00000184b3faf358]
Event: 6.034 Thread 0x00000184ca075c70 5077       1       sun.nio.fs.WindowsFileAttributeViews$Basic::readAttributes (5 bytes)
Event: 6.035 Thread 0x00000184ca075c70 nmethod 5077 0x00000184b3faf410 code [0x00000184b3faf600, 0x00000184b3faf8e8]
Event: 6.036 Thread 0x00000184ca075c70 5078   !   1       sun.nio.fs.WindowsFileAttributeViews$Basic::readAttributes (30 bytes)
Event: 6.037 Thread 0x00000184ca075c70 nmethod 5078 0x00000184b3fafb10 code [0x00000184b3fafd00, 0x00000184b3faffe8]
Event: 6.037 Thread 0x00000184ca075c70 5080       1       sun.nio.fs.WindowsPath::getPathForExceptionMessage (5 bytes)
Event: 6.037 Thread 0x00000184ca075c70 nmethod 5080 0x00000184b3fb0210 code [0x00000184b3fb03a0, 0x00000184b3fb0458]
Event: 6.040 Thread 0x00000184ca075c70 5081  s    1       java.io.FileDescriptor::attach (73 bytes)
Event: 6.041 Thread 0x00000184ca075c70 nmethod 5081 0x00000184b3fb0510 code [0x00000184b3fb0700, 0x00000184b3fb0c48]
Event: 6.048 Thread 0x00000184ca075c70 5082       1       java.io.RandomAccessFile::<init> (8 bytes)
Event: 6.048 Thread 0x00000184ca075c70 nmethod 5082 0x00000184b3fb0e90 code [0x00000184b3fb1020, 0x00000184b3fb1108]
Event: 6.048 Thread 0x00000184ca075c70 5083   !   1       sun.nio.fs.WindowsLinkSupport::getRealPath (500 bytes)

GC Heap History (20 events):
Event: 2.560 GC heap after
{Heap after GC invocations=6 (full 0):
 garbage-first heap   total 54272K, used 13831K [0x0000000082200000, 0x0000000100000000)
  region size 1024K, 6 young (6144K), 6 survivors (6144K)
 Metaspace       used 24393K, capacity 24786K, committed 24880K, reserved 1071104K
  class space    used 3300K, capacity 3427K, committed 3456K, reserved 1048576K
}
Event: 2.865 GC heap before
{Heap before GC invocations=6 (full 0):
 garbage-first heap   total 54272K, used 37383K [0x0000000082200000, 0x0000000100000000)
  region size 1024K, 29 young (29696K), 6 survivors (6144K)
 Metaspace       used 27575K, capacity 28023K, committed 28208K, reserved 1073152K
  class space    used 3729K, capacity 3861K, committed 3968K, reserved 1048576K
}
Event: 2.874 GC heap after
{Heap after GC invocations=7 (full 0):
 garbage-first heap   total 65536K, used 15324K [0x0000000082200000, 0x0000000100000000)
  region size 1024K, 4 young (4096K), 4 survivors (4096K)
 Metaspace       used 27575K, capacity 28023K, committed 28208K, reserved 1073152K
  class space    used 3729K, capacity 3861K, committed 3968K, reserved 1048576K
}
Event: 3.263 GC heap before
{Heap before GC invocations=7 (full 0):
 garbage-first heap   total 65536K, used 47068K [0x0000000082200000, 0x0000000100000000)
  region size 1024K, 35 young (35840K), 4 survivors (4096K)
 Metaspace       used 32295K, capacity 32785K, committed 32944K, reserved 1077248K
  class space    used 4347K, capacity 4522K, committed 4608K, reserved 1048576K
}
Event: 3.272 GC heap after
{Heap after GC invocations=8 (full 0):
 garbage-first heap   total 65536K, used 18280K [0x0000000082200000, 0x0000000100000000)
  region size 1024K, 5 young (5120K), 5 survivors (5120K)
 Metaspace       used 32295K, capacity 32785K, committed 32944K, reserved 1077248K
  class space    used 4347K, capacity 4522K, committed 4608K, reserved 1048576K
}
Event: 3.516 GC heap before
{Heap before GC invocations=8 (full 0):
 garbage-first heap   total 65536K, used 36712K [0x0000000082200000, 0x0000000100000000)
  region size 1024K, 24 young (24576K), 5 survivors (5120K)
 Metaspace       used 35425K, capacity 35869K, committed 35888K, reserved 1081344K
  class space    used 4805K, capacity 4974K, committed 4992K, reserved 1048576K
}
Event: 3.533 GC heap after
{Heap after GC invocations=9 (full 0):
 garbage-first heap   total 65536K, used 19239K [0x0000000082200000, 0x0000000100000000)
  region size 1024K, 2 young (2048K), 2 survivors (2048K)
 Metaspace       used 35425K, capacity 35869K, committed 35888K, reserved 1081344K
  class space    used 4805K, capacity 4974K, committed 4992K, reserved 1048576K
}
Event: 4.134 GC heap before
{Heap before GC invocations=10 (full 0):
 garbage-first heap   total 65536K, used 48935K [0x0000000082200000, 0x0000000100000000)
  region size 1024K, 31 young (31744K), 2 survivors (2048K)
 Metaspace       used 42565K, capacity 43020K, committed 43292K, reserved 1087488K
  class space    used 5816K, capacity 5970K, committed 5996K, reserved 1048576K
}
Event: 4.138 GC heap after
{Heap after GC invocations=11 (full 0):
 garbage-first heap   total 65536K, used 20840K [0x0000000082200000, 0x0000000100000000)
  region size 1024K, 3 young (3072K), 3 survivors (3072K)
 Metaspace       used 42565K, capacity 43020K, committed 43292K, reserved 1087488K
  class space    used 5816K, capacity 5970K, committed 5996K, reserved 1048576K
}
Event: 4.655 GC heap before
{Heap before GC invocations=11 (full 0):
 garbage-first heap   total 65536K, used 49512K [0x0000000082200000, 0x0000000100000000)
  region size 1024K, 31 young (31744K), 3 survivors (3072K)
 Metaspace       used 48578K, capacity 49104K, committed 49436K, reserved 1091584K
  class space    used 6742K, capacity 6908K, committed 7020K, reserved 1048576K
}
Event: 4.669 GC heap after
{Heap after GC invocations=12 (full 0):
 garbage-first heap   total 65536K, used 22234K [0x0000000082200000, 0x0000000100000000)
  region size 1024K, 4 young (4096K), 4 survivors (4096K)
 Metaspace       used 48578K, capacity 49104K, committed 49436K, reserved 1091584K
  class space    used 6742K, capacity 6908K, committed 7020K, reserved 1048576K
}
Event: 5.016 GC heap before
{Heap before GC invocations=12 (full 0):
 garbage-first heap   total 65536K, used 49882K [0x0000000082200000, 0x0000000100000000)
  region size 1024K, 31 young (31744K), 4 survivors (4096K)
 Metaspace       used 53238K, capacity 53772K, committed 54044K, reserved 1095680K
  class space    used 7331K, capacity 7499K, committed 7532K, reserved 1048576K
}
Event: 5.034 GC heap after
{Heap after GC invocations=13 (full 0):
 garbage-first heap   total 81920K, used 24307K [0x0000000082200000, 0x0000000100000000)
  region size 1024K, 4 young (4096K), 4 survivors (4096K)
 Metaspace       used 53238K, capacity 53772K, committed 54044K, reserved 1095680K
  class space    used 7331K, capacity 7499K, committed 7532K, reserved 1048576K
}
Event: 5.522 GC heap before
{Heap before GC invocations=13 (full 0):
 garbage-first heap   total 81920K, used 63219K [0x0000000082200000, 0x0000000100000000)
  region size 1024K, 42 young (43008K), 4 survivors (4096K)
 Metaspace       used 57889K, capacity 58524K, committed 58780K, reserved 1099776K
  class space    used 7915K, capacity 8116K, committed 8172K, reserved 1048576K
}
Event: 5.532 GC heap after
{Heap after GC invocations=14 (full 0):
 garbage-first heap   total 81920K, used 27298K [0x0000000082200000, 0x0000000100000000)
  region size 1024K, 5 young (5120K), 5 survivors (5120K)
 Metaspace       used 57889K, capacity 58524K, committed 58780K, reserved 1099776K
  class space    used 7915K, capacity 8116K, committed 8172K, reserved 1048576K
}
Event: 5.680 GC heap before
{Heap before GC invocations=14 (full 0):
 garbage-first heap   total 81920K, used 64162K [0x0000000082200000, 0x0000000100000000)
  region size 1024K, 41 young (41984K), 5 survivors (5120K)
 Metaspace       used 58124K, capacity 58716K, committed 58780K, reserved 1099776K
  class space    used 7935K, capacity 8116K, committed 8172K, reserved 1048576K
}
Event: 5.706 GC heap after
{Heap after GC invocations=15 (full 0):
 garbage-first heap   total 81920K, used 36215K [0x0000000082200000, 0x0000000100000000)
  region size 1024K, 6 young (6144K), 6 survivors (6144K)
 Metaspace       used 58124K, capacity 58716K, committed 58780K, reserved 1099776K
  class space    used 7935K, capacity 8116K, committed 8172K, reserved 1048576K
}
Event: 5.904 GC heap before
{Heap before GC invocations=15 (full 0):
 garbage-first heap   total 81920K, used 61815K [0x0000000082200000, 0x0000000100000000)
  region size 1024K, 31 young (31744K), 6 survivors (6144K)
 Metaspace       used 58154K, capacity 58751K, committed 58780K, reserved 1099776K
  class space    used 7938K, capacity 8149K, committed 8172K, reserved 1048576K
}
Event: 5.912 GC heap after
{Heap after GC invocations=16 (full 0):
 garbage-first heap   total 81920K, used 41987K [0x0000000082200000, 0x0000000100000000)
  region size 1024K, 4 young (4096K), 4 survivors (4096K)
 Metaspace       used 58154K, capacity 58751K, committed 58780K, reserved 1099776K
  class space    used 7938K, capacity 8149K, committed 8172K, reserved 1048576K
}
Event: 6.049 GC heap before
{Heap before GC invocations=16 (full 0):
 garbage-first heap   total 81920K, used 58371K [0x0000000082200000, 0x0000000100000000)
  region size 1024K, 22 young (22528K), 4 survivors (4096K)
 Metaspace       used 58160K, capacity 58751K, committed 58780K, reserved 1099776K
  class space    used 7938K, capacity 8149K, committed 8172K, reserved 1048576K
}

Deoptimization events (6 events):
Event: 2.570 Thread 0x00000184a9325d40 DEOPT PACKING pc=0x00000184b3aa7bd4 sp=0x000000452bafd5f0
Event: 2.570 Thread 0x00000184a9325d40 DEOPT UNPACKING pc=0x00000184b30be23f sp=0x000000452bafcb48 mode 0
Event: 5.317 Thread 0x00000184a9325d40 DEOPT PACKING pc=0x00000184b3a4daca sp=0x000000452bafdb70
Event: 5.317 Thread 0x00000184a9325d40 DEOPT UNPACKING pc=0x00000184b30be23f sp=0x000000452bafd078 mode 3
Event: 5.317 Thread 0x00000184a9325d40 DEOPT PACKING pc=0x00000184b3a4922d sp=0x000000452bafdb30
Event: 5.317 Thread 0x00000184a9325d40 DEOPT UNPACKING pc=0x00000184b30be23f sp=0x000000452bafd078 mode 3

Classes unloaded (0 events):
No events

Classes redefined (0 events):
No events

Internal exceptions (20 events):
Event: 6.027 Thread 0x00000184cc825a00 Exception <a 'sun/nio/fs/WindowsException'{0x00000000862126e0}> (0x00000000862126e0) 
thrown [./src/hotspot/share/prims/jni.cpp, line 578]
Event: 6.027 Thread 0x00000184cf02aef0 Exception <a 'sun/nio/fs/WindowsException'{0x000000008621cce8}> (0x000000008621cce8) 
thrown [./src/hotspot/share/prims/jni.cpp, line 578]
Event: 6.028 Thread 0x00000184cc825a00 Exception <a 'sun/nio/fs/WindowsException'{0x00000000862129f8}> (0x00000000862129f8) 
thrown [./src/hotspot/share/prims/jni.cpp, line 578]
Event: 6.028 Thread 0x00000184cf02aef0 Exception <a 'sun/nio/fs/WindowsException'{0x000000008621d008}> (0x000000008621d008) 
thrown [./src/hotspot/share/prims/jni.cpp, line 578]
Event: 6.028 Thread 0x00000184cf02aef0 Exception <a 'sun/nio/fs/WindowsException'{0x000000008621d980}> (0x000000008621d980) 
thrown [./src/hotspot/share/prims/jni.cpp, line 578]
Event: 6.028 Thread 0x00000184cc825a00 Exception <a 'sun/nio/fs/WindowsException'{0x0000000086213360}> (0x0000000086213360) 
thrown [./src/hotspot/share/prims/jni.cpp, line 578]
Event: 6.029 Thread 0x00000184cc825a00 Exception <a 'sun/nio/fs/WindowsException'{0x0000000086213688}> (0x0000000086213688) 
thrown [./src/hotspot/share/prims/jni.cpp, line 578]
Event: 6.029 Thread 0x00000184cf02aef0 Exception <a 'sun/nio/fs/WindowsException'{0x000000008621dcb0}> (0x000000008621dcb0) 
thrown [./src/hotspot/share/prims/jni.cpp, line 578]
Event: 6.030 Thread 0x00000184cc825a00 Exception <a 'sun/nio/fs/WindowsException'{0x0000000086214008}> (0x0000000086214008) 
thrown [./src/hotspot/share/prims/jni.cpp, line 578]
Event: 6.030 Thread 0x00000184cf02aef0 Exception <a 'sun/nio/fs/WindowsException'{0x000000008621e648}> (0x000000008621e648) 
thrown [./src/hotspot/share/prims/jni.cpp, line 578]
Event: 6.030 Thread 0x00000184cc825a00 Exception <a 'sun/nio/fs/WindowsException'{0x0000000086214350}> (0x0000000086214350) 
thrown [./src/hotspot/share/prims/jni.cpp, line 578]
Event: 6.030 Thread 0x00000184cf02aef0 Exception <a 'sun/nio/fs/WindowsException'{0x000000008621e998}> (0x000000008621e998) 
thrown [./src/hotspot/share/prims/jni.cpp, line 578]
Event: 6.031 Thread 0x00000184cc825a00 Exception <a 'sun/nio/fs/WindowsException'{0x0000000086214ce8}> (0x0000000086214ce8) 
thrown [./src/hotspot/share/prims/jni.cpp, line 578]
Event: 6.031 Thread 0x00000184cf02aef0 Exception <a 'sun/nio/fs/WindowsException'{0x0000000086285eb0}> (0x0000000086285eb0) 
thrown [./src/hotspot/share/prims/jni.cpp, line 578]
Event: 6.031 Thread 0x00000184cc825a00 Exception <a 'sun/nio/fs/WindowsException'{0x0000000086290408}> (0x0000000086290408) 
thrown [./src/hotspot/share/prims/jni.cpp, line 578]
Event: 6.032 Thread 0x00000184cf02aef0 Exception <a 'sun/nio/fs/WindowsException'{0x0000000086286210}> (0x0000000086286210) 
thrown [./src/hotspot/share/prims/jni.cpp, line 578]
Event: 6.033 Thread 0x00000184cc825a00 Exception <a 'sun/nio/fs/WindowsException'{0x0000000086290d98}> (0x0000000086290d98) 
thrown [./src/hotspot/share/prims/jni.cpp, line 578]
Event: 6.033 Thread 0x00000184cc825a00 Exception <a 'sun/nio/fs/WindowsException'{0x00000000862910f0}> (0x00000000862910f0) 
thrown [./src/hotspot/share/prims/jni.cpp, line 578]
Event: 6.033 Thread 0x00000184cf02aef0 Exception <a 'sun/nio/fs/WindowsException'{0x0000000086286bb0}> (0x0000000086286bb0) 
thrown [./src/hotspot/share/prims/jni.cpp, line 578]
Event: 6.033 Thread 0x00000184cf02aef0 Exception <a 'sun/nio/fs/WindowsException'{0x0000000086286f10}> (0x0000000086286f10) 
thrown [./src/hotspot/share/prims/jni.cpp, line 578]

Events (20 events):
Event: 6.020 Thread 0x00000184cf02df10 Thread added: 0x00000184cf02df10
Event: 6.020 Executing VM operation: ICBufferFull
Event: 6.020 Executing coalesced safepoint VM operation: ICBufferFull
Event: 6.020 Executing coalesced safepoint VM operation: ICBufferFull done
Event: 6.020 Thread 0x00000184cf02f720 Thread added: 0x00000184cf02f720
Event: 6.020 Thread 0x00000184cf02aa20 Thread added: 0x00000184cf02aa20
Event: 6.021 Executing VM operation: ICBufferFull done
Event: 6.032 Executing VM operation: ICBufferFull
Event: 6.032 Executing coalesced safepoint VM operation: ICBufferFull
Event: 6.032 Executing coalesced safepoint VM operation: ICBufferFull done
Event: 6.033 Executing VM operation: ICBufferFull done
Event: 6.039 Executing VM operation: ICBufferFull
Event: 6.039 Executing coalesced safepoint VM operation: ICBufferFull
Event: 6.039 Executing coalesced safepoint VM operation: ICBufferFull done
Event: 6.039 Executing VM operation: ICBufferFull done
Event: 6.044 Executing VM operation: ICBufferFull
Event: 6.044 Executing coalesced safepoint VM operation: ICBufferFull
Event: 6.044 Executing coalesced safepoint VM operation: ICBufferFull done
Event: 6.044 Executing VM operation: ICBufferFull done
Event: 6.049 Executing VM operation: G1TryInitiateConcMark


Dynamic libraries:
0x00007ff645780000 - 0x00007ff64578d000 	C:\Users\artem.belyshev\.jdks\azul-15.0.10\bin\java.exe
0x00007ffb28cf0000 - 0x00007ffb28ee8000 	C:\Windows\SYSTEM32\ntdll.dll
0x00007ffb27ef0000 - 0x00007ffb27faf000 	C:\Windows\System32\KERNEL32.DLL
0x00007ffb26690000 - 0x00007ffb26962000 	C:\Windows\System32\KERNELBASE.dll
0x00007ffb264f0000 - 0x00007ffb265f0000 	C:\Windows\System32\ucrtbase.dll
0x00007ffb13a00000 - 0x00007ffb13a15000 	C:\Users\artem.belyshev\.jdks\azul-15.0.10\bin\VCRUNTIME140.dll
0x00007ffae6000000 - 0x00007ffae6018000 	C:\Users\artem.belyshev\.jdks\azul-15.0.10\bin\jli.dll
0x00007ffb280e0000 - 0x00007ffb28281000 	C:\Windows\System32\USER32.dll
0x00007ffb26d00000 - 0x00007ffb26d22000 	C:\Windows\System32\win32u.dll
0x00007ffb277d0000 - 0x00007ffb277fb000 	C:\Windows\System32\GDI32.dll
0x00007ffb06c50000 - 0x00007ffb06eea000 	C:\Windows\WinSxS\amd64_microsoft.windows.common-controls_6595b64144ccf1df_6.0.19041.1110_none_60b5254171f9507e\COMCTL32.dll
0x00007ffb263e0000 - 0x00007ffb264ef000 	C:\Windows\System32\gdi32full.dll
0x00007ffb278a0000 - 0x00007ffb2793e000 	C:\Windows\System32\msvcrt.dll
0x00007ffb265f0000 - 0x00007ffb2668d000 	C:\Windows\System32\msvcp_win.dll
0x00007ffb27790000 - 0x00007ffb277c2000 	C:\Windows\System32\IMM32.DLL
0x00007ffacae20000 - 0x00007ffacaebb000 	C:\Users\artem.belyshev\.jdks\azul-15.0.10\bin\msvcp140.dll
0x00007ffa77e50000 - 0x00007ffa789ec000 	C:\Users\artem.belyshev\.jdks\azul-15.0.10\bin\server\jvm.dll
0x00007ffb283b0000 - 0x00007ffb2845e000 	C:\Windows\System32\ADVAPI32.dll
0x00007ffb27800000 - 0x00007ffb2789c000 	C:\Windows\System32\sechost.dll
0x00007ffb279a0000 - 0x00007ffb27ac5000 	C:\Windows\System32\RPCRT4.dll
0x00007ffb27ee0000 - 0x00007ffb27ee8000 	C:\Windows\System32\PSAPI.DLL
0x00007ffb089d0000 - 0x00007ffb089d9000 	C:\Windows\SYSTEM32\WSOCK32.dll
0x00007ffb13e00000 - 0x00007ffb13e27000 	C:\Windows\SYSTEM32\WINMM.dll
0x00007ffb1bda0000 - 0x00007ffb1bdaa000 	C:\Windows\SYSTEM32\VERSION.dll
0x00007ffb28460000 - 0x00007ffb284cb000 	C:\Windows\System32\WS2_32.dll
0x00007ffb24c30000 - 0x00007ffb24c42000 	C:\Windows\SYSTEM32\kernel.appcore.dll
0x00007ffb13b70000 - 0x00007ffb13b7a000 	C:\Users\artem.belyshev\.jdks\azul-15.0.10\bin\jimage.dll
0x00007ffb20aa0000 - 0x00007ffb20c84000 	C:\Windows\SYSTEM32\DBGHELP.DLL
0x00007ffb1c860000 - 0x00007ffb1c895000 	C:\Windows\SYSTEM32\dbgcore.DLL
0x00007ffb26c70000 - 0x00007ffb26cf2000 	C:\Windows\System32\bcryptPrimitives.dll
0x00007ffb1df90000 - 0x00007ffb1df9e000 	C:\Users\artem.belyshev\.jdks\azul-15.0.10\bin\instrument.dll
0x00007ffaa0cc0000 - 0x00007ffaa0ce5000 	C:\Users\artem.belyshev\.jdks\azul-15.0.10\bin\java.dll
0x00007ffb27040000 - 0x00007ffb27785000 	C:\Windows\System32\SHELL32.dll
0x00007ffb24450000 - 0x00007ffb24be2000 	C:\Windows\SYSTEM32\windows.storage.dll
0x00007ffb27ad0000 - 0x00007ffb27e25000 	C:\Windows\System32\combase.dll
0x00007ffb25dd0000 - 0x00007ffb25e00000 	C:\Windows\SYSTEM32\Wldp.dll
0x00007ffb26f90000 - 0x00007ffb2703d000 	C:\Windows\System32\SHCORE.dll
0x00007ffb27940000 - 0x00007ffb27995000 	C:\Windows\System32\shlwapi.dll
0x00007ffb26320000 - 0x00007ffb2633f000 	C:\Windows\SYSTEM32\profapi.dll
0x00007ffaa56c0000 - 0x00007ffaa56d8000 	C:\Users\artem.belyshev\.jdks\azul-15.0.10\bin\zip.dll
0x00007ffae5fe0000 - 0x00007ffae5ff9000 	C:\Users\artem.belyshev\.jdks\azul-15.0.10\bin\net.dll
0x00007ffb1cb20000 - 0x00007ffb1cc2c000 	C:\Windows\SYSTEM32\WINHTTP.dll
0x00007ffb25ac0000 - 0x00007ffb25b2a000 	C:\Windows\system32\mswsock.dll
0x00007ffacae00000 - 0x00007ffacae12000 	C:\Users\artem.belyshev\.jdks\azul-15.0.10\bin\nio.dll
0x00007ffb16ca0000 - 0x00007ffb16cba000 	C:\Program Files\JetBrains\IntelliJ IDEA 2022.3.2\bin\breakgen64.dll
0x00007ffb257f0000 - 0x00007ffb258bb000 	C:\Windows\SYSTEM32\DNSAPI.dll
0x00007ffb257b0000 - 0x00007ffb257eb000 	C:\Windows\SYSTEM32\IPHLPAPI.DLL
0x00007ffb284d0000 - 0x00007ffb284d8000 	C:\Windows\System32\NSI.dll
0x00007ffb1aac0000 - 0x00007ffb1aaca000 	C:\Windows\System32\rasadhlp.dll
0x00007ffb1e9f0000 - 0x00007ffb1ea70000 	C:\Windows\System32\fwpuclnt.dll
0x00007ffb26a20000 - 0x00007ffb26a47000 	C:\Windows\System32\bcrypt.dll
0x00007ffb1d880000 - 0x00007ffb1d889000 	C:\Users\artem.belyshev\.jdks\azul-15.0.10\bin\management.dll
0x00007ffb1d820000 - 0x00007ffb1d82b000 	C:\Users\artem.belyshev\.jdks\azul-15.0.10\bin\management_ext.dll
0x00007ffb25cb0000 - 0x00007ffb25cc8000 	C:\Windows\SYSTEM32\CRYPTSP.dll
0x00007ffb253e0000 - 0x00007ffb25414000 	C:\Windows\system32\rsaenh.dll
0x00007ffb262e0000 - 0x00007ffb2630e000 	C:\Windows\SYSTEM32\USERENV.dll
0x00007ffb25cd0000 - 0x00007ffb25cdc000 	C:\Windows\SYSTEM32\CRYPTBASE.dll
0x00007ffb1e8b0000 - 0x00007ffb1e8c7000 	C:\Windows\SYSTEM32\dhcpcsvc6.DLL
0x00007ffb1e890000 - 0x00007ffb1e8ad000 	C:\Windows\SYSTEM32\dhcpcsvc.DLL
0x00007ffaea0c0000 - 0x00007ffaea0d7000 	C:\Windows\system32\napinsp.dll
0x00007ffaea520000 - 0x00007ffaea53b000 	C:\Windows\system32\pnrpnsp.dll
0x00007ffaeb720000 - 0x00007ffaeb735000 	C:\Windows\system32\wshbth.dll
0x00007ffb1d800000 - 0x00007ffb1d81d000 	C:\Windows\system32\NLAapi.dll
0x00007ffaec180000 - 0x00007ffaec192000 	C:\Windows\System32\winrnr.dll
0x00007ffaffe60000 - 0x00007ffaffe70000 	C:\Users\artem.belyshev\.jdks\azul-15.0.10\bin\verify.dll

dbghelp: loaded successfully - version: 4.0.5 - missing functions: none
symbol engine: initialized successfully - sym options: 0x614 - pdb path: .;C:\Users\artem.belyshev\.jdks\azul-15.0.10\bin;C:\Windows\SYSTEM32;C:\Windows\WinSxS\amd64_microsoft.windows.common-controls_6595b64144ccf1df_6.0.19041.1110_none_60b5254171f9507e;C:\Users\artem.belyshev\.jdks\azul-15.0.10\bin\server;C:\Program Files\JetBrains\IntelliJ IDEA 2022.3.2\bin

VM Arguments:
jvm_args: -XX:TieredStopAtLevel=1 -Dspring.output.ansi.enabled=always -Dcom.sun.management.jmxremote -Dspring.jmx.enabled=true -Dspring.liveBeansView.mbeanDomain -Dspring.application.admin.enabled=true -Dmanagement.endpoints.jmx.exposure.include=* -javaagent:C:\Program Files\JetBrains\IntelliJ IDEA 2022.3.2\lib\idea_rt.jar=64606:C:\Program Files\JetBrains\IntelliJ IDEA 2022.3.2\bin -Dfile.encoding=UTF-8 
java_command: cz.kct.Tutorial
java_class_path (initial): C:\Users\artem.belyshev\IdeaProjects\kct.data.spring\out\production\classes;C:\Users\artem.belyshev\IdeaProjects\kct.data.spring\out\production\resources;C:\Users\artem.belyshev\.gradle\caches\modules-2\files-2.1\org.projectlombok\lombok\1.18.4\7103ab519b1cdbb0642ad4eaf1db209d905d0f96\lombok-1.18.4.jar;C:\Users\artem.belyshev\.gradle\caches\modules-2\files-2.1\org.springframework.boot\spring-boot-starter-data-jpa\2.7.8\ace969cae39b4479ffedd58e04c5a6eca60c94a5\spring-boot-starter-data-jpa-2.7.8.jar;C:\Users\artem.belyshev\.gradle\caches\modules-2\files-2.1\org.springframework.boot\spring-boot-starter-web\2.4.5\93cf2655557534e35723fbafa069bed2ee125832\spring-boot-starter-web-2.4.5.jar;C:\Users\artem.belyshev\.gradle\caches\modules-2\files-2.1\org.modelmapper\modelmapper\3.1.1\6636e94590e9d98e5e7db7e4fafcc15e9390e18d\modelmapper-3.1.1.jar;C:\Users\artem.belyshev\.gradle\caches\modules-2\files-2.1\io.github.openfeign\feign-jackson\9.3.1\17d39be26c4c53231087da6f5082473015986fd7\feign-jackson-9.3.1.jar;C:\Users\artem.belyshev\.gradle\caches\modules-2\files-2.1\org.springdoc\springdoc-openapi-ui\1.6.14\20f7c293f72552dce117be99cf15e69249effda8\springdoc-openapi-ui-1.6.14.jar;C:\Users\artem.belyshev\.gradle\caches\modules-2\files-2.1\org.postgresql\postgresql\42.4.3\94866dd0f9ea533c61b29261673ac0616e3a6517\postgresql-42.4.3.jar;C:\Users\artem.belyshev\.gradle\caches\modules-2\files-2.1\org.springframework.boot\spring-boot-starter-validation\2.4.5\27acd26bb55058472e91e44e8155b256a610b87e\spring-boot-starter-validation-2.4.5.jar;C:\Users\artem.belyshev\.gradle\caches\modules-2\files-2.1\org.springframework.boot\spring-boot-starter-aop\2.4.5\853bfc5d1c867f66880971515bda82ecc737e839\spring-boot-starter-aop-2.4.5.jar;C:\Users\artem.belyshev\.gradle\caches\modules-2\files-2.1\org.springframework.boot\spring-boot-starter-jdbc\2.4.5\abcca18ef5a2c877a5574a492b570bb260640de3\spring-boot-starter-jdbc-2.4.5.jar;C:\Users\artem.belyshev\.gradle\caches\modules-
Launcher Type: SUN_STANDARD

[Global flags]
     intx CICompilerCount                          = 4                                         {product} {ergonomic}
     uint ConcGCThreads                            = 2                                         {product} {ergonomic}
     uint G1ConcRefinementThreads                  = 8                                         {product} {ergonomic}
   size_t G1HeapRegionSize                         = 1048576                                   {product} {ergonomic}
    uintx GCDrainStackTargetSize                   = 64                                        {product} {ergonomic}
   size_t InitialHeapSize                          = 132120576                                 {product} {ergonomic}
     bool ManagementServer                         = true                                      {product} {command line}
   size_t MarkStackSize                            = 4194304                                   {product} {ergonomic}
   size_t MaxHeapSize                              = 2111832064                                {product} {ergonomic}
   size_t MaxNewSize                               = 1266679808                                {product} {ergonomic}
   size_t MinHeapDeltaBytes                        = 1048576                                   {product} {ergonomic}
   size_t MinHeapSize                              = 8388608                                   {product} {ergonomic}
    uintx NonNMethodCodeHeapSize                   = 7549744                                {pd product} {ergonomic}
    uintx NonProfiledCodeHeapSize                  = 244108496                              {pd product} {ergonomic}
    uintx ProfiledCodeHeapSize                     = 0                                      {pd product} {ergonomic}
    uintx ReservedCodeCacheSize                    = 251658240                              {pd product} {ergonomic}
     bool SegmentedCodeCache                       = true                                      {product} {ergonomic}
   size_t SoftMaxHeapSize                          = 2111832064                             {manageable} {ergonomic}
     intx TieredStopAtLevel                        = 1                                         {product} {command line}
     bool UseCompressedClassPointers               = true                                 {lp64_product} {ergonomic}
     bool UseCompressedOops                        = true                                 {lp64_product} {ergonomic}
     bool UseG1GC                                  = true                                      {product} {ergonomic}
     bool UseLargePagesIndividualAllocation        = false                                  {pd product} {ergonomic}

Logging:
Log output configuration:
 #0: stdout all=warning uptime,level,tags
 #1: stderr all=off uptime,level,tags

Environment Variables:
PATH=C:\Windows\system32;C:\Windows;C:\Windows\System32\Wbem;C:\Windows\System32\WindowsPowerShell\v1.0\;C:\Windows\System32\OpenSSH\;C:\Program Files\Git\cmd;C:\Program Files\nodejs\;C:\Program Files\dotnet\;C:\Users\artem.belyshev\AppData\Local\Microsoft\WindowsApps;C:\Users\artem.belyshev\AppData\Roaming\npm;C:\Users\artem.belyshev\AppData\Local\Programs\Microsoft VS Code\bin;C:\Users\artem.belyshev\.dotnet\tools
USERNAME=artem.belyshev
OS=Windows_NT
PROCESSOR_IDENTIFIER=Intel64 Family 6 Model 142 Stepping 10, GenuineIntel



---------------  S Y S T E M  ---------------

OS:
 Windows 10 , 64 bit Build 19041 (10.0.19041.2546)
OS uptime: 2 days 21:48 hours

CPU: total 8 (initial active 8) (4 cores per cpu, 2 threads per core) family 6 model 142 stepping 10 microcode 0xf0, cmov, cx8, fxsr, mmx, sse, sse2, sse3, ssse3, sse4.1, sse4.2, popcnt, vzeroupper, avx, avx2, aes, clmul, erms, rtm, 3dnowpref, lzcnt, ht, tsc, tscinvbit, bmi1, bmi2, adx, fma, clflush, clflushopt

Memory: 4k page, system-wide physical 8050M (754M free)
TotalPageFile size 9074M (AvailPageFile size 35M)
current process WorkingSet (physical memory assigned to process): 219M, peak: 219M
current process commit charge ("private bytes"): 262M, peak: 295M

vm_info: OpenJDK 64-Bit Server VM (15.0.10+5-MTS) for windows-amd64 JRE (15.0.10+5-MTS) (Zulu15.46+17-CA), built on Jan  7 2023 17:34:05 by "zulu_re" with MS VC++ 15.9 (VS2017)

END.
