#
# There is insufficient memory for the Java Runtime Environment to continue.
# Native memory allocation (malloc) failed to allocate 32744 bytes for ChunkPool::allocate
# Possible reasons:
#   The system is out of physical RAM or swap space
#   The process is running with CompressedOops enabled, and the Java Heap may be blocking the growth of the native heap
# Possible solutions:
#   Reduce memory load on the system
#   Increase physical memory or swap space
#   Check if swap backing store is full
#   Decrease Java heap size (-Xmx/-Xms)
#   Decrease number of Java threads
#   Decrease Java thread stack sizes (-Xss)
#   Set larger code cache with -XX:ReservedCodeCacheSize=
#   JVM is running with Unscaled Compressed Oops mode in which the Java heap is
#     placed in the first 4GB address space. The Java Heap base address is the
#     maximum limit for the native heap growth. Please use -XX:HeapBaseMinAddress
#     to set the Java Heap base and to place the Java Heap above 4GB virtual address.
# This output file may be truncated or incomplete.
#
#  Out of Memory Error (./src/hotspot/share/memory/arena.cpp:79), pid=12604, tid=13840
#
# JRE version: OpenJDK Runtime Environment Zulu15.46+17-CA (15.0.10+5) (build 15.0.10+5-MTS)
# Java VM: OpenJDK 64-Bit Server VM Zulu15.46+17-CA (15.0.10+5-MTS, mixed mode, sharing, tiered, compressed oops, g1 gc, windows-amd64)
# No core dump will be written. Minidumps are not enabled by default on client versions of Windows
#

---------------  S U M M A R Y ------------

Command Line: -XX:TieredStopAtLevel=1 -Dspring.output.ansi.enabled=always -Dcom.sun.management.jmxremote -Dspring.jmx.enabled=true -Dspring.liveBeansView.mbeanDomain -Dspring.application.admin.enabled=true -Dmanagement.endpoints.jmx.exposure.include=* -javaagent:C:\Program Files\JetBrains\IntelliJ IDEA 2022.3.2\lib\idea_rt.jar=64927:C:\Program Files\JetBrains\IntelliJ IDEA 2022.3.2\bin -Dfile.encoding=UTF-8 cz.kct.Tutorial

Host: Intel(R) Core(TM) i5-8350U CPU @ 1.70GHz, 8 cores, 7G,  Windows 10 , 64 bit Build 19041 (10.0.19041.2546)
Time: Mon Feb 20 14:00:06 2023 Central Europe Standard Time elapsed time: 0.914245 seconds (0d 0h 0m 0s)

---------------  T H R E A D  ---------------

Current thread (0x0000025450afa790):  JavaThread "C1 CompilerThread0" daemon [_thread_in_native, id=13840, stack(0x000000a2a2f00000,0x000000a2a3000000)]


Current CompileTask:
C1:    914  871       1       java.net.URLStreamHandler::parseURL (1201 bytes)

Stack: [0x000000a2a2f00000,0x000000a2a3000000]
Native frames: (J=compiled Java code, j=interpreted, Vv=VM code, C=native code)
V  [jvm.dll+0x6037ba]
V  [jvm.dll+0x7a3729]
V  [jvm.dll+0x7a4e83]
V  [jvm.dll+0x7a54d3]
V  [jvm.dll+0x1fccf8]
V  [jvm.dll+0x99bdb]
V  [jvm.dll+0x99f3c]
V  [jvm.dll+0xe5156]
V  [jvm.dll+0x1422fc]
V  [jvm.dll+0x142ea3]
V  [jvm.dll+0xff175]
V  [jvm.dll+0xfe9ff]
V  [jvm.dll+0xfec2f]
V  [jvm.dll+0xfdec4]
V  [jvm.dll+0xffdd7]
V  [jvm.dll+0x1e0aa4]
V  [jvm.dll+0x1debeb]
V  [jvm.dll+0x76824d]
V  [jvm.dll+0x76114a]
V  [jvm.dll+0x602566]
C  [ucrtbase.dll+0x21bb2]
C  [KERNEL32.DLL+0x17614]
C  [ntdll.dll+0x526a1]


---------------  P R O C E S S  ---------------

Threads class SMR info:
_java_thread_list=0x00000254518816d0, length=11, elements={
0x0000025431d657f0, 0x0000025450ad1670, 0x0000025450ad2240, 0x0000025450af3250,
0x0000025450af5430, 0x0000025450af5df0, 0x0000025450afa790, 0x0000025450b0ed70,
0x00000254514e63c0, 0x000002545187c960, 0x0000025451a0bb70
}

Java Threads: ( => current thread )
  0x0000025431d657f0 JavaThread "main" [_thread_in_vm, id=13736, stack(0x000000a2a2300000,0x000000a2a2400000)]
  0x0000025450ad1670 JavaThread "Reference Handler" daemon [_thread_blocked, id=13172, stack(0x000000a2a2a00000,0x000000a2a2b00000)]
  0x0000025450ad2240 JavaThread "Finalizer" daemon [_thread_blocked, id=6204, stack(0x000000a2a2b00000,0x000000a2a2c00000)]
  0x0000025450af3250 JavaThread "Signal Dispatcher" daemon [_thread_blocked, id=11464, stack(0x000000a2a2c00000,0x000000a2a2d00000)]
  0x0000025450af5430 JavaThread "Attach Listener" daemon [_thread_blocked, id=3084, stack(0x000000a2a2d00000,0x000000a2a2e00000)]
  0x0000025450af5df0 JavaThread "Service Thread" daemon [_thread_blocked, id=15896, stack(0x000000a2a2e00000,0x000000a2a2f00000)]
=>0x0000025450afa790 JavaThread "C1 CompilerThread0" daemon [_thread_in_native, id=13840, stack(0x000000a2a2f00000,0x000000a2a3000000)]
  0x0000025450b0ed70 JavaThread "Sweeper thread" daemon [_thread_blocked, id=16936, stack(0x000000a2a3000000,0x000000a2a3100000)]
  0x00000254514e63c0 JavaThread "Common-Cleaner" daemon [_thread_blocked, id=9712, stack(0x000000a2a3100000,0x000000a2a3200000)]
  0x000002545187c960 JavaThread "Notification Thread" daemon [_thread_blocked, id=16596, stack(0x000000a2a3300000,0x000000a2a3400000)]
  0x0000025451a0bb70 JavaThread "RMI TCP Accept-0" daemon [_thread_in_native, id=9236, stack(0x000000a2a3400000,0x000000a2a3500000)]

Other Threads:
  0x0000025450ace9d0 VMThread "VM Thread" [stack: 0x000000a2a2900000,0x000000a2a2a00000] [id=9348]
  0x0000025431da44c0 GCTaskThread "GC Thread#0" [stack: 0x000000a2a2400000,0x000000a2a2500000] [id=11532]
  0x0000025431db51d0 ConcurrentGCThread "G1 Main Marker" [stack: 0x000000a2a2500000,0x000000a2a2600000] [id=12392]
  0x0000025431db69e0 ConcurrentGCThread "G1 Conc#0" [stack: 0x000000a2a2600000,0x000000a2a2700000] [id=3712]
  0x0000025431e25550 ConcurrentGCThread "G1 Refine#0" [stack: 0x000000a2a2700000,0x000000a2a2800000] [id=16156]
  0x0000025431e260a0 ConcurrentGCThread "G1 Young RemSet Sampling" [stack: 0x000000a2a2800000,0x000000a2a2900000] [id=14564]

Threads with active compile tasks:
C1 CompilerThread0     1069  871       1       java.net.URLStreamHandler::parseURL (1201 bytes)

VM state: not at safepoint (normal execution)

VM Mutex/Monitor currently owned by a thread: None

Heap address: 0x0000000082200000, size: 2014 MB, Compressed Oops mode: 32-bit
CDS archive(s) mapped at: [0x0000000800000000-0x0000000800b50000-0x0000000800b50000), size 11862016, SharedBaseAddress: 0x0000000800000000, ArchiveRelocationMode: 0.
Compressed class space mapped at: 0x0000000800b50000-0x0000000840b50000, size: 1073741824
Narrow klass base: 0x0000000800000000, Narrow klass shift: 3, Narrow klass range: 0x100000000

GC Precious Log:
 CPUs: 8 total, 8 available
 Memory: 8050M
 Large Page Support: Disabled
 NUMA Support: Disabled
 Compressed Oops: Enabled (32-bit)
 Heap Region Size: 1M
 Heap Min Capacity: 8M
 Heap Initial Capacity: 126M
 Heap Max Capacity: 2014M
 Pre-touch: Disabled
 Parallel Workers: 8
 Concurrent Workers: 2
 Concurrent Refinement Workers: 8
 Periodic GC: Disabled

Heap:
 garbage-first heap   total 129024K, used 14336K [0x0000000082200000, 0x0000000100000000)
  region size 1024K, 15 young (15360K), 0 survivors (0K)
 Metaspace       used 5589K, capacity 5762K, committed 5888K, reserved 1056768K
  class space    used 676K, capacity 741K, committed 768K, reserved 1048576K

Heap Regions: E=young(eden), S=young(survivor), O=old, HS=humongous(starts), HC=humongous(continues), CS=collection set, F=free, OA=open archive, CA=closed archive, TAMS=top-at-mark-start (previous, next)
|   0|0x0000000082200000, 0x0000000082300000, 0x0000000082300000|100%|HS|  |TAMS 0x0000000082200000, 0x0000000082200000| Complete 
|   1|0x0000000082300000, 0x0000000082300000, 0x0000000082400000|  0%| F|  |TAMS 0x0000000082300000, 0x0000000082300000| Untracked 
|   2|0x0000000082400000, 0x0000000082400000, 0x0000000082500000|  0%| F|  |TAMS 0x0000000082400000, 0x0000000082400000| Untracked 
|   3|0x0000000082500000, 0x0000000082500000, 0x0000000082600000|  0%| F|  |TAMS 0x0000000082500000, 0x0000000082500000| Untracked 
|   4|0x0000000082600000, 0x0000000082600000, 0x0000000082700000|  0%| F|  |TAMS 0x0000000082600000, 0x0000000082600000| Untracked 
|   5|0x0000000082700000, 0x0000000082700000, 0x0000000082800000|  0%| F|  |TAMS 0x0000000082700000, 0x0000000082700000| Untracked 
|   6|0x0000000082800000, 0x0000000082800000, 0x0000000082900000|  0%| F|  |TAMS 0x0000000082800000, 0x0000000082800000| Untracked 
|   7|0x0000000082900000, 0x0000000082900000, 0x0000000082a00000|  0%| F|  |TAMS 0x0000000082900000, 0x0000000082900000| Untracked 
|   8|0x0000000082a00000, 0x0000000082a00000, 0x0000000082b00000|  0%| F|  |TAMS 0x0000000082a00000, 0x0000000082a00000| Untracked 
|   9|0x0000000082b00000, 0x0000000082b00000, 0x0000000082c00000|  0%| F|  |TAMS 0x0000000082b00000, 0x0000000082b00000| Untracked 
|  10|0x0000000082c00000, 0x0000000082c00000, 0x0000000082d00000|  0%| F|  |TAMS 0x0000000082c00000, 0x0000000082c00000| Untracked 
|  11|0x0000000082d00000, 0x0000000082d00000, 0x0000000082e00000|  0%| F|  |TAMS 0x0000000082d00000, 0x0000000082d00000| Untracked 
|  12|0x0000000082e00000, 0x0000000082e00000, 0x0000000082f00000|  0%| F|  |TAMS 0x0000000082e00000, 0x0000000082e00000| Untracked 
|  13|0x0000000082f00000, 0x0000000082f00000, 0x0000000083000000|  0%| F|  |TAMS 0x0000000082f00000, 0x0000000082f00000| Untracked 
|  14|0x0000000083000000, 0x0000000083000000, 0x0000000083100000|  0%| F|  |TAMS 0x0000000083000000, 0x0000000083000000| Untracked 
|  15|0x0000000083100000, 0x0000000083100000, 0x0000000083200000|  0%| F|  |TAMS 0x0000000083100000, 0x0000000083100000| Untracked 
|  16|0x0000000083200000, 0x0000000083200000, 0x0000000083300000|  0%| F|  |TAMS 0x0000000083200000, 0x0000000083200000| Untracked 
|  17|0x0000000083300000, 0x0000000083300000, 0x0000000083400000|  0%| F|  |TAMS 0x0000000083300000, 0x0000000083300000| Untracked 
|  18|0x0000000083400000, 0x0000000083400000, 0x0000000083500000|  0%| F|  |TAMS 0x0000000083400000, 0x0000000083400000| Untracked 
|  19|0x0000000083500000, 0x0000000083500000, 0x0000000083600000|  0%| F|  |TAMS 0x0000000083500000, 0x0000000083500000| Untracked 
|  20|0x0000000083600000, 0x0000000083600000, 0x0000000083700000|  0%| F|  |TAMS 0x0000000083600000, 0x0000000083600000| Untracked 
|  21|0x0000000083700000, 0x0000000083700000, 0x0000000083800000|  0%| F|  |TAMS 0x0000000083700000, 0x0000000083700000| Untracked 
|  22|0x0000000083800000, 0x0000000083800000, 0x0000000083900000|  0%| F|  |TAMS 0x0000000083800000, 0x0000000083800000| Untracked 
|  23|0x0000000083900000, 0x0000000083900000, 0x0000000083a00000|  0%| F|  |TAMS 0x0000000083900000, 0x0000000083900000| Untracked 
|  24|0x0000000083a00000, 0x0000000083a00000, 0x0000000083b00000|  0%| F|  |TAMS 0x0000000083a00000, 0x0000000083a00000| Untracked 
|  25|0x0000000083b00000, 0x0000000083b00000, 0x0000000083c00000|  0%| F|  |TAMS 0x0000000083b00000, 0x0000000083b00000| Untracked 
|  26|0x0000000083c00000, 0x0000000083c00000, 0x0000000083d00000|  0%| F|  |TAMS 0x0000000083c00000, 0x0000000083c00000| Untracked 
|  27|0x0000000083d00000, 0x0000000083d00000, 0x0000000083e00000|  0%| F|  |TAMS 0x0000000083d00000, 0x0000000083d00000| Untracked 
|  28|0x0000000083e00000, 0x0000000083e00000, 0x0000000083f00000|  0%| F|  |TAMS 0x0000000083e00000, 0x0000000083e00000| Untracked 
|  29|0x0000000083f00000, 0x0000000083f00000, 0x0000000084000000|  0%| F|  |TAMS 0x0000000083f00000, 0x0000000083f00000| Untracked 
|  30|0x0000000084000000, 0x0000000084000000, 0x0000000084100000|  0%| F|  |TAMS 0x0000000084000000, 0x0000000084000000| Untracked 
|  31|0x0000000084100000, 0x0000000084100000, 0x0000000084200000|  0%| F|  |TAMS 0x0000000084100000, 0x0000000084100000| Untracked 
|  32|0x0000000084200000, 0x0000000084200000, 0x0000000084300000|  0%| F|  |TAMS 0x0000000084200000, 0x0000000084200000| Untracked 
|  33|0x0000000084300000, 0x0000000084300000, 0x0000000084400000|  0%| F|  |TAMS 0x0000000084300000, 0x0000000084300000| Untracked 
|  34|0x0000000084400000, 0x0000000084400000, 0x0000000084500000|  0%| F|  |TAMS 0x0000000084400000, 0x0000000084400000| Untracked 
|  35|0x0000000084500000, 0x0000000084500000, 0x0000000084600000|  0%| F|  |TAMS 0x0000000084500000, 0x0000000084500000| Untracked 
|  36|0x0000000084600000, 0x0000000084600000, 0x0000000084700000|  0%| F|  |TAMS 0x0000000084600000, 0x0000000084600000| Untracked 
|  37|0x0000000084700000, 0x0000000084700000, 0x0000000084800000|  0%| F|  |TAMS 0x0000000084700000, 0x0000000084700000| Untracked 
|  38|0x0000000084800000, 0x0000000084800000, 0x0000000084900000|  0%| F|  |TAMS 0x0000000084800000, 0x0000000084800000| Untracked 
|  39|0x0000000084900000, 0x0000000084900000, 0x0000000084a00000|  0%| F|  |TAMS 0x0000000084900000, 0x0000000084900000| Untracked 
|  40|0x0000000084a00000, 0x0000000084a00000, 0x0000000084b00000|  0%| F|  |TAMS 0x0000000084a00000, 0x0000000084a00000| Untracked 
|  41|0x0000000084b00000, 0x0000000084b00000, 0x0000000084c00000|  0%| F|  |TAMS 0x0000000084b00000, 0x0000000084b00000| Untracked 
|  42|0x0000000084c00000, 0x0000000084c00000, 0x0000000084d00000|  0%| F|  |TAMS 0x0000000084c00000, 0x0000000084c00000| Untracked 
|  43|0x0000000084d00000, 0x0000000084d00000, 0x0000000084e00000|  0%| F|  |TAMS 0x0000000084d00000, 0x0000000084d00000| Untracked 
|  44|0x0000000084e00000, 0x0000000084e00000, 0x0000000084f00000|  0%| F|  |TAMS 0x0000000084e00000, 0x0000000084e00000| Untracked 
|  45|0x0000000084f00000, 0x0000000084f00000, 0x0000000085000000|  0%| F|  |TAMS 0x0000000084f00000, 0x0000000084f00000| Untracked 
|  46|0x0000000085000000, 0x0000000085000000, 0x0000000085100000|  0%| F|  |TAMS 0x0000000085000000, 0x0000000085000000| Untracked 
|  47|0x0000000085100000, 0x0000000085100000, 0x0000000085200000|  0%| F|  |TAMS 0x0000000085100000, 0x0000000085100000| Untracked 
|  48|0x0000000085200000, 0x0000000085200000, 0x0000000085300000|  0%| F|  |TAMS 0x0000000085200000, 0x0000000085200000| Untracked 
|  49|0x0000000085300000, 0x0000000085300000, 0x0000000085400000|  0%| F|  |TAMS 0x0000000085300000, 0x0000000085300000| Untracked 
|  50|0x0000000085400000, 0x0000000085400000, 0x0000000085500000|  0%| F|  |TAMS 0x0000000085400000, 0x0000000085400000| Untracked 
|  51|0x0000000085500000, 0x0000000085500000, 0x0000000085600000|  0%| F|  |TAMS 0x0000000085500000, 0x0000000085500000| Untracked 
|  52|0x0000000085600000, 0x0000000085600000, 0x0000000085700000|  0%| F|  |TAMS 0x0000000085600000, 0x0000000085600000| Untracked 
|  53|0x0000000085700000, 0x0000000085700000, 0x0000000085800000|  0%| F|  |TAMS 0x0000000085700000, 0x0000000085700000| Untracked 
|  54|0x0000000085800000, 0x0000000085800000, 0x0000000085900000|  0%| F|  |TAMS 0x0000000085800000, 0x0000000085800000| Untracked 
|  55|0x0000000085900000, 0x0000000085900000, 0x0000000085a00000|  0%| F|  |TAMS 0x0000000085900000, 0x0000000085900000| Untracked 
|  56|0x0000000085a00000, 0x0000000085a00000, 0x0000000085b00000|  0%| F|  |TAMS 0x0000000085a00000, 0x0000000085a00000| Untracked 
|  57|0x0000000085b00000, 0x0000000085b00000, 0x0000000085c00000|  0%| F|  |TAMS 0x0000000085b00000, 0x0000000085b00000| Untracked 
|  58|0x0000000085c00000, 0x0000000085c00000, 0x0000000085d00000|  0%| F|  |TAMS 0x0000000085c00000, 0x0000000085c00000| Untracked 
|  59|0x0000000085d00000, 0x0000000085d00000, 0x0000000085e00000|  0%| F|  |TAMS 0x0000000085d00000, 0x0000000085d00000| Untracked 
|  60|0x0000000085e00000, 0x0000000085e00000, 0x0000000085f00000|  0%| F|  |TAMS 0x0000000085e00000, 0x0000000085e00000| Untracked 
|  61|0x0000000085f00000, 0x0000000085f00000, 0x0000000086000000|  0%| F|  |TAMS 0x0000000085f00000, 0x0000000085f00000| Untracked 
|  62|0x0000000086000000, 0x0000000086000000, 0x0000000086100000|  0%| F|  |TAMS 0x0000000086000000, 0x0000000086000000| Untracked 
|  63|0x0000000086100000, 0x0000000086100000, 0x0000000086200000|  0%| F|  |TAMS 0x0000000086100000, 0x0000000086100000| Untracked 
|  64|0x0000000086200000, 0x0000000086200000, 0x0000000086300000|  0%| F|  |TAMS 0x0000000086200000, 0x0000000086200000| Untracked 
|  65|0x0000000086300000, 0x0000000086300000, 0x0000000086400000|  0%| F|  |TAMS 0x0000000086300000, 0x0000000086300000| Untracked 
|  66|0x0000000086400000, 0x0000000086400000, 0x0000000086500000|  0%| F|  |TAMS 0x0000000086400000, 0x0000000086400000| Untracked 
|  67|0x0000000086500000, 0x0000000086500000, 0x0000000086600000|  0%| F|  |TAMS 0x0000000086500000, 0x0000000086500000| Untracked 
|  68|0x0000000086600000, 0x0000000086600000, 0x0000000086700000|  0%| F|  |TAMS 0x0000000086600000, 0x0000000086600000| Untracked 
|  69|0x0000000086700000, 0x0000000086700000, 0x0000000086800000|  0%| F|  |TAMS 0x0000000086700000, 0x0000000086700000| Untracked 
|  70|0x0000000086800000, 0x0000000086800000, 0x0000000086900000|  0%| F|  |TAMS 0x0000000086800000, 0x0000000086800000| Untracked 
|  71|0x0000000086900000, 0x0000000086900000, 0x0000000086a00000|  0%| F|  |TAMS 0x0000000086900000, 0x0000000086900000| Untracked 
|  72|0x0000000086a00000, 0x0000000086a00000, 0x0000000086b00000|  0%| F|  |TAMS 0x0000000086a00000, 0x0000000086a00000| Untracked 
|  73|0x0000000086b00000, 0x0000000086b00000, 0x0000000086c00000|  0%| F|  |TAMS 0x0000000086b00000, 0x0000000086b00000| Untracked 
|  74|0x0000000086c00000, 0x0000000086c00000, 0x0000000086d00000|  0%| F|  |TAMS 0x0000000086c00000, 0x0000000086c00000| Untracked 
|  75|0x0000000086d00000, 0x0000000086d00000, 0x0000000086e00000|  0%| F|  |TAMS 0x0000000086d00000, 0x0000000086d00000| Untracked 
|  76|0x0000000086e00000, 0x0000000086e00000, 0x0000000086f00000|  0%| F|  |TAMS 0x0000000086e00000, 0x0000000086e00000| Untracked 
|  77|0x0000000086f00000, 0x0000000086f00000, 0x0000000087000000|  0%| F|  |TAMS 0x0000000086f00000, 0x0000000086f00000| Untracked 
|  78|0x0000000087000000, 0x0000000087000000, 0x0000000087100000|  0%| F|  |TAMS 0x0000000087000000, 0x0000000087000000| Untracked 
|  79|0x0000000087100000, 0x0000000087100000, 0x0000000087200000|  0%| F|  |TAMS 0x0000000087100000, 0x0000000087100000| Untracked 
|  80|0x0000000087200000, 0x0000000087200000, 0x0000000087300000|  0%| F|  |TAMS 0x0000000087200000, 0x0000000087200000| Untracked 
|  81|0x0000000087300000, 0x0000000087300000, 0x0000000087400000|  0%| F|  |TAMS 0x0000000087300000, 0x0000000087300000| Untracked 
|  82|0x0000000087400000, 0x0000000087400000, 0x0000000087500000|  0%| F|  |TAMS 0x0000000087400000, 0x0000000087400000| Untracked 
|  83|0x0000000087500000, 0x0000000087500000, 0x0000000087600000|  0%| F|  |TAMS 0x0000000087500000, 0x0000000087500000| Untracked 
|  84|0x0000000087600000, 0x0000000087600000, 0x0000000087700000|  0%| F|  |TAMS 0x0000000087600000, 0x0000000087600000| Untracked 
|  85|0x0000000087700000, 0x0000000087700000, 0x0000000087800000|  0%| F|  |TAMS 0x0000000087700000, 0x0000000087700000| Untracked 
|  86|0x0000000087800000, 0x0000000087800000, 0x0000000087900000|  0%| F|  |TAMS 0x0000000087800000, 0x0000000087800000| Untracked 
|  87|0x0000000087900000, 0x0000000087900000, 0x0000000087a00000|  0%| F|  |TAMS 0x0000000087900000, 0x0000000087900000| Untracked 
|  88|0x0000000087a00000, 0x0000000087a00000, 0x0000000087b00000|  0%| F|  |TAMS 0x0000000087a00000, 0x0000000087a00000| Untracked 
|  89|0x0000000087b00000, 0x0000000087b00000, 0x0000000087c00000|  0%| F|  |TAMS 0x0000000087b00000, 0x0000000087b00000| Untracked 
|  90|0x0000000087c00000, 0x0000000087c00000, 0x0000000087d00000|  0%| F|  |TAMS 0x0000000087c00000, 0x0000000087c00000| Untracked 
|  91|0x0000000087d00000, 0x0000000087d00000, 0x0000000087e00000|  0%| F|  |TAMS 0x0000000087d00000, 0x0000000087d00000| Untracked 
|  92|0x0000000087e00000, 0x0000000087e00000, 0x0000000087f00000|  0%| F|  |TAMS 0x0000000087e00000, 0x0000000087e00000| Untracked 
|  93|0x0000000087f00000, 0x0000000087f00000, 0x0000000088000000|  0%| F|  |TAMS 0x0000000087f00000, 0x0000000087f00000| Untracked 
|  94|0x0000000088000000, 0x0000000088000000, 0x0000000088100000|  0%| F|  |TAMS 0x0000000088000000, 0x0000000088000000| Untracked 
|  95|0x0000000088100000, 0x0000000088100000, 0x0000000088200000|  0%| F|  |TAMS 0x0000000088100000, 0x0000000088100000| Untracked 
|  96|0x0000000088200000, 0x0000000088200000, 0x0000000088300000|  0%| F|  |TAMS 0x0000000088200000, 0x0000000088200000| Untracked 
|  97|0x0000000088300000, 0x0000000088300000, 0x0000000088400000|  0%| F|  |TAMS 0x0000000088300000, 0x0000000088300000| Untracked 
|  98|0x0000000088400000, 0x0000000088400000, 0x0000000088500000|  0%| F|  |TAMS 0x0000000088400000, 0x0000000088400000| Untracked 
|  99|0x0000000088500000, 0x0000000088500000, 0x0000000088600000|  0%| F|  |TAMS 0x0000000088500000, 0x0000000088500000| Untracked 
| 100|0x0000000088600000, 0x0000000088600000, 0x0000000088700000|  0%| F|  |TAMS 0x0000000088600000, 0x0000000088600000| Untracked 
| 101|0x0000000088700000, 0x0000000088700000, 0x0000000088800000|  0%| F|  |TAMS 0x0000000088700000, 0x0000000088700000| Untracked 
| 102|0x0000000088800000, 0x0000000088800000, 0x0000000088900000|  0%| F|  |TAMS 0x0000000088800000, 0x0000000088800000| Untracked 
| 103|0x0000000088900000, 0x0000000088900000, 0x0000000088a00000|  0%| F|  |TAMS 0x0000000088900000, 0x0000000088900000| Untracked 
| 104|0x0000000088a00000, 0x0000000088a00000, 0x0000000088b00000|  0%| F|  |TAMS 0x0000000088a00000, 0x0000000088a00000| Untracked 
| 105|0x0000000088b00000, 0x0000000088b00000, 0x0000000088c00000|  0%| F|  |TAMS 0x0000000088b00000, 0x0000000088b00000| Untracked 
| 106|0x0000000088c00000, 0x0000000088c00000, 0x0000000088d00000|  0%| F|  |TAMS 0x0000000088c00000, 0x0000000088c00000| Untracked 
| 107|0x0000000088d00000, 0x0000000088d00000, 0x0000000088e00000|  0%| F|  |TAMS 0x0000000088d00000, 0x0000000088d00000| Untracked 
| 108|0x0000000088e00000, 0x0000000088e00000, 0x0000000088f00000|  0%| F|  |TAMS 0x0000000088e00000, 0x0000000088e00000| Untracked 
| 109|0x0000000088f00000, 0x0000000088f00000, 0x0000000089000000|  0%| F|  |TAMS 0x0000000088f00000, 0x0000000088f00000| Untracked 
| 110|0x0000000089000000, 0x0000000089000000, 0x0000000089100000|  0%| F|  |TAMS 0x0000000089000000, 0x0000000089000000| Untracked 
| 111|0x0000000089100000, 0x0000000089176440, 0x0000000089200000| 46%| E|  |TAMS 0x0000000089100000, 0x0000000089100000| Complete 
| 112|0x0000000089200000, 0x0000000089300000, 0x0000000089300000|100%| E|CS|TAMS 0x0000000089200000, 0x0000000089200000| Complete 
| 113|0x0000000089300000, 0x0000000089400000, 0x0000000089400000|100%| E|CS|TAMS 0x0000000089300000, 0x0000000089300000| Complete 
| 114|0x0000000089400000, 0x0000000089500000, 0x0000000089500000|100%| E|CS|TAMS 0x0000000089400000, 0x0000000089400000| Complete 
| 115|0x0000000089500000, 0x0000000089600000, 0x0000000089600000|100%| E|CS|TAMS 0x0000000089500000, 0x0000000089500000| Complete 
| 116|0x0000000089600000, 0x0000000089700000, 0x0000000089700000|100%| E|CS|TAMS 0x0000000089600000, 0x0000000089600000| Complete 
| 117|0x0000000089700000, 0x0000000089800000, 0x0000000089800000|100%| E|CS|TAMS 0x0000000089700000, 0x0000000089700000| Complete 
| 118|0x0000000089800000, 0x0000000089900000, 0x0000000089900000|100%| E|CS|TAMS 0x0000000089800000, 0x0000000089800000| Complete 
| 119|0x0000000089900000, 0x0000000089a00000, 0x0000000089a00000|100%| E|CS|TAMS 0x0000000089900000, 0x0000000089900000| Complete 
| 120|0x0000000089a00000, 0x0000000089b00000, 0x0000000089b00000|100%| E|CS|TAMS 0x0000000089a00000, 0x0000000089a00000| Complete 
| 121|0x0000000089b00000, 0x0000000089c00000, 0x0000000089c00000|100%| E|  |TAMS 0x0000000089b00000, 0x0000000089b00000| Complete 
| 122|0x0000000089c00000, 0x0000000089d00000, 0x0000000089d00000|100%| E|CS|TAMS 0x0000000089c00000, 0x0000000089c00000| Complete 
| 123|0x0000000089d00000, 0x0000000089e00000, 0x0000000089e00000|100%| E|CS|TAMS 0x0000000089d00000, 0x0000000089d00000| Complete 
| 124|0x0000000089e00000, 0x0000000089f00000, 0x0000000089f00000|100%| E|CS|TAMS 0x0000000089e00000, 0x0000000089e00000| Complete 
| 125|0x0000000089f00000, 0x000000008a000000, 0x000000008a000000|100%| E|CS|TAMS 0x0000000089f00000, 0x0000000089f00000| Complete 

Card table byte_map: [0x00000254499d0000,0x0000025449dc0000] _byte_map_base: 0x00000254495bf000

Marking Bits (Prev, Next): (CMBitMap*) 0x0000025431da4cb0, (CMBitMap*) 0x0000025431da4cf0
 Prev Bits: [0x000002544a1b0000, 0x000002544c128000)
 Next Bits: [0x000002544c130000, 0x000002544e0a8000)

Polling page: 0x000002542fd30000

Metaspace:

Usage:
  Non-class:      5.15 MB capacity,     5.01 MB ( 97%) used,   142.33 KB (  3%) free+waste,     8.63 KB ( <1%) overhead. 
      Class:    773.00 KB capacity,   702.28 KB ( 91%) used,    66.22 KB (  9%) free+waste,     4.50 KB ( <1%) overhead. 
       Both:      5.91 MB capacity,     5.69 MB ( 96%) used,   208.55 KB (  3%) free+waste,    13.13 KB ( <1%) overhead. 

Virtual space:
  Non-class space:        8.00 MB reserved,       5.25 MB ( 66%) committed 
      Class space:        1.00 GB reserved,     896.00 KB ( <1%) committed 
             Both:        1.01 GB reserved,       6.13 MB ( <1%) committed 

Chunk freelists:
   Non-Class:  35.00 KB
       Class:  27.00 KB
        Both:  62.00 KB

MaxMetaspaceSize: 17179869184.00 GB
CompressedClassSpaceSize: 1.00 GB

CodeHeap 'non-profiled nmethods': size=238336Kb used=1087Kb max_used=1087Kb free=237248Kb
 bounds [0x000002543a9f0000, 0x000002543ac60000, 0x00000254492b0000]
CodeHeap 'non-nmethods': size=7424Kb used=1166Kb max_used=1166Kb free=6258Kb
 bounds [0x000002543a2b0000, 0x000002543a520000, 0x000002543a9f0000]
 total_blobs=1301 nmethods=874 adapters=355
 compilation: enabled
              stopped_count=0, restarted_count=0
 full_count=0

Compilation events (20 events):
Event: 0.886 Thread 0x0000025450afa790 nmethod 860 0x000002543aafc490 code [0x000002543aafc620, 0x000002543aafc708]
Event: 0.886 Thread 0x0000025450afa790  861       1       java.nio.MappedByteBuffer::limit (6 bytes)
Event: 0.886 Thread 0x0000025450afa790 nmethod 861 0x000002543aafc790 code [0x000002543aafc920, 0x000002543aafca08]
Event: 0.886 Thread 0x0000025450afa790  862       1       java.nio.MappedByteBuffer::position (6 bytes)
Event: 0.887 Thread 0x0000025450afa790 nmethod 862 0x000002543aafca90 code [0x000002543aafcc20, 0x000002543aafcd08]
Event: 0.887 Thread 0x0000025450afa790  864  s    1       java.io.ByteArrayOutputStream::write (43 bytes)
Event: 0.888 Thread 0x0000025450afa790 nmethod 864 0x000002543aafcd90 code [0x000002543aafcf60, 0x000002543aafd458]
Event: 0.888 Thread 0x0000025450afa790  865       1       java.io.ByteArrayOutputStream::ensureCapacity (32 bytes)
Event: 0.888 Thread 0x0000025450afa790 nmethod 865 0x000002543aafd690 code [0x000002543aafd840, 0x000002543aafdbd8]
Event: 0.888 Thread 0x0000025450afa790  866       1       java.security.CodeSource::getLocationNoFragString (5 bytes)
Event: 0.888 Thread 0x0000025450afa790 nmethod 866 0x000002543aafdd10 code [0x000002543aafdea0, 0x000002543aafdf58]
Event: 0.892 Thread 0x0000025450afa790  867       1       java.util.zip.ZipFile$1::getMetaInfVersions (5 bytes)
Event: 0.892 Thread 0x0000025450afa790 nmethod 867 0x000002543aafe010 code [0x000002543aafe1c0, 0x000002543aafe388]
Event: 0.892 Thread 0x0000025450afa790  868   !   1       java.util.zip.ZipFile::getMetaInfVersions (26 bytes)
Event: 0.892 Thread 0x0000025450afa790 nmethod 868 0x000002543aafe510 code [0x000002543aafe6c0, 0x000002543aafe888]
Event: 0.893 Thread 0x0000025450afa790  869       1       sun.net.www.ParseUtil::encodePath (41 bytes)
Event: 0.893 Thread 0x0000025450afa790 nmethod 869 0x000002543aafea10 code [0x000002543aafebc0, 0x000002543aafed08]
Event: 0.900 Thread 0x0000025450afa790  870       1       sun.net.www.protocol.file.Handler::parseURL (18 bytes)
Event: 0.900 Thread 0x0000025450afa790 nmethod 870 0x000002543aafee10 code [0x000002543aafefc0, 0x000002543aaff0f8]
Event: 0.900 Thread 0x0000025450afa790  871       1       java.net.URLStreamHandler::parseURL (1201 bytes)

GC Heap History (0 events):
No events

Deoptimization events (0 events):
No events

Classes unloaded (0 events):
No events

Classes redefined (0 events):
No events

Internal exceptions (16 events):
Event: 0.425 Thread 0x0000025451878070 Exception <a 'java/lang/NoSuchMethodError'{0x000000008997efe0}: 'java.lang.Object java.lang.invoke.DirectMethodHandle$Holder.invokeStatic(java.lang.Object)'> (0x000000008997efe0) 
thrown [./src/hotspot/share/interpreter/linkResolver.cpp, line 782]
Event: 0.426 Thread 0x0000025451878070 Exception <a 'java/lang/NoSuchMethodError'{0x00000000899828f0}: 'java.lang.Object java.lang.invoke.DirectMethodHandle$Holder.invokeStaticInit(java.lang.Object)'> (0x00000000899828f0) 
thrown [./src/hotspot/share/interpreter/linkResolver.cpp, line 782]
Event: 0.427 Thread 0x0000025431d657f0 Exception <a 'java/lang/NoSuchMethodError'{0x000000008992d5f8}: 'void java.lang.invoke.DirectMethodHandle$Holder.invokeSpecial(java.lang.Object, java.lang.Object, java.lang.Object)'> (0x000000008992d5f8) 
thrown [./src/hotspot/share/interpreter/linkResolver.cpp, line 782]
Event: 0.434 Thread 0x0000025451878070 Exception <a 'java/lang/NoSuchMethodError'{0x000000008998fc60}: 'void java.lang.invoke.DirectMethodHandle$Holder.invokeStatic(java.lang.Object, java.lang.Object)'> (0x000000008998fc60) 
thrown [./src/hotspot/share/interpreter/linkResolver.cpp, line 782]
Event: 0.475 Thread 0x0000025431d657f0 Exception <a 'java/lang/NoSuchMethodError'{0x0000000089973320}: 'java.lang.Object java.lang.invoke.DirectMethodHandle$Holder.invokeInterface(java.lang.Object, java.lang.Object)'> (0x0000000089973320) 
thrown [./src/hotspot/share/interpreter/linkResolver.cpp, line 782]
Event: 0.476 Thread 0x0000025431d657f0 Exception <a 'java/lang/NoSuchMethodError'{0x00000000899f1860}: 'java.lang.Object java.lang.invoke.DirectMethodHandle$Holder.invokeStaticInit(java.lang.Object, java.lang.Object, java.lang.Object)'> (0x00000000899f1860) 
thrown [./src/hotspot/share/interpreter/linkResolver.cpp, line 782]
Event: 0.482 Thread 0x0000025431d657f0 Exception <a 'java/lang/NoSuchMethodError'{0x0000000089810430}: 'int java.lang.invoke.DirectMethodHandle$Holder.invokeInterface(java.lang.Object, java.lang.Object)'> (0x0000000089810430) 
thrown [./src/hotspot/share/interpreter/linkResolver.cpp, line 782]
Event: 0.482 Thread 0x0000025431d657f0 Exception <a 'java/lang/IncompatibleClassChangeError'{0x0000000089813c28}: Found class java.lang.Object, but interface was expected> (0x0000000089813c28) 
thrown [./src/hotspot/share/interpreter/linkResolver.cpp, line 848]
Event: 0.553 Thread 0x0000025431d657f0 Exception <a 'java/lang/NoSuchMethodError'{0x00000000898d22c0}: 'int java.lang.invoke.DirectMethodHandle$Holder.invokeSpecial(java.lang.Object, java.lang.Object, java.lang.Object)'> (0x00000000898d22c0) 
thrown [./src/hotspot/share/interpreter/linkResolver.cpp, line 782]
Event: 0.615 Thread 0x0000025431d657f0 Exception <a 'java/lang/NoSuchMethodError'{0x00000000897a0dc0}: 'void java.lang.invoke.DirectMethodHandle$Holder.invokeStatic(java.lang.Object, java.lang.Object, java.lang.Object)'> (0x00000000897a0dc0) 
thrown [./src/hotspot/share/interpreter/linkResolver.cpp, line 782]
Event: 0.646 Thread 0x0000025431d657f0 Exception <a 'java/lang/NoSuchMethodError'{0x00000000897ed438}: 'int java.lang.invoke.DirectMethodHandle$Holder.invokeSpecialIFC(java.lang.Object, java.lang.Object, java.lang.Object)'> (0x00000000897ed438) 
thrown [./src/hotspot/share/interpreter/linkResolver.cpp, line 782]
Event: 0.673 Thread 0x0000025431d657f0 Exception <a 'java/lang/NoSuchMethodError'{0x0000000089638558}: 'void java.lang.invoke.DirectMethodHandle$Holder.invokeStaticInit(java.lang.Object, java.lang.Object)'> (0x0000000089638558) 
thrown [./src/hotspot/share/interpreter/linkResolver.cpp, line 782]
Event: 0.683 Thread 0x0000025431d657f0 Exception <a 'java/lang/NoSuchMethodError'{0x00000000896653f0}: 'java.lang.Object java.lang.invoke.DirectMethodHandle$Holder.invokeStaticInit(java.lang.Object, int, int, int, int)'> (0x00000000896653f0) 
thrown [./src/hotspot/share/interpreter/linkResolver.cpp, line 782]
Event: 0.750 Thread 0x0000025431d657f0 Exception <a 'java/lang/NoSuchMethodError'{0x000000008951d1a0}: 'java.lang.Object java.lang.invoke.DirectMethodHandle$Holder.invokeStaticInit(java.lang.Object, java.lang.Object, int, int, int, int)'> (0x000000008951d1a0) 
thrown [./src/hotspot/share/interpreter/linkResolver.cpp, line 782]
Event: 0.782 Thread 0x0000025431d657f0 Exception <a 'java/lang/ClassNotFoundException'{0x000000008953c6e0}: javax/management/remote/rmi/RMIServerImpl_Skel> (0x000000008953c6e0) 
thrown [./src/hotspot/share/classfile/systemDictionary.cpp, line 295]
Event: 0.878 Thread 0x0000025451878070 Exception <a 'sun/net/ConnectionResetException'{0x000000008999ddc0}: Connection reset> (0x000000008999ddc0) 
thrown [./src/hotspot/share/prims/jni.cpp, line 599]

Events (20 events):
Event: 0.880 loading class java/net/StandardSocketOptions$StdSocketOption done
Event: 0.880 loading class sun/nio/ch/SocketOptionRegistry
Event: 0.880 loading class java/util/concurrent/LinkedBlockingQueue
Event: 0.880 loading class sun/nio/ch/SocketOptionRegistry done
Event: 0.880 loading class sun/nio/ch/SocketOptionRegistry$RegistryKey
Event: 0.880 loading class sun/nio/ch/SocketOptionRegistry$RegistryKey done
Event: 0.880 loading class sun/nio/ch/SocketOptionRegistry$LazyInitialization
Event: 0.880 loading class sun/nio/ch/SocketOptionRegistry$LazyInitialization done
Event: 0.880 loading class sun/nio/ch/OptionKey
Event: 0.880 loading class java/util/concurrent/LinkedBlockingQueue done
Event: 0.880 loading class sun/nio/ch/OptionKey done
Event: 0.880 loading class sun/nio/ch/ExtendedSocketOption
Event: 0.880 loading class sun/nio/ch/ExtendedSocketOption done
Event: 0.880 loading class sun/nio/ch/ExtendedSocketOption$1
Event: 0.880 loading class java/util/concurrent/LinkedBlockingQueue$Node
Event: 0.880 loading class sun/nio/ch/ExtendedSocketOption$1 done
Event: 0.881 loading class java/util/concurrent/LinkedBlockingQueue$Node done
Event: 0.881 Thread 0x0000025451878070 Thread exited: 0x0000025451878070
Event: 0.904 loading class java/lang/IndexOutOfBoundsException
Event: 0.904 loading class java/lang/IndexOutOfBoundsException done


Dynamic libraries:
0x00007ff7e21b0000 - 0x00007ff7e21bd000 	C:\Users\artem.belyshev\.jdks\azul-15.0.10\bin\java.exe
0x00007ffda0750000 - 0x00007ffda0948000 	C:\Windows\SYSTEM32\ntdll.dll
0x00007ffda0240000 - 0x00007ffda02ff000 	C:\Windows\System32\KERNEL32.DLL
0x00007ffd9df90000 - 0x00007ffd9e262000 	C:\Windows\System32\KERNELBASE.dll
0x00007ffd9e4b0000 - 0x00007ffd9e5b0000 	C:\Windows\System32\ucrtbase.dll
0x00007ffd88d90000 - 0x00007ffd88da8000 	C:\Users\artem.belyshev\.jdks\azul-15.0.10\bin\jli.dll
0x00007ffd88db0000 - 0x00007ffd88dc5000 	C:\Users\artem.belyshev\.jdks\azul-15.0.10\bin\VCRUNTIME140.dll
0x00007ffd9fea0000 - 0x00007ffda0041000 	C:\Windows\System32\USER32.dll
0x00007ffd9e480000 - 0x00007ffd9e4a2000 	C:\Windows\System32\win32u.dll
0x00007ffd9ed40000 - 0x00007ffd9ed6b000 	C:\Windows\System32\GDI32.dll
0x00007ffd9e370000 - 0x00007ffd9e47f000 	C:\Windows\System32\gdi32full.dll
0x00007ffd9def0000 - 0x00007ffd9df8d000 	C:\Windows\System32\msvcp_win.dll
0x00007ffd7a0e0000 - 0x00007ffd7a37a000 	C:\Windows\WinSxS\amd64_microsoft.windows.common-controls_6595b64144ccf1df_6.0.19041.1110_none_60b5254171f9507e\COMCTL32.dll
0x00007ffda0300000 - 0x00007ffda039e000 	C:\Windows\System32\msvcrt.dll
0x00007ffda03a0000 - 0x00007ffda03d2000 	C:\Windows\System32\IMM32.DLL
0x00007ffd88c30000 - 0x00007ffd88ccb000 	C:\Users\artem.belyshev\.jdks\azul-15.0.10\bin\msvcp140.dll
0x00007ffd4ef80000 - 0x00007ffd4fb1c000 	C:\Users\artem.belyshev\.jdks\azul-15.0.10\bin\server\jvm.dll
0x00007ffda00f0000 - 0x00007ffda019e000 	C:\Windows\System32\ADVAPI32.dll
0x00007ffda0050000 - 0x00007ffda00ec000 	C:\Windows\System32\sechost.dll
0x00007ffd9ed70000 - 0x00007ffd9ee95000 	C:\Windows\System32\RPCRT4.dll
0x00007ffda0210000 - 0x00007ffda0218000 	C:\Windows\System32\PSAPI.DLL
0x00007ffd6c010000 - 0x00007ffd6c037000 	C:\Windows\SYSTEM32\WINMM.dll
0x00007ffd75720000 - 0x00007ffd75729000 	C:\Windows\SYSTEM32\WSOCK32.dll
0x00007ffd92bd0000 - 0x00007ffd92bda000 	C:\Windows\SYSTEM32\VERSION.dll
0x00007ffda01a0000 - 0x00007ffda020b000 	C:\Windows\System32\WS2_32.dll
0x00007ffd9c690000 - 0x00007ffd9c6a2000 	C:\Windows\SYSTEM32\kernel.appcore.dll
0x00007ffd88c20000 - 0x00007ffd88c2a000 	C:\Users\artem.belyshev\.jdks\azul-15.0.10\bin\jimage.dll
0x00007ffd983c0000 - 0x00007ffd985a4000 	C:\Windows\SYSTEM32\DBGHELP.DLL
0x00007ffd90800000 - 0x00007ffd90835000 	C:\Windows\SYSTEM32\dbgcore.DLL
0x00007ffd9e270000 - 0x00007ffd9e2f2000 	C:\Windows\System32\bcryptPrimitives.dll
0x00007ffd89980000 - 0x00007ffd8998e000 	C:\Users\artem.belyshev\.jdks\azul-15.0.10\bin\instrument.dll
0x00007ffd88bf0000 - 0x00007ffd88c15000 	C:\Users\artem.belyshev\.jdks\azul-15.0.10\bin\java.dll
0x00007ffd9f280000 - 0x00007ffd9f9c5000 	C:\Windows\System32\SHELL32.dll
0x00007ffd9bee0000 - 0x00007ffd9c672000 	C:\Windows\SYSTEM32\windows.storage.dll
0x00007ffd9ef20000 - 0x00007ffd9f275000 	C:\Windows\System32\combase.dll
0x00007ffd9d7c0000 - 0x00007ffd9d7f0000 	C:\Windows\SYSTEM32\Wldp.dll
0x00007ffd9e8c0000 - 0x00007ffd9e96d000 	C:\Windows\System32\SHCORE.dll
0x00007ffd9ece0000 - 0x00007ffd9ed35000 	C:\Windows\System32\shlwapi.dll
0x00007ffd9dd80000 - 0x00007ffd9dd9f000 	C:\Windows\SYSTEM32\profapi.dll
0x00007ffd88b90000 - 0x00007ffd88ba8000 	C:\Users\artem.belyshev\.jdks\azul-15.0.10\bin\zip.dll
0x00007ffd88bd0000 - 0x00007ffd88be9000 	C:\Users\artem.belyshev\.jdks\azul-15.0.10\bin\net.dll
0x00007ffd92d50000 - 0x00007ffd92e5c000 	C:\Windows\SYSTEM32\WINHTTP.dll
0x00007ffd9d520000 - 0x00007ffd9d58a000 	C:\Windows\system32\mswsock.dll
0x00007ffd88bb0000 - 0x00007ffd88bc2000 	C:\Users\artem.belyshev\.jdks\azul-15.0.10\bin\nio.dll
0x00007ffd87830000 - 0x00007ffd8784a000 	C:\Program Files\JetBrains\IntelliJ IDEA 2022.3.2\bin\breakgen64.dll
0x00007ffd9d250000 - 0x00007ffd9d31b000 	C:\Windows\SYSTEM32\DNSAPI.dll
0x00007ffd9d210000 - 0x00007ffd9d24b000 	C:\Windows\SYSTEM32\IPHLPAPI.DLL
0x00007ffd9ef00000 - 0x00007ffd9ef08000 	C:\Windows\System32\NSI.dll
0x00007ffd8f320000 - 0x00007ffd8f32a000 	C:\Windows\System32\rasadhlp.dll
0x00007ffd95d10000 - 0x00007ffd95d90000 	C:\Windows\System32\fwpuclnt.dll
0x00007ffd9e760000 - 0x00007ffd9e787000 	C:\Windows\System32\bcrypt.dll
0x00007ffd87880000 - 0x00007ffd87889000 	C:\Users\artem.belyshev\.jdks\azul-15.0.10\bin\management.dll
0x00007ffd87870000 - 0x00007ffd8787b000 	C:\Users\artem.belyshev\.jdks\azul-15.0.10\bin\management_ext.dll
0x00007ffd9d710000 - 0x00007ffd9d728000 	C:\Windows\SYSTEM32\CRYPTSP.dll
0x00007ffd9ce40000 - 0x00007ffd9ce74000 	C:\Windows\system32\rsaenh.dll
0x00007ffd9dd40000 - 0x00007ffd9dd6e000 	C:\Windows\SYSTEM32\USERENV.dll
0x00007ffd9d730000 - 0x00007ffd9d73c000 	C:\Windows\SYSTEM32\CRYPTBASE.dll
0x00007ffd95990000 - 0x00007ffd959a7000 	C:\Windows\SYSTEM32\dhcpcsvc6.DLL
0x00007ffd95960000 - 0x00007ffd9597d000 	C:\Windows\SYSTEM32\dhcpcsvc.DLL
0x00007ffd756e0000 - 0x00007ffd756f7000 	C:\Windows\system32\napinsp.dll
0x00007ffd75700000 - 0x00007ffd7571b000 	C:\Windows\system32\pnrpnsp.dll
0x00007ffd75760000 - 0x00007ffd75775000 	C:\Windows\system32\wshbth.dll
0x00007ffd96a90000 - 0x00007ffd96aad000 	C:\Windows\system32\NLAapi.dll
0x00007ffd75780000 - 0x00007ffd75792000 	C:\Windows\System32\winrnr.dll
0x00007ffd87890000 - 0x00007ffd878a0000 	C:\Users\artem.belyshev\.jdks\azul-15.0.10\bin\verify.dll

dbghelp: loaded successfully - version: 4.0.5 - missing functions: none
symbol engine: initialized successfully - sym options: 0x614 - pdb path: .;C:\Users\artem.belyshev\.jdks\azul-15.0.10\bin;C:\Windows\SYSTEM32;C:\Windows\WinSxS\amd64_microsoft.windows.common-controls_6595b64144ccf1df_6.0.19041.1110_none_60b5254171f9507e;C:\Users\artem.belyshev\.jdks\azul-15.0.10\bin\server;C:\Program Files\JetBrains\IntelliJ IDEA 2022.3.2\bin

VM Arguments:
jvm_args: -XX:TieredStopAtLevel=1 -Dspring.output.ansi.enabled=always -Dcom.sun.management.jmxremote -Dspring.jmx.enabled=true -Dspring.liveBeansView.mbeanDomain -Dspring.application.admin.enabled=true -Dmanagement.endpoints.jmx.exposure.include=* -javaagent:C:\Program Files\JetBrains\IntelliJ IDEA 2022.3.2\lib\idea_rt.jar=64927:C:\Program Files\JetBrains\IntelliJ IDEA 2022.3.2\bin -Dfile.encoding=UTF-8 
java_command: cz.kct.Tutorial
java_class_path (initial): C:\Users\artem.belyshev\IdeaProjects\kct.data.spring\out\production\classes;C:\Users\artem.belyshev\IdeaProjects\kct.data.spring\out\production\resources;C:\Users\artem.belyshev\.gradle\caches\modules-2\files-2.1\org.projectlombok\lombok\1.18.4\7103ab519b1cdbb0642ad4eaf1db209d905d0f96\lombok-1.18.4.jar;C:\Users\artem.belyshev\.gradle\caches\modules-2\files-2.1\org.springframework.boot\spring-boot-starter-data-jpa\2.7.8\ace969cae39b4479ffedd58e04c5a6eca60c94a5\spring-boot-starter-data-jpa-2.7.8.jar;C:\Users\artem.belyshev\.gradle\caches\modules-2\files-2.1\org.springframework.boot\spring-boot-starter-web\2.4.5\93cf2655557534e35723fbafa069bed2ee125832\spring-boot-starter-web-2.4.5.jar;C:\Users\artem.belyshev\.gradle\caches\modules-2\files-2.1\org.modelmapper\modelmapper\3.1.1\6636e94590e9d98e5e7db7e4fafcc15e9390e18d\modelmapper-3.1.1.jar;C:\Users\artem.belyshev\.gradle\caches\modules-2\files-2.1\io.github.openfeign\feign-jackson\9.3.1\17d39be26c4c53231087da6f5082473015986fd7\feign-jackson-9.3.1.jar;C:\Users\artem.belyshev\.gradle\caches\modules-2\files-2.1\org.springdoc\springdoc-openapi-ui\1.6.14\20f7c293f72552dce117be99cf15e69249effda8\springdoc-openapi-ui-1.6.14.jar;C:\Users\artem.belyshev\.gradle\caches\modules-2\files-2.1\org.postgresql\postgresql\42.4.3\94866dd0f9ea533c61b29261673ac0616e3a6517\postgresql-42.4.3.jar;C:\Users\artem.belyshev\.gradle\caches\modules-2\files-2.1\org.springframework.boot\spring-boot-starter-validation\2.4.5\27acd26bb55058472e91e44e8155b256a610b87e\spring-boot-starter-validation-2.4.5.jar;C:\Users\artem.belyshev\.gradle\caches\modules-2\files-2.1\org.springframework.boot\spring-boot-starter-aop\2.4.5\853bfc5d1c867f66880971515bda82ecc737e839\spring-boot-starter-aop-2.4.5.jar;C:\Users\artem.belyshev\.gradle\caches\modules-2\files-2.1\org.springframework.boot\spring-boot-starter-jdbc\2.4.5\abcca18ef5a2c877a5574a492b570bb260640de3\spring-boot-starter-jdbc-2.4.5.jar;C:\Users\artem.belyshev\.gradle\caches\modules-
Launcher Type: SUN_STANDARD

[Global flags]
     intx CICompilerCount                          = 4                                         {product} {ergonomic}
     uint ConcGCThreads                            = 2                                         {product} {ergonomic}
     uint G1ConcRefinementThreads                  = 8                                         {product} {ergonomic}
   size_t G1HeapRegionSize                         = 1048576                                   {product} {ergonomic}
    uintx GCDrainStackTargetSize                   = 64                                        {product} {ergonomic}
   size_t InitialHeapSize                          = 132120576                                 {product} {ergonomic}
     bool ManagementServer                         = true                                      {product} {command line}
   size_t MarkStackSize                            = 4194304                                   {product} {ergonomic}
   size_t MaxHeapSize                              = 2111832064                                {product} {ergonomic}
   size_t MaxNewSize                               = 1266679808                                {product} {ergonomic}
   size_t MinHeapDeltaBytes                        = 1048576                                   {product} {ergonomic}
   size_t MinHeapSize                              = 8388608                                   {product} {ergonomic}
    uintx NonNMethodCodeHeapSize                   = 7549744                                {pd product} {ergonomic}
    uintx NonProfiledCodeHeapSize                  = 244108496                              {pd product} {ergonomic}
    uintx ProfiledCodeHeapSize                     = 0                                      {pd product} {ergonomic}
    uintx ReservedCodeCacheSize                    = 251658240                              {pd product} {ergonomic}
     bool SegmentedCodeCache                       = true                                      {product} {ergonomic}
   size_t SoftMaxHeapSize                          = 2111832064                             {manageable} {ergonomic}
     intx TieredStopAtLevel                        = 1                                         {product} {command line}
     bool UseCompressedClassPointers               = true                                 {lp64_product} {ergonomic}
     bool UseCompressedOops                        = true                                 {lp64_product} {ergonomic}
     bool UseG1GC                                  = true                                      {product} {ergonomic}
     bool UseLargePagesIndividualAllocation        = false                                  {pd product} {ergonomic}

Logging:
Log output configuration:
 #0: stdout all=warning uptime,level,tags
 #1: stderr all=off uptime,level,tags

Environment Variables:
PATH=C:\Windows\system32;C:\Windows;C:\Windows\System32\Wbem;C:\Windows\System32\WindowsPowerShell\v1.0\;C:\Windows\System32\OpenSSH\;C:\Program Files\Git\cmd;C:\Program Files\nodejs\;C:\Program Files\dotnet\;C:\Users\artem.belyshev\AppData\Local\Microsoft\WindowsApps;C:\Users\artem.belyshev\AppData\Roaming\npm;C:\Users\artem.belyshev\AppData\Local\Programs\Microsoft VS Code\bin;C:\Users\artem.belyshev\.dotnet\tools
USERNAME=artem.belyshev
OS=Windows_NT
PROCESSOR_IDENTIFIER=Intel64 Family 6 Model 142 Stepping 10, GenuineIntel



---------------  S Y S T E M  ---------------

OS:
 Windows 10 , 64 bit Build 19041 (10.0.19041.2546)
OS uptime: 1 days 20:39 hours

CPU: total 8 (initial active 8) (4 cores per cpu, 2 threads per core) family 6 model 142 stepping 10 microcode 0xf0, cmov, cx8, fxsr, mmx, sse, sse2, sse3, ssse3, sse4.1, sse4.2, popcnt, vzeroupper, avx, avx2, aes, clmul, erms, rtm, 3dnowpref, lzcnt, ht, tsc, tscinvbit, bmi1, bmi2, adx, fma, clflush, clflushopt

Memory: 4k page, system-wide physical 8050M (1411M free)
TotalPageFile size 9074M (AvailPageFile size 296M)
current process WorkingSet (physical memory assigned to process): 59M, peak: 59M
current process commit charge ("private bytes"): 219M, peak: 219M

vm_info: OpenJDK 64-Bit Server VM (15.0.10+5-MTS) for windows-amd64 JRE (15.0.10+5-MTS) (Zulu15.46+17-CA), built on Jan  7 2023 17:34:05 by "zulu_re" with MS VC++ 15.9 (VS2017)

END.
