#
# There is insufficient memory for the Java Runtime Environment to continue.
# Native memory allocation (mmap) failed to map 14680064 bytes for G1 virtual space
# Possible reasons:
#   The system is out of physical RAM or swap space
#   The process is running with CompressedOops enabled, and the Java Heap may be blocking the growth of the native heap
# Possible solutions:
#   Reduce memory load on the system
#   Increase physical memory or swap space
#   Check if swap backing store is full
#   Decrease Java heap size (-Xmx/-Xms)
#   Decrease number of Java threads
#   Decrease Java thread stack sizes (-Xss)
#   Set larger code cache with -XX:ReservedCodeCacheSize=
#   JVM is running with Unscaled Compressed Oops mode in which the Java heap is
#     placed in the first 4GB address space. The Java Heap base address is the
#     maximum limit for the native heap growth. Please use -XX:HeapBaseMinAddress
#     to set the Java Heap base and to place the Java Heap above 4GB virtual address.
# This output file may be truncated or incomplete.
#
#  Out of Memory Error (./src/hotspot/os/windows/os_windows.cpp:3331), pid=5212, tid=7120
#
# JRE version: OpenJDK Runtime Environment Zulu15.46+17-CA (15.0.10+5) (build 15.0.10+5-MTS)
# Java VM: OpenJDK 64-Bit Server VM Zulu15.46+17-CA (15.0.10+5-MTS, mixed mode, sharing, tiered, compressed oops, g1 gc, windows-amd64)
# No core dump will be written. Minidumps are not enabled by default on client versions of Windows
#

---------------  S U M M A R Y ------------

Command Line: -XX:TieredStopAtLevel=1 -Dspring.output.ansi.enabled=always -Dcom.sun.management.jmxremote -Dspring.jmx.enabled=true -Dspring.liveBeansView.mbeanDomain -Dspring.application.admin.enabled=true -Dmanagement.endpoints.jmx.exposure.include=* -javaagent:C:\Program Files\JetBrains\IntelliJ IDEA 2022.3.2\lib\idea_rt.jar=60539:C:\Program Files\JetBrains\IntelliJ IDEA 2022.3.2\bin -Dfile.encoding=UTF-8 cz.kct.Tutorial

Host: Intel(R) Core(TM) i5-8350U CPU @ 1.70GHz, 8 cores, 7G,  Windows 10 , 64 bit Build 19041 (10.0.19041.2546)
Time: Thu Feb 16 12:58:33 2023 Central Europe Standard Time elapsed time: 3.202036 seconds (0d 0h 0m 3s)

---------------  T H R E A D  ---------------

Current thread (0x00000195c16ab7a0):  VMThread "VM Thread" [stack: 0x000000047f700000,0x000000047f800000] [id=7120]

Stack: [0x000000047f700000,0x000000047f800000]
[error occurred during error reporting (printing stack bounds), id 0xc0000005, EXCEPTION_ACCESS_VIOLATION (0xc0000005) at pc=0x00000195aa6810ad]

Native frames: (J=compiled Java code, j=interpreted, Vv=VM code, C=native code)
V  [jvm.dll+0x6037ba]
V  [jvm.dll+0x7a3729]
V  [jvm.dll+0x7a4e83]
V  [jvm.dll+0x7a5435]
V  [jvm.dll+0x7a53eb]
V  [jvm.dll+0x602bdf]
V  [jvm.dll+0x6033a8]
C  [ntdll.dll+0xa241f]
C  [ntdll.dll+0x514a4]
C  [ntdll.dll+0xa0f4e]
C  0x00000195aa6810ad

VM_Operation (0x000000047f1fc230): CollectForMetadataAllocation, mode: safepoint, requested by thread 0x00000195a09045d0


---------------  P R O C E S S  ---------------

Threads class SMR info:
_java_thread_list=0x00000195c441fa00, length=20, elements={
0x00000195a09045d0, 0x00000195c16af030, 0x00000195c16afc00, 0x00000195c16d0210,
0x00000195c16d3bf0, 0x00000195c16d45b0, 0x00000195c16d6030, 0x00000195c16d8940,
0x00000195c20bc570, 0x00000195c244a0f0, 0x00000195c2453990, 0x00000195c25e1170,
0x00000195c357b8a0, 0x00000195c3629f10, 0x00000195c3e9a4c0, 0x00000195c3ec2030,
0x00000195c3fa3950, 0x00000195c416f2c0, 0x00000195c4326480, 0x00000195c41b7270
}

Java Threads: ( => current thread )
  0x00000195a09045d0 JavaThread "main" [_thread_blocked, id=15052, stack(0x000000047f100000,0x000000047f200000)]
  0x00000195c16af030 JavaThread "Reference Handler" daemon [_thread_blocked, id=2448, stack(0x000000047f800000,0x000000047f900000)]
  0x00000195c16afc00 JavaThread "Finalizer" daemon [_thread_blocked, id=10744, stack(0x000000047f900000,0x000000047fa00000)]
  0x00000195c16d0210 JavaThread "Signal Dispatcher" daemon [_thread_blocked, id=14244, stack(0x000000047fa00000,0x000000047fb00000)]
  0x00000195c16d3bf0 JavaThread "Attach Listener" daemon [_thread_blocked, id=14500, stack(0x000000047fb00000,0x000000047fc00000)]
  0x00000195c16d45b0 JavaThread "Service Thread" daemon [_thread_blocked, id=13604, stack(0x000000047fc00000,0x000000047fd00000)]
  0x00000195c16d6030 JavaThread "C1 CompilerThread0" daemon [_thread_blocked, id=14824, stack(0x000000047fd00000,0x000000047fe00000)]
  0x00000195c16d8940 JavaThread "Sweeper thread" daemon [_thread_blocked, id=15608, stack(0x000000047fe00000,0x000000047ff00000)]
  0x00000195c20bc570 JavaThread "Common-Cleaner" daemon [_thread_blocked, id=11576, stack(0x000000047ff00000,0x0000000480000000)]
  0x00000195c244a0f0 JavaThread "Monitor Ctrl-Break" daemon [_thread_in_native, id=7824, stack(0x0000000400000000,0x0000000400100000)]
  0x00000195c2453990 JavaThread "Notification Thread" daemon [_thread_blocked, id=13520, stack(0x0000000400100000,0x0000000400200000)]
  0x00000195c25e1170 JavaThread "RMI TCP Accept-0" daemon [_thread_in_native, id=11104, stack(0x0000000400200000,0x0000000400300000)]
  0x00000195c357b8a0 JavaThread "RMI TCP Connection(1)-172.20.10.14" daemon [_thread_blocked, id=12280, stack(0x0000000400b00000,0x0000000400c00000)]
  0x00000195c3629f10 JavaThread "RMI Scheduler(0)" daemon [_thread_blocked, id=10212, stack(0x0000000400c00000,0x0000000400d00000)]
  0x00000195c3e9a4c0 JavaThread "Catalina-utility-1" [_thread_blocked, id=6632, stack(0x0000000400900000,0x0000000400a00000)]
  0x00000195c3ec2030 JavaThread "Catalina-utility-2" [_thread_blocked, id=16036, stack(0x0000000401000000,0x0000000401100000)]
  0x00000195c3fa3950 JavaThread "container-0" [_thread_blocked, id=10104, stack(0x0000000401100000,0x0000000401200000)]
  0x00000195c416f2c0 JavaThread "HikariPool-1 housekeeper" daemon [_thread_blocked, id=10344, stack(0x0000000401500000,0x0000000401600000)]
  0x00000195c4326480 JavaThread "HikariPool-1 connection adder" daemon [_thread_blocked, id=7044, stack(0x0000000401600000,0x0000000401700000)]
  0x00000195c41b7270 JavaThread "JMX server connection timeout 31" daemon [_thread_blocked, id=10788, stack(0x0000000401700000,0x0000000401800000)]

Other Threads:
=>0x00000195c16ab7a0 VMThread "VM Thread" [stack: 0x000000047f700000,0x000000047f800000] [id=7120]
  0x00000195c25e93b0 WatcherThread [stack: 0x0000000400300000,0x0000000400400000] [id=14072]
  0x00000195a0943ce0 GCTaskThread "GC Thread#0" [stack: 0x000000047f200000,0x000000047f300000] [id=15812]
  0x00000195c2a3d4e0 GCTaskThread "GC Thread#1" [stack: 0x0000000400400000,0x0000000400500000] [id=9296]
  0x00000195c2a3db40 GCTaskThread "GC Thread#2" [stack: 0x0000000400500000,0x0000000400600000] [id=12004]
  0x00000195c2a3d810 GCTaskThread "GC Thread#3" [stack: 0x0000000400a00000,0x0000000400b00000] [id=15668]
  0x00000195c2a3f4c0 GCTaskThread "GC Thread#4" [stack: 0x0000000400e00000,0x0000000400f00000] [id=16052]
  0x00000195c2a40180 GCTaskThread "GC Thread#5" [stack: 0x0000000400f00000,0x0000000401000000] [id=8920]
  0x00000195c2a3e1a0 GCTaskThread "GC Thread#6" [stack: 0x0000000401200000,0x0000000401300000] [id=11896]
  0x00000195c2a3e4d0 GCTaskThread "GC Thread#7" [stack: 0x0000000401300000,0x0000000401400000] [id=12764]
  0x00000195a09549f0 ConcurrentGCThread "G1 Main Marker" [stack: 0x000000047f300000,0x000000047f400000] [id=14504]
  0x00000195a0955e20 ConcurrentGCThread "G1 Conc#0" [stack: 0x000000047f400000,0x000000047f500000] [id=10748]
  0x00000195c2a3f7f0 ConcurrentGCThread "G1 Conc#1" [stack: 0x0000000400d00000,0x0000000400e00000] [id=5640]
  0x00000195c15220d0 ConcurrentGCThread "G1 Refine#0" [stack: 0x000000047f500000,0x000000047f600000] [id=9196]
  0x00000195c2a41170 ConcurrentGCThread "G1 Refine#1" [stack: 0x0000000400600000,0x0000000400700000] [id=1764]
  0x00000195c29922a0 ConcurrentGCThread "G1 Refine#2" [stack: 0x0000000400700000,0x0000000400800000] [id=16376]
  0x00000195c20fe490 ConcurrentGCThread "G1 Refine#3" [stack: 0x0000000400800000,0x0000000400900000] [id=5208]
  0x00000195c1522cd0 ConcurrentGCThread "G1 Young RemSet Sampling" [stack: 0x000000047f600000,0x000000047f700000] [id=15800]

Threads with active compile tasks:
C1 CompilerThread0     3215 3891       1       java.io.ObjectInputStream$BlockDataInputStream::peek (55 bytes)

VM state: at safepoint (normal execution)

VM Mutex/Monitor currently owned by a thread:  ([mutex/lock_event])
[0x00000195a0900ac0] Threads_lock - owner thread: 0x00000195c16ab7a0
[0x00000195a09010f0] Heap_lock - owner thread: 0x00000195a09045d0

Heap address: 0x0000000082200000, size: 2014 MB, Compressed Oops mode: 32-bit
CDS archive(s) mapped at: [0x0000000800000000-0x0000000800b50000-0x0000000800b50000), size 11862016, SharedBaseAddress: 0x0000000800000000, ArchiveRelocationMode: 0.
Compressed class space mapped at: 0x0000000800b50000-0x0000000840b50000, size: 1073741824
Narrow klass base: 0x0000000800000000, Narrow klass shift: 3, Narrow klass range: 0x100000000

GC Precious Log:
 CPUs: 8 total, 8 available
 Memory: 8050M
 Large Page Support: Disabled
 NUMA Support: Disabled
 Compressed Oops: Enabled (32-bit)
 Heap Region Size: 1M
 Heap Min Capacity: 8M
 Heap Initial Capacity: 126M
 Heap Max Capacity: 2014M
 Pre-touch: Disabled
 Parallel Workers: 8
 Concurrent Workers: 2
 Concurrent Refinement Workers: 8
 Periodic GC: Disabled

Heap:
 garbage-first heap   total 86016K, used 21512K [0x0000000082200000, 0x0000000100000000)
  region size 1024K, 3 young (3072K), 3 survivors (3072K)
 Metaspace       used 43684K, capacity 44155K, committed 44208K, reserved 1093632K
  class space    used 5965K, capacity 6131K, committed 6144K, reserved 1048576K

Heap Regions: E=young(eden), S=young(survivor), O=old, HS=humongous(starts), HC=humongous(continues), CS=collection set, F=free, OA=open archive, CA=closed archive, TAMS=top-at-mark-start (previous, next)
|   0|0x0000000082200000, 0x0000000082300000, 0x0000000082300000|100%|HS|  |TAMS 0x0000000082300000, 0x0000000082300000| Complete 
|   1|0x0000000082300000, 0x0000000082400000, 0x0000000082400000|100%| O|  |TAMS 0x0000000082400000, 0x0000000082400000| Untracked 
|   2|0x0000000082400000, 0x0000000082500000, 0x0000000082500000|100%| O|  |TAMS 0x0000000082500000, 0x0000000082500000| Untracked 
|   3|0x0000000082500000, 0x0000000082600000, 0x0000000082600000|100%| O|  |TAMS 0x0000000082600000, 0x0000000082600000| Untracked 
|   4|0x0000000082600000, 0x0000000082700000, 0x0000000082700000|100%| O|  |TAMS 0x0000000082700000, 0x0000000082700000| Untracked 
|   5|0x0000000082700000, 0x0000000082800000, 0x0000000082800000|100%| O|  |TAMS 0x0000000082800000, 0x0000000082800000| Untracked 
|   6|0x0000000082800000, 0x0000000082900000, 0x0000000082900000|100%| O|  |TAMS 0x0000000082900000, 0x0000000082900000| Untracked 
|   7|0x0000000082900000, 0x0000000082a00000, 0x0000000082a00000|100%| O|  |TAMS 0x0000000082a00000, 0x0000000082a00000| Untracked 
|   8|0x0000000082a00000, 0x0000000082a4a000, 0x0000000082b00000| 28%| O|  |TAMS 0x0000000082a4a000, 0x0000000082a4a000| Untracked 
|   9|0x0000000082b00000, 0x0000000082c00000, 0x0000000082c00000|100%| O|  |TAMS 0x0000000082c00000, 0x0000000082c00000| Untracked 
|  10|0x0000000082c00000, 0x0000000082d00000, 0x0000000082d00000|100%| O|  |TAMS 0x0000000082d00000, 0x0000000082d00000| Untracked 
|  11|0x0000000082d00000, 0x0000000082e00000, 0x0000000082e00000|100%| O|  |TAMS 0x0000000082e00000, 0x0000000082e00000| Untracked 
|  12|0x0000000082e00000, 0x0000000082f00000, 0x0000000082f00000|100%| O|  |TAMS 0x0000000082e5bc00, 0x0000000082f00000| Untracked 
|  13|0x0000000082f00000, 0x0000000083000000, 0x0000000083000000|100%| O|  |TAMS 0x0000000082f00000, 0x0000000083000000| Untracked 
|  14|0x0000000083000000, 0x0000000083079400, 0x0000000083100000| 47%| O|  |TAMS 0x0000000083000000, 0x0000000083079400| Untracked 
|  15|0x0000000083100000, 0x0000000083200000, 0x0000000083200000|100%| O|  |TAMS 0x0000000083100000, 0x0000000083200000| Untracked 
|  16|0x0000000083200000, 0x0000000083300000, 0x0000000083300000|100%| O|  |TAMS 0x0000000083200000, 0x0000000083300000| Untracked 
|  17|0x0000000083300000, 0x0000000083400000, 0x0000000083400000|100%| O|  |TAMS 0x0000000083300000, 0x0000000083400000| Untracked 
|  18|0x0000000083400000, 0x0000000083500000, 0x0000000083500000|100%| O|  |TAMS 0x0000000083400000, 0x0000000083400000| Untracked 
|  19|0x0000000083500000, 0x0000000083597200, 0x0000000083600000| 59%| O|  |TAMS 0x0000000083500000, 0x0000000083500000| Untracked 
|  20|0x0000000083600000, 0x0000000083600000, 0x0000000083700000|  0%| F|  |TAMS 0x0000000083600000, 0x0000000083600000| Untracked 
|  21|0x0000000083700000, 0x0000000083700000, 0x0000000083800000|  0%| F|  |TAMS 0x0000000083700000, 0x0000000083700000| Untracked 
|  22|0x0000000083800000, 0x0000000083800000, 0x0000000083900000|  0%| F|  |TAMS 0x0000000083800000, 0x0000000083800000| Untracked 
|  23|0x0000000083900000, 0x0000000083900000, 0x0000000083a00000|  0%| F|  |TAMS 0x0000000083900000, 0x0000000083900000| Untracked 
|  24|0x0000000083a00000, 0x0000000083a00000, 0x0000000083b00000|  0%| F|  |TAMS 0x0000000083a00000, 0x0000000083a00000| Untracked 
|  25|0x0000000083b00000, 0x0000000083b00000, 0x0000000083c00000|  0%| F|  |TAMS 0x0000000083b00000, 0x0000000083b00000| Untracked 
|  26|0x0000000083c00000, 0x0000000083c00000, 0x0000000083d00000|  0%| F|  |TAMS 0x0000000083c00000, 0x0000000083c00000| Untracked 
|  27|0x0000000083d00000, 0x0000000083d00000, 0x0000000083e00000|  0%| F|  |TAMS 0x0000000083d00000, 0x0000000083d00000| Untracked 
|  28|0x0000000083e00000, 0x0000000083e00000, 0x0000000083f00000|  0%| F|  |TAMS 0x0000000083e00000, 0x0000000083e00000| Untracked 
|  29|0x0000000083f00000, 0x0000000083f00000, 0x0000000084000000|  0%| F|  |TAMS 0x0000000083f00000, 0x0000000083f00000| Untracked 
|  30|0x0000000084000000, 0x0000000084000000, 0x0000000084100000|  0%| F|  |TAMS 0x0000000084000000, 0x0000000084000000| Untracked 
|  31|0x0000000084100000, 0x0000000084100000, 0x0000000084200000|  0%| F|  |TAMS 0x0000000084100000, 0x0000000084100000| Untracked 
|  32|0x0000000084200000, 0x0000000084200000, 0x0000000084300000|  0%| F|  |TAMS 0x0000000084200000, 0x0000000084200000| Untracked 
|  33|0x0000000084300000, 0x0000000084300000, 0x0000000084400000|  0%| F|  |TAMS 0x0000000084300000, 0x0000000084300000| Untracked 
|  34|0x0000000084400000, 0x0000000084400000, 0x0000000084500000|  0%| F|  |TAMS 0x0000000084400000, 0x0000000084400000| Untracked 
|  35|0x0000000084500000, 0x0000000084500000, 0x0000000084600000|  0%| F|  |TAMS 0x0000000084500000, 0x0000000084500000| Untracked 
|  36|0x0000000084600000, 0x0000000084600000, 0x0000000084700000|  0%| F|  |TAMS 0x0000000084600000, 0x0000000084600000| Untracked 
|  37|0x0000000084700000, 0x0000000084700000, 0x0000000084800000|  0%| F|  |TAMS 0x0000000084700000, 0x0000000084700000| Untracked 
|  38|0x0000000084800000, 0x0000000084800000, 0x0000000084900000|  0%| F|  |TAMS 0x0000000084800000, 0x0000000084800000| Untracked 
|  39|0x0000000084900000, 0x0000000084900000, 0x0000000084a00000|  0%| F|  |TAMS 0x0000000084900000, 0x0000000084900000| Untracked 
|  40|0x0000000084a00000, 0x0000000084a00000, 0x0000000084b00000|  0%| F|  |TAMS 0x0000000084a00000, 0x0000000084a00000| Untracked 
|  41|0x0000000084b00000, 0x0000000084b00000, 0x0000000084c00000|  0%| F|  |TAMS 0x0000000084b00000, 0x0000000084b00000| Untracked 
|  42|0x0000000084c00000, 0x0000000084c00000, 0x0000000084d00000|  0%| F|  |TAMS 0x0000000084c00000, 0x0000000084c00000| Untracked 
|  43|0x0000000084d00000, 0x0000000084d00000, 0x0000000084e00000|  0%| F|  |TAMS 0x0000000084d00000, 0x0000000084d00000| Untracked 
|  44|0x0000000084e00000, 0x0000000084e00000, 0x0000000084f00000|  0%| F|  |TAMS 0x0000000084e00000, 0x0000000084e00000| Untracked 
|  45|0x0000000084f00000, 0x0000000084f00000, 0x0000000085000000|  0%| F|  |TAMS 0x0000000084f00000, 0x0000000084f00000| Untracked 
|  46|0x0000000085000000, 0x0000000085000000, 0x0000000085100000|  0%| F|  |TAMS 0x0000000085000000, 0x0000000085000000| Untracked 
|  47|0x0000000085100000, 0x0000000085100000, 0x0000000085200000|  0%| F|  |TAMS 0x0000000085100000, 0x0000000085100000| Untracked 
|  48|0x0000000085200000, 0x0000000085200000, 0x0000000085300000|  0%| F|  |TAMS 0x0000000085200000, 0x0000000085200000| Untracked 
|  49|0x0000000085300000, 0x0000000085300000, 0x0000000085400000|  0%| F|  |TAMS 0x0000000085300000, 0x0000000085300000| Untracked 
|  50|0x0000000085400000, 0x0000000085400000, 0x0000000085500000|  0%| F|  |TAMS 0x0000000085400000, 0x0000000085400000| Untracked 
|  51|0x0000000085500000, 0x0000000085500000, 0x0000000085600000|  0%| F|  |TAMS 0x0000000085500000, 0x0000000085500000| Untracked 
|  52|0x0000000085600000, 0x0000000085600000, 0x0000000085700000|  0%| F|  |TAMS 0x0000000085600000, 0x0000000085600000| Untracked 
|  53|0x0000000085700000, 0x0000000085700000, 0x0000000085800000|  0%| F|  |TAMS 0x0000000085700000, 0x0000000085700000| Untracked 
|  54|0x0000000085800000, 0x0000000085800000, 0x0000000085900000|  0%| F|  |TAMS 0x0000000085800000, 0x0000000085800000| Untracked 
|  55|0x0000000085900000, 0x0000000085900000, 0x0000000085a00000|  0%| F|  |TAMS 0x0000000085900000, 0x0000000085900000| Untracked 
|  56|0x0000000085a00000, 0x0000000085a00000, 0x0000000085b00000|  0%| F|  |TAMS 0x0000000085a00000, 0x0000000085a00000| Untracked 
|  57|0x0000000085b00000, 0x0000000085b00000, 0x0000000085c00000|  0%| F|  |TAMS 0x0000000085b00000, 0x0000000085b00000| Untracked 
|  58|0x0000000085c00000, 0x0000000085c00000, 0x0000000085d00000|  0%| F|  |TAMS 0x0000000085c00000, 0x0000000085c00000| Untracked 
|  59|0x0000000085d00000, 0x0000000085d00000, 0x0000000085e00000|  0%| F|  |TAMS 0x0000000085d00000, 0x0000000085d00000| Untracked 
|  60|0x0000000085e00000, 0x0000000085e00000, 0x0000000085f00000|  0%| F|  |TAMS 0x0000000085e00000, 0x0000000085e00000| Untracked 
|  61|0x0000000085f00000, 0x0000000085f00000, 0x0000000086000000|  0%| F|  |TAMS 0x0000000085f00000, 0x0000000085f00000| Untracked 
|  62|0x0000000086000000, 0x0000000086000000, 0x0000000086100000|  0%| F|  |TAMS 0x0000000086000000, 0x0000000086000000| Untracked 
|  63|0x0000000086100000, 0x0000000086100000, 0x0000000086200000|  0%| F|  |TAMS 0x0000000086100000, 0x0000000086100000| Untracked 
|  64|0x0000000086200000, 0x0000000086200000, 0x0000000086300000|  0%| F|  |TAMS 0x0000000086200000, 0x0000000086200000| Untracked 
| 118|0x0000000089800000, 0x0000000089800000, 0x0000000089900000|  0%| F|  |TAMS 0x0000000089800000, 0x0000000089800000| Untracked 
| 119|0x0000000089900000, 0x00000000899a7cf0, 0x0000000089a00000| 65%| S|CS|TAMS 0x0000000089900000, 0x0000000089900000| Complete 
| 120|0x0000000089a00000, 0x0000000089b00000, 0x0000000089b00000|100%| S|CS|TAMS 0x0000000089a00000, 0x0000000089a00000| Complete 
| 121|0x0000000089b00000, 0x0000000089c00000, 0x0000000089c00000|100%| S|CS|TAMS 0x0000000089b00000, 0x0000000089b00000| Complete 
| 125|0x0000000089f00000, 0x0000000089f00000, 0x000000008a000000|  0%| F|  |TAMS 0x0000000089f00000, 0x0000000089f00000| Untracked 

Card table byte_map: [0x00000195ba4f0000,0x00000195ba8e0000] _byte_map_base: 0x00000195ba0df000

Marking Bits (Prev, Next): (CMBitMap*) 0x00000195a09444d0, (CMBitMap*) 0x00000195a0944510
 Prev Bits: [0x00000195bacd0000, 0x00000195bcc48000)
 Next Bits: [0x00000195bcc50000, 0x00000195bebc8000)

Polling page: 0x00000195a07b0000

Metaspace:

Usage:
  Non-class:     37.13 MB capacity,    36.83 MB (>99%) used,   244.03 KB ( <1%) free+waste,    61.81 KB ( <1%) overhead. 
      Class:      5.99 MB capacity,     5.83 MB ( 97%) used,   139.77 KB (  2%) free+waste,    25.25 KB ( <1%) overhead. 
       Both:     43.12 MB capacity,    42.66 MB ( 99%) used,   383.80 KB ( <1%) free+waste,    87.06 KB ( <1%) overhead. 

Virtual space:
  Non-class space:       44.00 MB reserved,      37.17 MB ( 84%) committed 
      Class space:        1.00 GB reserved,       6.00 MB ( <1%) committed 
             Both:        1.04 GB reserved,      43.17 MB (  4%) committed 

Chunk freelists:
   Non-Class:  40.00 KB
       Class:  13.00 KB
        Both:  53.00 KB

MaxMetaspaceSize: 17179869184.00 GB
CompressedClassSpaceSize: 1.00 GB

CodeHeap 'non-profiled nmethods': size=238336Kb used=6071Kb max_used=6071Kb free=232264Kb
 bounds [0x00000195aadc0000, 0x00000195ab3b0000, 0x00000195b9680000]
CodeHeap 'non-nmethods': size=7424Kb used=1268Kb max_used=1268Kb free=6155Kb
 bounds [0x00000195aa680000, 0x00000195aa8f0000, 0x00000195aadc0000]
 total_blobs=4445 nmethods=3890 adapters=482
 compilation: enabled
              stopped_count=0, restarted_count=0
 full_count=0

Compilation events (20 events):
Event: 3.149 Thread 0x00000195c16d6030 nmethod 3881 0x00000195ab3aaf90 code [0x00000195ab3ab140, 0x00000195ab3ab2b8]
Event: 3.149 Thread 0x00000195c16d6030 3882       1       org.hibernate.annotations.common.reflection.java.TypeEnvironmentMap$ContextScope::getOrCompute (12 bytes)
Event: 3.149 Thread 0x00000195c16d6030 nmethod 3882 0x00000195ab3ab410 code [0x00000195ab3ab5c0, 0x00000195ab3ab738]
Event: 3.149 Thread 0x00000195c16d6030 3883       1       org.hibernate.annotations.common.reflection.java.TypeEnvironmentMap$ContextScope$$Lambda$762/0x00000008010efbe8::<init> (10 bytes)
Event: 3.149 Thread 0x00000195c16d6030 nmethod 3883 0x00000195ab3ab890 code [0x00000195ab3aba20, 0x00000195ab3abb18]
Event: 3.149 Thread 0x00000195c16d6030 3885       1       org.hibernate.jpa.event.spi.CallbackType::getCallbackAnnotation (5 bytes)
Event: 3.149 Thread 0x00000195c16d6030 nmethod 3885 0x00000195ab3abb90 code [0x00000195ab3abd20, 0x00000195ab3abdd8]
Event: 3.149 Thread 0x00000195c16d6030 3884       1       org.hibernate.annotations.common.reflection.java.generics.CompoundTypeEnvironment::create (28 bytes)
Event: 3.150 Thread 0x00000195c16d6030 nmethod 3884 0x00000195ab3abe90 code [0x00000195ab3ac040, 0x00000195ab3ac2d8]
Event: 3.176 Thread 0x00000195c16d6030 3886       1       sun.util.locale.provider.LocaleProviderAdapter::getAdapter (177 bytes)
Event: 3.176 Thread 0x00000195c16d6030 nmethod 3886 0x00000195ab3ac410 code [0x00000195ab3ac6a0, 0x00000195ab3acde8]
Event: 3.176 Thread 0x00000195c16d6030 3887       1       org.hibernate.service.spi.ServiceBinding::getService (5 bytes)
Event: 3.176 Thread 0x00000195c16d6030 nmethod 3887 0x00000195ab3ad210 code [0x00000195ab3ad3a0, 0x00000195ab3ad458]
Event: 3.177 Thread 0x00000195c16d6030 3888       1       org.postgresql.core.QueryExecutorBase::isReWriteBatchedInsertsEnabled (5 bytes)
Event: 3.177 Thread 0x00000195c16d6030 nmethod 3888 0x00000195ab3ad510 code [0x00000195ab3ad6a0, 0x00000195ab3ad758]
Event: 3.183 Thread 0x00000195c16d6030 3889       1       java.io.ObjectInputStream$BlockDataInputStream::getBlockDataMode (5 bytes)
Event: 3.183 Thread 0x00000195c16d6030 nmethod 3889 0x00000195ab3ad810 code [0x00000195ab3ad9a0, 0x00000195ab3ada58]
Event: 3.185 Thread 0x00000195c16d6030 3890       1       java.io.ObjectInputStream$BlockDataInputStream::peekByte (20 bytes)
Event: 3.185 Thread 0x00000195c16d6030 nmethod 3890 0x00000195ab3adb10 code [0x00000195ab3adcc0, 0x00000195ab3ade58]
Event: 3.185 Thread 0x00000195c16d6030 3891       1       java.io.ObjectInputStream$BlockDataInputStream::peek (55 bytes)

GC Heap History (17 events):
Event: 0.629 GC heap before
{Heap before GC invocations=0 (full 0):
 garbage-first heap   total 129024K, used 23552K [0x0000000082200000, 0x0000000100000000)
  region size 1024K, 23 young (23552K), 0 survivors (0K)
 Metaspace       used 8536K, capacity 8683K, committed 8832K, reserved 1056768K
  class space    used 1061K, capacity 1136K, committed 1152K, reserved 1048576K
}
Event: 0.637 GC heap after
{Heap after GC invocations=1 (full 0):
 garbage-first heap   total 129024K, used 8240K [0x0000000082200000, 0x0000000100000000)
  region size 1024K, 3 young (3072K), 3 survivors (3072K)
 Metaspace       used 8536K, capacity 8683K, committed 8832K, reserved 1056768K
  class space    used 1061K, capacity 1136K, committed 1152K, reserved 1048576K
}
Event: 0.948 GC heap before
{Heap before GC invocations=1 (full 0):
 garbage-first heap   total 129024K, used 27696K [0x0000000082200000, 0x0000000100000000)
  region size 1024K, 22 young (22528K), 3 survivors (3072K)
 Metaspace       used 12337K, capacity 12573K, committed 12800K, reserved 1060864K
  class space    used 1649K, capacity 1727K, committed 1792K, reserved 1048576K
}
Event: 0.953 GC heap after
{Heap after GC invocations=2 (full 0):
 garbage-first heap   total 129024K, used 10008K [0x0000000082200000, 0x0000000100000000)
  region size 1024K, 2 young (2048K), 2 survivors (2048K)
 Metaspace       used 12337K, capacity 12573K, committed 12800K, reserved 1060864K
  class space    used 1649K, capacity 1727K, committed 1792K, reserved 1048576K
}
Event: 1.361 GC heap before
{Heap before GC invocations=2 (full 0):
 garbage-first heap   total 129024K, used 49944K [0x0000000082200000, 0x0000000100000000)
  region size 1024K, 42 young (43008K), 2 survivors (2048K)
 Metaspace       used 20371K, capacity 20741K, committed 20864K, reserved 1067008K
  class space    used 2776K, capacity 2890K, committed 2944K, reserved 1048576K
}
Event: 1.365 GC heap after
{Heap after GC invocations=3 (full 0):
 garbage-first heap   total 129024K, used 12461K [0x0000000082200000, 0x0000000100000000)
  region size 1024K, 4 young (4096K), 4 survivors (4096K)
 Metaspace       used 20371K, capacity 20741K, committed 20864K, reserved 1067008K
  class space    used 2776K, capacity 2890K, committed 2944K, reserved 1048576K
}
Event: 1.383 GC heap before
{Heap before GC invocations=3 (full 0):
 garbage-first heap   total 129024K, used 14509K [0x0000000082200000, 0x0000000100000000)
  region size 1024K, 7 young (7168K), 4 survivors (4096K)
 Metaspace       used 20893K, capacity 21221K, committed 21296K, reserved 1067008K
  class space    used 2820K, capacity 2922K, committed 2944K, reserved 1048576K
}
Event: 1.386 GC heap after
{Heap after GC invocations=4 (full 0):
 garbage-first heap   total 129024K, used 12708K [0x0000000082200000, 0x0000000100000000)
  region size 1024K, 5 young (5120K), 5 survivors (5120K)
 Metaspace       used 20893K, capacity 21221K, committed 21296K, reserved 1067008K
  class space    used 2820K, capacity 2922K, committed 2944K, reserved 1048576K
}
Event: 1.721 GC heap before
{Heap before GC invocations=5 (full 0):
 garbage-first heap   total 55296K, used 52644K [0x0000000082200000, 0x0000000100000000)
  region size 1024K, 45 young (46080K), 5 survivors (5120K)
 Metaspace       used 25385K, capacity 25823K, committed 26160K, reserved 1071104K
  class space    used 3449K, capacity 3596K, committed 3712K, reserved 1048576K
}
Event: 1.727 GC heap after
{Heap after GC invocations=6 (full 0):
 garbage-first heap   total 73728K, used 14404K [0x0000000082200000, 0x0000000100000000)
  region size 1024K, 6 young (6144K), 6 survivors (6144K)
 Metaspace       used 25385K, capacity 25823K, committed 26160K, reserved 1071104K
  class space    used 3449K, capacity 3596K, committed 3712K, reserved 1048576K
}
Event: 2.208 GC heap before
{Heap before GC invocations=6 (full 0):
 garbage-first heap   total 73728K, used 52292K [0x0000000082200000, 0x0000000100000000)
  region size 1024K, 43 young (44032K), 6 survivors (6144K)
 Metaspace       used 30870K, capacity 31261K, committed 31408K, reserved 1077248K
  class space    used 4207K, capacity 4330K, committed 4352K, reserved 1048576K
}
Event: 2.219 GC heap after
{Heap after GC invocations=7 (full 0):
 garbage-first heap   total 73728K, used 17019K [0x0000000082200000, 0x0000000100000000)
  region size 1024K, 5 young (5120K), 5 survivors (5120K)
 Metaspace       used 30870K, capacity 31261K, committed 31408K, reserved 1077248K
  class space    used 4207K, capacity 4330K, committed 4352K, reserved 1048576K
}
Event: 2.594 GC heap before
{Heap before GC invocations=7 (full 0):
 garbage-first heap   total 73728K, used 44667K [0x0000000082200000, 0x0000000100000000)
  region size 1024K, 34 young (34816K), 5 survivors (5120K)
 Metaspace       used 35338K, capacity 35817K, committed 35888K, reserved 1081344K
  class space    used 4790K, capacity 4974K, committed 4992K, reserved 1048576K
}
Event: 2.599 GC heap after
{Heap after GC invocations=8 (full 0):
 garbage-first heap   total 73728K, used 18928K [0x0000000082200000, 0x0000000100000000)
  region size 1024K, 5 young (5120K), 5 survivors (5120K)
 Metaspace       used 35338K, capacity 35817K, committed 35888K, reserved 1081344K
  class space    used 4790K, capacity 4974K, committed 4992K, reserved 1048576K
}
Event: 3.177 GC heap before
{Heap before GC invocations=9 (full 0):
 garbage-first heap   total 71680K, used 54768K [0x0000000082200000, 0x0000000100000000)
  region size 1024K, 40 young (40960K), 5 survivors (5120K)
 Metaspace       used 43676K, capacity 44155K, committed 44208K, reserved 1087488K
  class space    used 5965K, capacity 6131K, committed 6144K, reserved 1048576K
}
Event: 3.183 GC heap after
{Heap after GC invocations=10 (full 0):
 garbage-first heap   total 71680K, used 21248K [0x0000000082200000, 0x0000000100000000)
  region size 1024K, 4 young (4096K), 4 survivors (4096K)
 Metaspace       used 43676K, capacity 44155K, committed 44208K, reserved 1087488K
  class space    used 5965K, capacity 6131K, committed 6144K, reserved 1048576K
}
Event: 3.185 GC heap before
{Heap before GC invocations=10 (full 0):
 garbage-first heap   total 71680K, used 21248K [0x0000000082200000, 0x0000000100000000)
  region size 1024K, 5 young (5120K), 4 survivors (4096K)
 Metaspace       used 43684K, capacity 44155K, committed 44208K, reserved 1093632K
  class space    used 5965K, capacity 6131K, committed 6144K, reserved 1048576K
}

Deoptimization events (6 events):
Event: 1.642 Thread 0x00000195a09045d0 DEOPT PACKING pc=0x00000195ab0c6bd4 sp=0x000000047f1fdd00
Event: 1.642 Thread 0x00000195a09045d0 DEOPT UNPACKING pc=0x00000195aa6ce23f sp=0x000000047f1fd258 mode 0
Event: 2.370 Thread 0x00000195a09045d0 DEOPT PACKING pc=0x00000195ab091afe sp=0x000000047f1fec90
Event: 2.370 Thread 0x00000195a09045d0 DEOPT UNPACKING pc=0x00000195aa6ce23f sp=0x000000047f1fe120 mode 3
Event: 2.370 Thread 0x00000195c3e9a4c0 DEOPT PACKING pc=0x00000195ab055091 sp=0x00000004009fec50
Event: 2.370 Thread 0x00000195c3e9a4c0 DEOPT UNPACKING pc=0x00000195aa6ce23f sp=0x00000004009fe0a8 mode 3

Classes unloaded (0 events):
No events

Classes redefined (0 events):
No events

Internal exceptions (20 events):
Event: 2.038 Thread 0x00000195a09045d0 Exception <a 'java/lang/ClassNotFoundException'{0x0000000084ccceb0}: java/lang/ObjectCustomizer> (0x0000000084ccceb0) 
thrown [./src/hotspot/share/classfile/systemDictionary.cpp, line 295]
Event: 2.038 Thread 0x00000195a09045d0 Exception <a 'java/lang/ClassNotFoundException'{0x0000000084cd57a8}: org/springframework/transaction/annotation/AbstractTransactionManagementConfigurationCustomizer> (0x0000000084cd57a8) 
thrown [./src/hotspot/share/classfile/systemDictionary.cpp, line 295]
Event: 2.039 Thread 0x00000195a09045d0 Exception <a 'java/lang/ClassNotFoundException'{0x0000000084cdd058}: org/springframework/transaction/annotation/ProxyTransactionManagementConfigurationCustomizer> (0x0000000084cdd058) 
thrown [./src/hotspot/share/classfile/systemDictionary.cpp, line 295]
Event: 2.039 Thread 0x00000195a09045d0 Exception <a 'java/lang/ClassNotFoundException'{0x0000000084ce5b20}: org/springframework/context/annotation/ImportAwareCustomizer> (0x0000000084ce5b20) 
thrown [./src/hotspot/share/classfile/systemDictionary.cpp, line 295]
Event: 2.039 Thread 0x00000195a09045d0 Exception <a 'java/lang/ClassNotFoundException'{0x0000000084ceb610}: org/springframework/beans/factory/AwareCustomizer> (0x0000000084ceb610) 
thrown [./src/hotspot/share/classfile/systemDictionary.cpp, line 295]
Event: 2.066 Thread 0x00000195a09045d0 Exception <a 'java/lang/NoSuchMethodError'{0x0000000084acf4d0}: 'java.lang.Object java.lang.invoke.DirectMethodHandle$Holder.invokeSpecialIFC(java.lang.Object, java.lang.Object, java.lang.Object)'> (0x0000000084acf4d0) 
thrown [./src/hotspot/share/interpreter/linkResolver.cpp, line 782]
Event: 2.127 Thread 0x00000195a09045d0 Exception <a 'java/lang/NoSuchMethodError'{0x00000000846a9708}: 'void java.lang.invoke.DirectMethodHandle$Holder.invokeInterface(java.lang.Object, java.lang.Object, int)'> (0x00000000846a9708) 
thrown [./src/hotspot/share/interpreter/linkResolver.cpp, line 782]
Event: 2.128 Thread 0x00000195a09045d0 Exception <a 'java/lang/NoSuchMethodError'{0x00000000846cb048}: 'int java.lang.invoke.DirectMethodHandle$Holder.invokeVirtual(java.lang.Object, java.lang.Object)'> (0x00000000846cb048) 
thrown [./src/hotspot/share/interpreter/linkResolver.cpp, line 782]
Event: 2.130 Thread 0x00000195a09045d0 Exception <a 'java/lang/IncompatibleClassChangeError'{0x0000000084508f20}: Found class java.lang.Object, but interface was expected> (0x0000000084508f20) 
thrown [./src/hotspot/share/interpreter/linkResolver.cpp, line 848]
Event: 2.130 Thread 0x00000195a09045d0 Exception <a 'java/lang/NoSuchMethodError'{0x000000008450e608}: 'void java.lang.invoke.DirectMethodHandle$Holder.invokeStatic(java.lang.Object, int, java.lang.Object)'> (0x000000008450e608) 
thrown [./src/hotspot/share/interpreter/linkResolver.cpp, line 782]
Event: 2.133 Thread 0x00000195a09045d0 Exception <a 'java/lang/NoSuchMethodError'{0x000000008453e918}: 'int java.lang.invoke.DirectMethodHandle$Holder.invokeSpecial(java.lang.Object, java.lang.Object, int)'> (0x000000008453e918) 
thrown [./src/hotspot/share/interpreter/linkResolver.cpp, line 782]
Event: 2.171 Thread 0x00000195c357b8a0 Exception <a 'java/lang/reflect/InvocationTargetException'{0x0000000084109738}> (0x0000000084109738) 
thrown [./src/hotspot/share/runtime/reflection.cpp, line 1157]
Event: 2.311 Thread 0x00000195a09045d0 Exception <a 'java/io/FileNotFoundException'{0x00000000861e6cb8}> (0x00000000861e6cb8) 
thrown [./src/hotspot/share/prims/jni.cpp, line 578]
Event: 2.311 Thread 0x00000195a09045d0 Exception <a 'java/io/FileNotFoundException'{0x00000000861e8088}> (0x00000000861e8088) 
thrown [./src/hotspot/share/prims/jni.cpp, line 578]
Event: 2.336 Thread 0x00000195a09045d0 Exception <a 'java/lang/NoSuchMethodError'{0x0000000085fae2c0}: 'int java.lang.invoke.DirectMethodHandle$Holder.invokeInterface(java.lang.Object, java.lang.Object, java.lang.Object, java.lang.Object)'> (0x0000000085fae2c0) 
thrown [./src/hotspot/share/interpreter/linkResolver.cpp, line 782]
Event: 2.365 Thread 0x00000195a09045d0 Exception <a 'java/io/FileNotFoundException'{0x0000000085dba7a0}> (0x0000000085dba7a0) 
thrown [./src/hotspot/share/prims/jni.cpp, line 578]
Event: 2.388 Thread 0x00000195a09045d0 Exception <a 'java/lang/NoSuchMethodError'{0x0000000085bf2258}: 'void java.lang.invoke.DirectMethodHandle$Holder.invokeVirtual(java.lang.Object, java.lang.Object, java.lang.Object, java.lang.Object)'> (0x0000000085bf2258) 
thrown [./src/hotspot/share/interpreter/linkResolver.cpp, line 782]
Event: 2.678 Thread 0x00000195c357b8a0 Exception <a 'java/lang/reflect/InvocationTargetException'{0x0000000086289ae8}> (0x0000000086289ae8) 
thrown [./src/hotspot/share/runtime/reflection.cpp, line 1157]
Event: 2.779 Thread 0x00000195a09045d0 Exception <a 'java/lang/NoSuchMethodError'{0x0000000085cfc498}: 'int java.lang.invoke.DirectMethodHandle$Holder.invokeStaticInit(java.lang.Object, java.lang.Object, java.lang.Object, java.lang.Object)'> (0x0000000085cfc498) 
thrown [./src/hotspot/share/interpreter/linkResolver.cpp, line 782]
Event: 2.949 Thread 0x00000195a09045d0 Exception <a 'java/lang/NoSuchMethodError'{0x0000000085407c08}: 'java.lang.Object java.lang.invoke.DirectMethodHandle$Holder.invokeStaticInit(java.lang.Object, java.lang.Object, java.lang.Object, java.lang.Object)'> (0x0000000085407c08) 
thrown [./src/hotspot/share/interpreter/linkResolver.cpp, line 782]

Events (20 events):
Event: 2.895 loading class java/util/regex/Pattern$1MatcherIterator done
Event: 2.966 Thread 0x00000195c4326480 Thread added: 0x00000195c4326480
Event: 3.053 loading class sun/reflect/generics/repository/FieldRepository
Event: 3.054 loading class sun/reflect/generics/repository/FieldRepository done
Event: 3.075 loading class java/math/MutableBigInteger
Event: 3.075 loading class java/math/MutableBigInteger done
Event: 3.100 loading class javax/naming/RefAddr
Event: 3.100 loading class javax/naming/RefAddr done
Event: 3.100 loading class javax/naming/StringRefAddr
Event: 3.100 loading class javax/naming/StringRefAddr done
Event: 3.106 loading class java/io/InvalidObjectException
Event: 3.106 loading class java/io/InvalidObjectException done
Event: 3.143 loading class java/lang/SafeVarargs
Event: 3.143 loading class java/lang/SafeVarargs done
Event: 3.177 Executing VM operation: G1CollectForAllocation
Event: 3.183 Executing VM operation: G1CollectForAllocation done
Event: 3.183 Executing VM operation: HandshakeAllThreads
Event: 3.183 Executing VM operation: HandshakeAllThreads done
Event: 3.184 Thread 0x00000195c41b7270 Thread added: 0x00000195c41b7270
Event: 3.185 Executing VM operation: CollectForMetadataAllocation


Dynamic libraries:
0x00007ff691b40000 - 0x00007ff691b4d000 	C:\Users\artem.belyshev\.jdks\azul-15.0.10\bin\java.exe
0x00007ffb28cf0000 - 0x00007ffb28ee8000 	C:\Windows\SYSTEM32\ntdll.dll
0x00007ffb27ef0000 - 0x00007ffb27faf000 	C:\Windows\System32\KERNEL32.DLL
0x00007ffb26690000 - 0x00007ffb26962000 	C:\Windows\System32\KERNELBASE.dll
0x00007ffb264f0000 - 0x00007ffb265f0000 	C:\Windows\System32\ucrtbase.dll
0x00007ffb16d60000 - 0x00007ffb16d78000 	C:\Users\artem.belyshev\.jdks\azul-15.0.10\bin\jli.dll
0x00007ffb16d80000 - 0x00007ffb16d95000 	C:\Users\artem.belyshev\.jdks\azul-15.0.10\bin\VCRUNTIME140.dll
0x00007ffb280e0000 - 0x00007ffb28281000 	C:\Windows\System32\USER32.dll
0x00007ffb26d00000 - 0x00007ffb26d22000 	C:\Windows\System32\win32u.dll
0x00007ffb277d0000 - 0x00007ffb277fb000 	C:\Windows\System32\GDI32.dll
0x00007ffb06c50000 - 0x00007ffb06eea000 	C:\Windows\WinSxS\amd64_microsoft.windows.common-controls_6595b64144ccf1df_6.0.19041.1110_none_60b5254171f9507e\COMCTL32.dll
0x00007ffb263e0000 - 0x00007ffb264ef000 	C:\Windows\System32\gdi32full.dll
0x00007ffb278a0000 - 0x00007ffb2793e000 	C:\Windows\System32\msvcrt.dll
0x00007ffb265f0000 - 0x00007ffb2668d000 	C:\Windows\System32\msvcp_win.dll
0x00007ffb27790000 - 0x00007ffb277c2000 	C:\Windows\System32\IMM32.DLL
0x00007ffb16cc0000 - 0x00007ffb16d5b000 	C:\Users\artem.belyshev\.jdks\azul-15.0.10\bin\msvcp140.dll
0x00007ffb14b60000 - 0x00007ffb156fc000 	C:\Users\artem.belyshev\.jdks\azul-15.0.10\bin\server\jvm.dll
0x00007ffb283b0000 - 0x00007ffb2845e000 	C:\Windows\System32\ADVAPI32.dll
0x00007ffb27800000 - 0x00007ffb2789c000 	C:\Windows\System32\sechost.dll
0x00007ffb279a0000 - 0x00007ffb27ac5000 	C:\Windows\System32\RPCRT4.dll
0x00007ffb27ee0000 - 0x00007ffb27ee8000 	C:\Windows\System32\PSAPI.DLL
0x00007ffaf85d0000 - 0x00007ffaf85f7000 	C:\Windows\SYSTEM32\WINMM.dll
0x00007ffb089d0000 - 0x00007ffb089d9000 	C:\Windows\SYSTEM32\WSOCK32.dll
0x00007ffb1bda0000 - 0x00007ffb1bdaa000 	C:\Windows\SYSTEM32\VERSION.dll
0x00007ffb28460000 - 0x00007ffb284cb000 	C:\Windows\System32\WS2_32.dll
0x00007ffb24c30000 - 0x00007ffb24c42000 	C:\Windows\SYSTEM32\kernel.appcore.dll
0x00007ffb1cff0000 - 0x00007ffb1cffa000 	C:\Users\artem.belyshev\.jdks\azul-15.0.10\bin\jimage.dll
0x00007ffb20aa0000 - 0x00007ffb20c84000 	C:\Windows\SYSTEM32\DBGHELP.DLL
0x00007ffb1c860000 - 0x00007ffb1c895000 	C:\Windows\SYSTEM32\dbgcore.DLL
0x00007ffb26c70000 - 0x00007ffb26cf2000 	C:\Windows\System32\bcryptPrimitives.dll
0x00007ffb1ae10000 - 0x00007ffb1ae1e000 	C:\Users\artem.belyshev\.jdks\azul-15.0.10\bin\instrument.dll
0x00007ffb16c90000 - 0x00007ffb16cb5000 	C:\Users\artem.belyshev\.jdks\azul-15.0.10\bin\java.dll
0x00007ffb27040000 - 0x00007ffb27785000 	C:\Windows\System32\SHELL32.dll
0x00007ffb24450000 - 0x00007ffb24be2000 	C:\Windows\SYSTEM32\windows.storage.dll
0x00007ffb27ad0000 - 0x00007ffb27e25000 	C:\Windows\System32\combase.dll
0x00007ffb25dd0000 - 0x00007ffb25e00000 	C:\Windows\SYSTEM32\Wldp.dll
0x00007ffb26f90000 - 0x00007ffb2703d000 	C:\Windows\System32\SHCORE.dll
0x00007ffb27940000 - 0x00007ffb27995000 	C:\Windows\System32\shlwapi.dll
0x00007ffb26320000 - 0x00007ffb2633f000 	C:\Windows\SYSTEM32\profapi.dll
0x00007ffb16c30000 - 0x00007ffb16c48000 	C:\Users\artem.belyshev\.jdks\azul-15.0.10\bin\zip.dll
0x00007ffb16c70000 - 0x00007ffb16c89000 	C:\Users\artem.belyshev\.jdks\azul-15.0.10\bin\net.dll
0x00007ffb1cb20000 - 0x00007ffb1cc2c000 	C:\Windows\SYSTEM32\WINHTTP.dll
0x00007ffb25ac0000 - 0x00007ffb25b2a000 	C:\Windows\system32\mswsock.dll
0x00007ffb16c50000 - 0x00007ffb16c62000 	C:\Users\artem.belyshev\.jdks\azul-15.0.10\bin\nio.dll
0x00007ffb1adf0000 - 0x00007ffb1ae0a000 	C:\Program Files\JetBrains\IntelliJ IDEA 2022.3.2\bin\breakgen64.dll
0x00007ffb257f0000 - 0x00007ffb258bb000 	C:\Windows\SYSTEM32\DNSAPI.dll
0x00007ffb257b0000 - 0x00007ffb257eb000 	C:\Windows\SYSTEM32\IPHLPAPI.DLL
0x00007ffb284d0000 - 0x00007ffb284d8000 	C:\Windows\System32\NSI.dll
0x00007ffb1aac0000 - 0x00007ffb1aaca000 	C:\Windows\System32\rasadhlp.dll
0x00007ffb1e9f0000 - 0x00007ffb1ea70000 	C:\Windows\System32\fwpuclnt.dll
0x00007ffb26a20000 - 0x00007ffb26a47000 	C:\Windows\System32\bcrypt.dll
0x00007ffb1ade0000 - 0x00007ffb1ade9000 	C:\Users\artem.belyshev\.jdks\azul-15.0.10\bin\management.dll
0x00007ffb1ab20000 - 0x00007ffb1ab2b000 	C:\Users\artem.belyshev\.jdks\azul-15.0.10\bin\management_ext.dll
0x00007ffb25cb0000 - 0x00007ffb25cc8000 	C:\Windows\SYSTEM32\CRYPTSP.dll
0x00007ffb253e0000 - 0x00007ffb25414000 	C:\Windows\system32\rsaenh.dll
0x00007ffb262e0000 - 0x00007ffb2630e000 	C:\Windows\SYSTEM32\USERENV.dll
0x00007ffb25cd0000 - 0x00007ffb25cdc000 	C:\Windows\SYSTEM32\CRYPTBASE.dll
0x00007ffb1e8b0000 - 0x00007ffb1e8c7000 	C:\Windows\SYSTEM32\dhcpcsvc6.DLL
0x00007ffb1e890000 - 0x00007ffb1e8ad000 	C:\Windows\SYSTEM32\dhcpcsvc.DLL
0x00007ffaea0c0000 - 0x00007ffaea0d7000 	C:\Windows\system32\napinsp.dll
0x00007ffaea520000 - 0x00007ffaea53b000 	C:\Windows\system32\pnrpnsp.dll
0x00007ffaeb720000 - 0x00007ffaeb735000 	C:\Windows\system32\wshbth.dll
0x00007ffb1d800000 - 0x00007ffb1d81d000 	C:\Windows\system32\NLAapi.dll
0x00007ffaec180000 - 0x00007ffaec192000 	C:\Windows\System32\winrnr.dll
0x00007ffb16740000 - 0x00007ffb16750000 	C:\Users\artem.belyshev\.jdks\azul-15.0.10\bin\verify.dll

dbghelp: loaded successfully - version: 4.0.5 - missing functions: none
symbol engine: initialized successfully - sym options: 0x614 - pdb path: .;C:\Users\artem.belyshev\.jdks\azul-15.0.10\bin;C:\Windows\SYSTEM32;C:\Windows\WinSxS\amd64_microsoft.windows.common-controls_6595b64144ccf1df_6.0.19041.1110_none_60b5254171f9507e;C:\Users\artem.belyshev\.jdks\azul-15.0.10\bin\server;C:\Program Files\JetBrains\IntelliJ IDEA 2022.3.2\bin

VM Arguments:
jvm_args: -XX:TieredStopAtLevel=1 -Dspring.output.ansi.enabled=always -Dcom.sun.management.jmxremote -Dspring.jmx.enabled=true -Dspring.liveBeansView.mbeanDomain -Dspring.application.admin.enabled=true -Dmanagement.endpoints.jmx.exposure.include=* -javaagent:C:\Program Files\JetBrains\IntelliJ IDEA 2022.3.2\lib\idea_rt.jar=60539:C:\Program Files\JetBrains\IntelliJ IDEA 2022.3.2\bin -Dfile.encoding=UTF-8 
java_command: cz.kct.Tutorial
java_class_path (initial): C:\Users\artem.belyshev\IdeaProjects\kct.data.spring\out\production\classes;C:\Users\artem.belyshev\IdeaProjects\kct.data.spring\out\production\resources;C:\Users\artem.belyshev\.gradle\caches\modules-2\files-2.1\org.projectlombok\lombok\1.18.4\7103ab519b1cdbb0642ad4eaf1db209d905d0f96\lombok-1.18.4.jar;C:\Users\artem.belyshev\.gradle\caches\modules-2\files-2.1\org.springframework.boot\spring-boot-starter-data-jpa\2.7.8\ace969cae39b4479ffedd58e04c5a6eca60c94a5\spring-boot-starter-data-jpa-2.7.8.jar;C:\Users\artem.belyshev\.gradle\caches\modules-2\files-2.1\org.springframework.boot\spring-boot-starter-web\2.4.5\93cf2655557534e35723fbafa069bed2ee125832\spring-boot-starter-web-2.4.5.jar;C:\Users\artem.belyshev\.gradle\caches\modules-2\files-2.1\org.modelmapper\modelmapper\3.1.1\6636e94590e9d98e5e7db7e4fafcc15e9390e18d\modelmapper-3.1.1.jar;C:\Users\artem.belyshev\.gradle\caches\modules-2\files-2.1\io.github.openfeign\feign-jackson\9.3.1\17d39be26c4c53231087da6f5082473015986fd7\feign-jackson-9.3.1.jar;C:\Users\artem.belyshev\.gradle\caches\modules-2\files-2.1\org.springdoc\springdoc-openapi-ui\1.6.14\20f7c293f72552dce117be99cf15e69249effda8\springdoc-openapi-ui-1.6.14.jar;C:\Users\artem.belyshev\.gradle\caches\modules-2\files-2.1\org.postgresql\postgresql\42.4.3\94866dd0f9ea533c61b29261673ac0616e3a6517\postgresql-42.4.3.jar;C:\Users\artem.belyshev\.gradle\caches\modules-2\files-2.1\org.springframework.boot\spring-boot-starter-validation\2.4.5\27acd26bb55058472e91e44e8155b256a610b87e\spring-boot-starter-validation-2.4.5.jar;C:\Users\artem.belyshev\.gradle\caches\modules-2\files-2.1\org.springframework.boot\spring-boot-starter-aop\2.4.5\853bfc5d1c867f66880971515bda82ecc737e839\spring-boot-starter-aop-2.4.5.jar;C:\Users\artem.belyshev\.gradle\caches\modules-2\files-2.1\org.springframework.boot\spring-boot-starter-jdbc\2.4.5\abcca18ef5a2c877a5574a492b570bb260640de3\spring-boot-starter-jdbc-2.4.5.jar;C:\Users\artem.belyshev\.gradle\caches\modules-
Launcher Type: SUN_STANDARD

[Global flags]
     intx CICompilerCount                          = 4                                         {product} {ergonomic}
     uint ConcGCThreads                            = 2                                         {product} {ergonomic}
     uint G1ConcRefinementThreads                  = 8                                         {product} {ergonomic}
   size_t G1HeapRegionSize                         = 1048576                                   {product} {ergonomic}
    uintx GCDrainStackTargetSize                   = 64                                        {product} {ergonomic}
   size_t InitialHeapSize                          = 132120576                                 {product} {ergonomic}
     bool ManagementServer                         = true                                      {product} {command line}
   size_t MarkStackSize                            = 4194304                                   {product} {ergonomic}
   size_t MaxHeapSize                              = 2111832064                                {product} {ergonomic}
   size_t MaxNewSize                               = 1266679808                                {product} {ergonomic}
   size_t MinHeapDeltaBytes                        = 1048576                                   {product} {ergonomic}
   size_t MinHeapSize                              = 8388608                                   {product} {ergonomic}
    uintx NonNMethodCodeHeapSize                   = 7549744                                {pd product} {ergonomic}
    uintx NonProfiledCodeHeapSize                  = 244108496                              {pd product} {ergonomic}
    uintx ProfiledCodeHeapSize                     = 0                                      {pd product} {ergonomic}
    uintx ReservedCodeCacheSize                    = 251658240                              {pd product} {ergonomic}
     bool SegmentedCodeCache                       = true                                      {product} {ergonomic}
   size_t SoftMaxHeapSize                          = 2111832064                             {manageable} {ergonomic}
     intx TieredStopAtLevel                        = 1                                         {product} {command line}
     bool UseCompressedClassPointers               = true                                 {lp64_product} {ergonomic}
     bool UseCompressedOops                        = true                                 {lp64_product} {ergonomic}
     bool UseG1GC                                  = true                                      {product} {ergonomic}
     bool UseLargePagesIndividualAllocation        = false                                  {pd product} {ergonomic}

Logging:
Log output configuration:
 #0: stdout all=warning uptime,level,tags
 #1: stderr all=off uptime,level,tags

Environment Variables:
PATH=C:\Windows\system32;C:\Windows;C:\Windows\System32\Wbem;C:\Windows\System32\WindowsPowerShell\v1.0\;C:\Windows\System32\OpenSSH\;C:\Program Files\Git\cmd;C:\Program Files\nodejs\;C:\Program Files\dotnet\;C:\Users\artem.belyshev\AppData\Local\Microsoft\WindowsApps;C:\Users\artem.belyshev\AppData\Roaming\npm;C:\Users\artem.belyshev\AppData\Local\Programs\Microsoft VS Code\bin;C:\Users\artem.belyshev\.dotnet\tools
USERNAME=artem.belyshev
OS=Windows_NT
PROCESSOR_IDENTIFIER=Intel64 Family 6 Model 142 Stepping 10, GenuineIntel



---------------  S Y S T E M  ---------------

OS:
 Windows 10 , 64 bit Build 19041 (10.0.19041.2546)
OS uptime: 0 days 17:29 hours

CPU: total 8 (initial active 8) (4 cores per cpu, 2 threads per core) family 6 model 142 stepping 10 microcode 0xf0, cmov, cx8, fxsr, mmx, sse, sse2, sse3, ssse3, sse4.1, sse4.2, popcnt, vzeroupper, avx, avx2, aes, clmul, erms, rtm, 3dnowpref, lzcnt, ht, tsc, tscinvbit, bmi1, bmi2, adx, fma, clflush, clflushopt

Memory: 4k page, system-wide physical 8050M (698M free)
TotalPageFile size 9074M (AvailPageFile size 5M)
current process WorkingSet (physical memory assigned to process): 179M, peak: 179M
current process commit charge ("private bytes"): 222M, peak: 243M

vm_info: OpenJDK 64-Bit Server VM (15.0.10+5-MTS) for windows-amd64 JRE (15.0.10+5-MTS) (Zulu15.46+17-CA), built on Jan  7 2023 17:34:05 by "zulu_re" with MS VC++ 15.9 (VS2017)

END.
