#
# There is insufficient memory for the Java Runtime Environment to continue.
# Native memory allocation (mmap) failed to map 23068672 bytes for G1 virtual space
# Possible reasons:
#   The system is out of physical RAM or swap space
#   The process is running with CompressedOops enabled, and the Java Heap may be blocking the growth of the native heap
# Possible solutions:
#   Reduce memory load on the system
#   Increase physical memory or swap space
#   Check if swap backing store is full
#   Decrease Java heap size (-Xmx/-Xms)
#   Decrease number of Java threads
#   Decrease Java thread stack sizes (-Xss)
#   Set larger code cache with -XX:ReservedCodeCacheSize=
#   JVM is running with Unscaled Compressed Oops mode in which the Java heap is
#     placed in the first 4GB address space. The Java Heap base address is the
#     maximum limit for the native heap growth. Please use -XX:HeapBaseMinAddress
#     to set the Java Heap base and to place the Java Heap above 4GB virtual address.
# This output file may be truncated or incomplete.
#
#  Out of Memory Error (./src/hotspot/os/windows/os_windows.cpp:3331), pid=12956, tid=14188
#
# JRE version: OpenJDK Runtime Environment Zulu15.46+17-CA (15.0.10+5) (build 15.0.10+5-MTS)
# Java VM: OpenJDK 64-Bit Server VM Zulu15.46+17-CA (15.0.10+5-MTS, mixed mode, sharing, tiered, compressed oops, g1 gc, windows-amd64)
# No core dump will be written. Minidumps are not enabled by default on client versions of Windows
#

---------------  S U M M A R Y ------------

Command Line: -XX:TieredStopAtLevel=1 -Dspring.output.ansi.enabled=always -Dcom.sun.management.jmxremote -Dspring.jmx.enabled=true -Dspring.liveBeansView.mbeanDomain -Dspring.application.admin.enabled=true -Dmanagement.endpoints.jmx.exposure.include=* -javaagent:C:\Program Files\JetBrains\IntelliJ IDEA 2022.3.2\lib\idea_rt.jar=64650:C:\Program Files\JetBrains\IntelliJ IDEA 2022.3.2\bin -Dfile.encoding=UTF-8 cz.kct.Tutorial

Host: Intel(R) Core(TM) i5-8350U CPU @ 1.70GHz, 8 cores, 7G,  Windows 10 , 64 bit Build 19041 (10.0.19041.2546)
Time: Sat Feb 18 17:18:18 2023 Central Europe Standard Time elapsed time: 5.900254 seconds (0d 0h 0m 5s)

---------------  T H R E A D  ---------------

Current thread (0x000001c35468eda0):  VMThread "VM Thread" [stack: 0x0000003fc6a00000,0x0000003fc6b00000] [id=14188]

Stack: [0x0000003fc6a00000,0x0000003fc6b00000]
[error occurred during error reporting (printing stack bounds), id 0xc0000005, EXCEPTION_ACCESS_VIOLATION (0xc0000005) at pc=0x000001c33d6710ad]

Native frames: (J=compiled Java code, j=interpreted, Vv=VM code, C=native code)
V  [jvm.dll+0x6037ba]
V  [jvm.dll+0x7a3729]
V  [jvm.dll+0x7a4e83]
V  [jvm.dll+0x7a5435]
V  [jvm.dll+0x7a53eb]
V  [jvm.dll+0x602bdf]
V  [jvm.dll+0x6033a8]
C  [ntdll.dll+0xa241f]
C  [ntdll.dll+0x514a4]
C  [ntdll.dll+0xa0f4e]
C  0x000001c33d6710ad

VM_Operation (0x0000003fc94fd8e0): G1CollectForAllocation, mode: safepoint, requested by thread 0x000001c3557a03b0


---------------  P R O C E S S  ---------------

Threads class SMR info:
_java_thread_list=0x000001c357096c70, length=33, elements={
0x000001c333922a60, 0x000001c354690620, 0x000001c3546911f0, 0x000001c3546aefa0,
0x000001c3546b0970, 0x000001c3546b1330, 0x000001c3546bf0e0, 0x000001c3546c2ee0,
0x000001c354675da0, 0x000001c3554399d0, 0x000001c355439ea0, 0x000001c3555c68b0,
0x000001c355a81b00, 0x000001c355a80f80, 0x000001c356d50590, 0x000001c356e39d60,
0x000001c356e3a230, 0x000001c357174ca0, 0x000001c356d03bf0, 0x000001c356d01570,
0x000001c356d03720, 0x000001c356d040c0, 0x000001c356d04a60, 0x000001c356d01a40,
0x000001c356d02d80, 0x000001c356d01f10, 0x000001c356d04590, 0x000001c356d010a0,
0x000001c35579f070, 0x000001c3557a03b0, 0x000001c3557a5a50, 0x000001c3557a2f00,
0x000001c35579f540
}

Java Threads: ( => current thread )
  0x000001c333922a60 JavaThread "main" [_thread_blocked, id=13496, stack(0x0000003fc6400000,0x0000003fc6500000)]
  0x000001c354690620 JavaThread "Reference Handler" daemon [_thread_blocked, id=13900, stack(0x0000003fc6b00000,0x0000003fc6c00000)]
  0x000001c3546911f0 JavaThread "Finalizer" daemon [_thread_blocked, id=7432, stack(0x0000003fc6c00000,0x0000003fc6d00000)]
  0x000001c3546aefa0 JavaThread "Signal Dispatcher" daemon [_thread_blocked, id=12504, stack(0x0000003fc6d00000,0x0000003fc6e00000)]
  0x000001c3546b0970 JavaThread "Attach Listener" daemon [_thread_blocked, id=2128, stack(0x0000003fc6e00000,0x0000003fc6f00000)]
  0x000001c3546b1330 JavaThread "Service Thread" daemon [_thread_blocked, id=16096, stack(0x0000003fc6f00000,0x0000003fc7000000)]
  0x000001c3546bf0e0 JavaThread "C1 CompilerThread0" daemon [_thread_blocked, id=8244, stack(0x0000003fc7000000,0x0000003fc7100000)]
  0x000001c3546c2ee0 JavaThread "Sweeper thread" daemon [_thread_blocked, id=15248, stack(0x0000003fc7100000,0x0000003fc7200000)]
  0x000001c354675da0 JavaThread "Common-Cleaner" daemon [_thread_blocked, id=9856, stack(0x0000003fc7200000,0x0000003fc7300000)]
  0x000001c3554399d0 JavaThread "Monitor Ctrl-Break" daemon [_thread_in_native, id=12904, stack(0x0000003fc7300000,0x0000003fc7400000)]
  0x000001c355439ea0 JavaThread "Notification Thread" daemon [_thread_blocked, id=15596, stack(0x0000003fc7400000,0x0000003fc7500000)]
  0x000001c3555c68b0 JavaThread "RMI TCP Accept-0" daemon [_thread_in_native, id=13352, stack(0x0000003fc7500000,0x0000003fc7600000)]
  0x000001c355a81b00 JavaThread "RMI TCP Connection(1)-172.20.10.14" daemon [_thread_in_native, id=15208, stack(0x0000003fc7c00000,0x0000003fc7d00000)]
  0x000001c355a80f80 JavaThread "RMI Scheduler(0)" daemon [_thread_blocked, id=9524, stack(0x0000003fc7d00000,0x0000003fc7e00000)]
  0x000001c356d50590 JavaThread "Catalina-utility-1" [_thread_blocked, id=736, stack(0x0000003fc7e00000,0x0000003fc7f00000)]
  0x000001c356e39d60 JavaThread "Catalina-utility-2" [_thread_blocked, id=1376, stack(0x0000003fc8300000,0x0000003fc8400000)]
  0x000001c356e3a230 JavaThread "container-0" [_thread_blocked, id=15948, stack(0x0000003fc8400000,0x0000003fc8500000)]
  0x000001c357174ca0 JavaThread "HikariPool-1 housekeeper" daemon [_thread_blocked, id=4668, stack(0x0000003fc8800000,0x0000003fc8900000)]
  0x000001c356d03bf0 JavaThread "HikariPool-1 connection adder" daemon [_thread_blocked, id=12928, stack(0x0000003fc8900000,0x0000003fc8a00000)]
  0x000001c356d01570 JavaThread "ClassGraph-worker-28" daemon [_thread_blocked, id=13300, stack(0x0000003fc8a00000,0x0000003fc8b00000)]
  0x000001c356d03720 JavaThread "ClassGraph-worker-29" daemon [_thread_blocked, id=5460, stack(0x0000003fc8b00000,0x0000003fc8c00000)]
  0x000001c356d040c0 JavaThread "ClassGraph-worker-30" daemon [_thread_blocked, id=7784, stack(0x0000003fc8c00000,0x0000003fc8d00000)]
  0x000001c356d04a60 JavaThread "ClassGraph-worker-31" daemon [_thread_blocked, id=13336, stack(0x0000003fc8d00000,0x0000003fc8e00000)]
  0x000001c356d01a40 JavaThread "ClassGraph-worker-32" daemon [_thread_blocked, id=11968, stack(0x0000003fc8e00000,0x0000003fc8f00000)]
  0x000001c356d02d80 JavaThread "ClassGraph-worker-33" daemon [_thread_blocked, id=6724, stack(0x0000003fc8f00000,0x0000003fc9000000)]
  0x000001c356d01f10 JavaThread "ClassGraph-worker-34" daemon [_thread_blocked, id=2540, stack(0x0000003fc9000000,0x0000003fc9100000)]
  0x000001c356d04590 JavaThread "ClassGraph-worker-35" daemon [_thread_blocked, id=11400, stack(0x0000003fc9100000,0x0000003fc9200000)]
  0x000001c356d010a0 JavaThread "ClassGraph-worker-36" daemon [_thread_blocked, id=15364, stack(0x0000003fc9200000,0x0000003fc9300000)]
  0x000001c35579f070 JavaThread "ClassGraph-worker-37" daemon [_thread_blocked, id=5304, stack(0x0000003fc9300000,0x0000003fc9400000)]
  0x000001c3557a03b0 JavaThread "ClassGraph-worker-38" daemon [_thread_blocked, id=14788, stack(0x0000003fc9400000,0x0000003fc9500000)]
  0x000001c3557a5a50 JavaThread "ClassGraph-worker-39" daemon [_thread_blocked, id=12864, stack(0x0000003fc9500000,0x0000003fc9600000)]
  0x000001c3557a2f00 JavaThread "ClassGraph-worker-40" daemon [_thread_blocked, id=1948, stack(0x0000003fc9600000,0x0000003fc9700000)]
  0x000001c35579f540 JavaThread "ClassGraph-worker-41" daemon [_thread_blocked, id=1400, stack(0x0000003fc9700000,0x0000003fc9800000)]

Other Threads:
=>0x000001c35468eda0 VMThread "VM Thread" [stack: 0x0000003fc6a00000,0x0000003fc6b00000] [id=14188]
  0x000001c3339239a0 WatcherThread [stack: 0x0000003fc7600000,0x0000003fc7700000] [id=5624]
  0x000001c333962eb0 GCTaskThread "GC Thread#0" [stack: 0x0000003fc6500000,0x0000003fc6600000] [id=13348]
  0x000001c3559e5d20 GCTaskThread "GC Thread#1" [stack: 0x0000003fc7700000,0x0000003fc7800000] [id=10556]
  0x000001c3559e6050 GCTaskThread "GC Thread#2" [stack: 0x0000003fc7800000,0x0000003fc7900000] [id=14896]
  0x000001c3559e66b0 GCTaskThread "GC Thread#3" [stack: 0x0000003fc8000000,0x0000003fc8100000] [id=13380]
  0x000001c3559e59f0 GCTaskThread "GC Thread#4" [stack: 0x0000003fc8100000,0x0000003fc8200000] [id=10140]
  0x000001c3559e5060 GCTaskThread "GC Thread#5" [stack: 0x0000003fc8200000,0x0000003fc8300000] [id=6024]
  0x000001c356fdd390 GCTaskThread "GC Thread#6" [stack: 0x0000003fc8500000,0x0000003fc8600000] [id=2828]
  0x000001c356fddd20 GCTaskThread "GC Thread#7" [stack: 0x0000003fc8600000,0x0000003fc8700000] [id=13468]
  0x000001c333973bc0 ConcurrentGCThread "G1 Main Marker" [stack: 0x0000003fc6600000,0x0000003fc6700000] [id=7756]
  0x000001c3339747b0 ConcurrentGCThread "G1 Conc#0" [stack: 0x0000003fc6700000,0x0000003fc6800000] [id=5280]
  0x000001c3559e5390 ConcurrentGCThread "G1 Conc#1" [stack: 0x0000003fc7f00000,0x0000003fc8000000] [id=13708]
  0x000001c3339e3160 ConcurrentGCThread "G1 Refine#0" [stack: 0x0000003fc6800000,0x0000003fc6900000] [id=8668]
  0x000001c3559e6cf0 ConcurrentGCThread "G1 Refine#1" [stack: 0x0000003fc7900000,0x0000003fc7a00000] [id=6184]
  0x000001c3559ff780 ConcurrentGCThread "G1 Refine#2" [stack: 0x0000003fc7a00000,0x0000003fc7b00000] [id=11156]
  0x000001c355965790 ConcurrentGCThread "G1 Refine#3" [stack: 0x0000003fc7b00000,0x0000003fc7c00000] [id=3564]
  0x000001c3339e3aa0 ConcurrentGCThread "G1 Young RemSet Sampling" [stack: 0x0000003fc6900000,0x0000003fc6a00000] [id=5856]

Threads with active compile tasks:
C1 CompilerThread0     5918 5020   !   1       nonapi.io.github.classgraph.fastzipfilereader.LogicalZipFile::readCentralDirectory (3373 bytes)

VM state: at safepoint (normal execution)

VM Mutex/Monitor currently owned by a thread:  ([mutex/lock_event])
[0x000001c33391d820] Threads_lock - owner thread: 0x000001c35468eda0
[0x000001c33391e000] Heap_lock - owner thread: 0x000001c3557a03b0

Heap address: 0x0000000082200000, size: 2014 MB, Compressed Oops mode: 32-bit
CDS archive(s) mapped at: [0x0000000800000000-0x0000000800b50000-0x0000000800b50000), size 11862016, SharedBaseAddress: 0x0000000800000000, ArchiveRelocationMode: 0.
Compressed class space mapped at: 0x0000000800b50000-0x0000000840b50000, size: 1073741824
Narrow klass base: 0x0000000800000000, Narrow klass shift: 3, Narrow klass range: 0x100000000

GC Precious Log:
 CPUs: 8 total, 8 available
 Memory: 8050M
 Large Page Support: Disabled
 NUMA Support: Disabled
 Compressed Oops: Enabled (32-bit)
 Heap Region Size: 1M
 Heap Min Capacity: 8M
 Heap Initial Capacity: 126M
 Heap Max Capacity: 2014M
 Pre-touch: Disabled
 Parallel Workers: 8
 Concurrent Workers: 2
 Concurrent Refinement Workers: 8
 Periodic GC: Disabled

Heap:
 garbage-first heap   total 104448K, used 40914K [0x0000000082200000, 0x0000000100000000)
  region size 1024K, 5 young (5120K), 5 survivors (5120K)
 Metaspace       used 58130K, capacity 58751K, committed 58780K, reserved 1099776K
  class space    used 7941K, capacity 8149K, committed 8172K, reserved 1048576K

Heap Regions: E=young(eden), S=young(survivor), O=old, HS=humongous(starts), HC=humongous(continues), CS=collection set, F=free, OA=open archive, CA=closed archive, TAMS=top-at-mark-start (previous, next)
|   0|0x0000000082200000, 0x0000000082300000, 0x0000000082300000|100%|HS|  |TAMS 0x0000000082300000, 0x0000000082200000| Complete 
|   1|0x0000000082300000, 0x0000000082400000, 0x0000000082400000|100%| O|  |TAMS 0x0000000082400000, 0x0000000082300000| Untracked 
|   2|0x0000000082400000, 0x0000000082500000, 0x0000000082500000|100%| O|  |TAMS 0x0000000082500000, 0x0000000082400000| Untracked 
|   3|0x0000000082500000, 0x0000000082600000, 0x0000000082600000|100%| O|  |TAMS 0x0000000082600000, 0x0000000082500000| Untracked 
|   4|0x0000000082600000, 0x0000000082700000, 0x0000000082700000|100%| O|  |TAMS 0x0000000082700000, 0x0000000082600000| Untracked 
|   5|0x0000000082700000, 0x0000000082800000, 0x0000000082800000|100%| O|  |TAMS 0x0000000082800000, 0x0000000082700000| Untracked 
|   6|0x0000000082800000, 0x0000000082900000, 0x0000000082900000|100%| O|  |TAMS 0x0000000082900000, 0x0000000082800000| Untracked 
|   7|0x0000000082900000, 0x0000000082a00000, 0x0000000082a00000|100%| O|  |TAMS 0x0000000082a00000, 0x0000000082900000| Untracked 
|   8|0x0000000082a00000, 0x0000000082a44600, 0x0000000082b00000| 26%| O|  |TAMS 0x0000000082a44600, 0x0000000082a00000| Untracked 
|   9|0x0000000082b00000, 0x0000000082c00000, 0x0000000082c00000|100%| O|  |TAMS 0x0000000082c00000, 0x0000000082b00000| Untracked 
|  10|0x0000000082c00000, 0x0000000082d00000, 0x0000000082d00000|100%| O|  |TAMS 0x0000000082d00000, 0x0000000082c00000| Untracked 
|  11|0x0000000082d00000, 0x0000000082e00000, 0x0000000082e00000|100%| O|  |TAMS 0x0000000082e00000, 0x0000000082d00000| Untracked 
|  12|0x0000000082e00000, 0x0000000082f00000, 0x0000000082f00000|100%| O|  |TAMS 0x0000000082f00000, 0x0000000082e00000| Untracked 
|  13|0x0000000082f00000, 0x0000000083000000, 0x0000000083000000|100%| O|  |TAMS 0x0000000083000000, 0x0000000082f00000| Untracked 
|  14|0x0000000083000000, 0x0000000083100000, 0x0000000083100000|100%| O|  |TAMS 0x000000008300f200, 0x0000000083000000| Untracked 
|  15|0x0000000083100000, 0x0000000083200000, 0x0000000083200000|100%| O|  |TAMS 0x0000000083100000, 0x0000000083100000| Untracked 
|  16|0x0000000083200000, 0x0000000083300000, 0x0000000083300000|100%| O|  |TAMS 0x0000000083200000, 0x0000000083200000| Untracked 
|  17|0x0000000083300000, 0x0000000083400000, 0x0000000083400000|100%| O|  |TAMS 0x0000000083300000, 0x0000000083300000| Untracked 
|  18|0x0000000083400000, 0x0000000083500000, 0x0000000083500000|100%| O|  |TAMS 0x0000000083400000, 0x0000000083400000| Untracked 
|  19|0x0000000083500000, 0x0000000083600000, 0x0000000083600000|100%| O|  |TAMS 0x0000000083500000, 0x0000000083500000| Untracked 
|  20|0x0000000083600000, 0x0000000083700000, 0x0000000083700000|100%| O|  |TAMS 0x0000000083600000, 0x0000000083600000| Untracked 
|  21|0x0000000083700000, 0x0000000083700000, 0x0000000083800000|  0%| F|  |TAMS 0x0000000083700000, 0x0000000083700000| Untracked 
|  22|0x0000000083800000, 0x0000000083900000, 0x0000000083900000|100%| O|  |TAMS 0x0000000083800000, 0x0000000083800000| Untracked 
|  23|0x0000000083900000, 0x0000000083a00000, 0x0000000083a00000|100%| O|  |TAMS 0x0000000083900000, 0x0000000083900000| Untracked 
|  24|0x0000000083a00000, 0x0000000083b00000, 0x0000000083b00000|100%| O|  |TAMS 0x0000000083a00000, 0x0000000083a00000| Untracked 
|  25|0x0000000083b00000, 0x0000000083c00000, 0x0000000083c00000|100%| O|  |TAMS 0x0000000083b00000, 0x0000000083b00000| Untracked 
|  26|0x0000000083c00000, 0x0000000083d00000, 0x0000000083d00000|100%| O|  |TAMS 0x0000000083c00000, 0x0000000083c00000| Untracked 
|  27|0x0000000083d00000, 0x0000000083e00000, 0x0000000083e00000|100%| O|  |TAMS 0x0000000083d00000, 0x0000000083d00000| Untracked 
|  28|0x0000000083e00000, 0x0000000083f00000, 0x0000000083f00000|100%| O|  |TAMS 0x0000000083e00000, 0x0000000083e00000| Untracked 
|  29|0x0000000083f00000, 0x0000000084000000, 0x0000000084000000|100%| O|  |TAMS 0x0000000083f00000, 0x0000000083f00000| Untracked 
|  30|0x0000000084000000, 0x0000000084100000, 0x0000000084100000|100%| O|  |TAMS 0x0000000084000000, 0x0000000084000000| Untracked 
|  31|0x0000000084100000, 0x0000000084200000, 0x0000000084200000|100%| O|  |TAMS 0x0000000084100000, 0x0000000084100000| Untracked 
|  32|0x0000000084200000, 0x0000000084300000, 0x0000000084300000|100%| O|  |TAMS 0x0000000084200000, 0x0000000084200000| Untracked 
|  33|0x0000000084300000, 0x0000000084400000, 0x0000000084400000|100%| O|  |TAMS 0x0000000084300000, 0x0000000084300000| Untracked 
|  34|0x0000000084400000, 0x0000000084500000, 0x0000000084500000|100%| O|  |TAMS 0x0000000084400000, 0x0000000084400000| Untracked 
|  35|0x0000000084500000, 0x0000000084500000, 0x0000000084600000|  0%| F|  |TAMS 0x0000000084500000, 0x0000000084500000| Untracked 
|  36|0x0000000084600000, 0x0000000084600000, 0x0000000084700000|  0%| F|  |TAMS 0x0000000084600000, 0x0000000084600000| Untracked 
|  37|0x0000000084700000, 0x0000000084700000, 0x0000000084800000|  0%| F|  |TAMS 0x0000000084700000, 0x0000000084700000| Untracked 
|  38|0x0000000084800000, 0x0000000084800000, 0x0000000084900000|  0%| F|  |TAMS 0x0000000084800000, 0x0000000084800000| Untracked 
|  39|0x0000000084900000, 0x0000000084a00000, 0x0000000084a00000|100%| O|  |TAMS 0x0000000084900000, 0x0000000084900000| Untracked 
|  40|0x0000000084a00000, 0x0000000084ab0400, 0x0000000084b00000| 68%| O|  |TAMS 0x0000000084a00000, 0x0000000084a00000| Untracked 
|  41|0x0000000084b00000, 0x0000000084b00000, 0x0000000084c00000|  0%| F|  |TAMS 0x0000000084b00000, 0x0000000084b00000| Untracked 
|  42|0x0000000084c00000, 0x0000000084c00000, 0x0000000084d00000|  0%| F|  |TAMS 0x0000000084c00000, 0x0000000084c00000| Untracked 
|  43|0x0000000084d00000, 0x0000000084d00000, 0x0000000084e00000|  0%| F|  |TAMS 0x0000000084d00000, 0x0000000084d00000| Untracked 
|  44|0x0000000084e00000, 0x0000000084e00000, 0x0000000084f00000|  0%| F|  |TAMS 0x0000000084e00000, 0x0000000084e00000| Untracked 
|  45|0x0000000084f00000, 0x0000000084f00000, 0x0000000085000000|  0%| F|  |TAMS 0x0000000084f00000, 0x0000000084f00000| Untracked 
|  46|0x0000000085000000, 0x0000000085100000, 0x0000000085100000|100%| S|CS|TAMS 0x0000000085000000, 0x0000000085000000| Complete 
|  47|0x0000000085100000, 0x0000000085200000, 0x0000000085200000|100%| S|CS|TAMS 0x0000000085100000, 0x0000000085100000| Complete 
|  48|0x0000000085200000, 0x0000000085300000, 0x0000000085300000|100%| S|CS|TAMS 0x0000000085200000, 0x0000000085200000| Complete 
|  49|0x0000000085300000, 0x0000000085400000, 0x0000000085400000|100%| S|CS|TAMS 0x0000000085300000, 0x0000000085300000| Complete 
|  50|0x0000000085400000, 0x0000000085500000, 0x0000000085500000|100%| S|CS|TAMS 0x0000000085400000, 0x0000000085400000| Complete 
|  51|0x0000000085500000, 0x0000000085500000, 0x0000000085600000|  0%| F|  |TAMS 0x0000000085500000, 0x0000000085500000| Untracked 
|  52|0x0000000085600000, 0x0000000085600000, 0x0000000085700000|  0%| F|  |TAMS 0x0000000085600000, 0x0000000085600000| Untracked 
|  53|0x0000000085700000, 0x0000000085700000, 0x0000000085800000|  0%| F|  |TAMS 0x0000000085700000, 0x0000000085700000| Untracked 
|  54|0x0000000085800000, 0x0000000085800000, 0x0000000085900000|  0%| F|  |TAMS 0x0000000085800000, 0x0000000085800000| Untracked 
|  55|0x0000000085900000, 0x0000000085900000, 0x0000000085a00000|  0%| F|  |TAMS 0x0000000085900000, 0x0000000085900000| Untracked 
|  56|0x0000000085a00000, 0x0000000085a00000, 0x0000000085b00000|  0%| F|  |TAMS 0x0000000085a00000, 0x0000000085a00000| Untracked 
|  57|0x0000000085b00000, 0x0000000085b00000, 0x0000000085c00000|  0%| F|  |TAMS 0x0000000085b00000, 0x0000000085b00000| Untracked 
|  58|0x0000000085c00000, 0x0000000085c00000, 0x0000000085d00000|  0%| F|  |TAMS 0x0000000085c00000, 0x0000000085c00000| Untracked 
|  59|0x0000000085d00000, 0x0000000085d00000, 0x0000000085e00000|  0%| F|  |TAMS 0x0000000085d00000, 0x0000000085d00000| Untracked 
|  60|0x0000000085e00000, 0x0000000085e00000, 0x0000000085f00000|  0%| F|  |TAMS 0x0000000085e00000, 0x0000000085e00000| Untracked 
|  61|0x0000000085f00000, 0x0000000085f00000, 0x0000000086000000|  0%| F|  |TAMS 0x0000000085f00000, 0x0000000085f00000| Untracked 
|  62|0x0000000086000000, 0x0000000086000000, 0x0000000086100000|  0%| F|  |TAMS 0x0000000086000000, 0x0000000086000000| Untracked 
|  63|0x0000000086100000, 0x0000000086100000, 0x0000000086200000|  0%| F|  |TAMS 0x0000000086100000, 0x0000000086100000| Untracked 
|  64|0x0000000086200000, 0x0000000086200000, 0x0000000086300000|  0%| F|  |TAMS 0x0000000086200000, 0x0000000086200000| Untracked 
|  65|0x0000000086300000, 0x0000000086300000, 0x0000000086400000|  0%| F|  |TAMS 0x0000000086300000, 0x0000000086300000| Untracked 
|  66|0x0000000086400000, 0x0000000086400000, 0x0000000086500000|  0%| F|  |TAMS 0x0000000086400000, 0x0000000086400000| Untracked 
|  67|0x0000000086500000, 0x0000000086500000, 0x0000000086600000|  0%| F|  |TAMS 0x0000000086500000, 0x0000000086500000| Untracked 
|  68|0x0000000086600000, 0x0000000086600000, 0x0000000086700000|  0%| F|  |TAMS 0x0000000086600000, 0x0000000086600000| Untracked 
|  69|0x0000000086700000, 0x0000000086700000, 0x0000000086800000|  0%| F|  |TAMS 0x0000000086700000, 0x0000000086700000| Untracked 
|  70|0x0000000086800000, 0x0000000086800000, 0x0000000086900000|  0%| F|  |TAMS 0x0000000086800000, 0x0000000086800000| Untracked 
|  71|0x0000000086900000, 0x0000000086900000, 0x0000000086a00000|  0%| F|  |TAMS 0x0000000086900000, 0x0000000086900000| Untracked 
|  72|0x0000000086a00000, 0x0000000086a00000, 0x0000000086b00000|  0%| F|  |TAMS 0x0000000086a00000, 0x0000000086a00000| Untracked 
|  73|0x0000000086b00000, 0x0000000086b00000, 0x0000000086c00000|  0%| F|  |TAMS 0x0000000086b00000, 0x0000000086b00000| Untracked 
|  74|0x0000000086c00000, 0x0000000086c00000, 0x0000000086d00000|  0%| F|  |TAMS 0x0000000086c00000, 0x0000000086c00000| Untracked 
| 117|0x0000000089700000, 0x0000000089700000, 0x0000000089800000|  0%| F|  |TAMS 0x0000000089700000, 0x0000000089700000| Untracked 
| 118|0x0000000089800000, 0x0000000089800000, 0x0000000089900000|  0%| F|  |TAMS 0x0000000089800000, 0x0000000089800000| Untracked 
| 119|0x0000000089900000, 0x0000000089900000, 0x0000000089a00000|  0%| F|  |TAMS 0x0000000089900000, 0x0000000089900000| Untracked 
| 120|0x0000000089a00000, 0x0000000089a00000, 0x0000000089b00000|  0%| F|  |TAMS 0x0000000089a00000, 0x0000000089a00000| Untracked 
| 125|0x0000000089f00000, 0x0000000089f00000, 0x000000008a000000|  0%| F|  |TAMS 0x0000000089f00000, 0x0000000089f00000| Untracked 

Card table byte_map: [0x000001c34d4f0000,0x000001c34d8e0000] _byte_map_base: 0x000001c34d0df000

Marking Bits (Prev, Next): (CMBitMap*) 0x000001c3339636a0, (CMBitMap*) 0x000001c3339636e0
 Prev Bits: [0x000001c34dcd0000, 0x000001c34fc48000)
 Next Bits: [0x000001c34fc50000, 0x000001c351bc8000)

Polling page: 0x000001c3337d0000

Metaspace:

Usage:
  Non-class:     49.42 MB capacity,    49.01 MB (>99%) used,   331.30 KB ( <1%) free+waste,    82.00 KB ( <1%) overhead. 
      Class:      7.96 MB capacity,     7.76 MB ( 97%) used,   174.05 KB (  2%) free+waste,    33.19 KB ( <1%) overhead. 
       Both:     57.37 MB capacity,    56.77 MB ( 99%) used,   505.36 KB ( <1%) free+waste,   115.19 KB ( <1%) overhead. 

Virtual space:
  Non-class space:       50.00 MB reserved,      49.42 MB ( 99%) committed 
      Class space:        1.00 GB reserved,       7.98 MB ( <1%) committed 
             Both:        1.05 GB reserved,      57.40 MB (  5%) committed 

Chunk freelists:
   Non-Class:  6.00 KB
       Class:  11.00 KB
        Both:  17.00 KB

MaxMetaspaceSize: 17179869184.00 GB
CompressedClassSpaceSize: 1.00 GB

CodeHeap 'non-profiled nmethods': size=238336Kb used=7996Kb max_used=7996Kb free=230339Kb
 bounds [0x000001c33ddb0000, 0x000001c33e580000, 0x000001c34c670000]
CodeHeap 'non-nmethods': size=7424Kb used=1300Kb max_used=1300Kb free=6123Kb
 bounds [0x000001c33d670000, 0x000001c33d8e0000, 0x000001c33ddb0000]
 total_blobs=5612 nmethods=5019 adapters=518
 compilation: enabled
              stopped_count=0, restarted_count=0
 full_count=0

Compilation events (20 events):
Event: 5.858 Thread 0x000001c3546bf0e0 nmethod 5009 0x000001c33e57c290 code [0x000001c33e57c440, 0x000001c33e57c618]
Event: 5.858 Thread 0x000001c3546bf0e0 5010       1       nonapi.io.github.classgraph.fileslice.reader.RandomAccessFileChannelReader::<init> (40 bytes)
Event: 5.858 Thread 0x000001c3546bf0e0 nmethod 5010 0x000001c33e57c710 code [0x000001c33e57c8e0, 0x000001c33e57cd58]
Event: 5.858 Thread 0x000001c3546bf0e0 5014       1       sun.nio.fs.WindowsFileAttributes::isSymbolicLink (15 bytes)
Event: 5.858 Thread 0x000001c3546bf0e0 nmethod 5014 0x000001c33e57cf10 code [0x000001c33e57d0a0, 0x000001c33e57d178]
Event: 5.858 Thread 0x000001c3546bf0e0 5013       1       io.github.classgraph.ClasspathElementZip::hashCode (8 bytes)
Event: 5.858 Thread 0x000001c3546bf0e0 nmethod 5013 0x000001c33e57d210 code [0x000001c33e57d3c0, 0x000001c33e57d4b8]
Event: 5.858 Thread 0x000001c3546bf0e0 5011   !   1       java.util.zip.Inflater::needsDictionary (19 bytes)
Event: 5.858 Thread 0x000001c3546bf0e0 nmethod 5011 0x000001c33e57d590 code [0x000001c33e57d720, 0x000001c33e57d8b8]
Event: 5.859 Thread 0x000001c3546bf0e0 5015       1       java.util.concurrent.CountDownLatch::<init> (31 bytes)
Event: 5.859 Thread 0x000001c3546bf0e0 nmethod 5015 0x000001c33e57d990 code [0x000001c33e57db40, 0x000001c33e57dd88]
Event: 5.863 Thread 0x000001c3546bf0e0 5016       1       java.util.concurrent.CountDownLatch::countDown (10 bytes)
Event: 5.864 Thread 0x000001c3546bf0e0 nmethod 5016 0x000001c33e57de90 code [0x000001c33e57e040, 0x000001c33e57e178]
Event: 5.864 Thread 0x000001c3546bf0e0 5017       1       java.util.concurrent.CountDownLatch$Sync::tryReleaseShared (37 bytes)
Event: 5.864 Thread 0x000001c3546bf0e0 nmethod 5017 0x000001c33e57e290 code [0x000001c33e57e420, 0x000001c33e57e558]
Event: 5.864 Thread 0x000001c3546bf0e0 5018       1       nonapi.io.github.classgraph.concurrency.SingletonMap$SingletonHolder::set (57 bytes)
Event: 5.864 Thread 0x000001c3546bf0e0 nmethod 5018 0x000001c33e57e610 code [0x000001c33e57e800, 0x000001c33e57eb58]
Event: 5.865 Thread 0x000001c3546bf0e0 5019       1       nonapi.io.github.classgraph.fileslice.reader.RandomAccessFileChannelReader::readUnsignedInt (11 bytes)
Event: 5.865 Thread 0x000001c3546bf0e0 nmethod 5019 0x000001c33e57ed90 code [0x000001c33e57ef20, 0x000001c33e57f008]
Event: 5.866 Thread 0x000001c3546bf0e0 5020   !   1       nonapi.io.github.classgraph.fastzipfilereader.LogicalZipFile::readCentralDirectory (3373 bytes)

GC Heap History (20 events):
Event: 1.906 GC heap after
{Heap after GC invocations=3 (full 0):
 garbage-first heap   total 129024K, used 12258K [0x0000000082200000, 0x0000000100000000)
  region size 1024K, 4 young (4096K), 4 survivors (4096K)
 Metaspace       used 19887K, capacity 20281K, committed 20608K, reserved 1067008K
  class space    used 2724K, capacity 2826K, committed 2944K, reserved 1048576K
}
Event: 1.946 GC heap before
{Heap before GC invocations=3 (full 0):
 garbage-first heap   total 129024K, used 16354K [0x0000000082200000, 0x0000000100000000)
  region size 1024K, 9 young (9216K), 4 survivors (4096K)
 Metaspace       used 20878K, capacity 21209K, committed 21296K, reserved 1067008K
  class space    used 2818K, capacity 2922K, committed 2944K, reserved 1048576K
}
Event: 1.950 GC heap after
{Heap after GC invocations=4 (full 0):
 garbage-first heap   total 129024K, used 12561K [0x0000000082200000, 0x0000000100000000)
  region size 1024K, 4 young (4096K), 4 survivors (4096K)
 Metaspace       used 20878K, capacity 21209K, committed 21296K, reserved 1067008K
  class space    used 2818K, capacity 2922K, committed 2944K, reserved 1048576K
}
Event: 2.264 GC heap before
{Heap before GC invocations=5 (full 0):
 garbage-first heap   total 48128K, used 47377K [0x0000000082200000, 0x0000000100000000)
  region size 1024K, 38 young (38912K), 4 survivors (4096K)
 Metaspace       used 24398K, capacity 24786K, committed 24880K, reserved 1071104K
  class space    used 3302K, capacity 3427K, committed 3456K, reserved 1048576K
}
Event: 2.273 GC heap after
{Heap after GC invocations=6 (full 0):
 garbage-first heap   total 67584K, used 14072K [0x0000000082200000, 0x0000000100000000)
  region size 1024K, 6 young (6144K), 6 survivors (6144K)
 Metaspace       used 24398K, capacity 24786K, committed 24880K, reserved 1071104K
  class space    used 3302K, capacity 3427K, committed 3456K, reserved 1048576K
}
Event: 2.861 GC heap before
{Heap before GC invocations=6 (full 0):
 garbage-first heap   total 67584K, used 47864K [0x0000000082200000, 0x0000000100000000)
  region size 1024K, 39 young (39936K), 6 survivors (6144K)
 Metaspace       used 29092K, capacity 29529K, committed 29744K, reserved 1075200K
  class space    used 3967K, capacity 4098K, committed 4224K, reserved 1048576K
}
Event: 2.871 GC heap after
{Heap after GC invocations=7 (full 0):
 garbage-first heap   total 67584K, used 15938K [0x0000000082200000, 0x0000000100000000)
  region size 1024K, 5 young (5120K), 5 survivors (5120K)
 Metaspace       used 29092K, capacity 29529K, committed 29744K, reserved 1075200K
  class space    used 3967K, capacity 4098K, committed 4224K, reserved 1048576K
}
Event: 3.259 GC heap before
{Heap before GC invocations=7 (full 0):
 garbage-first heap   total 67584K, used 48706K [0x0000000082200000, 0x0000000100000000)
  region size 1024K, 37 young (37888K), 5 survivors (5120K)
 Metaspace       used 33747K, capacity 34269K, committed 34352K, reserved 1079296K
  class space    used 4548K, capacity 4718K, committed 4736K, reserved 1048576K
}
Event: 3.277 GC heap after
{Heap after GC invocations=8 (full 0):
 garbage-first heap   total 67584K, used 18469K [0x0000000082200000, 0x0000000100000000)
  region size 1024K, 5 young (5120K), 5 survivors (5120K)
 Metaspace       used 33747K, capacity 34269K, committed 34352K, reserved 1079296K
  class space    used 4548K, capacity 4718K, committed 4736K, reserved 1048576K
}
Event: 3.441 GC heap before
{Heap before GC invocations=8 (full 0):
 garbage-first heap   total 67584K, used 25637K [0x0000000082200000, 0x0000000100000000)
  region size 1024K, 13 young (13312K), 5 survivors (5120K)
 Metaspace       used 35414K, capacity 35869K, committed 35888K, reserved 1081344K
  class space    used 4808K, capacity 4974K, committed 4992K, reserved 1048576K
}
Event: 3.446 GC heap after
{Heap after GC invocations=9 (full 0):
 garbage-first heap   total 67584K, used 19044K [0x0000000082200000, 0x0000000100000000)
  region size 1024K, 3 young (3072K), 3 survivors (3072K)
 Metaspace       used 35414K, capacity 35869K, committed 35888K, reserved 1081344K
  class space    used 4808K, capacity 4974K, committed 4992K, reserved 1048576K
}
Event: 4.169 GC heap before
{Heap before GC invocations=10 (full 0):
 garbage-first heap   total 67584K, used 51812K [0x0000000082200000, 0x0000000100000000)
  region size 1024K, 35 young (35840K), 3 survivors (3072K)
 Metaspace       used 43180K, capacity 43695K, committed 43932K, reserved 1087488K
  class space    used 5898K, capacity 6067K, committed 6124K, reserved 1048576K
}
Event: 4.178 GC heap after
{Heap after GC invocations=11 (full 0):
 garbage-first heap   total 81920K, used 20797K [0x0000000082200000, 0x0000000100000000)
  region size 1024K, 5 young (5120K), 5 survivors (5120K)
 Metaspace       used 43180K, capacity 43695K, committed 43932K, reserved 1087488K
  class space    used 5898K, capacity 6067K, committed 6124K, reserved 1048576K
}
Event: 4.876 GC heap before
{Heap before GC invocations=11 (full 0):
 garbage-first heap   total 81920K, used 62781K [0x0000000082200000, 0x0000000100000000)
  region size 1024K, 46 young (47104K), 5 survivors (5120K)
 Metaspace       used 50814K, capacity 51324K, committed 51484K, reserved 1093632K
  class space    used 7026K, capacity 7198K, committed 7276K, reserved 1048576K
}
Event: 4.894 GC heap after
{Heap after GC invocations=12 (full 0):
 garbage-first heap   total 81920K, used 23160K [0x0000000082200000, 0x0000000100000000)
  region size 1024K, 5 young (5120K), 5 survivors (5120K)
 Metaspace       used 50814K, capacity 51324K, committed 51484K, reserved 1093632K
  class space    used 7026K, capacity 7198K, committed 7276K, reserved 1048576K
}
Event: 5.394 GC heap before
{Heap before GC invocations=12 (full 0):
 garbage-first heap   total 81920K, used 63096K [0x0000000082200000, 0x0000000100000000)
  region size 1024K, 44 young (45056K), 5 survivors (5120K)
 Metaspace       used 56614K, capacity 57215K, committed 57372K, reserved 1099776K
  class space    used 7772K, capacity 7960K, committed 8044K, reserved 1048576K
}
Event: 5.415 GC heap after
{Heap after GC invocations=13 (full 0):
 garbage-first heap   total 81920K, used 26121K [0x0000000082200000, 0x0000000100000000)
  region size 1024K, 6 young (6144K), 6 survivors (6144K)
 Metaspace       used 56614K, capacity 57215K, committed 57372K, reserved 1099776K
  class space    used 7772K, capacity 7960K, committed 8044K, reserved 1048576K
}
Event: 5.736 GC heap before
{Heap before GC invocations=13 (full 0):
 garbage-first heap   total 81920K, used 64009K [0x0000000082200000, 0x0000000100000000)
  region size 1024K, 43 young (44032K), 6 survivors (6144K)
 Metaspace       used 58026K, capacity 58652K, committed 58780K, reserved 1099776K
  class space    used 7930K, capacity 8116K, committed 8172K, reserved 1048576K
}
Event: 5.744 GC heap after
{Heap after GC invocations=14 (full 0):
 garbage-first heap   total 81920K, used 32792K [0x0000000082200000, 0x0000000100000000)
  region size 1024K, 6 young (6144K), 6 survivors (6144K)
 Metaspace       used 58026K, capacity 58652K, committed 58780K, reserved 1099776K
  class space    used 7930K, capacity 8116K, committed 8172K, reserved 1048576K
}
Event: 5.890 GC heap before
{Heap before GC invocations=14 (full 0):
 garbage-first heap   total 81920K, used 62488K [0x0000000082200000, 0x0000000100000000)
  region size 1024K, 35 young (35840K), 6 survivors (6144K)
 Metaspace       used 58130K, capacity 58751K, committed 58780K, reserved 1099776K
  class space    used 7941K, capacity 8149K, committed 8172K, reserved 1048576K
}

Deoptimization events (6 events):
Event: 2.282 Thread 0x000001c333922a60 DEOPT PACKING pc=0x000001c33e0b6b54 sp=0x0000003fc64fd7a0
Event: 2.282 Thread 0x000001c333922a60 DEOPT UNPACKING pc=0x000001c33d6be23f sp=0x0000003fc64fccf8 mode 0
Event: 5.159 Thread 0x000001c333922a60 DEOPT PACKING pc=0x000001c33e05c04a sp=0x0000003fc64fdd00
Event: 5.159 Thread 0x000001c333922a60 DEOPT UNPACKING pc=0x000001c33d6be23f sp=0x0000003fc64fd208 mode 3
Event: 5.159 Thread 0x000001c333922a60 DEOPT PACKING pc=0x000001c33e05712d sp=0x0000003fc64fdcc0
Event: 5.159 Thread 0x000001c333922a60 DEOPT UNPACKING pc=0x000001c33d6be23f sp=0x0000003fc64fd208 mode 3

Classes unloaded (0 events):
No events

Classes redefined (0 events):
No events

Internal exceptions (20 events):
Event: 5.852 Thread 0x000001c356d03720 Exception <a 'sun/nio/fs/WindowsException'{0x0000000086719f80}> (0x0000000086719f80) 
thrown [./src/hotspot/share/prims/jni.cpp, line 578]
Event: 5.852 Thread 0x000001c356d040c0 Exception <a 'sun/nio/fs/WindowsException'{0x000000008672e3c0}> (0x000000008672e3c0) 
thrown [./src/hotspot/share/prims/jni.cpp, line 578]
Event: 5.852 Thread 0x000001c356d03720 Exception <a 'sun/nio/fs/WindowsException'{0x000000008671a2a8}> (0x000000008671a2a8) 
thrown [./src/hotspot/share/prims/jni.cpp, line 578]
Event: 5.852 Thread 0x000001c356d040c0 Exception <a 'sun/nio/fs/WindowsException'{0x000000008672e6f0}> (0x000000008672e6f0) 
thrown [./src/hotspot/share/prims/jni.cpp, line 578]
Event: 5.853 Thread 0x000001c356d03720 Exception <a 'sun/nio/fs/WindowsException'{0x000000008671ac00}> (0x000000008671ac00) 
thrown [./src/hotspot/share/prims/jni.cpp, line 578]
Event: 5.853 Thread 0x000001c356d040c0 Exception <a 'sun/nio/fs/WindowsException'{0x000000008672f088}> (0x000000008672f088) 
thrown [./src/hotspot/share/prims/jni.cpp, line 578]
Event: 5.853 Thread 0x000001c356d03720 Exception <a 'sun/nio/fs/WindowsException'{0x000000008671af18}> (0x000000008671af18) 
thrown [./src/hotspot/share/prims/jni.cpp, line 578]
Event: 5.853 Thread 0x000001c356d040c0 Exception <a 'sun/nio/fs/WindowsException'{0x000000008672f3d8}> (0x000000008672f3d8) 
thrown [./src/hotspot/share/prims/jni.cpp, line 578]
Event: 5.853 Thread 0x000001c356d03720 Exception <a 'sun/nio/fs/WindowsException'{0x000000008671b880}> (0x000000008671b880) 
thrown [./src/hotspot/share/prims/jni.cpp, line 578]
Event: 5.853 Thread 0x000001c356d03720 Exception <a 'sun/nio/fs/WindowsException'{0x000000008671bba8}> (0x000000008671bba8) 
thrown [./src/hotspot/share/prims/jni.cpp, line 578]
Event: 5.853 Thread 0x000001c356d03720 Exception <a 'sun/nio/fs/WindowsException'{0x000000008671c528}> (0x000000008671c528) 
thrown [./src/hotspot/share/prims/jni.cpp, line 578]
Event: 5.853 Thread 0x000001c356d03720 Exception <a 'sun/nio/fs/WindowsException'{0x000000008671c870}> (0x000000008671c870) 
thrown [./src/hotspot/share/prims/jni.cpp, line 578]
Event: 5.853 Thread 0x000001c356d03720 Exception <a 'sun/nio/fs/WindowsException'{0x000000008671d208}> (0x000000008671d208) 
thrown [./src/hotspot/share/prims/jni.cpp, line 578]
Event: 5.854 Thread 0x000001c356d03720 Exception <a 'sun/nio/fs/WindowsException'{0x000000008671d568}> (0x000000008671d568) 
thrown [./src/hotspot/share/prims/jni.cpp, line 578]
Event: 5.854 Thread 0x000001c356d03720 Exception <a 'sun/nio/fs/WindowsException'{0x000000008671def8}> (0x000000008671def8) 
thrown [./src/hotspot/share/prims/jni.cpp, line 578]
Event: 5.854 Thread 0x000001c356d03720 Exception <a 'sun/nio/fs/WindowsException'{0x000000008671e250}> (0x000000008671e250) 
thrown [./src/hotspot/share/prims/jni.cpp, line 578]
Event: 5.853 Thread 0x000001c356d040c0 Exception <a 'sun/nio/fs/WindowsException'{0x000000008672fd80}> (0x000000008672fd80) 
thrown [./src/hotspot/share/prims/jni.cpp, line 578]
Event: 5.855 Thread 0x000001c356d040c0 Exception <a 'sun/nio/fs/WindowsException'{0x00000000867300e0}> (0x00000000867300e0) 
thrown [./src/hotspot/share/prims/jni.cpp, line 578]
Event: 5.855 Thread 0x000001c356d040c0 Exception <a 'sun/nio/fs/WindowsException'{0x0000000086730a80}> (0x0000000086730a80) 
thrown [./src/hotspot/share/prims/jni.cpp, line 578]
Event: 5.855 Thread 0x000001c356d040c0 Exception <a 'sun/nio/fs/WindowsException'{0x0000000086730de0}> (0x0000000086730de0) 
thrown [./src/hotspot/share/prims/jni.cpp, line 578]

Events (20 events):
Event: 5.878 Executing VM operation: ICBufferFull done
Event: 5.878 Executing VM operation: ICBufferFull
Event: 5.878 Executing VM operation: ICBufferFull done
Event: 5.881 Executing VM operation: ICBufferFull
Event: 5.881 Executing coalesced safepoint VM operation: ICBufferFull
Event: 5.881 Executing coalesced safepoint VM operation: ICBufferFull done
Event: 5.881 Executing VM operation: ICBufferFull done
Event: 5.882 Executing VM operation: ICBufferFull
Event: 5.883 Executing VM operation: ICBufferFull done
Event: 5.883 Executing VM operation: ICBufferFull
Event: 5.884 Executing VM operation: ICBufferFull done
Event: 5.885 Executing VM operation: ICBufferFull
Event: 5.886 Executing coalesced safepoint VM operation: ICBufferFull
Event: 5.886 Executing coalesced safepoint VM operation: ICBufferFull done
Event: 5.886 Executing VM operation: ICBufferFull done
Event: 5.889 Executing VM operation: ICBufferFull
Event: 5.889 Executing coalesced safepoint VM operation: ICBufferFull
Event: 5.889 Executing coalesced safepoint VM operation: ICBufferFull done
Event: 5.889 Executing VM operation: ICBufferFull done
Event: 5.890 Executing VM operation: G1CollectForAllocation


Dynamic libraries:
0x00007ff645780000 - 0x00007ff64578d000 	C:\Users\artem.belyshev\.jdks\azul-15.0.10\bin\java.exe
0x00007ffb28cf0000 - 0x00007ffb28ee8000 	C:\Windows\SYSTEM32\ntdll.dll
0x00007ffb27ef0000 - 0x00007ffb27faf000 	C:\Windows\System32\KERNEL32.DLL
0x00007ffb26690000 - 0x00007ffb26962000 	C:\Windows\System32\KERNELBASE.dll
0x00007ffb264f0000 - 0x00007ffb265f0000 	C:\Windows\System32\ucrtbase.dll
0x00007ffae6000000 - 0x00007ffae6018000 	C:\Users\artem.belyshev\.jdks\azul-15.0.10\bin\jli.dll
0x00007ffb13a00000 - 0x00007ffb13a15000 	C:\Users\artem.belyshev\.jdks\azul-15.0.10\bin\VCRUNTIME140.dll
0x00007ffb280e0000 - 0x00007ffb28281000 	C:\Windows\System32\USER32.dll
0x00007ffb26d00000 - 0x00007ffb26d22000 	C:\Windows\System32\win32u.dll
0x00007ffb06c50000 - 0x00007ffb06eea000 	C:\Windows\WinSxS\amd64_microsoft.windows.common-controls_6595b64144ccf1df_6.0.19041.1110_none_60b5254171f9507e\COMCTL32.dll
0x00007ffb277d0000 - 0x00007ffb277fb000 	C:\Windows\System32\GDI32.dll
0x00007ffb278a0000 - 0x00007ffb2793e000 	C:\Windows\System32\msvcrt.dll
0x00007ffb263e0000 - 0x00007ffb264ef000 	C:\Windows\System32\gdi32full.dll
0x00007ffb265f0000 - 0x00007ffb2668d000 	C:\Windows\System32\msvcp_win.dll
0x00007ffb27790000 - 0x00007ffb277c2000 	C:\Windows\System32\IMM32.DLL
0x00007ffacae20000 - 0x00007ffacaebb000 	C:\Users\artem.belyshev\.jdks\azul-15.0.10\bin\msvcp140.dll
0x00007ffa77e50000 - 0x00007ffa789ec000 	C:\Users\artem.belyshev\.jdks\azul-15.0.10\bin\server\jvm.dll
0x00007ffb283b0000 - 0x00007ffb2845e000 	C:\Windows\System32\ADVAPI32.dll
0x00007ffb27800000 - 0x00007ffb2789c000 	C:\Windows\System32\sechost.dll
0x00007ffb279a0000 - 0x00007ffb27ac5000 	C:\Windows\System32\RPCRT4.dll
0x00007ffb27ee0000 - 0x00007ffb27ee8000 	C:\Windows\System32\PSAPI.DLL
0x00007ffb089d0000 - 0x00007ffb089d9000 	C:\Windows\SYSTEM32\WSOCK32.dll
0x00007ffb13e00000 - 0x00007ffb13e27000 	C:\Windows\SYSTEM32\WINMM.dll
0x00007ffb1bda0000 - 0x00007ffb1bdaa000 	C:\Windows\SYSTEM32\VERSION.dll
0x00007ffb28460000 - 0x00007ffb284cb000 	C:\Windows\System32\WS2_32.dll
0x00007ffb24c30000 - 0x00007ffb24c42000 	C:\Windows\SYSTEM32\kernel.appcore.dll
0x00007ffb13b70000 - 0x00007ffb13b7a000 	C:\Users\artem.belyshev\.jdks\azul-15.0.10\bin\jimage.dll
0x00007ffb20aa0000 - 0x00007ffb20c84000 	C:\Windows\SYSTEM32\DBGHELP.DLL
0x00007ffb1c860000 - 0x00007ffb1c895000 	C:\Windows\SYSTEM32\dbgcore.DLL
0x00007ffb26c70000 - 0x00007ffb26cf2000 	C:\Windows\System32\bcryptPrimitives.dll
0x00007ffb1d880000 - 0x00007ffb1d88e000 	C:\Users\artem.belyshev\.jdks\azul-15.0.10\bin\instrument.dll
0x00007ffaa0cc0000 - 0x00007ffaa0ce5000 	C:\Users\artem.belyshev\.jdks\azul-15.0.10\bin\java.dll
0x00007ffb27040000 - 0x00007ffb27785000 	C:\Windows\System32\SHELL32.dll
0x00007ffb24450000 - 0x00007ffb24be2000 	C:\Windows\SYSTEM32\windows.storage.dll
0x00007ffb27ad0000 - 0x00007ffb27e25000 	C:\Windows\System32\combase.dll
0x00007ffb25dd0000 - 0x00007ffb25e00000 	C:\Windows\SYSTEM32\Wldp.dll
0x00007ffb26f90000 - 0x00007ffb2703d000 	C:\Windows\System32\SHCORE.dll
0x00007ffb27940000 - 0x00007ffb27995000 	C:\Windows\System32\shlwapi.dll
0x00007ffb26320000 - 0x00007ffb2633f000 	C:\Windows\SYSTEM32\profapi.dll
0x00007ffaa56c0000 - 0x00007ffaa56d8000 	C:\Users\artem.belyshev\.jdks\azul-15.0.10\bin\zip.dll
0x00007ffae5fe0000 - 0x00007ffae5ff9000 	C:\Users\artem.belyshev\.jdks\azul-15.0.10\bin\net.dll
0x00007ffb1cb20000 - 0x00007ffb1cc2c000 	C:\Windows\SYSTEM32\WINHTTP.dll
0x00007ffb25ac0000 - 0x00007ffb25b2a000 	C:\Windows\system32\mswsock.dll
0x00007ffacae00000 - 0x00007ffacae12000 	C:\Users\artem.belyshev\.jdks\azul-15.0.10\bin\nio.dll
0x00007ffb16740000 - 0x00007ffb1675a000 	C:\Program Files\JetBrains\IntelliJ IDEA 2022.3.2\bin\breakgen64.dll
0x00007ffb257f0000 - 0x00007ffb258bb000 	C:\Windows\SYSTEM32\DNSAPI.dll
0x00007ffb257b0000 - 0x00007ffb257eb000 	C:\Windows\SYSTEM32\IPHLPAPI.DLL
0x00007ffb284d0000 - 0x00007ffb284d8000 	C:\Windows\System32\NSI.dll
0x00007ffb1aac0000 - 0x00007ffb1aaca000 	C:\Windows\System32\rasadhlp.dll
0x00007ffb1e9f0000 - 0x00007ffb1ea70000 	C:\Windows\System32\fwpuclnt.dll
0x00007ffb26a20000 - 0x00007ffb26a47000 	C:\Windows\System32\bcrypt.dll
0x00007ffb1d820000 - 0x00007ffb1d829000 	C:\Users\artem.belyshev\.jdks\azul-15.0.10\bin\management.dll
0x00007ffb1d060000 - 0x00007ffb1d06b000 	C:\Users\artem.belyshev\.jdks\azul-15.0.10\bin\management_ext.dll
0x00007ffb25cb0000 - 0x00007ffb25cc8000 	C:\Windows\SYSTEM32\CRYPTSP.dll
0x00007ffb253e0000 - 0x00007ffb25414000 	C:\Windows\system32\rsaenh.dll
0x00007ffb262e0000 - 0x00007ffb2630e000 	C:\Windows\SYSTEM32\USERENV.dll
0x00007ffb25cd0000 - 0x00007ffb25cdc000 	C:\Windows\SYSTEM32\CRYPTBASE.dll
0x00007ffb1e8b0000 - 0x00007ffb1e8c7000 	C:\Windows\SYSTEM32\dhcpcsvc6.DLL
0x00007ffb1e890000 - 0x00007ffb1e8ad000 	C:\Windows\SYSTEM32\dhcpcsvc.DLL
0x00007ffaea0c0000 - 0x00007ffaea0d7000 	C:\Windows\system32\napinsp.dll
0x00007ffaea520000 - 0x00007ffaea53b000 	C:\Windows\system32\pnrpnsp.dll
0x00007ffaeb720000 - 0x00007ffaeb735000 	C:\Windows\system32\wshbth.dll
0x00007ffb1d800000 - 0x00007ffb1d81d000 	C:\Windows\system32\NLAapi.dll
0x00007ffaec180000 - 0x00007ffaec192000 	C:\Windows\System32\winrnr.dll
0x00007ffaffe60000 - 0x00007ffaffe70000 	C:\Users\artem.belyshev\.jdks\azul-15.0.10\bin\verify.dll

dbghelp: loaded successfully - version: 4.0.5 - missing functions: none
symbol engine: initialized successfully - sym options: 0x614 - pdb path: .;C:\Users\artem.belyshev\.jdks\azul-15.0.10\bin;C:\Windows\SYSTEM32;C:\Windows\WinSxS\amd64_microsoft.windows.common-controls_6595b64144ccf1df_6.0.19041.1110_none_60b5254171f9507e;C:\Users\artem.belyshev\.jdks\azul-15.0.10\bin\server;C:\Program Files\JetBrains\IntelliJ IDEA 2022.3.2\bin

VM Arguments:
jvm_args: -XX:TieredStopAtLevel=1 -Dspring.output.ansi.enabled=always -Dcom.sun.management.jmxremote -Dspring.jmx.enabled=true -Dspring.liveBeansView.mbeanDomain -Dspring.application.admin.enabled=true -Dmanagement.endpoints.jmx.exposure.include=* -javaagent:C:\Program Files\JetBrains\IntelliJ IDEA 2022.3.2\lib\idea_rt.jar=64650:C:\Program Files\JetBrains\IntelliJ IDEA 2022.3.2\bin -Dfile.encoding=UTF-8 
java_command: cz.kct.Tutorial
java_class_path (initial): C:\Users\artem.belyshev\IdeaProjects\kct.data.spring\out\production\classes;C:\Users\artem.belyshev\IdeaProjects\kct.data.spring\out\production\resources;C:\Users\artem.belyshev\.gradle\caches\modules-2\files-2.1\org.projectlombok\lombok\1.18.4\7103ab519b1cdbb0642ad4eaf1db209d905d0f96\lombok-1.18.4.jar;C:\Users\artem.belyshev\.gradle\caches\modules-2\files-2.1\org.springframework.boot\spring-boot-starter-data-jpa\2.7.8\ace969cae39b4479ffedd58e04c5a6eca60c94a5\spring-boot-starter-data-jpa-2.7.8.jar;C:\Users\artem.belyshev\.gradle\caches\modules-2\files-2.1\org.springframework.boot\spring-boot-starter-web\2.4.5\93cf2655557534e35723fbafa069bed2ee125832\spring-boot-starter-web-2.4.5.jar;C:\Users\artem.belyshev\.gradle\caches\modules-2\files-2.1\org.modelmapper\modelmapper\3.1.1\6636e94590e9d98e5e7db7e4fafcc15e9390e18d\modelmapper-3.1.1.jar;C:\Users\artem.belyshev\.gradle\caches\modules-2\files-2.1\io.github.openfeign\feign-jackson\9.3.1\17d39be26c4c53231087da6f5082473015986fd7\feign-jackson-9.3.1.jar;C:\Users\artem.belyshev\.gradle\caches\modules-2\files-2.1\org.springdoc\springdoc-openapi-ui\1.6.14\20f7c293f72552dce117be99cf15e69249effda8\springdoc-openapi-ui-1.6.14.jar;C:\Users\artem.belyshev\.gradle\caches\modules-2\files-2.1\org.postgresql\postgresql\42.4.3\94866dd0f9ea533c61b29261673ac0616e3a6517\postgresql-42.4.3.jar;C:\Users\artem.belyshev\.gradle\caches\modules-2\files-2.1\org.springframework.boot\spring-boot-starter-validation\2.4.5\27acd26bb55058472e91e44e8155b256a610b87e\spring-boot-starter-validation-2.4.5.jar;C:\Users\artem.belyshev\.gradle\caches\modules-2\files-2.1\org.springframework.boot\spring-boot-starter-aop\2.4.5\853bfc5d1c867f66880971515bda82ecc737e839\spring-boot-starter-aop-2.4.5.jar;C:\Users\artem.belyshev\.gradle\caches\modules-2\files-2.1\org.springframework.boot\spring-boot-starter-jdbc\2.4.5\abcca18ef5a2c877a5574a492b570bb260640de3\spring-boot-starter-jdbc-2.4.5.jar;C:\Users\artem.belyshev\.gradle\caches\modules-
Launcher Type: SUN_STANDARD

[Global flags]
     intx CICompilerCount                          = 4                                         {product} {ergonomic}
     uint ConcGCThreads                            = 2                                         {product} {ergonomic}
     uint G1ConcRefinementThreads                  = 8                                         {product} {ergonomic}
   size_t G1HeapRegionSize                         = 1048576                                   {product} {ergonomic}
    uintx GCDrainStackTargetSize                   = 64                                        {product} {ergonomic}
   size_t InitialHeapSize                          = 132120576                                 {product} {ergonomic}
     bool ManagementServer                         = true                                      {product} {command line}
   size_t MarkStackSize                            = 4194304                                   {product} {ergonomic}
   size_t MaxHeapSize                              = 2111832064                                {product} {ergonomic}
   size_t MaxNewSize                               = 1266679808                                {product} {ergonomic}
   size_t MinHeapDeltaBytes                        = 1048576                                   {product} {ergonomic}
   size_t MinHeapSize                              = 8388608                                   {product} {ergonomic}
    uintx NonNMethodCodeHeapSize                   = 7549744                                {pd product} {ergonomic}
    uintx NonProfiledCodeHeapSize                  = 244108496                              {pd product} {ergonomic}
    uintx ProfiledCodeHeapSize                     = 0                                      {pd product} {ergonomic}
    uintx ReservedCodeCacheSize                    = 251658240                              {pd product} {ergonomic}
     bool SegmentedCodeCache                       = true                                      {product} {ergonomic}
   size_t SoftMaxHeapSize                          = 2111832064                             {manageable} {ergonomic}
     intx TieredStopAtLevel                        = 1                                         {product} {command line}
     bool UseCompressedClassPointers               = true                                 {lp64_product} {ergonomic}
     bool UseCompressedOops                        = true                                 {lp64_product} {ergonomic}
     bool UseG1GC                                  = true                                      {product} {ergonomic}
     bool UseLargePagesIndividualAllocation        = false                                  {pd product} {ergonomic}

Logging:
Log output configuration:
 #0: stdout all=warning uptime,level,tags
 #1: stderr all=off uptime,level,tags

Environment Variables:
PATH=C:\Windows\system32;C:\Windows;C:\Windows\System32\Wbem;C:\Windows\System32\WindowsPowerShell\v1.0\;C:\Windows\System32\OpenSSH\;C:\Program Files\Git\cmd;C:\Program Files\nodejs\;C:\Program Files\dotnet\;C:\Users\artem.belyshev\AppData\Local\Microsoft\WindowsApps;C:\Users\artem.belyshev\AppData\Roaming\npm;C:\Users\artem.belyshev\AppData\Local\Programs\Microsoft VS Code\bin;C:\Users\artem.belyshev\.dotnet\tools
USERNAME=artem.belyshev
OS=Windows_NT
PROCESSOR_IDENTIFIER=Intel64 Family 6 Model 142 Stepping 10, GenuineIntel



---------------  S Y S T E M  ---------------

OS:
 Windows 10 , 64 bit Build 19041 (10.0.19041.2546)
OS uptime: 2 days 21:49 hours

CPU: total 8 (initial active 8) (4 cores per cpu, 2 threads per core) family 6 model 142 stepping 10 microcode 0xf0, cmov, cx8, fxsr, mmx, sse, sse2, sse3, ssse3, sse4.1, sse4.2, popcnt, vzeroupper, avx, avx2, aes, clmul, erms, rtm, 3dnowpref, lzcnt, ht, tsc, tscinvbit, bmi1, bmi2, adx, fma, clflush, clflushopt

Memory: 4k page, system-wide physical 8050M (646M free)
TotalPageFile size 9074M (AvailPageFile size 23M)
current process WorkingSet (physical memory assigned to process): 218M, peak: 218M
current process commit charge ("private bytes"): 261M, peak: 282M

vm_info: OpenJDK 64-Bit Server VM (15.0.10+5-MTS) for windows-amd64 JRE (15.0.10+5-MTS) (Zulu15.46+17-CA), built on Jan  7 2023 17:34:05 by "zulu_re" with MS VC++ 15.9 (VS2017)

END.
