#
# There is insufficient memory for the Java Runtime Environment to continue.
# Native memory allocation (mmap) failed to map 123731968 bytes for G1 virtual space
# Possible reasons:
#   The system is out of physical RAM or swap space
#   The process is running with CompressedOops enabled, and the Java Heap may be blocking the growth of the native heap
# Possible solutions:
#   Reduce memory load on the system
#   Increase physical memory or swap space
#   Check if swap backing store is full
#   Decrease Java heap size (-Xmx/-Xms)
#   Decrease number of Java threads
#   Decrease Java thread stack sizes (-Xss)
#   Set larger code cache with -XX:ReservedCodeCacheSize=
#   JVM is running with Zero Based Compressed Oops mode in which the Java heap is
#     placed in the first 32GB address space. The Java Heap base address is the
#     maximum limit for the native heap growth. Please use -XX:HeapBaseMinAddress
#     to set the Java Heap base and to place the Java Heap above 32GB virtual address.
# This output file may be truncated or incomplete.
#
#  Out of Memory Error (./src/hotspot/os/windows/os_windows.cpp:3331), pid=8356, tid=5732
#
# JRE version: OpenJDK Runtime Environment Zulu15.46+17-CA (15.0.10+5) (build 15.0.10+5-MTS)
# Java VM: OpenJDK 64-Bit Server VM Zulu15.46+17-CA (15.0.10+5-MTS, mixed mode, sharing, tiered, compressed oops, g1 gc, windows-amd64)
# No core dump will be written. Minidumps are not enabled by default on client versions of Windows
#

---------------  S U M M A R Y ------------

Command Line: -Xmx3500m -XX:TieredStopAtLevel=1 -Dspring.output.ansi.enabled=always -Dcom.sun.management.jmxremote -Dspring.jmx.enabled=true -Dspring.liveBeansView.mbeanDomain -Dspring.application.admin.enabled=true -Dmanagement.endpoints.jmx.exposure.include=* -javaagent:C:\Program Files\JetBrains\IntelliJ IDEA 2022.3.2\lib\idea_rt.jar=57156:C:\Program Files\JetBrains\IntelliJ IDEA 2022.3.2\bin -Dfile.encoding=UTF-8 cz.kct.Tutorial

Host: Intel(R) Core(TM) i5-8350U CPU @ 1.70GHz, 8 cores, 7G,  Windows 10 , 64 bit Build 19041 (10.0.19041.2546)
Time: Wed Feb 22 15:21:18 2023 Central Europe Standard Time elapsed time: 12.922778 seconds (0d 0h 0m 12s)

---------------  T H R E A D  ---------------

Current thread (0x000002578748bcf0):  VMThread "VM Thread" [stack: 0x00000095c0400000,0x00000095c0500000] [id=5732]

Stack: [0x00000095c0400000,0x00000095c0500000]
[error occurred during error reporting (printing stack bounds), id 0xc0000005, EXCEPTION_ACCESS_VIOLATION (0xc0000005) at pc=0x00000257ecd210ad]

Native frames: (J=compiled Java code, j=interpreted, Vv=VM code, C=native code)
V  [jvm.dll+0x6037ba]
V  [jvm.dll+0x7a3729]
V  [jvm.dll+0x7a4e83]
V  [jvm.dll+0x7a5435]
V  [jvm.dll+0x7a53eb]
V  [jvm.dll+0x602bdf]
V  [jvm.dll+0x6033a8]
C  [ntdll.dll+0xa241f]
C  [ntdll.dll+0x514a4]
C  [ntdll.dll+0xa0f4e]
C  0x00000257ecd210ad

VM_Operation (0x00000095c27fa590): G1CollectForAllocation, mode: safepoint, requested by thread 0x000002578c0b9550


---------------  P R O C E S S  ---------------

Threads class SMR info:
_java_thread_list=0x000002578c3ba3f0, length=32, elements={
0x000002578748d480, 0x000002578748ff70, 0x00000257874a90d0, 0x00000257874acab0,
0x00000257874ad470, 0x0000025787dd0080, 0x0000025787dd2990, 0x0000025787eb7c30,
0x00000257881c6aa0, 0x00000257881c6f70, 0x0000025788447400, 0x0000025789243050,
0x000002578928caa0, 0x00000257899301e0, 0x0000025789b68160, 0x0000025789c3b930,
0x00000257899696e0, 0x0000025789968d40, 0x000002578c0bc0a0, 0x000002578c0b6ed0,
0x000002578c0b73a0, 0x000002578c0b9550, 0x000002578c0ba3c0, 0x000002578c0bca40,
0x000002578c0b6a00, 0x000002578c0b7870, 0x000002578c0bd3e0, 0x000002578c0bbbd0,
0x000002578c0b9a20, 0x000002578c0b8bb0, 0x000002578c0b86e0, 0x000002578c0b9ef0
}

Java Threads: ( => current thread )
  0x000002578748d480 JavaThread "Reference Handler" daemon [_thread_blocked, id=7116, stack(0x00000095c0500000,0x00000095c0600000)]
  0x000002578748ff70 JavaThread "Finalizer" daemon [_thread_blocked, id=7524, stack(0x00000095c0600000,0x00000095c0700000)]
  0x00000257874a90d0 JavaThread "Signal Dispatcher" daemon [_thread_blocked, id=9328, stack(0x00000095c0700000,0x00000095c0800000)]
  0x00000257874acab0 JavaThread "Attach Listener" daemon [_thread_blocked, id=2832, stack(0x00000095c0800000,0x00000095c0900000)]
  0x00000257874ad470 JavaThread "Service Thread" daemon [_thread_blocked, id=484, stack(0x00000095c0900000,0x00000095c0a00000)]
  0x0000025787dd0080 JavaThread "C1 CompilerThread0" daemon [_thread_blocked, id=12476, stack(0x00000095c0a00000,0x00000095c0b00000)]
  0x0000025787dd2990 JavaThread "Sweeper thread" daemon [_thread_blocked, id=6372, stack(0x00000095c0b00000,0x00000095c0c00000)]
  0x0000025787eb7c30 JavaThread "Common-Cleaner" daemon [_thread_blocked, id=8724, stack(0x00000095c0c00000,0x00000095c0d00000)]
  0x00000257881c6aa0 JavaThread "Monitor Ctrl-Break" daemon [_thread_in_native, id=4764, stack(0x00000095c0d00000,0x00000095c0e00000)]
  0x00000257881c6f70 JavaThread "Notification Thread" daemon [_thread_blocked, id=7380, stack(0x00000095c0e00000,0x00000095c0f00000)]
  0x0000025788447400 JavaThread "RMI TCP Accept-0" daemon [_thread_in_native, id=3952, stack(0x00000095c0f00000,0x00000095c1000000)]
  0x0000025789243050 JavaThread "RMI TCP Connection(idle)" daemon [_thread_blocked, id=12548, stack(0x00000095c1600000,0x00000095c1700000)]
  0x000002578928caa0 JavaThread "RMI Scheduler(0)" daemon [_thread_blocked, id=13748, stack(0x00000095c1700000,0x00000095c1800000)]
  0x00000257899301e0 JavaThread "Catalina-utility-1" [_thread_blocked, id=8288, stack(0x00000095c1500000,0x00000095c1600000)]
  0x0000025789b68160 JavaThread "Catalina-utility-2" [_thread_blocked, id=13832, stack(0x00000095c1900000,0x00000095c1a00000)]
  0x0000025789c3b930 JavaThread "container-0" [_thread_blocked, id=8476, stack(0x00000095c1d00000,0x00000095c1e00000)]
  0x00000257899696e0 JavaThread "HikariPool-1 housekeeper" daemon [_thread_blocked, id=11060, stack(0x00000095c2100000,0x00000095c2200000)]
  0x0000025789968d40 JavaThread "http-nio-8080-BlockPoller" daemon [_thread_in_native, id=14004, stack(0x00000095c2300000,0x00000095c2400000)]
  0x000002578c0bc0a0 JavaThread "http-nio-8080-exec-1" daemon [_thread_blocked, id=10400, stack(0x00000095c2400000,0x00000095c2500000)]
  0x000002578c0b6ed0 JavaThread "http-nio-8080-exec-2" daemon [_thread_blocked, id=13612, stack(0x00000095c2500000,0x00000095c2600000)]
  0x000002578c0b73a0 JavaThread "http-nio-8080-exec-3" daemon [_thread_blocked, id=8748, stack(0x00000095c2600000,0x00000095c2700000)]
  0x000002578c0b9550 JavaThread "http-nio-8080-exec-4" daemon [_thread_blocked, id=7640, stack(0x00000095c2700000,0x00000095c2800000)]
  0x000002578c0ba3c0 JavaThread "http-nio-8080-exec-5" daemon [_thread_blocked, id=4120, stack(0x00000095c2800000,0x00000095c2900000)]
  0x000002578c0bca40 JavaThread "http-nio-8080-exec-6" daemon [_thread_blocked, id=7292, stack(0x00000095c2900000,0x00000095c2a00000)]
  0x000002578c0b6a00 JavaThread "http-nio-8080-exec-7" daemon [_thread_blocked, id=6732, stack(0x00000095c2a00000,0x00000095c2b00000)]
  0x000002578c0b7870 JavaThread "http-nio-8080-exec-8" daemon [_thread_blocked, id=9860, stack(0x00000095c2b00000,0x00000095c2c00000)]
  0x000002578c0bd3e0 JavaThread "http-nio-8080-exec-9" daemon [_thread_blocked, id=3060, stack(0x00000095c2c00000,0x00000095c2d00000)]
  0x000002578c0bbbd0 JavaThread "http-nio-8080-exec-10" daemon [_thread_blocked, id=13516, stack(0x00000095c2d00000,0x00000095c2e00000)]
  0x000002578c0b9a20 JavaThread "http-nio-8080-ClientPoller" daemon [_thread_in_native, id=3420, stack(0x00000095c2e00000,0x00000095c2f00000)]
  0x000002578c0b8bb0 JavaThread "http-nio-8080-Acceptor" daemon [_thread_in_native, id=12860, stack(0x00000095c2f00000,0x00000095c3000000)]
  0x000002578c0b86e0 JavaThread "DestroyJavaVM" [_thread_blocked, id=6288, stack(0x00000095bfe00000,0x00000095bff00000)]
  0x000002578c0b9ef0 JavaThread "RMI TCP Connection(3)-10.221.225.46" daemon [_thread_in_native, id=11820, stack(0x00000095c3300000,0x00000095c3400000)]

Other Threads:
=>0x000002578748bcf0 VMThread "VM Thread" [stack: 0x00000095c0400000,0x00000095c0500000] [id=5732]
  0x000002578843fbd0 WatcherThread [stack: 0x00000095c1000000,0x00000095c1100000] [id=13364]
  0x00000257e3050cb0 GCTaskThread "GC Thread#0" [stack: 0x00000095bff00000,0x00000095c0000000] [id=14212]
  0x00000257887f3690 GCTaskThread "GC Thread#1" [stack: 0x00000095c1100000,0x00000095c1200000] [id=14428]
  0x00000257887f0060 GCTaskThread "GC Thread#2" [stack: 0x00000095c1200000,0x00000095c1300000] [id=2348]
  0x00000257887f0390 GCTaskThread "GC Thread#3" [stack: 0x00000095c1800000,0x00000095c1900000] [id=8720]
  0x00000257887f2d00 GCTaskThread "GC Thread#4" [stack: 0x00000095c1a00000,0x00000095c1b00000] [id=4368]
  0x00000257887f26a0 GCTaskThread "GC Thread#5" [stack: 0x00000095c1b00000,0x00000095c1c00000] [id=8992]
  0x00000257887f1380 GCTaskThread "GC Thread#6" [stack: 0x00000095c1e00000,0x00000095c1f00000] [id=8076]
  0x00000257887f16b0 GCTaskThread "GC Thread#7" [stack: 0x00000095c1f00000,0x00000095c2000000] [id=11516]
  0x00000257e305f8c0 ConcurrentGCThread "G1 Main Marker" [stack: 0x00000095c0000000,0x00000095c0100000] [id=11652]
  0x00000257e30604b0 ConcurrentGCThread "G1 Conc#0" [stack: 0x00000095c0100000,0x00000095c0200000] [id=9800]
  0x00000257887f39c0 ConcurrentGCThread "G1 Conc#1" [stack: 0x00000095c1c00000,0x00000095c1d00000] [id=13428]
  0x00000257e30cd690 ConcurrentGCThread "G1 Refine#0" [stack: 0x00000095c0200000,0x00000095c0300000] [id=8680]
  0x00000257887dbea0 ConcurrentGCThread "G1 Refine#1" [stack: 0x00000095c1300000,0x00000095c1400000] [id=10800]
  0x00000257887dc680 ConcurrentGCThread "G1 Refine#2" [stack: 0x00000095c1400000,0x00000095c1500000] [id=1748]
  0x0000025789deba80 ConcurrentGCThread "G1 Refine#3" [stack: 0x00000095c3100000,0x00000095c3200000] [id=3340]
  0x0000025789dedfa0 ConcurrentGCThread "G1 Refine#4" [stack: 0x00000095c3200000,0x00000095c3300000] [id=13668]
  0x00000257e30ce290 ConcurrentGCThread "G1 Young RemSet Sampling" [stack: 0x00000095c0300000,0x00000095c0400000] [id=8060]

Threads with active compile tasks:

VM state: at safepoint (normal execution)

VM Mutex/Monitor currently owned by a thread:  ([mutex/lock_event])
[0x00000257e3004980] Threads_lock - owner thread: 0x000002578748bcf0
[0x00000257e3004620] Heap_lock - owner thread: 0x000002578c0b9550

Heap address: 0x0000000725400000, size: 3500 MB, Compressed Oops mode: Zero based, Oop shift amount: 3
CDS archive(s) mapped at: [0x0000000800000000-0x0000000800b50000-0x0000000800b50000), size 11862016, SharedBaseAddress: 0x0000000800000000, ArchiveRelocationMode: 0.
Compressed class space mapped at: 0x0000000800b50000-0x0000000840b50000, size: 1073741824
Narrow klass base: 0x0000000800000000, Narrow klass shift: 3, Narrow klass range: 0x100000000

GC Precious Log:
 CPUs: 8 total, 8 available
 Memory: 8050M
 Large Page Support: Disabled
 NUMA Support: Disabled
 Compressed Oops: Enabled (Zero based)
 Heap Region Size: 2M
 Heap Min Capacity: 8M
 Heap Initial Capacity: 126M
 Heap Max Capacity: 3500M
 Pre-touch: Disabled
 Parallel Workers: 8
 Concurrent Workers: 2
 Concurrent Refinement Workers: 8
 Periodic GC: Disabled

Heap:
 garbage-first heap   total 258048K, used 66092K [0x0000000725400000, 0x0000000800000000)
  region size 2048K, 1 young (2048K), 1 survivors (2048K)
 Metaspace       used 65135K, capacity 65759K, committed 65840K, reserved 1105920K
  class space    used 8810K, capacity 9019K, committed 9088K, reserved 1048576K

Heap Regions: E=young(eden), S=young(survivor), O=old, HS=humongous(starts), HC=humongous(continues), CS=collection set, F=free, OA=open archive, CA=closed archive, TAMS=top-at-mark-start (previous, next)
|   0|0x0000000725400000, 0x0000000725600000, 0x0000000725600000|100%| O|  |TAMS 0x0000000725600000, 0x0000000725400000| Untracked 
|   1|0x0000000725600000, 0x0000000725800000, 0x0000000725800000|100%| O|  |TAMS 0x0000000725800000, 0x0000000725600000| Untracked 
|   2|0x0000000725800000, 0x0000000725a00000, 0x0000000725a00000|100%| O|  |TAMS 0x0000000725a00000, 0x0000000725800000| Untracked 
|   3|0x0000000725a00000, 0x0000000725c00000, 0x0000000725c00000|100%| O|  |TAMS 0x0000000725c00000, 0x0000000725a00000| Untracked 
|   4|0x0000000725c00000, 0x0000000725e00000, 0x0000000725e00000|100%| O|  |TAMS 0x0000000725c00000, 0x0000000725c00000| Untracked 
|   5|0x0000000725e00000, 0x0000000726000000, 0x0000000726000000|100%| O|  |TAMS 0x0000000726000000, 0x0000000725e00000| Untracked 
|   6|0x0000000726000000, 0x0000000726200000, 0x0000000726200000|100%| O|  |TAMS 0x0000000726200000, 0x0000000726000000| Untracked 
|   7|0x0000000726200000, 0x0000000726400000, 0x0000000726400000|100%| O|  |TAMS 0x0000000726400000, 0x0000000726200000| Untracked 
|   8|0x0000000726400000, 0x0000000726600000, 0x0000000726600000|100%| O|  |TAMS 0x0000000726600000, 0x0000000726400000| Untracked 
|   9|0x0000000726600000, 0x0000000726800000, 0x0000000726800000|100%| O|  |TAMS 0x0000000726800000, 0x0000000726600000| Untracked 
|  10|0x0000000726800000, 0x0000000726a00000, 0x0000000726a00000|100%| O|  |TAMS 0x0000000726a00000, 0x0000000726800000| Untracked 
|  11|0x0000000726a00000, 0x0000000726c00000, 0x0000000726c00000|100%| O|  |TAMS 0x0000000726c00000, 0x0000000726a00000| Untracked 
|  12|0x0000000726c00000, 0x0000000726e00000, 0x0000000726e00000|100%| O|  |TAMS 0x0000000726e00000, 0x0000000726c00000| Untracked 
|  13|0x0000000726e00000, 0x0000000727000000, 0x0000000727000000|100%| O|  |TAMS 0x0000000727000000, 0x0000000726e00000| Untracked 
|  14|0x0000000727000000, 0x0000000727200000, 0x0000000727200000|100%| O|  |TAMS 0x0000000727200000, 0x0000000727000000| Untracked 
|  15|0x0000000727200000, 0x0000000727400000, 0x0000000727400000|100%| O|  |TAMS 0x0000000727200000, 0x0000000727200000| Untracked 
|  16|0x0000000727400000, 0x0000000727600000, 0x0000000727600000|100%| O|  |TAMS 0x0000000727400000, 0x0000000727400000| Untracked 
|  17|0x0000000727600000, 0x0000000727800000, 0x0000000727800000|100%| O|  |TAMS 0x0000000727600000, 0x0000000727600000| Untracked 
|  18|0x0000000727800000, 0x0000000727a00000, 0x0000000727a00000|100%| O|  |TAMS 0x0000000727800000, 0x0000000727800000| Untracked 
|  19|0x0000000727a00000, 0x0000000727c00000, 0x0000000727c00000|100%| O|  |TAMS 0x0000000727a00000, 0x0000000727a00000| Untracked 
|  20|0x0000000727c00000, 0x0000000727e00000, 0x0000000727e00000|100%| O|  |TAMS 0x0000000727c00000, 0x0000000727c00000| Untracked 
|  21|0x0000000727e00000, 0x0000000728000000, 0x0000000728000000|100%| O|  |TAMS 0x0000000727e00000, 0x0000000727e00000| Untracked 
|  22|0x0000000728000000, 0x0000000728200000, 0x0000000728200000|100%| O|  |TAMS 0x0000000728000000, 0x0000000728000000| Untracked 
|  23|0x0000000728200000, 0x0000000728400000, 0x0000000728400000|100%| O|  |TAMS 0x0000000728200000, 0x0000000728200000| Untracked 
|  24|0x0000000728400000, 0x0000000728600000, 0x0000000728600000|100%| O|  |TAMS 0x0000000728400000, 0x0000000728400000| Untracked 
|  25|0x0000000728600000, 0x000000072868b000, 0x0000000728800000| 27%| O|  |TAMS 0x0000000728600000, 0x0000000728600000| Untracked 
|  26|0x0000000728800000, 0x0000000728800000, 0x0000000728a00000|  0%| F|  |TAMS 0x0000000728800000, 0x0000000728800000| Untracked 
|  27|0x0000000728a00000, 0x0000000728a00000, 0x0000000728c00000|  0%| F|  |TAMS 0x0000000728a00000, 0x0000000728a00000| Untracked 
|  28|0x0000000728c00000, 0x0000000728e00000, 0x0000000728e00000|100%| O|  |TAMS 0x0000000728e00000, 0x0000000728c00000| Untracked 
|  29|0x0000000728e00000, 0x0000000729000000, 0x0000000729000000|100%| O|  |TAMS 0x0000000729000000, 0x0000000728e00000| Untracked 
|  30|0x0000000729000000, 0x0000000729200000, 0x0000000729200000|100%| O|  |TAMS 0x0000000729200000, 0x0000000729000000| Untracked 
|  31|0x0000000729200000, 0x0000000729400000, 0x0000000729400000|100%| O|  |TAMS 0x0000000729400000, 0x0000000729200000| Untracked 
|  32|0x0000000729400000, 0x0000000729600000, 0x0000000729600000|100%| O|  |TAMS 0x00000007294a6000, 0x0000000729400000| Untracked 
|  33|0x0000000729600000, 0x0000000729800000, 0x0000000729800000|100%| O|  |TAMS 0x0000000729600000, 0x0000000729600000| Untracked 
|  34|0x0000000729800000, 0x0000000729800000, 0x0000000729a00000|  0%| F|  |TAMS 0x0000000729800000, 0x0000000729800000| Untracked 
|  35|0x0000000729a00000, 0x0000000729a00000, 0x0000000729c00000|  0%| F|  |TAMS 0x0000000729a00000, 0x0000000729a00000| Untracked 
|  36|0x0000000729c00000, 0x0000000729c00000, 0x0000000729e00000|  0%| F|  |TAMS 0x0000000729c00000, 0x0000000729c00000| Untracked 
|  37|0x0000000729e00000, 0x0000000729e00000, 0x000000072a000000|  0%| F|  |TAMS 0x0000000729e00000, 0x0000000729e00000| Untracked 
|  38|0x000000072a000000, 0x000000072a000000, 0x000000072a200000|  0%| F|  |TAMS 0x000000072a000000, 0x000000072a000000| Untracked 
|  39|0x000000072a200000, 0x000000072a200000, 0x000000072a400000|  0%| F|  |TAMS 0x000000072a200000, 0x000000072a200000| Untracked 
|  40|0x000000072a400000, 0x000000072a400000, 0x000000072a600000|  0%| F|  |TAMS 0x000000072a400000, 0x000000072a400000| Untracked 
|  41|0x000000072a600000, 0x000000072a600000, 0x000000072a800000|  0%| F|  |TAMS 0x000000072a600000, 0x000000072a600000| Untracked 
|  42|0x000000072a800000, 0x000000072a800000, 0x000000072aa00000|  0%| F|  |TAMS 0x000000072a800000, 0x000000072a800000| Untracked 
|  43|0x000000072aa00000, 0x000000072aa00000, 0x000000072ac00000|  0%| F|  |TAMS 0x000000072aa00000, 0x000000072aa00000| Untracked 
|  44|0x000000072ac00000, 0x000000072ac00000, 0x000000072ae00000|  0%| F|  |TAMS 0x000000072ac00000, 0x000000072ac00000| Untracked 
|  45|0x000000072ae00000, 0x000000072ae00000, 0x000000072b000000|  0%| F|  |TAMS 0x000000072ae00000, 0x000000072ae00000| Untracked 
|  46|0x000000072b000000, 0x000000072b000000, 0x000000072b200000|  0%| F|  |TAMS 0x000000072b000000, 0x000000072b000000| Untracked 
|  47|0x000000072b200000, 0x000000072b200000, 0x000000072b400000|  0%| F|  |TAMS 0x000000072b200000, 0x000000072b200000| Untracked 
|  48|0x000000072b400000, 0x000000072b400000, 0x000000072b600000|  0%| F|  |TAMS 0x000000072b400000, 0x000000072b400000| Untracked 
|  49|0x000000072b600000, 0x000000072b600000, 0x000000072b800000|  0%| F|  |TAMS 0x000000072b600000, 0x000000072b600000| Untracked 
|  50|0x000000072b800000, 0x000000072ba00000, 0x000000072ba00000|100%| S|CS|TAMS 0x000000072b800000, 0x000000072b800000| Complete 
|  51|0x000000072ba00000, 0x000000072ba00000, 0x000000072bc00000|  0%| F|  |TAMS 0x000000072ba00000, 0x000000072ba00000| Untracked 
|  52|0x000000072bc00000, 0x000000072bc00000, 0x000000072be00000|  0%| F|  |TAMS 0x000000072bc00000, 0x000000072bc00000| Untracked 
|  53|0x000000072be00000, 0x000000072be00000, 0x000000072c000000|  0%| F|  |TAMS 0x000000072be00000, 0x000000072be00000| Untracked 
|  54|0x000000072c000000, 0x000000072c000000, 0x000000072c200000|  0%| F|  |TAMS 0x000000072c000000, 0x000000072c000000| Untracked 
|  55|0x000000072c200000, 0x000000072c200000, 0x000000072c400000|  0%| F|  |TAMS 0x000000072c200000, 0x000000072c200000| Untracked 
|  56|0x000000072c400000, 0x000000072c400000, 0x000000072c600000|  0%| F|  |TAMS 0x000000072c400000, 0x000000072c400000| Untracked 
|  57|0x000000072c600000, 0x000000072c600000, 0x000000072c800000|  0%| F|  |TAMS 0x000000072c600000, 0x000000072c600000| Untracked 
|  58|0x000000072c800000, 0x000000072c800000, 0x000000072ca00000|  0%| F|  |TAMS 0x000000072c800000, 0x000000072c800000| Untracked 
|  59|0x000000072ca00000, 0x000000072ca00000, 0x000000072cc00000|  0%| F|  |TAMS 0x000000072ca00000, 0x000000072ca00000| Untracked 
|  60|0x000000072cc00000, 0x000000072cc00000, 0x000000072ce00000|  0%| F|  |TAMS 0x000000072cc00000, 0x000000072cc00000| Untracked 
|  61|0x000000072ce00000, 0x000000072ce00000, 0x000000072d000000|  0%| F|  |TAMS 0x000000072ce00000, 0x000000072ce00000| Untracked 
|  62|0x000000072d000000, 0x000000072d000000, 0x000000072d200000|  0%| F|  |TAMS 0x000000072d000000, 0x000000072d000000| Untracked 
|  63|0x000000072d200000, 0x000000072d200000, 0x000000072d400000|  0%| F|  |TAMS 0x000000072d200000, 0x000000072d200000| Untracked 
|  64|0x000000072d400000, 0x000000072d400000, 0x000000072d600000|  0%| F|  |TAMS 0x000000072d400000, 0x000000072d400000| Untracked 
|  65|0x000000072d600000, 0x000000072d600000, 0x000000072d800000|  0%| F|  |TAMS 0x000000072d600000, 0x000000072d600000| Untracked 
|  66|0x000000072d800000, 0x000000072d800000, 0x000000072da00000|  0%| F|  |TAMS 0x000000072d800000, 0x000000072d800000| Untracked 

Card table byte_map: [0x00000257fce70000,0x00000257fd550000] _byte_map_base: 0x00000257f9546000

Marking Bits (Prev, Next): (CMBitMap*) 0x00000257e30514e0, (CMBitMap*) 0x00000257e30514a0
 Prev Bits: [0x00000257836b0000, 0x0000025786d60000)
 Next Bits: [0x0000025780000000, 0x00000257836b0000)

Polling page: 0x00000257e30d0000

Metaspace:

Usage:
  Non-class:     55.41 MB capacity,    55.00 MB (>99%) used,   323.09 KB ( <1%) free+waste,    92.50 KB ( <1%) overhead. 
      Class:      8.81 MB capacity,     8.60 MB ( 98%) used,   171.10 KB (  2%) free+waste,    37.13 KB ( <1%) overhead. 
       Both:     64.22 MB capacity,    63.61 MB (>99%) used,   494.20 KB ( <1%) free+waste,   129.63 KB ( <1%) overhead. 

Virtual space:
  Non-class space:       56.00 MB reserved,      55.42 MB ( 99%) committed 
      Class space:        1.00 GB reserved,       8.88 MB ( <1%) committed 
             Both:        1.05 GB reserved,      64.30 MB (  6%) committed 

Chunk freelists:
   Non-Class:  12.00 KB
       Class:  5.00 KB
        Both:  17.00 KB

MaxMetaspaceSize: 17179869184.00 GB
CompressedClassSpaceSize: 1.00 GB

CodeHeap 'non-profiled nmethods': size=238336Kb used=9603Kb max_used=9603Kb free=228732Kb
 bounds [0x00000257ed460000, 0x00000257eddd0000, 0x00000257fbd20000]
CodeHeap 'non-nmethods': size=7424Kb used=1314Kb max_used=1314Kb free=6109Kb
 bounds [0x00000257ecd20000, 0x00000257ecf90000, 0x00000257ed460000]
 total_blobs=6373 nmethods=5759 adapters=541
 compilation: enabled
              stopped_count=0, restarted_count=0
 full_count=0

Compilation events (20 events):
Event: 12.875 Thread 0x0000025787dd0080 5749       1       org.apache.xmlbeans.impl.util.LongUTFDataInputStream$$Lambda$1260/0x000000080141cab0::<init> (20 bytes)
Event: 12.875 Thread 0x0000025787dd0080 nmethod 5749 0x00000257eddbb310 code [0x00000257eddbb4a0, 0x00000257eddbb618]
Event: 12.875 Thread 0x0000025787dd0080 5751       1       org.apache.xmlbeans.impl.schema.XsbReader::readString (14 bytes)
Event: 12.876 Thread 0x0000025787dd0080 nmethod 5751 0x00000257eddbb690 code [0x00000257eddbb880, 0x00000257eddbbba8]
Event: 12.876 Thread 0x0000025787dd0080 5752   !   1       org.apache.xmlbeans.impl.schema.XsbReader::readUnsignedShortOrInt (35 bytes)
Event: 12.876 Thread 0x0000025787dd0080 nmethod 5752 0x00000257eddbbe10 code [0x00000257eddbbfe0, 0x00000257eddbc258]
Event: 12.877 Thread 0x0000025787dd0080 5753       1       org.apache.xmlbeans.impl.schema.SchemaTypeSystemImpl$StringPool::stringForCode (22 bytes)
Event: 12.877 Thread 0x0000025787dd0080 nmethod 5753 0x00000257eddbc490 code [0x00000257eddbc640, 0x00000257eddbc788]
Event: 12.877 Thread 0x0000025787dd0080 5754       1       org.apache.xmlbeans.impl.schema.SchemaTypeSystemImpl::getTypePool (5 bytes)
Event: 12.877 Thread 0x0000025787dd0080 nmethod 5754 0x00000257eddbc810 code [0x00000257eddbc9a0, 0x00000257eddbca58]
Event: 12.877 Thread 0x0000025787dd0080 5755       1       org.apache.xmlbeans.impl.schema.XsbReader::readHandle (585 bytes)
Event: 12.883 Thread 0x0000025787dd0080 nmethod 5755 0x00000257eddbcb10 code [0x00000257eddbd060, 0x00000257eddbed58]
Event: 12.883 Thread 0x0000025787dd0080 5756       1       org.apache.xmlbeans.impl.schema.SchemaTypePool::refForHandle (20 bytes)
Event: 12.883 Thread 0x0000025787dd0080 nmethod 5756 0x00000257eddbfd90 code [0x00000257eddbff40, 0x00000257eddc0088]
Event: 12.883 Thread 0x0000025787dd0080 5757   !   1       org.apache.xmlbeans.impl.schema.XsbReader::readShort (35 bytes)
Event: 12.884 Thread 0x0000025787dd0080 nmethod 5757 0x00000257eddc0110 code [0x00000257eddc02e0, 0x00000257eddc0508]
Event: 12.884 Thread 0x0000025787dd0080 5758       1       javax.xml.namespace.QName::getNamespaceURI (5 bytes)
Event: 12.884 Thread 0x0000025787dd0080 nmethod 5758 0x00000257eddc0690 code [0x00000257eddc0820, 0x00000257eddc08d8]
Event: 12.886 Thread 0x0000025787dd0080 5759       1       sun.nio.fs.WindowsFileAttributes::fileKey (2 bytes)
Event: 12.886 Thread 0x0000025787dd0080 nmethod 5759 0x00000257eddc0990 code [0x00000257eddc0b20, 0x00000257eddc0bd8]

GC Heap History (20 events):
Event: 4.500 GC heap after
{Heap after GC invocations=16 (full 0):
 garbage-first heap   total 83968K, used 37062K [0x0000000725400000, 0x0000000800000000)
  region size 2048K, 3 young (6144K), 3 survivors (6144K)
 Metaspace       used 58200K, capacity 58782K, committed 59056K, reserved 1099776K
  class space    used 7961K, capacity 8154K, committed 8192K, reserved 1048576K
}
Event: 4.647 GC heap before
{Heap before GC invocations=16 (full 0):
 garbage-first heap   total 83968K, used 59590K [0x0000000725400000, 0x0000000800000000)
  region size 2048K, 15 young (30720K), 3 survivors (6144K)
 Metaspace       used 58312K, capacity 58945K, committed 59056K, reserved 1099776K
  class space    used 7973K, capacity 8187K, committed 8192K, reserved 1048576K
}
Event: 4.655 GC heap after
{Heap after GC invocations=17 (full 0):
 garbage-first heap   total 83968K, used 45411K [0x0000000725400000, 0x0000000800000000)
  region size 2048K, 2 young (4096K), 2 survivors (4096K)
 Metaspace       used 58312K, capacity 58945K, committed 59056K, reserved 1099776K
  class space    used 7973K, capacity 8187K, committed 8192K, reserved 1048576K
}
Event: 4.673 GC heap before
{Heap before GC invocations=17 (full 0):
 garbage-first heap   total 83968K, used 57699K [0x0000000725400000, 0x0000000800000000)
  region size 2048K, 9 young (18432K), 2 survivors (4096K)
 Metaspace       used 58312K, capacity 58945K, committed 59056K, reserved 1099776K
  class space    used 7973K, capacity 8187K, committed 8192K, reserved 1048576K
}
Event: 4.677 GC heap after
{Heap after GC invocations=18 (full 0):
 garbage-first heap   total 102400K, used 49652K [0x0000000725400000, 0x0000000800000000)
  region size 2048K, 2 young (4096K), 2 survivors (4096K)
 Metaspace       used 58312K, capacity 58945K, committed 59056K, reserved 1099776K
  class space    used 7973K, capacity 8187K, committed 8192K, reserved 1048576K
}
Event: 4.752 GC heap before
{Heap before GC invocations=18 (full 0):
 garbage-first heap   total 102400K, used 72180K [0x0000000725400000, 0x0000000800000000)
  region size 2048K, 14 young (28672K), 2 survivors (4096K)
 Metaspace       used 58312K, capacity 58945K, committed 59056K, reserved 1099776K
  class space    used 7973K, capacity 8187K, committed 8192K, reserved 1048576K
}
Event: 4.759 GC heap after
{Heap after GC invocations=19 (full 0):
 garbage-first heap   total 102400K, used 55872K [0x0000000725400000, 0x0000000800000000)
  region size 2048K, 2 young (4096K), 2 survivors (4096K)
 Metaspace       used 58312K, capacity 58945K, committed 59056K, reserved 1099776K
  class space    used 7973K, capacity 8187K, committed 8192K, reserved 1048576K
}
Event: 4.842 GC heap before
{Heap before GC invocations=20 (full 0):
 garbage-first heap   total 102400K, used 74304K [0x0000000725400000, 0x0000000800000000)
  region size 2048K, 12 young (24576K), 2 survivors (4096K)
 Metaspace       used 58312K, capacity 58945K, committed 59056K, reserved 1099776K
  class space    used 7973K, capacity 8187K, committed 8192K, reserved 1048576K
}
Event: 4.847 GC heap after
{Heap after GC invocations=21 (full 0):
 garbage-first heap   total 102400K, used 61389K [0x0000000725400000, 0x0000000800000000)
  region size 2048K, 2 young (4096K), 2 survivors (4096K)
 Metaspace       used 58312K, capacity 58945K, committed 59056K, reserved 1099776K
  class space    used 7973K, capacity 8187K, committed 8192K, reserved 1048576K
}
Event: 4.849 GC heap before
{Heap before GC invocations=21 (full 0):
 garbage-first heap   total 102400K, used 63437K [0x0000000725400000, 0x0000000800000000)
  region size 2048K, 3 young (6144K), 2 survivors (4096K)
 Metaspace       used 58312K, capacity 58945K, committed 59056K, reserved 1099776K
  class space    used 7973K, capacity 8187K, committed 8192K, reserved 1048576K
}
Event: 4.863 GC heap after
{Heap after GC invocations=22 (full 0):
 garbage-first heap   total 102400K, used 57075K [0x0000000725400000, 0x0000000800000000)
  region size 2048K, 1 young (2048K), 1 survivors (2048K)
 Metaspace       used 58312K, capacity 58945K, committed 59056K, reserved 1099776K
  class space    used 7973K, capacity 8187K, committed 8192K, reserved 1048576K
}
Event: 4.901 GC heap before
{Heap before GC invocations=22 (full 0):
 garbage-first heap   total 102400K, used 75507K [0x0000000725400000, 0x0000000800000000)
  region size 2048K, 10 young (20480K), 1 survivors (2048K)
 Metaspace       used 58312K, capacity 58945K, committed 59056K, reserved 1099776K
  class space    used 7973K, capacity 8187K, committed 8192K, reserved 1048576K
}
Event: 4.904 GC heap after
{Heap after GC invocations=23 (full 0):
 garbage-first heap   total 137216K, used 60903K [0x0000000725400000, 0x0000000800000000)
  region size 2048K, 2 young (4096K), 2 survivors (4096K)
 Metaspace       used 58312K, capacity 58945K, committed 59056K, reserved 1099776K
  class space    used 7973K, capacity 8187K, committed 8192K, reserved 1048576K
}
Event: 5.011 GC heap before
{Heap before GC invocations=24 (full 0):
 garbage-first heap   total 137216K, used 91623K [0x0000000725400000, 0x0000000800000000)
  region size 2048K, 20 young (40960K), 2 survivors (4096K)
 Metaspace       used 58322K, capacity 58960K, committed 59056K, reserved 1099776K
  class space    used 7975K, capacity 8190K, committed 8192K, reserved 1048576K
}
Event: 5.018 GC heap after
{Heap after GC invocations=25 (full 0):
 garbage-first heap   total 137216K, used 67043K [0x0000000725400000, 0x0000000800000000)
  region size 2048K, 3 young (6144K), 3 survivors (6144K)
 Metaspace       used 58322K, capacity 58960K, committed 59056K, reserved 1099776K
  class space    used 7975K, capacity 8190K, committed 8192K, reserved 1048576K
}
Event: 5.019 GC heap before
{Heap before GC invocations=25 (full 0):
 garbage-first heap   total 137216K, used 69091K [0x0000000725400000, 0x0000000800000000)
  region size 2048K, 4 young (8192K), 3 survivors (6144K)
 Metaspace       used 58322K, capacity 58960K, committed 59056K, reserved 1099776K
  class space    used 7975K, capacity 8190K, committed 8192K, reserved 1048576K
}
Event: 5.034 GC heap after
{Heap after GC invocations=26 (full 0):
 garbage-first heap   total 137216K, used 54845K [0x0000000725400000, 0x0000000800000000)
  region size 2048K, 1 young (2048K), 1 survivors (2048K)
 Metaspace       used 58322K, capacity 58960K, committed 59056K, reserved 1099776K
  class space    used 7975K, capacity 8190K, committed 8192K, reserved 1048576K
}
Event: 5.201 GC heap before
{Heap before GC invocations=26 (full 0):
 garbage-first heap   total 137216K, used 93757K [0x0000000725400000, 0x0000000800000000)
  region size 2048K, 20 young (40960K), 1 survivors (2048K)
 Metaspace       used 59049K, capacity 59650K, committed 59696K, reserved 1101824K
  class space    used 8099K, capacity 8289K, committed 8320K, reserved 1048576K
}
Event: 5.208 GC heap after
{Heap after GC invocations=27 (full 0):
 garbage-first heap   total 137216K, used 63787K [0x0000000725400000, 0x0000000800000000)
  region size 2048K, 3 young (6144K), 3 survivors (6144K)
 Metaspace       used 59049K, capacity 59650K, committed 59696K, reserved 1101824K
  class space    used 8099K, capacity 8289K, committed 8320K, reserved 1048576K
}
Event: 12.891 GC heap before
{Heap before GC invocations=27 (full 0):
 garbage-first heap   total 137216K, used 94507K [0x0000000725400000, 0x0000000800000000)
  region size 2048K, 19 young (38912K), 3 survivors (6144K)
 Metaspace       used 65135K, capacity 65759K, committed 65840K, reserved 1105920K
  class space    used 8810K, capacity 9019K, committed 9088K, reserved 1048576K
}

Deoptimization events (10 events):
Event: 1.617 Thread 0x00000257e3007dd0 DEOPT PACKING pc=0x00000257ed76d17c sp=0x00000095bfefdc90
Event: 1.617 Thread 0x00000257e3007dd0 DEOPT UNPACKING pc=0x00000257ecd6e23f sp=0x00000095bfefd1e8 mode 0
Event: 2.382 Thread 0x00000257e3007dd0 DEOPT PACKING pc=0x00000257ed725086 sp=0x00000095bfefec20
Event: 2.382 Thread 0x00000257e3007dd0 DEOPT UNPACKING pc=0x00000257ecd6e23f sp=0x00000095bfefe0b0 mode 3
Event: 2.382 Thread 0x00000257899301e0 DEOPT PACKING pc=0x00000257ed6f8719 sp=0x00000095c15fec20
Event: 2.382 Thread 0x00000257899301e0 DEOPT UNPACKING pc=0x00000257ecd6e23f sp=0x00000095c15fe078 mode 3
Event: 4.014 Thread 0x00000257e3007dd0 DEOPT PACKING pc=0x00000257ed72df7a sp=0x00000095bfefe1f0
Event: 4.014 Thread 0x00000257e3007dd0 DEOPT UNPACKING pc=0x00000257ecd6e23f sp=0x00000095bfefd6f8 mode 3
Event: 4.014 Thread 0x00000257e3007dd0 DEOPT PACKING pc=0x00000257ed703d6d sp=0x00000095bfefe1b0
Event: 4.014 Thread 0x00000257e3007dd0 DEOPT UNPACKING pc=0x00000257ecd6e23f sp=0x00000095bfefd6f8 mode 3

Classes unloaded (0 events):
No events

Classes redefined (0 events):
No events

Internal exceptions (20 events):
Event: 4.990 Thread 0x000002578c1c4700 Exception <a 'sun/nio/fs/WindowsException'{0x000000072c864b28}> (0x000000072c864b28) 
thrown [./src/hotspot/share/prims/jni.cpp, line 578]
Event: 4.990 Thread 0x000002578c1c80c0 Exception <a 'sun/nio/fs/WindowsException'{0x000000072c86f3c8}> (0x000000072c86f3c8) 
thrown [./src/hotspot/share/prims/jni.cpp, line 578]
Event: 4.990 Thread 0x000002578c1c80c0 Exception <a 'sun/nio/fs/WindowsException'{0x000000072c86f718}> (0x000000072c86f718) 
thrown [./src/hotspot/share/prims/jni.cpp, line 578]
Event: 4.990 Thread 0x000002578c1c80c0 Exception <a 'sun/nio/fs/WindowsException'{0x000000072c8700c0}> (0x000000072c8700c0) 
thrown [./src/hotspot/share/prims/jni.cpp, line 578]
Event: 4.990 Thread 0x000002578c1c80c0 Exception <a 'sun/nio/fs/WindowsException'{0x000000072c870420}> (0x000000072c870420) 
thrown [./src/hotspot/share/prims/jni.cpp, line 578]
Event: 4.990 Thread 0x000002578c1c80c0 Exception <a 'sun/nio/fs/WindowsException'{0x000000072c870dc0}> (0x000000072c870dc0) 
thrown [./src/hotspot/share/prims/jni.cpp, line 578]
Event: 4.990 Thread 0x000002578c1c80c0 Exception <a 'sun/nio/fs/WindowsException'{0x000000072c871120}> (0x000000072c871120) 
thrown [./src/hotspot/share/prims/jni.cpp, line 578]
Event: 5.216 Thread 0x00000257e3007dd0 Exception <a 'java/lang/NoSuchMethodError'{0x000000072d89f470}: 'java.lang.Object java.lang.invoke.DirectMethodHandle$Holder.invokeSpecial(java.lang.Object, java.lang.Object, int, java.lang.Object, int, java.lang.Object)'> (0x000000072d89f470) 
thrown [./src/hotspot/share/interpreter/linkResolver.cpp, line 782]
Event: 5.216 Thread 0x00000257e3007dd0 Exception <a 'java/lang/NoSuchMethodError'{0x000000072d8a7c58}: 'java.lang.Object java.lang.invoke.DirectMethodHandle$Holder.newInvokeSpecial(java.lang.Object, java.lang.Object, int, java.lang.Object, int)'> (0x000000072d8a7c58) 
thrown [./src/hotspot/share/interpreter/linkResolver.cpp, line 782]
Event: 5.217 Thread 0x00000257e3007dd0 Exception <a 'java/lang/NoSuchMethodError'{0x000000072d8abe68}: 'java.lang.Object java.lang.invoke.DirectMethodHandle$Holder.invokeSpecial(java.lang.Object, java.lang.Object, java.lang.Object, int, java.lang.Object, int)'> (0x000000072d8abe68) 
thrown [./src/hotspot/share/interpreter/linkResolver.cpp, line 782]
Event: 5.217 Thread 0x00000257e3007dd0 Exception <a 'java/lang/NoSuchMethodError'{0x000000072d8b7fe0}: 'void java.lang.invoke.DirectMethodHandle$Holder.invokeVirtual(java.lang.Object, java.lang.Object)'> (0x000000072d8b7fe0) 
thrown [./src/hotspot/share/interpreter/linkResolver.cpp, line 782]
Event: 12.410 Thread 0x000002578c0b9550 Exception <a 'java/lang/NoSuchMethodError'{0x000000072ccaf138}: 'java.lang.Object java.lang.invoke.DirectMethodHandle$Holder.invokeStatic(java.lang.Object, int, java.lang.Object)'> (0x000000072ccaf138) 
thrown [./src/hotspot/share/interpreter/linkResolver.cpp, line 782]
Event: 12.451 Thread 0x000002578c0b9550 Exception <a 'java/lang/NoSuchMethodError'{0x000000072cdab678}: 'void java.lang.invoke.DirectMethodHandle$Holder.invokeVirtual(java.lang.Object, java.lang.Object, java.lang.Object, int)'> (0x000000072cdab678) 
thrown [./src/hotspot/share/interpreter/linkResolver.cpp, line 782]
Event: 12.465 Thread 0x000002578c0b9550 Exception <a 'java/lang/NoSuchMethodError'{0x000000072cdefcb0}: 'void java.lang.invoke.DirectMethodHandle$Holder.invokeStatic(java.lang.Object, java.lang.Object, java.lang.Object, int)'> (0x000000072cdefcb0) 
thrown [./src/hotspot/share/interpreter/linkResolver.cpp, line 782]
Event: 12.466 Thread 0x000002578c0b9550 Exception <a 'java/lang/NoSuchMethodError'{0x000000072cdf38a0}: 'void java.lang.invoke.DirectMethodHandle$Holder.invokeStaticInit(java.lang.Object, java.lang.Object, java.lang.Object, int)'> (0x000000072cdf38a0) 
thrown [./src/hotspot/share/interpreter/linkResolver.cpp, line 782]
Event: 12.582 Thread 0x000002578c0b9550 Exception <a 'java/lang/NoSuchMethodError'{0x000000072c81d278}: 'java.lang.Object java.lang.invoke.DirectMethodHandle$Holder.invokeStatic(java.lang.Object, java.lang.Object, int, int)'> (0x000000072c81d278) 
thrown [./src/hotspot/share/interpreter/linkResolver.cpp, line 782]
Event: 12.582 Thread 0x000002578c0b9550 Exception <a 'java/lang/NoSuchMethodError'{0x000000072c8211a0}: 'java.lang.Object java.lang.invoke.DirectMethodHandle$Holder.invokeStaticInit(java.lang.Object, java.lang.Object, int, int)'> (0x000000072c8211a0) 
thrown [./src/hotspot/share/interpreter/linkResolver.cpp, line 782]
Event: 12.858 Thread 0x000002578c0b9550 Exception <a 'java/lang/NoSuchMethodError'{0x000000072c1417d8}: 'java.lang.Object java.lang.invoke.DirectMethodHandle$Holder.newInvokeSpecial(java.lang.Object, java.lang.Object, int, java.lang.Object)'> (0x000000072c1417d8) 
thrown [./src/hotspot/share/interpreter/linkResolver.cpp, line 782]
Event: 12.859 Thread 0x000002578c0b9550 Exception <a 'java/lang/NoSuchMethodError'{0x000000072c145eb8}: 'java.lang.Object java.lang.invoke.DirectMethodHandle$Holder.invokeSpecial(java.lang.Object, java.lang.Object, java.lang.Object, int, java.lang.Object)'> (0x000000072c145eb8) 
thrown [./src/hotspot/share/interpreter/linkResolver.cpp, line 782]
Event: 12.859 Thread 0x000002578c0b9550 Exception <a 'java/lang/NoSuchMethodError'{0x000000072c149fd8}: 'java.lang.Object java.lang.invoke.Invokers$Holder.linkToTargetMethod(java.lang.Object, int, java.lang.Object, java.lang.Object)'> (0x000000072c149fd8) 
thrown [./src/hotspot/share/interpreter/linkResolver.cpp, line 782]

Events (20 events):
Event: 12.518 loading class java/text/CalendarBuilder done
Event: 12.563 Executing VM operation: HandshakeAllThreads
Event: 12.563 Executing VM operation: HandshakeAllThreads done
Event: 12.563 Executing VM operation: HandshakeAllThreads
Event: 12.563 Executing VM operation: HandshakeAllThreads done
Event: 12.568 loading class java/math/MathContext
Event: 12.568 loading class java/math/MathContext done
Event: 12.617 loading class java/time/temporal/WeekFields
Event: 12.617 loading class java/time/temporal/WeekFields done
Event: 12.617 loading class java/time/temporal/WeekFields$ComputedDayOfField
Event: 12.618 loading class java/time/temporal/WeekFields$ComputedDayOfField done
Event: 12.745 loading class java/security/DigestInputStream
Event: 12.746 loading class java/security/DigestInputStream done
Event: 12.773 loading class javax/xml/namespace/QName
Event: 12.773 loading class javax/xml/namespace/QName done
Event: 12.855 Executing VM operation: HandshakeAllThreads
Event: 12.855 Executing VM operation: HandshakeAllThreads done
Event: 12.855 loading class java/io/UTFDataFormatException
Event: 12.856 loading class java/io/UTFDataFormatException done
Event: 12.891 Executing VM operation: G1CollectForAllocation


Dynamic libraries:
0x00007ff6f98e0000 - 0x00007ff6f98ed000 	C:\Users\artem.belyshev\.jdks\azul-15.0.10\bin\java.exe
0x00007ff957c70000 - 0x00007ff957e68000 	C:\Windows\SYSTEM32\ntdll.dll
0x00007ff9578a0000 - 0x00007ff95795f000 	C:\Windows\System32\KERNEL32.DLL
0x00007ff9559a0000 - 0x00007ff955c72000 	C:\Windows\System32\KERNELBASE.dll
0x00007ff955360000 - 0x00007ff955460000 	C:\Windows\System32\ucrtbase.dll
0x00007ff94da20000 - 0x00007ff94da38000 	C:\Users\artem.belyshev\.jdks\azul-15.0.10\bin\jli.dll
0x00007ff94d9c0000 - 0x00007ff94d9d5000 	C:\Users\artem.belyshev\.jdks\azul-15.0.10\bin\VCRUNTIME140.dll
0x00007ff955d10000 - 0x00007ff955eb1000 	C:\Windows\System32\USER32.dll
0x00007ff955970000 - 0x00007ff955992000 	C:\Windows\System32\win32u.dll
0x00007ff931fa0000 - 0x00007ff93223a000 	C:\Windows\WinSxS\amd64_microsoft.windows.common-controls_6595b64144ccf1df_6.0.19041.1110_none_60b5254171f9507e\COMCTL32.dll
0x00007ff956c40000 - 0x00007ff956c6b000 	C:\Windows\System32\GDI32.dll
0x00007ff957800000 - 0x00007ff95789e000 	C:\Windows\System32\msvcrt.dll
0x00007ff955760000 - 0x00007ff95586f000 	C:\Windows\System32\gdi32full.dll
0x00007ff955650000 - 0x00007ff9556ed000 	C:\Windows\System32\msvcp_win.dll
0x00007ff955cb0000 - 0x00007ff955ce2000 	C:\Windows\System32\IMM32.DLL
0x00007ff94d920000 - 0x00007ff94d9bb000 	C:\Users\artem.belyshev\.jdks\azul-15.0.10\bin\msvcp140.dll
0x00007ff907eb0000 - 0x00007ff908a4c000 	C:\Users\artem.belyshev\.jdks\azul-15.0.10\bin\server\jvm.dll
0x00007ff955ec0000 - 0x00007ff955f6e000 	C:\Windows\System32\ADVAPI32.dll
0x00007ff9569a0000 - 0x00007ff956a3c000 	C:\Windows\System32\sechost.dll
0x00007ff957960000 - 0x00007ff957a85000 	C:\Windows\System32\RPCRT4.dll
0x00007ff956930000 - 0x00007ff956938000 	C:\Windows\System32\PSAPI.DLL
0x00007ff92cf20000 - 0x00007ff92cf29000 	C:\Windows\SYSTEM32\WSOCK32.dll
0x00007ff949a10000 - 0x00007ff949a1a000 	C:\Windows\SYSTEM32\VERSION.dll
0x00007ff92cda0000 - 0x00007ff92cdc7000 	C:\Windows\SYSTEM32\WINMM.dll
0x00007ff956a40000 - 0x00007ff956aab000 	C:\Windows\System32\WS2_32.dll
0x00007ff953bb0000 - 0x00007ff953bc2000 	C:\Windows\SYSTEM32\kernel.appcore.dll
0x00007ff94da10000 - 0x00007ff94da1a000 	C:\Users\artem.belyshev\.jdks\azul-15.0.10\bin\jimage.dll
0x00007ff94f8b0000 - 0x00007ff94fa94000 	C:\Windows\SYSTEM32\DBGHELP.DLL
0x00007ff942830000 - 0x00007ff942865000 	C:\Windows\SYSTEM32\dbgcore.DLL
0x00007ff9555c0000 - 0x00007ff955642000 	C:\Windows\System32\bcryptPrimitives.dll
0x00007ff94b3d0000 - 0x00007ff94b3de000 	C:\Users\artem.belyshev\.jdks\azul-15.0.10\bin\instrument.dll
0x00007ff94d8f0000 - 0x00007ff94d915000 	C:\Users\artem.belyshev\.jdks\azul-15.0.10\bin\java.dll
0x00007ff956fd0000 - 0x00007ff957715000 	C:\Windows\System32\SHELL32.dll
0x00007ff953400000 - 0x00007ff953b92000 	C:\Windows\SYSTEM32\windows.storage.dll
0x00007ff956c70000 - 0x00007ff956fc5000 	C:\Windows\System32\combase.dll
0x00007ff954ce0000 - 0x00007ff954d10000 	C:\Windows\SYSTEM32\Wldp.dll
0x00007ff957a90000 - 0x00007ff957b3d000 	C:\Windows\System32\SHCORE.dll
0x00007ff957720000 - 0x00007ff957775000 	C:\Windows\System32\shlwapi.dll
0x00007ff9552a0000 - 0x00007ff9552bf000 	C:\Windows\SYSTEM32\profapi.dll
0x00007ff94b470000 - 0x00007ff94b488000 	C:\Users\artem.belyshev\.jdks\azul-15.0.10\bin\zip.dll
0x00007ff94b4b0000 - 0x00007ff94b4c9000 	C:\Users\artem.belyshev\.jdks\azul-15.0.10\bin\net.dll
0x00007ff94ab10000 - 0x00007ff94ac1c000 	C:\Windows\SYSTEM32\WINHTTP.dll
0x00007ff954a40000 - 0x00007ff954aaa000 	C:\Windows\system32\mswsock.dll
0x00007ff94b490000 - 0x00007ff94b4a2000 	C:\Users\artem.belyshev\.jdks\azul-15.0.10\bin\nio.dll
0x00007ff94b3a0000 - 0x00007ff94b3ba000 	C:\Program Files\JetBrains\IntelliJ IDEA 2022.3.2\bin\breakgen64.dll
0x00007ff954770000 - 0x00007ff95483b000 	C:\Windows\SYSTEM32\DNSAPI.dll
0x00007ff954730000 - 0x00007ff95476b000 	C:\Windows\SYSTEM32\IPHLPAPI.DLL
0x00007ff9562b0000 - 0x00007ff9562b8000 	C:\Windows\System32\NSI.dll
0x00007ff9432e0000 - 0x00007ff9432ea000 	C:\Windows\System32\rasadhlp.dll
0x00007ff94d210000 - 0x00007ff94d290000 	C:\Windows\System32\fwpuclnt.dll
0x00007ff955c80000 - 0x00007ff955ca7000 	C:\Windows\System32\bcrypt.dll
0x00007ff94b330000 - 0x00007ff94b339000 	C:\Users\artem.belyshev\.jdks\azul-15.0.10\bin\management.dll
0x00007ff94ae50000 - 0x00007ff94ae5b000 	C:\Users\artem.belyshev\.jdks\azul-15.0.10\bin\management_ext.dll
0x00007ff954c30000 - 0x00007ff954c48000 	C:\Windows\SYSTEM32\CRYPTSP.dll
0x00007ff954360000 - 0x00007ff954394000 	C:\Windows\system32\rsaenh.dll
0x00007ff955260000 - 0x00007ff95528e000 	C:\Windows\SYSTEM32\USERENV.dll
0x00007ff954c50000 - 0x00007ff954c5c000 	C:\Windows\SYSTEM32\CRYPTBASE.dll
0x00007ff94ce60000 - 0x00007ff94ce77000 	C:\Windows\SYSTEM32\dhcpcsvc6.DLL
0x00007ff94cdb0000 - 0x00007ff94cdcd000 	C:\Windows\SYSTEM32\dhcpcsvc.DLL
0x00007ff92cf80000 - 0x00007ff92cf97000 	C:\Windows\system32\napinsp.dll
0x00007ff92cf60000 - 0x00007ff92cf7b000 	C:\Windows\system32\pnrpnsp.dll
0x00007ff92cf40000 - 0x00007ff92cf55000 	C:\Windows\system32\wshbth.dll
0x00007ff94d840000 - 0x00007ff94d85d000 	C:\Windows\system32\NLAapi.dll
0x00007ff92cfa0000 - 0x00007ff92cfb2000 	C:\Windows\System32\winrnr.dll
0x00007ff94b3c0000 - 0x00007ff94b3d0000 	C:\Users\artem.belyshev\.jdks\azul-15.0.10\bin\verify.dll

dbghelp: loaded successfully - version: 4.0.5 - missing functions: none
symbol engine: initialized successfully - sym options: 0x614 - pdb path: .;C:\Users\artem.belyshev\.jdks\azul-15.0.10\bin;C:\Windows\SYSTEM32;C:\Windows\WinSxS\amd64_microsoft.windows.common-controls_6595b64144ccf1df_6.0.19041.1110_none_60b5254171f9507e;C:\Users\artem.belyshev\.jdks\azul-15.0.10\bin\server;C:\Program Files\JetBrains\IntelliJ IDEA 2022.3.2\bin

VM Arguments:
jvm_args: -Xmx3500m -XX:TieredStopAtLevel=1 -Dspring.output.ansi.enabled=always -Dcom.sun.management.jmxremote -Dspring.jmx.enabled=true -Dspring.liveBeansView.mbeanDomain -Dspring.application.admin.enabled=true -Dmanagement.endpoints.jmx.exposure.include=* -javaagent:C:\Program Files\JetBrains\IntelliJ IDEA 2022.3.2\lib\idea_rt.jar=57156:C:\Program Files\JetBrains\IntelliJ IDEA 2022.3.2\bin -Dfile.encoding=UTF-8 
java_command: cz.kct.Tutorial
java_class_path (initial): C:\Users\artem.belyshev\IdeaProjects\kct.data.spring\out\production\classes;C:\Users\artem.belyshev\IdeaProjects\kct.data.spring\out\production\resources;C:\Users\artem.belyshev\.gradle\caches\modules-2\files-2.1\org.projectlombok\lombok\1.18.4\7103ab519b1cdbb0642ad4eaf1db209d905d0f96\lombok-1.18.4.jar;C:\Users\artem.belyshev\.gradle\caches\modules-2\files-2.1\org.springframework.boot\spring-boot-starter-data-jpa\2.7.8\ace969cae39b4479ffedd58e04c5a6eca60c94a5\spring-boot-starter-data-jpa-2.7.8.jar;C:\Users\artem.belyshev\.gradle\caches\modules-2\files-2.1\org.springframework.boot\spring-boot-starter-web\2.4.5\93cf2655557534e35723fbafa069bed2ee125832\spring-boot-starter-web-2.4.5.jar;C:\Users\artem.belyshev\.gradle\caches\modules-2\files-2.1\org.modelmapper\modelmapper\3.1.1\6636e94590e9d98e5e7db7e4fafcc15e9390e18d\modelmapper-3.1.1.jar;C:\Users\artem.belyshev\.gradle\caches\modules-2\files-2.1\io.github.openfeign\feign-jackson\9.3.1\17d39be26c4c53231087da6f5082473015986fd7\feign-jackson-9.3.1.jar;C:\Users\artem.belyshev\.gradle\caches\modules-2\files-2.1\org.springdoc\springdoc-openapi-ui\1.6.14\20f7c293f72552dce117be99cf15e69249effda8\springdoc-openapi-ui-1.6.14.jar;C:\Users\artem.belyshev\.gradle\caches\modules-2\files-2.1\org.postgresql\postgresql\42.4.3\94866dd0f9ea533c61b29261673ac0616e3a6517\postgresql-42.4.3.jar;C:\Users\artem.belyshev\.gradle\caches\modules-2\files-2.1\org.springframework.boot\spring-boot-starter-validation\2.4.5\27acd26bb55058472e91e44e8155b256a610b87e\spring-boot-starter-validation-2.4.5.jar;C:\Users\artem.belyshev\.gradle\caches\modules-2\files-2.1\org.apache.poi\poi-ooxml\5.2.3\2efd11c940adb18c03eb9ce7ad88fc40ee6a196\poi-ooxml-5.2.3.jar;C:\Users\artem.belyshev\.gradle\caches\modules-2\files-2.1\org.springframework.boot\spring-boot-starter-aop\2.4.5\853bfc5d1c867f66880971515bda82ecc737e839\spring-boot-starter-aop-2.4.5.jar;C:\Users\artem.belyshev\.gradle\caches\modules-2\files-2.1\org.springframework.boot\spri
Launcher Type: SUN_STANDARD

[Global flags]
     intx CICompilerCount                          = 4                                         {product} {ergonomic}
     uint ConcGCThreads                            = 2                                         {product} {ergonomic}
     uint G1ConcRefinementThreads                  = 8                                         {product} {ergonomic}
   size_t G1HeapRegionSize                         = 2097152                                   {product} {ergonomic}
    uintx GCDrainStackTargetSize                   = 64                                        {product} {ergonomic}
   size_t InitialHeapSize                          = 132120576                                 {product} {ergonomic}
     bool ManagementServer                         = true                                      {product} {command line}
   size_t MarkStackSize                            = 4194304                                   {product} {ergonomic}
   size_t MaxHeapSize                              = 3670016000                                {product} {command line}
   size_t MaxNewSize                               = 2202009600                                {product} {ergonomic}
   size_t MinHeapDeltaBytes                        = 2097152                                   {product} {ergonomic}
   size_t MinHeapSize                              = 8388608                                   {product} {ergonomic}
    uintx NonNMethodCodeHeapSize                   = 7549744                                {pd product} {ergonomic}
    uintx NonProfiledCodeHeapSize                  = 244108496                              {pd product} {ergonomic}
    uintx ProfiledCodeHeapSize                     = 0                                      {pd product} {ergonomic}
    uintx ReservedCodeCacheSize                    = 251658240                              {pd product} {ergonomic}
     bool SegmentedCodeCache                       = true                                      {product} {ergonomic}
   size_t SoftMaxHeapSize                          = 3670016000                             {manageable} {ergonomic}
     intx TieredStopAtLevel                        = 1                                         {product} {command line}
     bool UseCompressedClassPointers               = true                                 {lp64_product} {ergonomic}
     bool UseCompressedOops                        = true                                 {lp64_product} {ergonomic}
     bool UseG1GC                                  = true                                      {product} {ergonomic}
     bool UseLargePagesIndividualAllocation        = false                                  {pd product} {ergonomic}

Logging:
Log output configuration:
 #0: stdout all=warning uptime,level,tags
 #1: stderr all=off uptime,level,tags

Environment Variables:
PATH=C:\Windows\system32;C:\Windows;C:\Windows\System32\Wbem;C:\Windows\System32\WindowsPowerShell\v1.0\;C:\Windows\System32\OpenSSH\;C:\Program Files\Git\cmd;C:\Program Files\nodejs\;C:\Program Files\dotnet\;C:\Users\artem.belyshev\AppData\Local\Microsoft\WindowsApps;C:\Users\artem.belyshev\AppData\Roaming\npm;C:\Users\artem.belyshev\AppData\Local\Programs\Microsoft VS Code\bin;C:\Users\artem.belyshev\.dotnet\tools
USERNAME=artem.belyshev
OS=Windows_NT
PROCESSOR_IDENTIFIER=Intel64 Family 6 Model 142 Stepping 10, GenuineIntel



---------------  S Y S T E M  ---------------

OS:
 Windows 10 , 64 bit Build 19041 (10.0.19041.2546)
OS uptime: 0 days 2:19 hours

CPU: total 8 (initial active 8) (4 cores per cpu, 2 threads per core) family 6 model 142 stepping 10 microcode 0xf0, cmov, cx8, fxsr, mmx, sse, sse2, sse3, ssse3, sse4.1, sse4.2, popcnt, vzeroupper, avx, avx2, aes, clmul, erms, rtm, 3dnowpref, lzcnt, ht, tsc, tscinvbit, bmi1, bmi2, adx, fma, clflush, clflushopt

Memory: 4k page, system-wide physical 8050M (878M free)
TotalPageFile size 9074M (AvailPageFile size 70M)
current process WorkingSet (physical memory assigned to process): 282M, peak: 282M
current process commit charge ("private bytes"): 325M, peak: 443M

vm_info: OpenJDK 64-Bit Server VM (15.0.10+5-MTS) for windows-amd64 JRE (15.0.10+5-MTS) (Zulu15.46+17-CA), built on Jan  7 2023 17:34:05 by "zulu_re" with MS VC++ 15.9 (VS2017)

END.
