2023-02-28 09:54:05,207 INFO org.hibernate.validator.internal.util.Version [background-preinit] HV000001: Hibernate Validator 6.1.7.Final
2023-02-28 09:54:05,243 INFO cz.kct.Tutorial [main] Starting Tutorial using Java 19.0.2 on nb0208 with PID 8628 (C:\Users\artem.belyshev\IdeaProjects\kct.data.spring\out\production\classes started by artem.belyshev in C:\Users\artem.belyshev\IdeaProjects\kct.data.spring)
2023-02-28 09:54:05,244 INFO cz.kct.Tutorial [main] No active profile set, falling back to default profiles: default
2023-02-28 09:54:05,864 INFO org.springframework.data.repository.config.RepositoryConfigurationDelegate [main] Bootstrapping Spring Data JPA repositories in DEFAULT mode.
2023-02-28 09:54:05,923 INFO org.springframework.data.repository.config.RepositoryConfigurationDelegate [main] Finished Spring Data repository scanning in 47 ms. Found 3 JPA repository interfaces.
2023-02-28 09:54:06,645 INFO org.springframework.boot.web.embedded.tomcat.TomcatWebServer [main] Tomcat initialized with port(s): 8080 (http)
2023-02-28 09:54:06,657 INFO org.apache.coyote.http11.Http11NioProtocol [main] Initializing ProtocolHandler ["http-nio-8080"]
2023-02-28 09:54:06,657 INFO org.apache.catalina.core.StandardService [main] Starting service [Tomcat]
2023-02-28 09:54:06,658 INFO org.apache.catalina.core.StandardEngine [main] Starting Servlet engine: [Apache Tomcat/9.0.45]
2023-02-28 09:54:06,753 INFO org.apache.catalina.core.ContainerBase.[Tomcat].[localhost].[/] [main] Initializing Spring embedded WebApplicationContext
2023-02-28 09:54:06,753 INFO org.springframework.boot.web.servlet.context.ServletWebServerApplicationContext [main] Root WebApplicationContext: initialization completed in 1461 ms
2023-02-28 09:54:06,965 INFO org.hibernate.jpa.internal.util.LogHelper [main] HHH000204: Processing PersistenceUnitInfo [name: default]
2023-02-28 09:54:07,049 INFO org.hibernate.Version [main] HHH000412: Hibernate ORM core version 5.4.30.Final
2023-02-28 09:54:07,277 INFO org.hibernate.annotations.common.Version [main] HCANN000001: Hibernate Commons Annotations {5.1.2.Final}
2023-02-28 09:54:07,400 INFO com.zaxxer.hikari.HikariDataSource [main] HikariPool-1 - Starting...
2023-02-28 09:54:07,571 INFO com.zaxxer.hikari.HikariDataSource [main] HikariPool-1 - Start completed.
2023-02-28 09:54:07,592 INFO org.hibernate.dialect.Dialect [main] HHH000400: Using dialect: org.hibernate.dialect.PostgreSQL95Dialect
2023-02-28 09:54:08,487 INFO org.hibernate.engine.transaction.jta.platform.internal.JtaPlatformInitiator [main] HHH000490: Using JtaPlatform implementation: [org.hibernate.engine.transaction.jta.platform.internal.NoJtaPlatform]
2023-02-28 09:54:08,499 INFO org.springframework.orm.jpa.LocalContainerEntityManagerFactoryBean [main] Initialized JPA EntityManagerFactory for persistence unit 'default'
2023-02-28 09:54:09,503 WARN org.springframework.boot.autoconfigure.orm.jpa.JpaBaseConfiguration$JpaWebConfiguration [main] spring.jpa.open-in-view is enabled by default. Therefore, database queries may be performed during view rendering. Explicitly configure spring.jpa.open-in-view to disable this warning
2023-02-28 09:54:09,745 INFO org.springframework.scheduling.concurrent.ThreadPoolTaskExecutor [main] Initializing ExecutorService 'applicationTaskExecutor'
2023-02-28 09:54:11,289 INFO org.springframework.scheduling.concurrent.ThreadPoolTaskScheduler [main] Initializing ExecutorService 'taskScheduler'
2023-02-28 09:54:11,339 INFO org.apache.coyote.http11.Http11NioProtocol [main] Starting ProtocolHandler ["http-nio-8080"]
2023-02-28 09:54:11,428 INFO org.springframework.boot.web.embedded.tomcat.TomcatWebServer [main] Tomcat started on port(s): 8080 (http) with context path ''
2023-02-28 09:54:11,458 INFO cz.kct.Tutorial [main] Started Tutorial in 6.735 seconds (JVM running for 8.035)
2023-02-28 09:54:16,607 INFO org.apache.catalina.core.ContainerBase.[Tomcat].[localhost].[/] [http-nio-8080-exec-2] Initializing Spring DispatcherServlet 'dispatcherServlet'
2023-02-28 09:54:16,607 INFO org.springframework.web.servlet.DispatcherServlet [http-nio-8080-exec-2] Initializing Servlet 'dispatcherServlet'
2023-02-28 09:54:16,608 INFO org.springframework.web.servlet.DispatcherServlet [http-nio-8080-exec-2] Completed initialization in 1 ms
2023-02-28 09:54:16,634 INFO cz.kct.controllers.ExcelController [http-nio-8080-exec-2] start process insert value in controller
2023-02-28 09:54:16,635 INFO cz.kct.services.ExcelService [http-nio-8080-exec-2] start process insert value in services
2023-02-28 09:54:17,232 INFO cz.kct.services.ExcelService [http-nio-8080-exec-2] Data from file: 16
2023-02-28 09:54:17,289 INFO cz.kct.services.ExcelService [http-nio-8080-exec-2] end process insert value in services
2023-02-28 09:54:17,289 INFO cz.kct.controllers.ExcelController [http-nio-8080-exec-2] end process insert value in controller
2023-02-28 09:55:07,557 INFO cz.kct.services.ExcelService [http-nio-8080-exec-3] Data from file: 16
2023-02-28 10:02:08,942 INFO org.springframework.scheduling.concurrent.ThreadPoolTaskScheduler [SpringContextShutdownHook] Shutting down ExecutorService 'taskScheduler'
2023-02-28 10:02:08,943 INFO org.springframework.scheduling.concurrent.ThreadPoolTaskExecutor [SpringContextShutdownHook] Shutting down ExecutorService 'applicationTaskExecutor'
2023-02-28 10:02:08,945 INFO org.springframework.orm.jpa.LocalContainerEntityManagerFactoryBean [SpringContextShutdownHook] Closing JPA EntityManagerFactory for persistence unit 'default'
2023-02-28 10:02:08,946 INFO com.zaxxer.hikari.HikariDataSource [SpringContextShutdownHook] HikariPool-1 - Shutdown initiated...
2023-02-28 10:02:08,951 INFO com.zaxxer.hikari.HikariDataSource [SpringContextShutdownHook] HikariPool-1 - Shutdown completed.
2023-02-28 11:56:06,979 INFO org.hibernate.validator.internal.util.Version [background-preinit] HV000001: Hibernate Validator 6.1.7.Final
2023-02-28 11:56:07,021 INFO cz.kct.Tutorial [main] Starting Tutorial using Java 19.0.2 on nb0208 with PID 1284 (C:\Users\artem.belyshev\IdeaProjects\kct.data.spring\out\production\classes started by artem.belyshev in C:\Users\artem.belyshev\IdeaProjects\kct.data.spring)
2023-02-28 11:56:07,022 INFO cz.kct.Tutorial [main] No active profile set, falling back to default profiles: default
2023-02-28 11:56:07,874 INFO org.springframework.data.repository.config.RepositoryConfigurationDelegate [main] Bootstrapping Spring Data JPA repositories in DEFAULT mode.
2023-02-28 11:56:07,952 INFO org.springframework.data.repository.config.RepositoryConfigurationDelegate [main] Finished Spring Data repository scanning in 61 ms. Found 3 JPA repository interfaces.
2023-02-28 11:56:08,776 INFO org.springframework.boot.web.embedded.tomcat.TomcatWebServer [main] Tomcat initialized with port(s): 8080 (http)
2023-02-28 11:56:08,798 INFO org.apache.coyote.http11.Http11NioProtocol [main] Initializing ProtocolHandler ["http-nio-8080"]
2023-02-28 11:56:08,799 INFO org.apache.catalina.core.StandardService [main] Starting service [Tomcat]
2023-02-28 11:56:08,799 INFO org.apache.catalina.core.StandardEngine [main] Starting Servlet engine: [Apache Tomcat/9.0.45]
2023-02-28 11:56:08,919 INFO org.apache.catalina.core.ContainerBase.[Tomcat].[localhost].[/] [main] Initializing Spring embedded WebApplicationContext
2023-02-28 11:56:08,919 INFO org.springframework.boot.web.servlet.context.ServletWebServerApplicationContext [main] Root WebApplicationContext: initialization completed in 1822 ms
2023-02-28 11:56:09,137 INFO org.hibernate.jpa.internal.util.LogHelper [main] HHH000204: Processing PersistenceUnitInfo [name: default]
2023-02-28 11:56:09,247 INFO org.hibernate.Version [main] HHH000412: Hibernate ORM core version 5.4.30.Final
2023-02-28 11:56:09,525 INFO org.hibernate.annotations.common.Version [main] HCANN000001: Hibernate Commons Annotations {5.1.2.Final}
2023-02-28 11:56:09,710 INFO com.zaxxer.hikari.HikariDataSource [main] HikariPool-1 - Starting...
2023-02-28 11:56:10,055 INFO com.zaxxer.hikari.HikariDataSource [main] HikariPool-1 - Start completed.
2023-02-28 11:56:10,081 INFO org.hibernate.dialect.Dialect [main] HHH000400: Using dialect: org.hibernate.dialect.PostgreSQL95Dialect
2023-02-28 11:56:11,334 INFO org.hibernate.engine.transaction.jta.platform.internal.JtaPlatformInitiator [main] HHH000490: Using JtaPlatform implementation: [org.hibernate.engine.transaction.jta.platform.internal.NoJtaPlatform]
2023-02-28 11:56:11,346 INFO org.springframework.orm.jpa.LocalContainerEntityManagerFactoryBean [main] Initialized JPA EntityManagerFactory for persistence unit 'default'
2023-02-28 11:56:12,514 WARN org.springframework.boot.autoconfigure.orm.jpa.JpaBaseConfiguration$JpaWebConfiguration [main] spring.jpa.open-in-view is enabled by default. Therefore, database queries may be performed during view rendering. Explicitly configure spring.jpa.open-in-view to disable this warning
2023-02-28 11:56:12,868 INFO org.springframework.scheduling.concurrent.ThreadPoolTaskExecutor [main] Initializing ExecutorService 'applicationTaskExecutor'
2023-02-28 11:56:14,605 INFO org.springframework.scheduling.concurrent.ThreadPoolTaskScheduler [main] Initializing ExecutorService 'taskScheduler'
2023-02-28 11:56:14,670 INFO org.apache.coyote.http11.Http11NioProtocol [main] Starting ProtocolHandler ["http-nio-8080"]
2023-02-28 11:56:14,756 INFO org.springframework.boot.web.embedded.tomcat.TomcatWebServer [main] Tomcat started on port(s): 8080 (http) with context path ''
2023-02-28 11:56:14,807 INFO cz.kct.Tutorial [main] Started Tutorial in 8.539 seconds (JVM running for 11.098)
2023-02-28 11:56:23,715 INFO org.apache.catalina.core.ContainerBase.[Tomcat].[localhost].[/] [http-nio-8080-exec-2] Initializing Spring DispatcherServlet 'dispatcherServlet'
2023-02-28 11:56:23,717 INFO org.springframework.web.servlet.DispatcherServlet [http-nio-8080-exec-2] Initializing Servlet 'dispatcherServlet'
2023-02-28 11:56:23,719 INFO org.springframework.web.servlet.DispatcherServlet [http-nio-8080-exec-2] Completed initialization in 2 ms
2023-02-28 11:56:23,767 INFO cz.kct.controllers.ExcelController [http-nio-8080-exec-2] start process of getting data from excel
2023-02-28 11:56:25,050 INFO cz.kct.controllers.ExcelController [http-nio-8080-exec-2] data from excel was received
2023-02-28 11:58:31,293 INFO org.springframework.scheduling.concurrent.ThreadPoolTaskScheduler [SpringContextShutdownHook] Shutting down ExecutorService 'taskScheduler'
2023-02-28 11:58:31,295 INFO org.springframework.scheduling.concurrent.ThreadPoolTaskExecutor [SpringContextShutdownHook] Shutting down ExecutorService 'applicationTaskExecutor'
2023-02-28 11:58:31,299 INFO org.springframework.orm.jpa.LocalContainerEntityManagerFactoryBean [SpringContextShutdownHook] Closing JPA EntityManagerFactory for persistence unit 'default'
2023-02-28 11:58:31,301 INFO com.zaxxer.hikari.HikariDataSource [SpringContextShutdownHook] HikariPool-1 - Shutdown initiated...
2023-02-28 11:58:31,313 INFO com.zaxxer.hikari.HikariDataSource [SpringContextShutdownHook] HikariPool-1 - Shutdown completed.
2023-02-28 11:58:43,463 INFO org.hibernate.validator.internal.util.Version [background-preinit] HV000001: Hibernate Validator 6.1.7.Final
2023-02-28 11:58:43,493 INFO cz.kct.Tutorial [main] Starting Tutorial using Java 19.0.2 on nb0208 with PID 6444 (C:\Users\artem.belyshev\IdeaProjects\kct.data.spring\out\production\classes started by artem.belyshev in C:\Users\artem.belyshev\IdeaProjects\kct.data.spring)
2023-02-28 11:58:43,494 INFO cz.kct.Tutorial [main] No active profile set, falling back to default profiles: default
2023-02-28 11:58:44,176 INFO org.springframework.data.repository.config.RepositoryConfigurationDelegate [main] Bootstrapping Spring Data JPA repositories in DEFAULT mode.
2023-02-28 11:58:44,226 INFO org.springframework.data.repository.config.RepositoryConfigurationDelegate [main] Finished Spring Data repository scanning in 41 ms. Found 3 JPA repository interfaces.
2023-02-28 11:58:44,934 INFO org.springframework.boot.web.embedded.tomcat.TomcatWebServer [main] Tomcat initialized with port(s): 8080 (http)
2023-02-28 11:58:44,942 INFO org.apache.coyote.http11.Http11NioProtocol [main] Initializing ProtocolHandler ["http-nio-8080"]
2023-02-28 11:58:44,942 INFO org.apache.catalina.core.StandardService [main] Starting service [Tomcat]
2023-02-28 11:58:44,943 INFO org.apache.catalina.core.StandardEngine [main] Starting Servlet engine: [Apache Tomcat/9.0.45]
2023-02-28 11:58:45,085 INFO org.apache.catalina.core.ContainerBase.[Tomcat].[localhost].[/] [main] Initializing Spring embedded WebApplicationContext
2023-02-28 11:58:45,085 INFO org.springframework.boot.web.servlet.context.ServletWebServerApplicationContext [main] Root WebApplicationContext: initialization completed in 1519 ms
2023-02-28 11:58:45,249 INFO org.hibernate.jpa.internal.util.LogHelper [main] HHH000204: Processing PersistenceUnitInfo [name: default]
2023-02-28 11:58:45,298 INFO org.hibernate.Version [main] HHH000412: Hibernate ORM core version 5.4.30.Final
2023-02-28 11:58:45,426 INFO org.hibernate.annotations.common.Version [main] HCANN000001: Hibernate Commons Annotations {5.1.2.Final}
2023-02-28 11:58:45,554 INFO com.zaxxer.hikari.HikariDataSource [main] HikariPool-1 - Starting...
2023-02-28 11:58:45,674 INFO com.zaxxer.hikari.HikariDataSource [main] HikariPool-1 - Start completed.
2023-02-28 11:58:45,689 INFO org.hibernate.dialect.Dialect [main] HHH000400: Using dialect: org.hibernate.dialect.PostgreSQL95Dialect
2023-02-28 11:58:46,379 INFO org.hibernate.engine.transaction.jta.platform.internal.JtaPlatformInitiator [main] HHH000490: Using JtaPlatform implementation: [org.hibernate.engine.transaction.jta.platform.internal.NoJtaPlatform]
2023-02-28 11:58:46,391 INFO org.springframework.orm.jpa.LocalContainerEntityManagerFactoryBean [main] Initialized JPA EntityManagerFactory for persistence unit 'default'
2023-02-28 11:58:46,979 WARN org.springframework.boot.autoconfigure.orm.jpa.JpaBaseConfiguration$JpaWebConfiguration [main] spring.jpa.open-in-view is enabled by default. Therefore, database queries may be performed during view rendering. Explicitly configure spring.jpa.open-in-view to disable this warning
2023-02-28 11:58:47,075 INFO org.springframework.scheduling.concurrent.ThreadPoolTaskExecutor [main] Initializing ExecutorService 'applicationTaskExecutor'
2023-02-28 11:58:47,776 INFO org.springframework.scheduling.concurrent.ThreadPoolTaskScheduler [main] Initializing ExecutorService 'taskScheduler'
2023-02-28 11:58:47,802 INFO org.apache.coyote.http11.Http11NioProtocol [main] Starting ProtocolHandler ["http-nio-8080"]
2023-02-28 11:58:47,876 INFO org.springframework.boot.web.embedded.tomcat.TomcatWebServer [main] Tomcat started on port(s): 8080 (http) with context path ''
2023-02-28 11:58:47,894 INFO cz.kct.Tutorial [main] Started Tutorial in 4.891 seconds (JVM running for 5.751)
2023-02-28 11:58:53,190 INFO org.apache.catalina.core.ContainerBase.[Tomcat].[localhost].[/] [http-nio-8080-exec-1] Initializing Spring DispatcherServlet 'dispatcherServlet'
2023-02-28 11:58:53,191 INFO org.springframework.web.servlet.DispatcherServlet [http-nio-8080-exec-1] Initializing Servlet 'dispatcherServlet'
2023-02-28 11:58:53,194 INFO org.springframework.web.servlet.DispatcherServlet [http-nio-8080-exec-1] Completed initialization in 2 ms
2023-02-28 11:58:53,239 INFO cz.kct.controllers.ExcelController [http-nio-8080-exec-1] start process of getting data from excel
2023-02-28 11:58:53,241 ERROR cz.kct.utilities.ExcelUtility [http-nio-8080-exec-1] java.io.FileNotFoundException: C:\Users\artem.belyshev\IdeaProjects\kct.data.spring\src\main\java\cz\kct\testAppr.xlsx (The system cannot find the file specified)
2023-02-28 11:58:53,249 ERROR org.apache.catalina.core.ContainerBase.[Tomcat].[localhost].[/].[dispatcherServlet] [http-nio-8080-exec-1] Servlet.service() for servlet [dispatcherServlet] in context with path [] threw exception [Request processing failed; nested exception is cz.kct.exceptions.ExcelException: C:\Users\artem.belyshev\IdeaProjects\kct.data.spring\src\main\java\cz\kct\testAppr.xlsx (The system cannot find the file specified)] with root cause
cz.kct.exceptions.ExcelException: C:\Users\artem.belyshev\IdeaProjects\kct.data.spring\src\main\java\cz\kct\testAppr.xlsx (The system cannot find the file specified)
	at cz.kct.utilities.ExcelUtility.getWorkBook(ExcelUtility.java:28)
	at cz.kct.services.ExcelService.readFromFile(ExcelService.java:41)
	at cz.kct.controllers.ExcelController.showData(ExcelController.java:19)
	at java.base/jdk.internal.reflect.DirectMethodHandleAccessor.invoke(DirectMethodHandleAccessor.java:104)
	at java.base/java.lang.reflect.Method.invoke(Method.java:578)
	at org.springframework.web.method.support.InvocableHandlerMethod.doInvoke(InvocableHandlerMethod.java:197)
	at org.springframework.web.method.support.InvocableHandlerMethod.invokeForRequest(InvocableHandlerMethod.java:141)
	at org.springframework.web.servlet.mvc.method.annotation.ServletInvocableHandlerMethod.invokeAndHandle(ServletInvocableHandlerMethod.java:106)
	at org.springframework.web.servlet.mvc.method.annotation.RequestMappingHandlerAdapter.invokeHandlerMethod(RequestMappingHandlerAdapter.java:894)
	at org.springframework.web.servlet.mvc.method.annotation.RequestMappingHandlerAdapter.handleInternal(RequestMappingHandlerAdapter.java:808)
	at org.springframework.web.servlet.mvc.method.AbstractHandlerMethodAdapter.handle(AbstractHandlerMethodAdapter.java:87)
	at org.springframework.web.servlet.DispatcherServlet.doDispatch(DispatcherServlet.java:1060)
	at org.springframework.web.servlet.DispatcherServlet.doService(DispatcherServlet.java:962)
	at org.springframework.web.servlet.FrameworkServlet.processRequest(FrameworkServlet.java:1006)
	at org.springframework.web.servlet.FrameworkServlet.doGet(FrameworkServlet.java:898)
	at javax.servlet.http.HttpServlet.service(HttpServlet.java:626)
	at org.springframework.web.servlet.FrameworkServlet.service(FrameworkServlet.java:883)
	at javax.servlet.http.HttpServlet.service(HttpServlet.java:733)
	at org.apache.catalina.core.ApplicationFilterChain.internalDoFilter(ApplicationFilterChain.java:227)
	at org.apache.catalina.core.ApplicationFilterChain.doFilter(ApplicationFilterChain.java:162)
	at org.apache.tomcat.websocket.server.WsFilter.doFilter(WsFilter.java:53)
	at org.apache.catalina.core.ApplicationFilterChain.internalDoFilter(ApplicationFilterChain.java:189)
	at org.apache.catalina.core.ApplicationFilterChain.doFilter(ApplicationFilterChain.java:162)
	at org.springframework.web.filter.RequestContextFilter.doFilterInternal(RequestContextFilter.java:100)
	at org.springframework.web.filter.OncePerRequestFilter.doFilter(OncePerRequestFilter.java:119)
	at org.apache.catalina.core.ApplicationFilterChain.internalDoFilter(ApplicationFilterChain.java:189)
	at org.apache.catalina.core.ApplicationFilterChain.doFilter(ApplicationFilterChain.java:162)
	at org.springframework.web.filter.FormContentFilter.doFilterInternal(FormContentFilter.java:93)
	at org.springframework.web.filter.OncePerRequestFilter.doFilter(OncePerRequestFilter.java:119)
	at org.apache.catalina.core.ApplicationFilterChain.internalDoFilter(ApplicationFilterChain.java:189)
	at org.apache.catalina.core.ApplicationFilterChain.doFilter(ApplicationFilterChain.java:162)
	at org.springframework.web.filter.CharacterEncodingFilter.doFilterInternal(CharacterEncodingFilter.java:201)
	at org.springframework.web.filter.OncePerRequestFilter.doFilter(OncePerRequestFilter.java:119)
	at org.apache.catalina.core.ApplicationFilterChain.internalDoFilter(ApplicationFilterChain.java:189)
	at org.apache.catalina.core.ApplicationFilterChain.doFilter(ApplicationFilterChain.java:162)
	at org.apache.catalina.core.StandardWrapperValve.invoke(StandardWrapperValve.java:202)
	at org.apache.catalina.core.StandardContextValve.invoke(StandardContextValve.java:97)
	at org.apache.catalina.authenticator.AuthenticatorBase.invoke(AuthenticatorBase.java:542)
	at org.apache.catalina.core.StandardHostValve.invoke(StandardHostValve.java:143)
	at org.apache.catalina.valves.ErrorReportValve.invoke(ErrorReportValve.java:92)
	at org.apache.catalina.core.StandardEngineValve.invoke(StandardEngineValve.java:78)
	at org.apache.catalina.connector.CoyoteAdapter.service(CoyoteAdapter.java:357)
	at org.apache.coyote.http11.Http11Processor.service(Http11Processor.java:374)
	at org.apache.coyote.AbstractProcessorLight.process(AbstractProcessorLight.java:65)
	at org.apache.coyote.AbstractProtocol$ConnectionHandler.process(AbstractProtocol.java:893)
	at org.apache.tomcat.util.net.NioEndpoint$SocketProcessor.doRun(NioEndpoint.java:1707)
	at org.apache.tomcat.util.net.SocketProcessorBase.run(SocketProcessorBase.java:49)
	at java.base/java.util.concurrent.ThreadPoolExecutor.runWorker(ThreadPoolExecutor.java:1144)
	at java.base/java.util.concurrent.ThreadPoolExecutor$Worker.run(ThreadPoolExecutor.java:642)
	at org.apache.tomcat.util.threads.TaskThread$WrappingRunnable.run(TaskThread.java:61)
	at java.base/java.lang.Thread.run(Thread.java:1589)
2023-02-28 12:00:51,153 INFO org.springframework.scheduling.concurrent.ThreadPoolTaskScheduler [SpringContextShutdownHook] Shutting down ExecutorService 'taskScheduler'
2023-02-28 12:00:51,154 INFO org.springframework.scheduling.concurrent.ThreadPoolTaskExecutor [SpringContextShutdownHook] Shutting down ExecutorService 'applicationTaskExecutor'
2023-02-28 12:00:51,155 INFO org.springframework.orm.jpa.LocalContainerEntityManagerFactoryBean [SpringContextShutdownHook] Closing JPA EntityManagerFactory for persistence unit 'default'
2023-02-28 12:00:51,158 INFO com.zaxxer.hikari.HikariDataSource [SpringContextShutdownHook] HikariPool-1 - Shutdown initiated...
2023-02-28 12:00:51,162 INFO com.zaxxer.hikari.HikariDataSource [SpringContextShutdownHook] HikariPool-1 - Shutdown completed.
2023-02-28 12:00:56,681 INFO org.hibernate.validator.internal.util.Version [background-preinit] HV000001: Hibernate Validator 6.1.7.Final
2023-02-28 12:00:56,711 INFO cz.kct.Tutorial [main] Starting Tutorial using Java 19.0.2 on nb0208 with PID 11676 (C:\Users\artem.belyshev\IdeaProjects\kct.data.spring\out\production\classes started by artem.belyshev in C:\Users\artem.belyshev\IdeaProjects\kct.data.spring)
2023-02-28 12:00:56,711 INFO cz.kct.Tutorial [main] No active profile set, falling back to default profiles: default
2023-02-28 12:00:57,398 INFO org.springframework.data.repository.config.RepositoryConfigurationDelegate [main] Bootstrapping Spring Data JPA repositories in DEFAULT mode.
2023-02-28 12:00:57,457 INFO org.springframework.data.repository.config.RepositoryConfigurationDelegate [main] Finished Spring Data repository scanning in 46 ms. Found 3 JPA repository interfaces.
2023-02-28 12:00:58,256 INFO org.springframework.boot.web.embedded.tomcat.TomcatWebServer [main] Tomcat initialized with port(s): 8080 (http)
2023-02-28 12:00:58,265 INFO org.apache.coyote.http11.Http11NioProtocol [main] Initializing ProtocolHandler ["http-nio-8080"]
2023-02-28 12:00:58,266 INFO org.apache.catalina.core.StandardService [main] Starting service [Tomcat]
2023-02-28 12:00:58,266 INFO org.apache.catalina.core.StandardEngine [main] Starting Servlet engine: [Apache Tomcat/9.0.45]
2023-02-28 12:00:58,394 INFO org.apache.catalina.core.ContainerBase.[Tomcat].[localhost].[/] [main] Initializing Spring embedded WebApplicationContext
2023-02-28 12:00:58,395 INFO org.springframework.boot.web.servlet.context.ServletWebServerApplicationContext [main] Root WebApplicationContext: initialization completed in 1628 ms
2023-02-28 12:00:58,653 INFO org.hibernate.jpa.internal.util.LogHelper [main] HHH000204: Processing PersistenceUnitInfo [name: default]
2023-02-28 12:00:58,781 INFO org.hibernate.Version [main] HHH000412: Hibernate ORM core version 5.4.30.Final
2023-02-28 12:00:59,096 INFO org.hibernate.annotations.common.Version [main] HCANN000001: Hibernate Commons Annotations {5.1.2.Final}
2023-02-28 12:00:59,227 INFO com.zaxxer.hikari.HikariDataSource [main] HikariPool-1 - Starting...
2023-02-28 12:00:59,437 INFO com.zaxxer.hikari.HikariDataSource [main] HikariPool-1 - Start completed.
2023-02-28 12:00:59,458 INFO org.hibernate.dialect.Dialect [main] HHH000400: Using dialect: org.hibernate.dialect.PostgreSQL95Dialect
2023-02-28 12:01:00,290 INFO org.hibernate.engine.transaction.jta.platform.internal.JtaPlatformInitiator [main] HHH000490: Using JtaPlatform implementation: [org.hibernate.engine.transaction.jta.platform.internal.NoJtaPlatform]
2023-02-28 12:01:00,303 INFO org.springframework.orm.jpa.LocalContainerEntityManagerFactoryBean [main] Initialized JPA EntityManagerFactory for persistence unit 'default'
2023-02-28 12:01:01,006 WARN org.springframework.boot.autoconfigure.orm.jpa.JpaBaseConfiguration$JpaWebConfiguration [main] spring.jpa.open-in-view is enabled by default. Therefore, database queries may be performed during view rendering. Explicitly configure spring.jpa.open-in-view to disable this warning
2023-02-28 12:01:01,123 INFO org.springframework.scheduling.concurrent.ThreadPoolTaskExecutor [main] Initializing ExecutorService 'applicationTaskExecutor'
2023-02-28 12:01:02,017 INFO org.springframework.scheduling.concurrent.ThreadPoolTaskScheduler [main] Initializing ExecutorService 'taskScheduler'
2023-02-28 12:01:02,073 INFO org.apache.coyote.http11.Http11NioProtocol [main] Starting ProtocolHandler ["http-nio-8080"]
2023-02-28 12:01:02,165 INFO org.springframework.boot.web.embedded.tomcat.TomcatWebServer [main] Tomcat started on port(s): 8080 (http) with context path ''
2023-02-28 12:01:02,186 INFO cz.kct.Tutorial [main] Started Tutorial in 6.02 seconds (JVM running for 8.048)
2023-02-28 12:01:07,021 INFO org.apache.catalina.core.ContainerBase.[Tomcat].[localhost].[/] [http-nio-8080-exec-2] Initializing Spring DispatcherServlet 'dispatcherServlet'
2023-02-28 12:01:07,022 INFO org.springframework.web.servlet.DispatcherServlet [http-nio-8080-exec-2] Initializing Servlet 'dispatcherServlet'
2023-02-28 12:01:07,025 INFO org.springframework.web.servlet.DispatcherServlet [http-nio-8080-exec-2] Completed initialization in 2 ms
2023-02-28 12:01:07,084 INFO cz.kct.controllers.ExcelController [http-nio-8080-exec-2] start process of getting data from excel
2023-02-28 12:01:38,110 ERROR cz.kct.utilities.ExcelUtility [http-nio-8080-exec-2] java.io.FileNotFoundException: C:\Users\artem.belyshev\IdeaProjects\kct.data.spring\src\main\java\cz\kct\testAppr.xlsx (The system cannot find the file specified)
2023-02-28 12:03:47,082 WARN com.zaxxer.hikari.pool.HikariPool [HikariPool-1 housekeeper] HikariPool-1 - Thread starvation or clock leap detected (housekeeper delta=2m8s978ms590µs400ns).
2023-02-28 12:03:47,108 ERROR org.apache.catalina.core.ContainerBase.[Tomcat].[localhost].[/].[dispatcherServlet] [http-nio-8080-exec-2] Servlet.service() for servlet [dispatcherServlet] in context with path [] threw exception [Request processing failed; nested exception is cz.kct.exceptions.ExcelException: C:\Users\artem.belyshev\IdeaProjects\kct.data.spring\src\main\java\cz\kct\testAppr.xlsx (The system cannot find the file specified)] with root cause
cz.kct.exceptions.ExcelException: C:\Users\artem.belyshev\IdeaProjects\kct.data.spring\src\main\java\cz\kct\testAppr.xlsx (The system cannot find the file specified)
	at cz.kct.utilities.ExcelUtility.getWorkBook(ExcelUtility.java:28)
	at cz.kct.services.ExcelService.readFromFile(ExcelService.java:41)
	at cz.kct.controllers.ExcelController.showData(ExcelController.java:19)
	at java.base/jdk.internal.reflect.DirectMethodHandleAccessor.invoke(DirectMethodHandleAccessor.java:104)
	at java.base/java.lang.reflect.Method.invoke(Method.java:578)
	at org.springframework.web.method.support.InvocableHandlerMethod.doInvoke(InvocableHandlerMethod.java:197)
	at org.springframework.web.method.support.InvocableHandlerMethod.invokeForRequest(InvocableHandlerMethod.java:141)
	at org.springframework.web.servlet.mvc.method.annotation.ServletInvocableHandlerMethod.invokeAndHandle(ServletInvocableHandlerMethod.java:106)
	at org.springframework.web.servlet.mvc.method.annotation.RequestMappingHandlerAdapter.invokeHandlerMethod(RequestMappingHandlerAdapter.java:894)
	at org.springframework.web.servlet.mvc.method.annotation.RequestMappingHandlerAdapter.handleInternal(RequestMappingHandlerAdapter.java:808)
	at org.springframework.web.servlet.mvc.method.AbstractHandlerMethodAdapter.handle(AbstractHandlerMethodAdapter.java:87)
	at org.springframework.web.servlet.DispatcherServlet.doDispatch(DispatcherServlet.java:1060)
	at org.springframework.web.servlet.DispatcherServlet.doService(DispatcherServlet.java:962)
	at org.springframework.web.servlet.FrameworkServlet.processRequest(FrameworkServlet.java:1006)
	at org.springframework.web.servlet.FrameworkServlet.doGet(FrameworkServlet.java:898)
	at javax.servlet.http.HttpServlet.service(HttpServlet.java:626)
	at org.springframework.web.servlet.FrameworkServlet.service(FrameworkServlet.java:883)
	at javax.servlet.http.HttpServlet.service(HttpServlet.java:733)
	at org.apache.catalina.core.ApplicationFilterChain.internalDoFilter(ApplicationFilterChain.java:227)
	at org.apache.catalina.core.ApplicationFilterChain.doFilter(ApplicationFilterChain.java:162)
	at org.apache.tomcat.websocket.server.WsFilter.doFilter(WsFilter.java:53)
	at org.apache.catalina.core.ApplicationFilterChain.internalDoFilter(ApplicationFilterChain.java:189)
	at org.apache.catalina.core.ApplicationFilterChain.doFilter(ApplicationFilterChain.java:162)
	at org.springframework.web.filter.RequestContextFilter.doFilterInternal(RequestContextFilter.java:100)
	at org.springframework.web.filter.OncePerRequestFilter.doFilter(OncePerRequestFilter.java:119)
	at org.apache.catalina.core.ApplicationFilterChain.internalDoFilter(ApplicationFilterChain.java:189)
	at org.apache.catalina.core.ApplicationFilterChain.doFilter(ApplicationFilterChain.java:162)
	at org.springframework.web.filter.FormContentFilter.doFilterInternal(FormContentFilter.java:93)
	at org.springframework.web.filter.OncePerRequestFilter.doFilter(OncePerRequestFilter.java:119)
	at org.apache.catalina.core.ApplicationFilterChain.internalDoFilter(ApplicationFilterChain.java:189)
	at org.apache.catalina.core.ApplicationFilterChain.doFilter(ApplicationFilterChain.java:162)
	at org.springframework.web.filter.CharacterEncodingFilter.doFilterInternal(CharacterEncodingFilter.java:201)
	at org.springframework.web.filter.OncePerRequestFilter.doFilter(OncePerRequestFilter.java:119)
	at org.apache.catalina.core.ApplicationFilterChain.internalDoFilter(ApplicationFilterChain.java:189)
	at org.apache.catalina.core.ApplicationFilterChain.doFilter(ApplicationFilterChain.java:162)
	at org.apache.catalina.core.StandardWrapperValve.invoke(StandardWrapperValve.java:202)
	at org.apache.catalina.core.StandardContextValve.invoke(StandardContextValve.java:97)
	at org.apache.catalina.authenticator.AuthenticatorBase.invoke(AuthenticatorBase.java:542)
	at org.apache.catalina.core.StandardHostValve.invoke(StandardHostValve.java:143)
	at org.apache.catalina.valves.ErrorReportValve.invoke(ErrorReportValve.java:92)
	at org.apache.catalina.core.StandardEngineValve.invoke(StandardEngineValve.java:78)
	at org.apache.catalina.connector.CoyoteAdapter.service(CoyoteAdapter.java:357)
	at org.apache.coyote.http11.Http11Processor.service(Http11Processor.java:374)
	at org.apache.coyote.AbstractProcessorLight.process(AbstractProcessorLight.java:65)
	at org.apache.coyote.AbstractProtocol$ConnectionHandler.process(AbstractProtocol.java:893)
	at org.apache.tomcat.util.net.NioEndpoint$SocketProcessor.doRun(NioEndpoint.java:1707)
	at org.apache.tomcat.util.net.SocketProcessorBase.run(SocketProcessorBase.java:49)
	at java.base/java.util.concurrent.ThreadPoolExecutor.runWorker(ThreadPoolExecutor.java:1144)
	at java.base/java.util.concurrent.ThreadPoolExecutor$Worker.run(ThreadPoolExecutor.java:642)
	at org.apache.tomcat.util.threads.TaskThread$WrappingRunnable.run(TaskThread.java:61)
	at java.base/java.lang.Thread.run(Thread.java:1589)
2023-02-28 12:03:47,230 INFO org.springframework.scheduling.concurrent.ThreadPoolTaskScheduler [SpringContextShutdownHook] Shutting down ExecutorService 'taskScheduler'
2023-02-28 12:03:47,232 INFO org.springframework.scheduling.concurrent.ThreadPoolTaskExecutor [SpringContextShutdownHook] Shutting down ExecutorService 'applicationTaskExecutor'
2023-02-28 12:03:47,233 INFO org.springframework.orm.jpa.LocalContainerEntityManagerFactoryBean [SpringContextShutdownHook] Closing JPA EntityManagerFactory for persistence unit 'default'
2023-02-28 12:03:47,235 INFO com.zaxxer.hikari.HikariDataSource [SpringContextShutdownHook] HikariPool-1 - Shutdown initiated...
2023-02-28 12:03:47,240 INFO com.zaxxer.hikari.HikariDataSource [SpringContextShutdownHook] HikariPool-1 - Shutdown completed.
2023-02-28 12:04:14,207 INFO org.hibernate.validator.internal.util.Version [background-preinit] HV000001: Hibernate Validator 6.1.7.Final
2023-02-28 12:04:14,245 INFO cz.kct.Tutorial [main] Starting Tutorial using Java 19.0.2 on nb0208 with PID 14428 (C:\Users\artem.belyshev\IdeaProjects\kct.data.spring\out\production\classes started by artem.belyshev in C:\Users\artem.belyshev\IdeaProjects\kct.data.spring)
2023-02-28 12:04:14,246 INFO cz.kct.Tutorial [main] No active profile set, falling back to default profiles: default
2023-02-28 12:04:14,864 INFO org.springframework.data.repository.config.RepositoryConfigurationDelegate [main] Bootstrapping Spring Data JPA repositories in DEFAULT mode.
2023-02-28 12:04:14,912 INFO org.springframework.data.repository.config.RepositoryConfigurationDelegate [main] Finished Spring Data repository scanning in 39 ms. Found 3 JPA repository interfaces.
2023-02-28 12:04:15,609 INFO org.springframework.boot.web.embedded.tomcat.TomcatWebServer [main] Tomcat initialized with port(s): 8080 (http)
2023-02-28 12:04:15,617 INFO org.apache.coyote.http11.Http11NioProtocol [main] Initializing ProtocolHandler ["http-nio-8080"]
2023-02-28 12:04:15,617 INFO org.apache.catalina.core.StandardService [main] Starting service [Tomcat]
2023-02-28 12:04:15,618 INFO org.apache.catalina.core.StandardEngine [main] Starting Servlet engine: [Apache Tomcat/9.0.45]
2023-02-28 12:04:15,741 INFO org.apache.catalina.core.ContainerBase.[Tomcat].[localhost].[/] [main] Initializing Spring embedded WebApplicationContext
2023-02-28 12:04:15,742 INFO org.springframework.boot.web.servlet.context.ServletWebServerApplicationContext [main] Root WebApplicationContext: initialization completed in 1423 ms
2023-02-28 12:04:15,935 INFO org.hibernate.jpa.internal.util.LogHelper [main] HHH000204: Processing PersistenceUnitInfo [name: default]
2023-02-28 12:04:15,989 INFO org.hibernate.Version [main] HHH000412: Hibernate ORM core version 5.4.30.Final
2023-02-28 12:04:16,124 INFO org.hibernate.annotations.common.Version [main] HCANN000001: Hibernate Commons Annotations {5.1.2.Final}
2023-02-28 12:04:16,237 INFO com.zaxxer.hikari.HikariDataSource [main] HikariPool-1 - Starting...
2023-02-28 12:04:16,367 INFO com.zaxxer.hikari.HikariDataSource [main] HikariPool-1 - Start completed.
2023-02-28 12:04:16,384 INFO org.hibernate.dialect.Dialect [main] HHH000400: Using dialect: org.hibernate.dialect.PostgreSQL95Dialect
2023-02-28 12:04:17,153 INFO org.hibernate.engine.transaction.jta.platform.internal.JtaPlatformInitiator [main] HHH000490: Using JtaPlatform implementation: [org.hibernate.engine.transaction.jta.platform.internal.NoJtaPlatform]
2023-02-28 12:04:17,164 INFO org.springframework.orm.jpa.LocalContainerEntityManagerFactoryBean [main] Initialized JPA EntityManagerFactory for persistence unit 'default'
2023-02-28 12:04:17,753 WARN org.springframework.boot.autoconfigure.orm.jpa.JpaBaseConfiguration$JpaWebConfiguration [main] spring.jpa.open-in-view is enabled by default. Therefore, database queries may be performed during view rendering. Explicitly configure spring.jpa.open-in-view to disable this warning
2023-02-28 12:04:17,841 INFO org.springframework.scheduling.concurrent.ThreadPoolTaskExecutor [main] Initializing ExecutorService 'applicationTaskExecutor'
2023-02-28 12:04:19,124 INFO org.springframework.scheduling.concurrent.ThreadPoolTaskScheduler [main] Initializing ExecutorService 'taskScheduler'
2023-02-28 12:04:19,179 INFO org.apache.coyote.http11.Http11NioProtocol [main] Starting ProtocolHandler ["http-nio-8080"]
2023-02-28 12:04:19,265 INFO org.springframework.boot.web.embedded.tomcat.TomcatWebServer [main] Tomcat started on port(s): 8080 (http) with context path ''
2023-02-28 12:04:19,292 INFO cz.kct.Tutorial [main] Started Tutorial in 5.551 seconds (JVM running for 6.373)
2023-02-28 12:05:34,036 INFO org.apache.catalina.core.ContainerBase.[Tomcat].[localhost].[/] [http-nio-8080-exec-2] Initializing Spring DispatcherServlet 'dispatcherServlet'
2023-02-28 12:05:34,037 INFO org.springframework.web.servlet.DispatcherServlet [http-nio-8080-exec-2] Initializing Servlet 'dispatcherServlet'
2023-02-28 12:05:34,040 INFO org.springframework.web.servlet.DispatcherServlet [http-nio-8080-exec-2] Completed initialization in 3 ms
2023-02-28 12:05:34,102 INFO cz.kct.controllers.ExcelController [http-nio-8080-exec-2] start process insert value in controller
2023-02-28 12:05:34,103 INFO cz.kct.services.ExcelService [http-nio-8080-exec-2] start process insert value in services
2023-02-28 12:05:35,472 INFO cz.kct.services.ExcelService [http-nio-8080-exec-2] end process insert value in services
2023-02-28 12:05:35,472 INFO cz.kct.controllers.ExcelController [http-nio-8080-exec-2] end process insert value in controller
2023-02-28 12:07:24,468 INFO cz.kct.controllers.ExcelController [http-nio-8080-exec-5] start process insert value in controller
2023-02-28 12:07:24,469 INFO cz.kct.services.ExcelService [http-nio-8080-exec-5] start process insert value in services
2023-02-28 12:07:24,541 INFO cz.kct.services.ExcelService [http-nio-8080-exec-5] end process insert value in services
2023-02-28 12:07:24,542 INFO cz.kct.controllers.ExcelController [http-nio-8080-exec-5] end process insert value in controller
